This is LuaHBTeX, Version 1.15.0 (TeX Live 2022)  (INITEX)  28 DEC 2022 09:43
 restricted system commands enabled.
**luatex.ini

(/home/melmothx/build/amusewiki-debian-packages/amusewiki/local/texlive/2022/te
xmf-dist/tex/generic/tex-ini-files/luatex.ini
(/home/melmothx/build/amusewiki-debian-packages/amusewiki/local/texlive/2022/te
xmf-dist/tex/generic/tex-ini-files/luatexconfig.tex
(/home/melmothx/build/amusewiki-debian-packages/amusewiki/local/texlive/2022/te
xmf-dist/tex/generic/tex-ini-files/pdftexconfig.tex))
(/home/melmothx/build/amusewiki-debian-packages/amusewiki/local/texlive/2022/te
xmf-dist/tex/generic/config/luatexiniconfig.tex)
(/home/melmothx/build/amusewiki-debian-packages/amusewiki/local/texlive/2022/te
xmf-dist/tex/generic/unicode-data/load-unicode-data.tex 
load-unicode-data.tex v1.16 (2022-09-17)
Reading Unicode data
# UnicodeData-15.0.0.txt
# Modified 2022-09-17 11:45:00 GMT [JAW]
)
(/home/melmothx/build/amusewiki-debian-packages/amusewiki/local/texlive/2022/te
xmf-dist/tex/luatex/hyph-utf8/etex.src
(/home/melmothx/build/amusewiki-debian-packages/amusewiki/local/texlive/2022/te
xmf-dist/tex/plain/base/plain.tex Preloading the plain format: codes,
registers,
\maxdimen=\dimen10
\hideskip=\skip10
\centering=\skip11
\p@=\dimen11
\z@=\dimen12
\z@skip=\skip12
\voidb@x=\box10
 parameters,
\smallskipamount=\skip13
\medskipamount=\skip14
\bigskipamount=\skip15
\normalbaselineskip=\skip16
\normallineskip=\skip17
\normallineskiplimit=\dimen13
\jot=\dimen14
\interdisplaylinepenalty=\count23
\interfootnotelinepenalty=\count24
 fonts, more fonts,
\itfam=\fam4
\slfam=\fam5
\bffam=\fam6
\ttfam=\fam7
 macros,
\strutbox=\box11
\mscount=\count25
\tabs=\box12
\tabsyet=\box13
\tabsdone=\box14
 math definitions,
\rootbox=\box15
\p@renwd=\dimen15

output routines,
\headline=\toks10
\footline=\toks11
\footins=\insert254
\topins=\insert253
 hyphenation
(/home/melmothx/build/amusewiki-debian-packages/amusewiki/local/texlive/2022/te
xmf-dist/tex/generic/hyphen/hyphen.tex
[skipping from \patterns to end-of-file...]))
\et@xinput=\read0
\et@xtoks=\toks12

(/home/melmothx/build/amusewiki-debian-packages/amusewiki/local/texlive/2022/te
xmf-dist/tex/plain/etex/etexdefs.lib Skipping module "grouptypes";
Loading module "interactionmodes"; Skipping module "nodetypes";
Skipping module "iftypes";)
(/home/melmothx/build/amusewiki-debian-packages/amusewiki/local/texlive/2022/te
xmf-var/tex/generic/config/language.def
\lang@USenglish=\language0
luatex-hyphen: using data file: /home/melmothx/build/amusewiki-debian-packages/a
musewiki/local/texlive/2022/texmf-var/tex/generic/config/language.dat.lua
(/home/melmothx/build/amusewiki-debian-packages/amusewiki/local/texlive/2022/te
xmf-dist/tex/generic/hyphen/hyphen.tex)
\lang@afrikaans=\language1
\lang@ancientgreek=\language2
\lang@ibycus=\language3
\lang@arabic=\language4
\lang@armenian=\language5
\lang@basque=\language6
\lang@belarusian=\language7
\lang@bulgarian=\language8
\lang@catalan=\language9
\lang@pinyin=\language10
\lang@churchslavonic=\language11
\lang@coptic=\language12
\lang@croatian=\language13
\lang@czech=\language14
\lang@danish=\language15
\lang@dutch=\language16
\lang@ukenglish=\language17
\lang@british=\language18
\lang@UKenglish=\language19
\lang@usenglishmax=\language20
\lang@esperanto=\language21
\lang@estonian=\language22
\lang@ethiopic=\language23
\lang@amharic=\language24
\lang@geez=\language25
\lang@farsi=\language26
\lang@persian=\language27
\lang@finnish=\language28
\lang@schoolfinnish=\language29
\lang@french=\language30
\lang@patois=\language31
\lang@francais=\language32
\lang@friulan=\language33
\lang@galician=\language34
\lang@georgian=\language35
\lang@german=\language36
\lang@ngerman=\language37
\lang@swissgerman=\language38
\lang@greek=\language39
\lang@polygreek=\language40
\lang@monogreek=\language41
\lang@hungarian=\language42
\lang@icelandic=\language43
\lang@assamese=\language44
\lang@bengali=\language45
\lang@gujarati=\language46
\lang@hindi=\language47
\lang@kannada=\language48
\lang@malayalam=\language49
\lang@marathi=\language50
\lang@oriya=\language51
\lang@pali=\language52
\lang@panjabi=\language53
\lang@tamil=\language54
\lang@telugu=\language55
\lang@indonesian=\language56
\lang@interlingua=\language57
\lang@irish=\language58
\lang@italian=\language59
\lang@kurmanji=\language60
\lang@classiclatin=\language61
\lang@latin=\language62
\lang@liturgicallatin=\language63
\lang@latvian=\language64
\lang@lithuanian=\language65
\lang@macedonian=\language66
\lang@mongolian=\language67
\lang@mongolianlmc=\language68
\lang@bokmal=\language69
\lang@norwegian=\language70
\lang@norsk=\language71
\lang@nynorsk=\language72
\lang@occitan=\language73
\lang@piedmontese=\language74
\lang@polish=\language75
\lang@portuguese=\language76
\lang@portuges=\language77
\lang@romanian=\language78
\lang@romansh=\language79
\lang@russian=\language80
\lang@sanskrit=\language81
\lang@serbian=\language82
\lang@serbianc=\language83
\lang@slovak=\language84
\lang@slovenian=\language85
\lang@slovene=\language86
\lang@spanish=\language87
\lang@espanol=\language88
\lang@swedish=\language89
\lang@thai=\language90
\lang@turkish=\language91
\lang@turkmen=\language92
\lang@ukrainian=\language93
\lang@uppersorbian=\language94
\lang@welsh=\language95
) Augmenting the Plain TeX definitions:
\tracingall; Adding new e-TeX definitions: \eTeX, \loggingall, \tracingnone,
register allocation;
\et@xins=\count26
 extended register allocation; 
Recycling: \addlanguage, \@nswer (not defined), \@sk, \b@dresponsetrue,
\b@dresponsefalse, \ch@ckforyn, \mayber@cycle, \et@xabort, \et@xbuf,
\et@xfmtsrc, \et@xfilehdr, \et@xinf, \et@xpatterns, \l@ngdefnfile, \n@xt,
\p@rse (not defined), \pr@mpt (not defined), \pr@mptloop (not defined),
\forcer@cycle, \usef@llback, \usef@llbacktrue, \usef@llbackfalse, 
Retaining: \et@xerr, \et@xinput, \et@xlibhdr, \et@xmsg, \et@xtoks, \et@xwarn,
\et@xl@@d, \et@xl@ad, \et@xload, \et@xlang, \et@xhash, \eTeX, \etexhdrchk,
\etexstatus, \module, \uselanguage, \r@tain, \r@cycle,))
Beginning to dump on file luahbtex.fmt
 (format=luahbtex 2022.12.28)
3667 strings using 13684 bytes
68809 memory locations dumped; current usage is 149&8461
2165 multiletter control sequences
\font\nullfont=nullfont
\font\tenrm=cmr10
\font\preloaded=cmr9
\font\preloaded=cmr8
\font\sevenrm=cmr7
\font\preloaded=cmr6
\font\fiverm=cmr5
\font\teni=cmmi10
\font\preloaded=cmmi9
\font\preloaded=cmmi8
\font\seveni=cmmi7
\font\preloaded=cmmi6
\font\fivei=cmmi5
\font\tensy=cmsy10
\font\preloaded=cmsy9
\font\preloaded=cmsy8
\font\sevensy=cmsy7
\font\preloaded=cmsy6
\font\fivesy=cmsy5
\font\tenex=cmex10
\font\preloaded=cmss10
\font\preloaded=cmssq8
\font\preloaded=cmssi10
\font\preloaded=cmssqi8
\font\tenbf=cmbx10
\font\preloaded=cmbx9
\font\preloaded=cmbx8
\font\sevenbf=cmbx7
\font\preloaded=cmbx6
\font\fivebf=cmbx5
\font\tentt=cmtt10
\font\preloaded=cmtt9
\font\preloaded=cmtt8
\font\preloaded=cmsltt10
\font\tensl=cmsl10
\font\preloaded=cmsl9
\font\preloaded=cmsl8
\font\tenit=cmti10
\font\preloaded=cmti9
\font\preloaded=cmti8
\font\preloaded=cmti7
\font\preloaded=cmu10
\font\preloaded=cmmib10
\font\preloaded=cmbsy10
\font\preloaded=cmcsc10
\font\preloaded=cmssbx10
\font\preloaded=cmdunh10
\font\preloaded=cmr7 at 14.51799pt
\font\preloaded=cmtt10 at 14.4pt
\font\preloaded=cmssbx10 at 14.4pt
\font\preloaded=manfnt
50 preloaded fonts
warning  (pdf backend): no pages of output.

PDF statistics: 0 PDF objects out of 1000 (max. 8388607)
 0 named destinations out of 1000 (max. 131072)
 1 words of extra memory for PDF output out of 10000 (max. 100000000)

# actual command line used during this run
# luahbtex -ini   -jobname=luahbtex -progname=luahbtex luatex.ini </dev/null
