TeX Live installer invocation: ./install-tl -repository https://ctan.ijs.si/tex-archive/systems/texlive/tlnet -profile amusewiki.profile 
Automated TeX Live installation using profile: amusewiki.profile
Trying to verify cryptographic signatures!
Loading https://ctan.ijs.si/tex-archive/systems/texlive/tlnet/tlpkg/texlive.tlpdb
Installing TeX Live 2021 from: https://ctan.ijs.si/tex-archive/systems/texlive/tlnet (verified)
Platform: x86_64-linux => 'GNU/Linux on x86_64'
Distribution: net  (downloading)
Using URL: https://ctan.ijs.si/tex-archive/systems/texlive/tlnet
Directory for temporary files: /tmp/LIheVKFuRu
Installer revision: 61236
Database revision: 61441
Settings:
  TEXDIR: "/home/melmothx/build/amusewiki-debian-packages/amusewiki/local/texlive/2021"
  TEXMFCONFIG: "~/.amusewiki-texlive-2021/texmf-config"
  TEXMFHOME: "~/texmf"
  TEXMFLOCAL: "/home/melmothx/build/amusewiki-debian-packages/amusewiki/local/texlive/texmf-local"
  TEXMFSYSCONFIG: "/home/melmothx/build/amusewiki-debian-packages/amusewiki/local/texlive/2021/texmf-config"
  TEXMFSYSVAR: "/home/melmothx/build/amusewiki-debian-packages/amusewiki/local/texlive/2021/texmf-var"
  TEXMFVAR: "~/.amusewiki-texlive-2021/texmf-var"
  binary_aarch64-linux: ""
  binary_amd64-freebsd: ""
  binary_amd64-netbsd: ""
  binary_armhf-linux: ""
  binary_i386-cygwin: ""
  binary_i386-freebsd: ""
  binary_i386-linux: ""
  binary_i386-netbsd: ""
  binary_i386-solaris: ""
  binary_universal-darwin: ""
  binary_win32: ""
  binary_x86_64-cygwin: ""
  binary_x86_64-darwinlegacy: ""
  binary_x86_64-linux: "1"
  binary_x86_64-linuxmusl: ""
  binary_x86_64-solaris: ""
  collection-basic: "1"
  collection-bibtexextra: ""
  collection-binextra: ""
  collection-context: ""
  collection-fontsextra: ""
  collection-fontsrecommended: ""
  collection-fontutils: ""
  collection-formatsextra: ""
  collection-games: ""
  collection-humanities: ""
  collection-langarabic: ""
  collection-langchinese: ""
  collection-langcjk: ""
  collection-langcyrillic: ""
  collection-langczechslovak: ""
  collection-langenglish: ""
  collection-langeuropean: ""
  collection-langfrench: ""
  collection-langgerman: ""
  collection-langgreek: ""
  collection-langitalian: ""
  collection-langjapanese: ""
  collection-langkorean: ""
  collection-langother: ""
  collection-langpolish: ""
  collection-langportuguese: ""
  collection-langspanish: ""
  collection-latex: ""
  collection-latexextra: ""
  collection-latexrecommended: ""
  collection-luatex: ""
  collection-mathscience: ""
  collection-metapost: ""
  collection-music: ""
  collection-pictures: ""
  collection-plaingeneric: ""
  collection-pstricks: ""
  collection-publishers: ""
  collection-texworks: ""
  collection-wintools: ""
  collection-xetex: ""
  doc_splitting_supported: "1"
  inst_platform: "x86_64-linux"
  instopt_adjustpath: "1"
  instopt_adjustrepo: "1"
  instopt_letter: ""
  instopt_portable: "1"
  instopt_write18_restricted: "1"
  n_collections_available: "41"
  n_collections_selected: "40"
  n_systems_available: "16"
  n_systems_selected: "1"
  selected_scheme: "scheme-custom"
  src_splitting_supported: "1"
  this_platform: "x86_64-linux"
  tlpdbopt_autobackup: "1"
  tlpdbopt_backupdir: "tlpkg/backups"
  tlpdbopt_create_formats: "1"
  tlpdbopt_desktop_integration: "1"
  tlpdbopt_file_assocs: "1"
  tlpdbopt_generate_updmap: ""
  tlpdbopt_install_docfiles: "1"
  tlpdbopt_install_srcfiles: ""
  tlpdbopt_location: "https://ctan.ijs.si/tex-archive/systems/texlive/tlnet"
  tlpdbopt_post_code: "1"
  tlpdbopt_sys_bin: "/usr/local/bin"
  tlpdbopt_sys_info: "/usr/local/share/info"
  tlpdbopt_sys_man: "/usr/local/share/man"
  tlpdbopt_w32_multi_user: "1"
  total_size: ""
Installing to: /home/melmothx/build/amusewiki-debian-packages/amusewiki/local/texlive/2021
Installing [01/57, time/total: ??:??/??:??]: texlive.infra [430k]
Installing [02/57, time/total: 00:00/00:00]: texlive.infra.x86_64-linux [143k]
Installing [03/57, time/total: 00:00/00:00]: amsfonts [4677k]
Installing [04/57, time/total: 00:01/00:05]: bibtex [404k]
Installing [05/57, time/total: 00:01/00:04]: bibtex.x86_64-linux [73k]
Installing [06/57, time/total: 00:01/00:04]: cm [235k]
Installing [07/57, time/total: 00:01/00:04]: collection-basic [1k]
Installing [08/57, time/total: 00:01/00:04]: colorprofiles [113k]
Installing [09/57, time/total: 00:01/00:04]: dehyph [46k]
Installing [10/57, time/total: 00:01/00:04]: dvipdfmx [3083k]
Installing [11/57, time/total: 00:02/00:05]: dvipdfmx.x86_64-linux [417k]
Installing [12/57, time/total: 00:02/00:05]: dvips [567k]
Installing [13/57, time/total: 00:02/00:05]: dvips.x86_64-linux [145k]
Installing [14/57, time/total: 00:02/00:05]: ec [280k]
Installing [15/57, time/total: 00:02/00:05]: enctex [272k]
Installing [16/57, time/total: 00:03/00:07]: etex [197k]
Installing [17/57, time/total: 00:03/00:07]: etex-pkg [7k]
Installing [18/57, time/total: 00:03/00:07]: glyphlist [25k]
Installing [19/57, time/total: 00:03/00:07]: graphics-def [12k]
Installing [20/57, time/total: 00:03/00:07]: hyph-utf8 [278k]
Installing [21/57, time/total: 00:03/00:07]: hyphen-base [22k]
Installing [22/57, time/total: 00:03/00:07]: hyphenex [9k]
Installing [23/57, time/total: 00:03/00:07]: ifplatform [151k]
Installing [24/57, time/total: 00:03/00:07]: iftex [217k]
Installing [25/57, time/total: 00:03/00:06]: knuth-lib [30k]
Installing [26/57, time/total: 00:03/00:06]: knuth-local [23k]
Installing [27/57, time/total: 00:03/00:06]: kpathsea [1080k]
Installing [28/57, time/total: 00:04/00:08]: kpathsea.x86_64-linux [40k]
Installing [29/57, time/total: 00:04/00:08]: lua-alt-getopt [6k]
Installing [30/57, time/total: 00:04/00:08]: luahbtex [30k]
Installing [31/57, time/total: 00:04/00:08]: luahbtex.x86_64-linux [2171k]
Installing [32/57, time/total: 00:04/00:07]: luatex [1850k]
Installing [33/57, time/total: 00:05/00:07]: luatex.x86_64-linux [1752k]
Installing [34/57, time/total: 00:05/00:07]: makeindex [460k]
Installing [35/57, time/total: 00:05/00:07]: makeindex.x86_64-linux [49k]
Installing [36/57, time/total: 00:05/00:07]: metafont [61k]
Installing [37/57, time/total: 00:05/00:07]: metafont.x86_64-linux [190k]
Installing [38/57, time/total: 00:05/00:06]: mflogo [236k]
Installing [39/57, time/total: 00:05/00:06]: mfware [102k]
Installing [40/57, time/total: 00:05/00:06]: mfware.x86_64-linux [121k]
Installing [41/57, time/total: 00:05/00:06]: modes [297k]
Installing [42/57, time/total: 00:06/00:08]: pdftex [1628k]
Installing [43/57, time/total: 00:06/00:07]: pdftex.x86_64-linux [816k]
Installing [44/57, time/total: 00:06/00:07]: plain [29k]
Installing [45/57, time/total: 00:06/00:07]: tex [44k]
Installing [46/57, time/total: 00:06/00:07]: tex-ini-files [5k]
Installing [47/57, time/total: 00:06/00:07]: tex.x86_64-linux [173k]
Installing [48/57, time/total: 00:06/00:07]: texlive-common [565k]
Installing [49/57, time/total: 00:06/00:06]: texlive-en [1895k]
Installing [50/57, time/total: 00:07/00:07]: texlive-msg-translations [143k]
Installing [51/57, time/total: 00:07/00:07]: texlive-scripts [499k]
Installing [52/57, time/total: 00:07/00:07]: texlive-scripts.x86_64-linux [1k]
Installing [53/57, time/total: 00:07/00:07]: tlshell [33k]
Installing [54/57, time/total: 00:07/00:07]: tlshell.x86_64-linux [1k]
Installing [55/57, time/total: 00:07/00:07]: unicode-data [303k]
Installing [56/57, time/total: 00:07/00:07]: xdvi [175k]
Installing [57/57, time/total: 00:07/00:07]: xdvi.x86_64-linux [530k]
Time used for installing the packages: 00:08
running mktexlsr /home/melmothx/build/amusewiki-debian-packages/amusewiki/local/texlive/2021/texmf-dist ...
writing fmtutil.cnf to /home/melmothx/build/amusewiki-debian-packages/amusewiki/local/texlive/2021/texmf-dist/web2c/fmtutil.cnf
writing updmap.cfg to /home/melmothx/build/amusewiki-debian-packages/amusewiki/local/texlive/2021/texmf-dist/web2c/updmap.cfg
writing language.dat to /home/melmothx/build/amusewiki-debian-packages/amusewiki/local/texlive/2021/texmf-var/tex/generic/config/language.dat
writing language.def to /home/melmothx/build/amusewiki-debian-packages/amusewiki/local/texlive/2021/texmf-var/tex/generic/config/language.def
writing language.dat.lua to /home/melmothx/build/amusewiki-debian-packages/amusewiki/local/texlive/2021/texmf-var/tex/generic/config/language.dat.lua
running mktexlsr /home/melmothx/build/amusewiki-debian-packages/amusewiki/local/texlive/2021/texmf-var /home/melmothx/build/amusewiki-debian-packages/amusewiki/local/texlive/2021/texmf-config /home/melmothx/build/amusewiki-debian-packages/amusewiki/local/texlive/2021/texmf-dist ...
running updmap-sys --nohash ...done
updmap will read the following updmap.cfg files (in precedence order):
  /home/melmothx/build/amusewiki-debian-packages/amusewiki/local/texlive/2021/texmf-dist/web2c/updmap.cfg
updmap may write changes to the following updmap.cfg file:
  /home/melmothx/build/amusewiki-debian-packages/amusewiki/local/texlive/2021/texmf-config/web2c/updmap.cfg
dvips output dir: "/home/melmothx/build/amusewiki-debian-packages/amusewiki/local/texlive/2021/texmf-var/fonts/map/dvips/updmap"
pdftex output dir: "/home/melmothx/build/amusewiki-debian-packages/amusewiki/local/texlive/2021/texmf-var/fonts/map/pdftex/updmap"
dvipdfmx output dir: "/home/melmothx/build/amusewiki-debian-packages/amusewiki/local/texlive/2021/texmf-var/fonts/map/dvipdfmx/updmap"

updmap is creating new map files
using the following configuration:
  LW35 font names                  : URWkb (/home/melmothx/build/amusewiki-debian-packages/amusewiki/local/texlive/2021/texmf-dist/web2c/updmap.cfg)
  prefer outlines                  : true (/home/melmothx/build/amusewiki-debian-packages/amusewiki/local/texlive/2021/texmf-dist/web2c/updmap.cfg)
  texhash enabled                  : false
  download standard fonts (dvips)  : true (/home/melmothx/build/amusewiki-debian-packages/amusewiki/local/texlive/2021/texmf-dist/web2c/updmap.cfg)
  download standard fonts (pdftex) : true (/home/melmothx/build/amusewiki-debian-packages/amusewiki/local/texlive/2021/texmf-dist/web2c/updmap.cfg)
  jaEmbed replacement string       : haranoaji (/home/melmothx/build/amusewiki-debian-packages/amusewiki/local/texlive/2021/texmf-dist/web2c/updmap.cfg)
  jaVariant replacement string     : -04 (/home/melmothx/build/amusewiki-debian-packages/amusewiki/local/texlive/2021/texmf-dist/web2c/updmap.cfg)
  scEmbed replacement string       : arphic (/home/melmothx/build/amusewiki-debian-packages/amusewiki/local/texlive/2021/texmf-dist/web2c/updmap.cfg)
  tcEmbed replacement string       : arphic (/home/melmothx/build/amusewiki-debian-packages/amusewiki/local/texlive/2021/texmf-dist/web2c/updmap.cfg)
  koEmbed replacement string       : baekmuk (/home/melmothx/build/amusewiki-debian-packages/amusewiki/local/texlive/2021/texmf-dist/web2c/updmap.cfg)
  create a mapfile for pxdvi       : false (default)

Scanning for LW35 support files  [  3 files]
Scanning for MixedMap entries    [  6 files]
Scanning for KanjiMap entries    [  0 files]
Scanning for Map entries         [  3 files]

Generating output for dvipdfmx...
Generating output for ps2pk...
Generating output for dvips...
Generating output for pdftex...

Files generated:
  /home/melmothx/build/amusewiki-debian-packages/amusewiki/local/texlive/2021/texmf-var/fonts/map/dvips/updmap:
       15900 2021-12-30 10:35:52 builtin35.map
       21373 2021-12-30 10:35:52 download35.map
       22492 2021-12-30 10:35:52 psfonts_pk.map
       26343 2021-12-30 10:35:52 psfonts_t1.map
       26338 2021-12-30 10:35:52 ps2pk.map
          14 2021-12-30 10:35:52 psfonts.map -> psfonts_t1.map
  /home/melmothx/build/amusewiki-debian-packages/amusewiki/local/texlive/2021/texmf-var/fonts/map/pdftex/updmap:
       26345 2021-12-30 10:35:52 pdftex_dl14.map
       24680 2021-12-30 10:35:52 pdftex_ndl14.map
          15 2021-12-30 10:35:52 pdftex.map -> pdftex_dl14.map
  /home/melmothx/build/amusewiki-debian-packages/amusewiki/local/texlive/2021/texmf-var/fonts/map/dvipdfmx/updmap:
         423 2021-12-30 10:35:52 kanjix.map

Transcript written on "/home/melmothx/build/amusewiki-debian-packages/amusewiki/local/texlive/2021/texmf-var/web2c/updmap.log".
re-running mktexlsr /home/melmothx/build/amusewiki-debian-packages/amusewiki/local/texlive/2021/texmf-var /home/melmothx/build/amusewiki-debian-packages/amusewiki/local/texlive/2021/texmf-config ...
pre-generating all format files, be patient...
running fmtutil-sys --no-error-if-no-engine=luajithbtex,luajittex,mfluajit --no-strict --all ...done
fmtutil: fmtutil is using the following fmtutil.cnf files (in precedence order):
fmtutil:   /home/melmothx/build/amusewiki-debian-packages/amusewiki/local/texlive/2021/texmf-dist/web2c/fmtutil.cnf
fmtutil: fmtutil is using the following fmtutil.cnf file for writing changes:
fmtutil:   /home/melmothx/build/amusewiki-debian-packages/amusewiki/local/texlive/2021/texmf-config/web2c/fmtutil.cnf
fmtutil [INFO]: writing formats under /home/melmothx/build/amusewiki-debian-packages/amusewiki/local/texlive/2021/texmf-var/web2c
fmtutil [INFO]: --- remaking luatex with luatex
fmtutil: running `luatex -ini   -jobname=luatex -progname=luatex luatex.ini' ...
This is LuaTeX, Version 1.13.2 (TeX Live 2021)  (INITEX)
 restricted system commands enabled.

(/home/melmothx/build/amusewiki-debian-packages/amusewiki/local/texlive/2021/te
xmf-dist/tex/generic/tex-ini-files/luatex.ini
(/home/melmothx/build/amusewiki-debian-packages/amusewiki/local/texlive/2021/te
xmf-dist/tex/generic/tex-ini-files/luatexconfig.tex
(/home/melmothx/build/amusewiki-debian-packages/amusewiki/local/texlive/2021/te
xmf-dist/tex/generic/tex-ini-files/pdftexconfig.tex))
(/home/melmothx/build/amusewiki-debian-packages/amusewiki/local/texlive/2021/te
xmf-dist/tex/generic/config/luatexiniconfig.tex)
(/home/melmothx/build/amusewiki-debian-packages/amusewiki/local/texlive/2021/te
xmf-dist/tex/generic/unicode-data/load-unicode-data.tex 
load-unicode-data.tex v1.15 (2021-09-15)
Reading Unicode data
# UnicodeData-14.0.0.txt
# Modified 2021-09-15 11:00:00 GMT [JAW]
)
(/home/melmothx/build/amusewiki-debian-packages/amusewiki/local/texlive/2021/te
xmf-dist/tex/luatex/hyph-utf8/etex.src
(/home/melmothx/build/amusewiki-debian-packages/amusewiki/local/texlive/2021/te
xmf-dist/tex/plain/base/plain.tex Preloading the plain format: codes,
registers, parameters, fonts, more fonts, macros, math definitions,
output routines, hyphenation
(/home/melmothx/build/amusewiki-debian-packages/amusewiki/local/texlive/2021/te
xmf-dist/tex/generic/hyphen/hyphen.tex
[skipping from \patterns to end-of-file...]))
(/home/melmothx/build/amusewiki-debian-packages/amusewiki/local/texlive/2021/te
xmf-dist/tex/plain/etex/etexdefs.lib Skipping module "grouptypes";
Loading module "interactionmodes"; Skipping module "nodetypes";
Skipping module "iftypes";)
(/home/melmothx/build/amusewiki-debian-packages/amusewiki/local/texlive/2021/te
xmf-var/tex/generic/config/language.def
(/home/melmothx/build/amusewiki-debian-packages/amusewiki/local/texlive/2021/te
xmf-dist/tex/generic/hyphen/hyphen.tex)) Augmenting the Plain TeX definitions:
\tracingall; Adding new e-TeX definitions: \eTeX, \loggingall, \tracingnone,
register allocation; extended register allocation; 
Recycling: \addlanguage, \@nswer (not defined), \@sk, \b@dresponsetrue,
\b@dresponsefalse, \ch@ckforyn, \mayber@cycle, \et@xabort, \et@xbuf,
\et@xfmtsrc, \et@xfilehdr, \et@xinf, \et@xpatterns, \l@ngdefnfile, \n@xt,
\p@rse (not defined), \pr@mpt (not defined), \pr@mptloop (not defined),
\forcer@cycle, \usef@llback, \usef@llbacktrue, \usef@llbackfalse, 
Retaining: \et@xerr, \et@xinput, \et@xlibhdr, \et@xmsg, \et@xtoks, \et@xwarn,
\et@xl@@d, \et@xl@ad, \et@xload, \et@xlang, \et@xhash, \eTeX, \etexhdrchk,
\etexstatus, \module, \uselanguage, \r@tain, \r@cycle,))
Beginning to dump on file luatex.fmt
 (format=luatex 2021.12.30)
3359 strings using 10209 bytes
68809 memory locations dumped; current usage is 149&7701
1871 multiletter control sequences
\font\nullfont=nullfont
\font\tenrm=cmr10
\font\preloaded=cmr9
\font\preloaded=cmr8
\font\sevenrm=cmr7
\font\preloaded=cmr6
\font\fiverm=cmr5
\font\teni=cmmi10
\font\preloaded=cmmi9
\font\preloaded=cmmi8
\font\seveni=cmmi7
\font\preloaded=cmmi6
\font\fivei=cmmi5
\font\tensy=cmsy10
\font\preloaded=cmsy9
\font\preloaded=cmsy8
\font\sevensy=cmsy7
\font\preloaded=cmsy6
\font\fivesy=cmsy5
\font\tenex=cmex10
\font\preloaded=cmss10
\font\preloaded=cmssq8
\font\preloaded=cmssi10
\font\preloaded=cmssqi8
\font\tenbf=cmbx10
\font\preloaded=cmbx9
\font\preloaded=cmbx8
\font\sevenbf=cmbx7
\font\preloaded=cmbx6
\font\fivebf=cmbx5
\font\tentt=cmtt10
\font\preloaded=cmtt9
\font\preloaded=cmtt8
\font\preloaded=cmsltt10
\font\tensl=cmsl10
\font\preloaded=cmsl9
\font\preloaded=cmsl8
\font\tenit=cmti10
\font\preloaded=cmti9
\font\preloaded=cmti8
\font\preloaded=cmti7
\font\preloaded=cmu10
\font\preloaded=cmmib10
\font\preloaded=cmbsy10
\font\preloaded=cmcsc10
\font\preloaded=cmssbx10
\font\preloaded=cmdunh10
\font\preloaded=cmr7 at 14.51799pt
\font\preloaded=cmtt10 at 14.4pt
\font\preloaded=cmssbx10 at 14.4pt
\font\preloaded=manfnt
50 preloaded fonts
warning  (pdf backend): no pages of output.
Transcript written on luatex.log.
fmtutil [INFO]: log file copied to: /home/melmothx/build/amusewiki-debian-packages/amusewiki/local/texlive/2021/texmf-var/web2c/luatex/luatex.log
fmtutil [INFO]: /home/melmothx/build/amusewiki-debian-packages/amusewiki/local/texlive/2021/texmf-var/web2c/luatex/luatex.fmt installed.
fmtutil [INFO]: --- remaking luahbtex with luahbtex
fmtutil: running `luahbtex -ini   -jobname=luahbtex -progname=luahbtex luatex.ini' ...
This is LuaHBTeX, Version 1.13.2 (TeX Live 2021)  (INITEX)
 restricted system commands enabled.

(/home/melmothx/build/amusewiki-debian-packages/amusewiki/local/texlive/2021/te
xmf-dist/tex/generic/tex-ini-files/luatex.ini
(/home/melmothx/build/amusewiki-debian-packages/amusewiki/local/texlive/2021/te
xmf-dist/tex/generic/tex-ini-files/luatexconfig.tex
(/home/melmothx/build/amusewiki-debian-packages/amusewiki/local/texlive/2021/te
xmf-dist/tex/generic/tex-ini-files/pdftexconfig.tex))
(/home/melmothx/build/amusewiki-debian-packages/amusewiki/local/texlive/2021/te
xmf-dist/tex/generic/config/luatexiniconfig.tex)
(/home/melmothx/build/amusewiki-debian-packages/amusewiki/local/texlive/2021/te
xmf-dist/tex/generic/unicode-data/load-unicode-data.tex 
load-unicode-data.tex v1.15 (2021-09-15)
Reading Unicode data
# UnicodeData-14.0.0.txt
# Modified 2021-09-15 11:00:00 GMT [JAW]
)
(/home/melmothx/build/amusewiki-debian-packages/amusewiki/local/texlive/2021/te
xmf-dist/tex/luatex/hyph-utf8/etex.src
(/home/melmothx/build/amusewiki-debian-packages/amusewiki/local/texlive/2021/te
xmf-dist/tex/plain/base/plain.tex Preloading the plain format: codes,
registers, parameters, fonts, more fonts, macros, math definitions,
output routines, hyphenation
(/home/melmothx/build/amusewiki-debian-packages/amusewiki/local/texlive/2021/te
xmf-dist/tex/generic/hyphen/hyphen.tex
[skipping from \patterns to end-of-file...]))
(/home/melmothx/build/amusewiki-debian-packages/amusewiki/local/texlive/2021/te
xmf-dist/tex/plain/etex/etexdefs.lib Skipping module "grouptypes";
Loading module "interactionmodes"; Skipping module "nodetypes";
Skipping module "iftypes";)
(/home/melmothx/build/amusewiki-debian-packages/amusewiki/local/texlive/2021/te
xmf-var/tex/generic/config/language.def
(/home/melmothx/build/amusewiki-debian-packages/amusewiki/local/texlive/2021/te
xmf-dist/tex/generic/hyphen/hyphen.tex)) Augmenting the Plain TeX definitions:
\tracingall; Adding new e-TeX definitions: \eTeX, \loggingall, \tracingnone,
register allocation; extended register allocation; 
Recycling: \addlanguage, \@nswer (not defined), \@sk, \b@dresponsetrue,
\b@dresponsefalse, \ch@ckforyn, \mayber@cycle, \et@xabort, \et@xbuf,
\et@xfmtsrc, \et@xfilehdr, \et@xinf, \et@xpatterns, \l@ngdefnfile, \n@xt,
\p@rse (not defined), \pr@mpt (not defined), \pr@mptloop (not defined),
\forcer@cycle, \usef@llback, \usef@llbacktrue, \usef@llbackfalse, 
Retaining: \et@xerr, \et@xinput, \et@xlibhdr, \et@xmsg, \et@xtoks, \et@xwarn,
\et@xl@@d, \et@xl@ad, \et@xload, \et@xlang, \et@xhash, \eTeX, \etexhdrchk,
\etexstatus, \module, \uselanguage, \r@tain, \r@cycle,))
Beginning to dump on file luahbtex.fmt
 (format=luahbtex 2021.12.30)
3359 strings using 10213 bytes
68809 memory locations dumped; current usage is 149&7701
1871 multiletter control sequences
\font\nullfont=nullfont
\font\tenrm=cmr10
\font\preloaded=cmr9
\font\preloaded=cmr8
\font\sevenrm=cmr7
\font\preloaded=cmr6
\font\fiverm=cmr5
\font\teni=cmmi10
\font\preloaded=cmmi9
\font\preloaded=cmmi8
\font\seveni=cmmi7
\font\preloaded=cmmi6
\font\fivei=cmmi5
\font\tensy=cmsy10
\font\preloaded=cmsy9
\font\preloaded=cmsy8
\font\sevensy=cmsy7
\font\preloaded=cmsy6
\font\fivesy=cmsy5
\font\tenex=cmex10
\font\preloaded=cmss10
\font\preloaded=cmssq8
\font\preloaded=cmssi10
\font\preloaded=cmssqi8
\font\tenbf=cmbx10
\font\preloaded=cmbx9
\font\preloaded=cmbx8
\font\sevenbf=cmbx7
\font\preloaded=cmbx6
\font\fivebf=cmbx5
\font\tentt=cmtt10
\font\preloaded=cmtt9
\font\preloaded=cmtt8
\font\preloaded=cmsltt10
\font\tensl=cmsl10
\font\preloaded=cmsl9
\font\preloaded=cmsl8
\font\tenit=cmti10
\font\preloaded=cmti9
\font\preloaded=cmti8
\font\preloaded=cmti7
\font\preloaded=cmu10
\font\preloaded=cmmib10
\font\preloaded=cmbsy10
\font\preloaded=cmcsc10
\font\preloaded=cmssbx10
\font\preloaded=cmdunh10
\font\preloaded=cmr7 at 14.51799pt
\font\preloaded=cmtt10 at 14.4pt
\font\preloaded=cmssbx10 at 14.4pt
\font\preloaded=manfnt
50 preloaded fonts
warning  (pdf backend): no pages of output.
Transcript written on luahbtex.log.
fmtutil [INFO]: log file copied to: /home/melmothx/build/amusewiki-debian-packages/amusewiki/local/texlive/2021/texmf-var/web2c/luahbtex/luahbtex.log
fmtutil [INFO]: /home/melmothx/build/amusewiki-debian-packages/amusewiki/local/texlive/2021/texmf-var/web2c/luahbtex/luahbtex.fmt installed.
fmtutil [INFO]: --- remaking pdftex with pdftex
fmtutil: running `pdftex -ini   -jobname=pdftex -progname=pdftex -translate-file=cp227.tcx *pdfetex.ini' ...
This is pdfTeX, Version 3.141592653-2.6-1.40.23 (TeX Live 2021) (INITEX)
 restricted \write18 enabled.
 (/home/melmothx/build/amusewiki-debian-packages/amusewiki/local/texlive/2021/texmf-dist/web2c/cp227.tcx)
entering extended mode

(/home/melmothx/build/amusewiki-debian-packages/amusewiki/local/texlive/2021/te
xmf-dist/tex/plain/config/pdfetex.ini
(/home/melmothx/build/amusewiki-debian-packages/amusewiki/local/texlive/2021/te
xmf-dist/tex/generic/tex-ini-files/pdftexconfig.tex)
(/home/melmothx/build/amusewiki-debian-packages/amusewiki/local/texlive/2021/te
xmf-dist/tex/plain/etex/etex.src
(/home/melmothx/build/amusewiki-debian-packages/amusewiki/local/texlive/2021/te
xmf-dist/tex/plain/base/plain.tex Preloading the plain format: codes,
registers, parameters, fonts, more fonts, macros, math definitions,
output routines, hyphenation
(/home/melmothx/build/amusewiki-debian-packages/amusewiki/local/texlive/2021/te
xmf-dist/tex/generic/hyphen/hyphen.tex
[skipping from \patterns to end-of-file...]))
(/home/melmothx/build/amusewiki-debian-packages/amusewiki/local/texlive/2021/te
xmf-dist/tex/plain/etex/etexdefs.lib Skipping module "grouptypes";
Loading module "interactionmodes"; Skipping module "nodetypes";
Skipping module "iftypes";)
(/home/melmothx/build/amusewiki-debian-packages/amusewiki/local/texlive/2021/te
xmf-var/tex/generic/config/language.def
(/home/melmothx/build/amusewiki-debian-packages/amusewiki/local/texlive/2021/te
xmf-dist/tex/generic/hyphen/hyphen.tex)) Augmenting the Plain TeX definitions:
\tracingall; Adding new e-TeX definitions: \eTeX, \loggingall, \tracingnone,
register allocation; extended register allocation; 
Recycling: \addlanguage, \@nswer (not defined), \@sk, \b@dresponsetrue,
\b@dresponsefalse, \ch@ckforyn, \mayber@cycle, \et@xabort, \et@xbuf,
\et@xfmtsrc, \et@xfilehdr, \et@xinf, \et@xpatterns, \l@ngdefnfile, \n@xt,
\p@rse (not defined), \pr@mpt (not defined), \pr@mptloop (not defined),
\forcer@cycle, \usef@llback, \usef@llbacktrue, \usef@llbackfalse, 
Retaining: \et@xerr, \et@xinput, \et@xlibhdr, \et@xmsg, \et@xtoks, \et@xwarn,
\et@xl@@d, \et@xl@ad, \et@xload, \et@xlang, \et@xhash, \eTeX, \etexhdrchk,
\etexstatus, \module, \uselanguage, \r@tain, \r@cycle,)
(/home/melmothx/build/amusewiki-debian-packages/amusewiki/local/texlive/2021/te
xmf-dist/tex/plain/config/pdftexmagfix.tex) )
Beginning to dump on file pdftex.fmt
 (preloaded format=pdftex 2021.12.30)
2916 strings of total length 44872
7961 memory locations dumped; current usage is 203&7322
1269 multiletter control sequences
\font\nullfont=nullfont
\font\tenrm=cmr10
\font\preloaded=cmr9
\font\preloaded=cmr8
\font\sevenrm=cmr7
\font\preloaded=cmr6
\font\fiverm=cmr5
\font\teni=cmmi10
\font\preloaded=cmmi9
\font\preloaded=cmmi8
\font\seveni=cmmi7
\font\preloaded=cmmi6
\font\fivei=cmmi5
\font\tensy=cmsy10
\font\preloaded=cmsy9
\font\preloaded=cmsy8
\font\sevensy=cmsy7
\font\preloaded=cmsy6
\font\fivesy=cmsy5
\font\tenex=cmex10
\font\preloaded=cmss10
\font\preloaded=cmssq8
\font\preloaded=cmssi10
\font\preloaded=cmssqi8
\font\tenbf=cmbx10
\font\preloaded=cmbx9
\font\preloaded=cmbx8
\font\sevenbf=cmbx7
\font\preloaded=cmbx6
\font\fivebf=cmbx5
\font\tentt=cmtt10
\font\preloaded=cmtt9
\font\preloaded=cmtt8
\font\preloaded=cmsltt10
\font\tensl=cmsl10
\font\preloaded=cmsl9
\font\preloaded=cmsl8
\font\tenit=cmti10
\font\preloaded=cmti9
\font\preloaded=cmti8
\font\preloaded=cmti7
\font\preloaded=cmu10
\font\preloaded=cmmib10
\font\preloaded=cmbsy10
\font\preloaded=cmcsc10
\font\preloaded=cmssbx10
\font\preloaded=cmdunh10
\font\preloaded=cmr7 at 14.51799pt
\font\preloaded=cmtt10 at 14.4pt
\font\preloaded=cmssbx10 at 14.4pt
\font\preloaded=manfnt
14787 words of font info for 50 preloaded fonts
14 hyphenation exceptions
Hyphenation trie of length 6075 has 181 ops out of 35111
  181 for language 0
0 words of pdfTeX memory
0 indirect objects
No pages of output.
Transcript written on pdftex.log.
fmtutil [INFO]: log file copied to: /home/melmothx/build/amusewiki-debian-packages/amusewiki/local/texlive/2021/texmf-var/web2c/pdftex/pdftex.log
fmtutil [INFO]: /home/melmothx/build/amusewiki-debian-packages/amusewiki/local/texlive/2021/texmf-var/web2c/pdftex/pdftex.fmt installed.
fmtutil [INFO]: --- remaking tex with tex
fmtutil: running `tex -ini   -jobname=tex -progname=tex tex.ini' ...
This is TeX, Version 3.141592653 (TeX Live 2021) (INITEX)

(/home/melmothx/build/amusewiki-debian-packages/amusewiki/local/texlive/2021/te
xmf-dist/tex/plain/config/tex.ini
(/home/melmothx/build/amusewiki-debian-packages/amusewiki/local/texlive/2021/te
xmf-dist/tex/plain/base/plain.tex Preloading the plain format: codes,
registers, parameters, fonts, more fonts, macros, math definitions,
output routines, hyphenation
(/home/melmothx/build/amusewiki-debian-packages/amusewiki/local/texlive/2021/te
xmf-dist/tex/generic/hyphen/hyphen.tex)) )
Beginning to dump on file tex.fmt
 (preloaded format=tex 2021.12.30)
2028 strings of total length 29849
4991 memory locations dumped; current usage is 110&4878
926 multiletter control sequences
\font\nullfont=nullfont
\font\tenrm=cmr10
\font\preloaded=cmr9
\font\preloaded=cmr8
\font\sevenrm=cmr7
\font\preloaded=cmr6
\font\fiverm=cmr5
\font\teni=cmmi10
\font\preloaded=cmmi9
\font\preloaded=cmmi8
\font\seveni=cmmi7
\font\preloaded=cmmi6
\font\fivei=cmmi5
\font\tensy=cmsy10
\font\preloaded=cmsy9
\font\preloaded=cmsy8
\font\sevensy=cmsy7
\font\preloaded=cmsy6
\font\fivesy=cmsy5
\font\tenex=cmex10
\font\preloaded=cmss10
\font\preloaded=cmssq8
\font\preloaded=cmssi10
\font\preloaded=cmssqi8
\font\tenbf=cmbx10
\font\preloaded=cmbx9
\font\preloaded=cmbx8
\font\sevenbf=cmbx7
\font\preloaded=cmbx6
\font\fivebf=cmbx5
\font\tentt=cmtt10
\font\preloaded=cmtt9
\font\preloaded=cmtt8
\font\preloaded=cmsltt10
\font\tensl=cmsl10
\font\preloaded=cmsl9
\font\preloaded=cmsl8
\font\tenit=cmti10
\font\preloaded=cmti9
\font\preloaded=cmti8
\font\preloaded=cmti7
\font\preloaded=cmu10
\font\preloaded=cmmib10
\font\preloaded=cmbsy10
\font\preloaded=cmcsc10
\font\preloaded=cmssbx10
\font\preloaded=cmdunh10
\font\preloaded=cmr7 at 14.51799pt
\font\preloaded=cmtt10 at 14.4pt
\font\preloaded=cmssbx10 at 14.4pt
\font\preloaded=manfnt
14787 words of font info for 50 preloaded fonts
14 hyphenation exceptions
Hyphenation trie of length 6075 has 181 ops out of 35111
  181 for language 0
No pages of output.
Transcript written on tex.log.
fmtutil [INFO]: log file copied to: /home/melmothx/build/amusewiki-debian-packages/amusewiki/local/texlive/2021/texmf-var/web2c/tex/tex.log
fmtutil [INFO]: /home/melmothx/build/amusewiki-debian-packages/amusewiki/local/texlive/2021/texmf-var/web2c/tex/tex.fmt installed.
fmtutil [INFO]: --- remaking dviluatex with luatex
fmtutil: running `luatex -ini   -jobname=dviluatex -progname=dviluatex dviluatex.ini' ...
This is LuaTeX, Version 1.13.2 (TeX Live 2021)  (INITEX)
 restricted system commands enabled.

(/home/melmothx/build/amusewiki-debian-packages/amusewiki/local/texlive/2021/te
xmf-dist/tex/generic/tex-ini-files/dviluatex.ini
(/home/melmothx/build/amusewiki-debian-packages/amusewiki/local/texlive/2021/te
xmf-dist/tex/generic/tex-ini-files/luatex.ini
(/home/melmothx/build/amusewiki-debian-packages/amusewiki/local/texlive/2021/te
xmf-dist/tex/generic/tex-ini-files/luatexconfig.tex
(/home/melmothx/build/amusewiki-debian-packages/amusewiki/local/texlive/2021/te
xmf-dist/tex/generic/tex-ini-files/pdftexconfig.tex))
(/home/melmothx/build/amusewiki-debian-packages/amusewiki/local/texlive/2021/te
xmf-dist/tex/generic/config/luatexiniconfig.tex)
(/home/melmothx/build/amusewiki-debian-packages/amusewiki/local/texlive/2021/te
xmf-dist/tex/generic/unicode-data/load-unicode-data.tex 
load-unicode-data.tex v1.15 (2021-09-15)
Reading Unicode data
# UnicodeData-14.0.0.txt
# Modified 2021-09-15 11:00:00 GMT [JAW]
)
(/home/melmothx/build/amusewiki-debian-packages/amusewiki/local/texlive/2021/te
xmf-dist/tex/luatex/hyph-utf8/etex.src
(/home/melmothx/build/amusewiki-debian-packages/amusewiki/local/texlive/2021/te
xmf-dist/tex/plain/base/plain.tex Preloading the plain format: codes,
registers, parameters, fonts, more fonts, macros, math definitions,
output routines, hyphenation
(/home/melmothx/build/amusewiki-debian-packages/amusewiki/local/texlive/2021/te
xmf-dist/tex/generic/hyphen/hyphen.tex
[skipping from \patterns to end-of-file...]))
(/home/melmothx/build/amusewiki-debian-packages/amusewiki/local/texlive/2021/te
xmf-dist/tex/plain/etex/etexdefs.lib Skipping module "grouptypes";
Loading module "interactionmodes"; Skipping module "nodetypes";
Skipping module "iftypes";)
(/home/melmothx/build/amusewiki-debian-packages/amusewiki/local/texlive/2021/te
xmf-var/tex/generic/config/language.def
(/home/melmothx/build/amusewiki-debian-packages/amusewiki/local/texlive/2021/te
xmf-dist/tex/generic/hyphen/hyphen.tex)) Augmenting the Plain TeX definitions:
\tracingall; Adding new e-TeX definitions: \eTeX, \loggingall, \tracingnone,
register allocation; extended register allocation; 
Recycling: \addlanguage, \@nswer (not defined), \@sk, \b@dresponsetrue,
\b@dresponsefalse, \ch@ckforyn, \mayber@cycle, \et@xabort, \et@xbuf,
\et@xfmtsrc, \et@xfilehdr, \et@xinf, \et@xpatterns, \l@ngdefnfile, \n@xt,
\p@rse (not defined), \pr@mpt (not defined), \pr@mptloop (not defined),
\forcer@cycle, \usef@llback, \usef@llbacktrue, \usef@llbackfalse, 
Retaining: \et@xerr, \et@xinput, \et@xlibhdr, \et@xmsg, \et@xtoks, \et@xwarn,
\et@xl@@d, \et@xl@ad, \et@xload, \et@xlang, \et@xhash, \eTeX, \etexhdrchk,
\etexstatus, \module, \uselanguage, \r@tain, \r@cycle,)))
Beginning to dump on file dviluatex.fmt
 (format=dviluatex 2021.12.30)
3364 strings using 10228 bytes
68809 memory locations dumped; current usage is 149&7701
1871 multiletter control sequences
\font\nullfont=nullfont
\font\tenrm=cmr10
\font\preloaded=cmr9
\font\preloaded=cmr8
\font\sevenrm=cmr7
\font\preloaded=cmr6
\font\fiverm=cmr5
\font\teni=cmmi10
\font\preloaded=cmmi9
\font\preloaded=cmmi8
\font\seveni=cmmi7
\font\preloaded=cmmi6
\font\fivei=cmmi5
\font\tensy=cmsy10
\font\preloaded=cmsy9
\font\preloaded=cmsy8
\font\sevensy=cmsy7
\font\preloaded=cmsy6
\font\fivesy=cmsy5
\font\tenex=cmex10
\font\preloaded=cmss10
\font\preloaded=cmssq8
\font\preloaded=cmssi10
\font\preloaded=cmssqi8
\font\tenbf=cmbx10
\font\preloaded=cmbx9
\font\preloaded=cmbx8
\font\sevenbf=cmbx7
\font\preloaded=cmbx6
\font\fivebf=cmbx5
\font\tentt=cmtt10
\font\preloaded=cmtt9
\font\preloaded=cmtt8
\font\preloaded=cmsltt10
\font\tensl=cmsl10
\font\preloaded=cmsl9
\font\preloaded=cmsl8
\font\tenit=cmti10
\font\preloaded=cmti9
\font\preloaded=cmti8
\font\preloaded=cmti7
\font\preloaded=cmu10
\font\preloaded=cmmib10
\font\preloaded=cmbsy10
\font\preloaded=cmcsc10
\font\preloaded=cmssbx10
\font\preloaded=cmdunh10
\font\preloaded=cmr7 at 14.51799pt
\font\preloaded=cmtt10 at 14.4pt
\font\preloaded=cmssbx10 at 14.4pt
\font\preloaded=manfnt
50 preloaded fonts
No pages of output.
Transcript written on dviluatex.log.
fmtutil [INFO]: log file copied to: /home/melmothx/build/amusewiki-debian-packages/amusewiki/local/texlive/2021/texmf-var/web2c/luatex/dviluatex.log
fmtutil [INFO]: /home/melmothx/build/amusewiki-debian-packages/amusewiki/local/texlive/2021/texmf-var/web2c/luatex/dviluatex.fmt installed.
fmtutil [INFO]: --- remaking etex with pdftex
fmtutil: running `pdftex -ini   -jobname=etex -progname=etex -translate-file=cp227.tcx *etex.ini' ...
This is pdfTeX, Version 3.141592653-2.6-1.40.23 (TeX Live 2021) (INITEX)
 restricted \write18 enabled.
 (/home/melmothx/build/amusewiki-debian-packages/amusewiki/local/texlive/2021/texmf-dist/web2c/cp227.tcx)
entering extended mode

(/home/melmothx/build/amusewiki-debian-packages/amusewiki/local/texlive/2021/te
xmf-dist/tex/plain/config/etex.ini
(/home/melmothx/build/amusewiki-debian-packages/amusewiki/local/texlive/2021/te
xmf-dist/tex/plain/etex/etex.src
(/home/melmothx/build/amusewiki-debian-packages/amusewiki/local/texlive/2021/te
xmf-dist/tex/plain/base/plain.tex Preloading the plain format: codes,
registers, parameters, fonts, more fonts, macros, math definitions,
output routines, hyphenation
(/home/melmothx/build/amusewiki-debian-packages/amusewiki/local/texlive/2021/te
xmf-dist/tex/generic/hyphen/hyphen.tex
[skipping from \patterns to end-of-file...]))
(/home/melmothx/build/amusewiki-debian-packages/amusewiki/local/texlive/2021/te
xmf-dist/tex/plain/etex/etexdefs.lib Skipping module "grouptypes";
Loading module "interactionmodes"; Skipping module "nodetypes";
Skipping module "iftypes";)
(/home/melmothx/build/amusewiki-debian-packages/amusewiki/local/texlive/2021/te
xmf-var/tex/generic/config/language.def
(/home/melmothx/build/amusewiki-debian-packages/amusewiki/local/texlive/2021/te
xmf-dist/tex/generic/hyphen/hyphen.tex)) Augmenting the Plain TeX definitions:
\tracingall; Adding new e-TeX definitions: \eTeX, \loggingall, \tracingnone,
register allocation; extended register allocation; 
Recycling: \addlanguage, \@nswer (not defined), \@sk, \b@dresponsetrue,
\b@dresponsefalse, \ch@ckforyn, \mayber@cycle, \et@xabort, \et@xbuf,
\et@xfmtsrc, \et@xfilehdr, \et@xinf, \et@xpatterns, \l@ngdefnfile, \n@xt,
\p@rse (not defined), \pr@mpt (not defined), \pr@mptloop (not defined),
\forcer@cycle, \usef@llback, \usef@llbacktrue, \usef@llbackfalse, 
Retaining: \et@xerr, \et@xinput, \et@xlibhdr, \et@xmsg, \et@xtoks, \et@xwarn,
\et@xl@@d, \et@xl@ad, \et@xload, \et@xlang, \et@xhash, \eTeX, \etexhdrchk,
\etexstatus, \module, \uselanguage, \r@tain, \r@cycle,) )
Beginning to dump on file etex.fmt
 (preloaded format=etex 2021.12.30)
2906 strings of total length 44189
7961 memory locations dumped; current usage is 203&7291
1267 multiletter control sequences
\font\nullfont=nullfont
\font\tenrm=cmr10
\font\preloaded=cmr9
\font\preloaded=cmr8
\font\sevenrm=cmr7
\font\preloaded=cmr6
\font\fiverm=cmr5
\font\teni=cmmi10
\font\preloaded=cmmi9
\font\preloaded=cmmi8
\font\seveni=cmmi7
\font\preloaded=cmmi6
\font\fivei=cmmi5
\font\tensy=cmsy10
\font\preloaded=cmsy9
\font\preloaded=cmsy8
\font\sevensy=cmsy7
\font\preloaded=cmsy6
\font\fivesy=cmsy5
\font\tenex=cmex10
\font\preloaded=cmss10
\font\preloaded=cmssq8
\font\preloaded=cmssi10
\font\preloaded=cmssqi8
\font\tenbf=cmbx10
\font\preloaded=cmbx9
\font\preloaded=cmbx8
\font\sevenbf=cmbx7
\font\preloaded=cmbx6
\font\fivebf=cmbx5
\font\tentt=cmtt10
\font\preloaded=cmtt9
\font\preloaded=cmtt8
\font\preloaded=cmsltt10
\font\tensl=cmsl10
\font\preloaded=cmsl9
\font\preloaded=cmsl8
\font\tenit=cmti10
\font\preloaded=cmti9
\font\preloaded=cmti8
\font\preloaded=cmti7
\font\preloaded=cmu10
\font\preloaded=cmmib10
\font\preloaded=cmbsy10
\font\preloaded=cmcsc10
\font\preloaded=cmssbx10
\font\preloaded=cmdunh10
\font\preloaded=cmr7 at 14.51799pt
\font\preloaded=cmtt10 at 14.4pt
\font\preloaded=cmssbx10 at 14.4pt
\font\preloaded=manfnt
14787 words of font info for 50 preloaded fonts
14 hyphenation exceptions
Hyphenation trie of length 6075 has 181 ops out of 35111
  181 for language 0
0 words of pdfTeX memory
0 indirect objects
No pages of output.
Transcript written on etex.log.
fmtutil [INFO]: log file copied to: /home/melmothx/build/amusewiki-debian-packages/amusewiki/local/texlive/2021/texmf-var/web2c/pdftex/etex.log
fmtutil [INFO]: /home/melmothx/build/amusewiki-debian-packages/amusewiki/local/texlive/2021/texmf-var/web2c/pdftex/etex.fmt installed.
fmtutil [INFO]: --- remaking pdfetex with pdftex
fmtutil: running `pdftex -ini   -jobname=pdfetex -progname=pdfetex -translate-file=cp227.tcx *pdfetex.ini' ...
This is pdfTeX, Version 3.141592653-2.6-1.40.23 (TeX Live 2021) (INITEX)
 restricted \write18 enabled.
 (/home/melmothx/build/amusewiki-debian-packages/amusewiki/local/texlive/2021/texmf-dist/web2c/cp227.tcx)
entering extended mode

(/home/melmothx/build/amusewiki-debian-packages/amusewiki/local/texlive/2021/te
xmf-dist/tex/plain/config/pdfetex.ini
(/home/melmothx/build/amusewiki-debian-packages/amusewiki/local/texlive/2021/te
xmf-dist/tex/generic/tex-ini-files/pdftexconfig.tex)
(/home/melmothx/build/amusewiki-debian-packages/amusewiki/local/texlive/2021/te
xmf-dist/tex/plain/etex/etex.src
(/home/melmothx/build/amusewiki-debian-packages/amusewiki/local/texlive/2021/te
xmf-dist/tex/plain/base/plain.tex Preloading the plain format: codes,
registers, parameters, fonts, more fonts, macros, math definitions,
output routines, hyphenation
(/home/melmothx/build/amusewiki-debian-packages/amusewiki/local/texlive/2021/te
xmf-dist/tex/generic/hyphen/hyphen.tex
[skipping from \patterns to end-of-file...]))
(/home/melmothx/build/amusewiki-debian-packages/amusewiki/local/texlive/2021/te
xmf-dist/tex/plain/etex/etexdefs.lib Skipping module "grouptypes";
Loading module "interactionmodes"; Skipping module "nodetypes";
Skipping module "iftypes";)
(/home/melmothx/build/amusewiki-debian-packages/amusewiki/local/texlive/2021/te
xmf-var/tex/generic/config/language.def
(/home/melmothx/build/amusewiki-debian-packages/amusewiki/local/texlive/2021/te
xmf-dist/tex/generic/hyphen/hyphen.tex)) Augmenting the Plain TeX definitions:
\tracingall; Adding new e-TeX definitions: \eTeX, \loggingall, \tracingnone,
register allocation; extended register allocation; 
Recycling: \addlanguage, \@nswer (not defined), \@sk, \b@dresponsetrue,
\b@dresponsefalse, \ch@ckforyn, \mayber@cycle, \et@xabort, \et@xbuf,
\et@xfmtsrc, \et@xfilehdr, \et@xinf, \et@xpatterns, \l@ngdefnfile, \n@xt,
\p@rse (not defined), \pr@mpt (not defined), \pr@mptloop (not defined),
\forcer@cycle, \usef@llback, \usef@llbacktrue, \usef@llbackfalse, 
Retaining: \et@xerr, \et@xinput, \et@xlibhdr, \et@xmsg, \et@xtoks, \et@xwarn,
\et@xl@@d, \et@xl@ad, \et@xload, \et@xlang, \et@xhash, \eTeX, \etexhdrchk,
\etexstatus, \module, \uselanguage, \r@tain, \r@cycle,)
(/home/melmothx/build/amusewiki-debian-packages/amusewiki/local/texlive/2021/te
xmf-dist/tex/plain/config/pdftexmagfix.tex) )
Beginning to dump on file pdfetex.fmt
 (preloaded format=pdfetex 2021.12.30)
2916 strings of total length 44875
7961 memory locations dumped; current usage is 203&7322
1269 multiletter control sequences
\font\nullfont=nullfont
\font\tenrm=cmr10
\font\preloaded=cmr9
\font\preloaded=cmr8
\font\sevenrm=cmr7
\font\preloaded=cmr6
\font\fiverm=cmr5
\font\teni=cmmi10
\font\preloaded=cmmi9
\font\preloaded=cmmi8
\font\seveni=cmmi7
\font\preloaded=cmmi6
\font\fivei=cmmi5
\font\tensy=cmsy10
\font\preloaded=cmsy9
\font\preloaded=cmsy8
\font\sevensy=cmsy7
\font\preloaded=cmsy6
\font\fivesy=cmsy5
\font\tenex=cmex10
\font\preloaded=cmss10
\font\preloaded=cmssq8
\font\preloaded=cmssi10
\font\preloaded=cmssqi8
\font\tenbf=cmbx10
\font\preloaded=cmbx9
\font\preloaded=cmbx8
\font\sevenbf=cmbx7
\font\preloaded=cmbx6
\font\fivebf=cmbx5
\font\tentt=cmtt10
\font\preloaded=cmtt9
\font\preloaded=cmtt8
\font\preloaded=cmsltt10
\font\tensl=cmsl10
\font\preloaded=cmsl9
\font\preloaded=cmsl8
\font\tenit=cmti10
\font\preloaded=cmti9
\font\preloaded=cmti8
\font\preloaded=cmti7
\font\preloaded=cmu10
\font\preloaded=cmmib10
\font\preloaded=cmbsy10
\font\preloaded=cmcsc10
\font\preloaded=cmssbx10
\font\preloaded=cmdunh10
\font\preloaded=cmr7 at 14.51799pt
\font\preloaded=cmtt10 at 14.4pt
\font\preloaded=cmssbx10 at 14.4pt
\font\preloaded=manfnt
14787 words of font info for 50 preloaded fonts
14 hyphenation exceptions
Hyphenation trie of length 6075 has 181 ops out of 35111
  181 for language 0
0 words of pdfTeX memory
0 indirect objects
No pages of output.
Transcript written on pdfetex.log.
fmtutil [INFO]: log file copied to: /home/melmothx/build/amusewiki-debian-packages/amusewiki/local/texlive/2021/texmf-var/web2c/pdftex/pdfetex.log
fmtutil [INFO]: /home/melmothx/build/amusewiki-debian-packages/amusewiki/local/texlive/2021/texmf-var/web2c/pdftex/pdfetex.fmt installed.
fmtutil [INFO]: --- remaking mf with mf-nowin
fmtutil: running `mf-nowin -ini   -jobname=mf -progname=mf -translate-file=cp227.tcx mf.ini' ...
This is METAFONT, Version 2.71828182 (TeX Live 2021) (INIMF)
(/home/melmothx/build/amusewiki-debian-packages/amusewiki/local/texlive/2021/texmf-dist/web2c/cp227.tcx)

(/home/melmothx/build/amusewiki-debian-packages/amusewiki/local/texlive/2021/te
xmf-dist/metafont/config/mf.ini
(/home/melmothx/build/amusewiki-debian-packages/amusewiki/local/texlive/2021/te
xmf-dist/metafont/base/plain.mf
Preloading the plain base, version 2.71: preliminaries,
 basic constants and mathematical macros,
 macros for converting from device-independent units to pixels,
 macros and tables for various modes of operation,
 macros for drawing and filling,
 macros for proof labels and rules,
 macros for character and font administration,
and a few last-minute items.)
(/home/melmothx/build/amusewiki-debian-packages/amusewiki/local/texlive/2021/te
xmf-dist/fonts/source/public/modes/modes.mf) )
Beginning to dump on file mf.base
 (preloaded base=mf 2021.12.30)
2237 strings of total length 30554
11955 memory locations dumped; current usage is 3679&7916
1011 symbolic tokens
Transcript written on mf.log.
fmtutil [INFO]: log file copied to: /home/melmothx/build/amusewiki-debian-packages/amusewiki/local/texlive/2021/texmf-var/web2c/metafont/mf.log
fmtutil [INFO]: /home/melmothx/build/amusewiki-debian-packages/amusewiki/local/texlive/2021/texmf-var/web2c/metafont/mf.base installed.
fmtutil [INFO]: successfully rebuilt formats: 8
fmtutil [INFO]: total formats: 8
fmtutil [INFO]: exiting with status 0
running package-specific postactions
postaction install script for dvipdfmx: perl /home/melmothx/build/amusewiki-debian-packages/amusewiki/local/texlive/2021/tlpkg/tlpostcode/dvipdfmx.pl
finished with package-specific postactions


Welcome to TeX Live!


See /home/melmothx/build/amusewiki-debian-packages/amusewiki/local/texlive/2021/index.html for links to documentation.
The TeX Live web site (https://tug.org/texlive/) contains any updates and corrections. TeX Live is a joint project of the TeX user groups around the world; please consider supporting it by joining the group best for you. The list of groups is available on the web at https://tug.org/usergroups.html.


Add /home/melmothx/build/amusewiki-debian-packages/amusewiki/local/texlive/2021/texmf-dist/doc/man to MANPATH.
Add /home/melmothx/build/amusewiki-debian-packages/amusewiki/local/texlive/2021/texmf-dist/doc/info to INFOPATH.
Most importantly, add /home/melmothx/build/amusewiki-debian-packages/amusewiki/local/texlive/2021/bin/x86_64-linux
to your PATH for current and future sessions.