TeX Live installer invocation: ./install-tl -repository http://ctan.ijs.si/tex-archive/systems/texlive/tlnet -profile amusewiki.profile 
Automated TeX Live installation using profile: amusewiki.profile
Trying to verify cryptographic signatures!
Loading http://ctan.ijs.si/tex-archive/systems/texlive/tlnet/tlpkg/texlive.tlpdb
Installing TeX Live 2020 from: http://ctan.ijs.si/tex-archive/systems/texlive/tlnet (verified)
Platform: x86_64-linux => 'GNU/Linux on x86_64'
Distribution: net  (downloading)
Using URL: http://ctan.ijs.si/tex-archive/systems/texlive/tlnet
Directory for temporary files: /tmp/MlUf81xefx
Installer revision: 55199
Database revision: 55239
Settings:
  TEXDIR: "/home/melmothx/build/amusewiki-debian-packages/amusewiki/local/texlive/2020"
  TEXMFCONFIG: "~/.texlive2020amw/texmf-config"
  TEXMFHOME: "~/texmf"
  TEXMFLOCAL: "/home/melmothx/build/amusewiki-debian-packages/amusewiki/local/texlive/texmf-local"
  TEXMFSYSCONFIG: "/home/melmothx/build/amusewiki-debian-packages/amusewiki/local/texlive/2020/texmf-config"
  TEXMFSYSVAR: "/home/melmothx/build/amusewiki-debian-packages/amusewiki/local/texlive/2020/texmf-var"
  TEXMFVAR: "~/.texlive2020amw/texmf-var"
  binary_aarch64-linux: ""
  binary_amd64-freebsd: ""
  binary_amd64-netbsd: ""
  binary_armhf-linux: ""
  binary_i386-cygwin: ""
  binary_i386-freebsd: ""
  binary_i386-linux: ""
  binary_i386-netbsd: ""
  binary_i386-solaris: ""
  binary_win32: ""
  binary_x86_64-cygwin: ""
  binary_x86_64-darwin: ""
  binary_x86_64-darwinlegacy: ""
  binary_x86_64-linux: "1"
  binary_x86_64-linuxmusl: ""
  binary_x86_64-solaris: ""
  collection-basic: "1"
  collection-bibtexextra: ""
  collection-binextra: ""
  collection-context: ""
  collection-fontsextra: ""
  collection-fontsrecommended: ""
  collection-fontutils: ""
  collection-formatsextra: ""
  collection-games: ""
  collection-humanities: ""
  collection-langarabic: ""
  collection-langchinese: ""
  collection-langcjk: ""
  collection-langcyrillic: ""
  collection-langczechslovak: ""
  collection-langenglish: ""
  collection-langeuropean: ""
  collection-langfrench: ""
  collection-langgerman: ""
  collection-langgreek: ""
  collection-langitalian: ""
  collection-langjapanese: ""
  collection-langkorean: ""
  collection-langother: ""
  collection-langpolish: ""
  collection-langportuguese: ""
  collection-langspanish: ""
  collection-latex: ""
  collection-latexextra: ""
  collection-latexrecommended: ""
  collection-luatex: ""
  collection-mathscience: ""
  collection-metapost: ""
  collection-music: ""
  collection-pictures: ""
  collection-plaingeneric: ""
  collection-pstricks: ""
  collection-publishers: ""
  collection-texworks: ""
  collection-wintools: ""
  collection-xetex: ""
  doc_splitting_supported: "1"
  inst_platform: "x86_64-linux"
  instopt_adjustpath: "1"
  instopt_adjustrepo: "1"
  instopt_letter: ""
  instopt_portable: "1"
  instopt_write18_restricted: "1"
  n_collections_available: "41"
  n_collections_selected: "40"
  n_systems_available: "16"
  n_systems_selected: "1"
  selected_scheme: "scheme-custom"
  src_splitting_supported: "1"
  this_platform: "x86_64-linux"
  tlpdbopt_autobackup: "1"
  tlpdbopt_backupdir: "tlpkg/backups"
  tlpdbopt_create_formats: "1"
  tlpdbopt_desktop_integration: "1"
  tlpdbopt_file_assocs: "1"
  tlpdbopt_generate_updmap: ""
  tlpdbopt_install_docfiles: "1"
  tlpdbopt_install_srcfiles: ""
  tlpdbopt_location: "http://ctan.ijs.si/tex-archive/systems/texlive/tlnet"
  tlpdbopt_post_code: "1"
  tlpdbopt_sys_bin: "/usr/local/bin"
  tlpdbopt_sys_info: "/usr/local/share/info"
  tlpdbopt_sys_man: "/usr/local/share/man"
  tlpdbopt_w32_multi_user: "1"
  total_size: ""
Installing to: /home/melmothx/build/amusewiki-debian-packages/amusewiki/local/texlive/2020
Installing [01/59, time/total: ??:??/??:??]: texlive.infra [420k]
Installing [02/59, time/total: 00:00/00:00]: texlive.infra.x86_64-linux [143k]
Installing [03/59, time/total: 00:00/00:00]: amsfonts [4677k]
Installing [04/59, time/total: 00:01/00:05]: bibtex [404k]
Installing [05/59, time/total: 00:01/00:04]: bibtex.x86_64-linux [73k]
Installing [06/59, time/total: 00:01/00:04]: cm [235k]
Installing [07/59, time/total: 00:01/00:04]: collection-basic [1k]
Installing [08/59, time/total: 00:01/00:04]: colorprofiles [113k]
Installing [09/59, time/total: 00:02/00:08]: dehyph [46k]
Installing [10/59, time/total: 00:02/00:08]: dvipdfmx [3077k]
Installing [11/59, time/total: 00:02/00:05]: dvipdfmx.x86_64-linux [409k]
Installing [12/59, time/total: 00:02/00:05]: dvips [566k]
Installing [13/59, time/total: 00:03/00:08]: dvips.x86_64-linux [145k]
Installing [14/59, time/total: 00:03/00:07]: ec [280k]
Installing [15/59, time/total: 00:03/00:07]: enctex [272k]
Installing [16/59, time/total: 00:03/00:07]: etex [197k]
Installing [17/59, time/total: 00:04/00:09]: etex-pkg [7k]
Installing [18/59, time/total: 00:04/00:09]: glyphlist [25k]
Installing [19/59, time/total: 00:04/00:09]: graphics-def [13k]
Installing [20/59, time/total: 00:04/00:09]: hyph-utf8 [278k]
Installing [21/59, time/total: 00:04/00:09]: hyphen-base [22k]
Installing [22/59, time/total: 00:05/00:11]: hyphenex [8k]
Installing [23/59, time/total: 00:05/00:11]: ifplatform [151k]
Installing [24/59, time/total: 00:05/00:11]: iftex [217k]
Installing [25/59, time/total: 00:05/00:11]: knuth-lib [30k]
Installing [26/59, time/total: 00:05/00:11]: knuth-local [23k]
Installing [27/59, time/total: 00:05/00:11]: kpathsea [1074k]
Installing [28/59, time/total: 00:06/00:12]: kpathsea.x86_64-linux [40k]
Installing [29/59, time/total: 00:06/00:12]: lua-alt-getopt [6k]
Installing [30/59, time/total: 00:06/00:12]: luahbtex [30k]
Installing [31/59, time/total: 00:06/00:12]: luahbtex.x86_64-linux [2154k]
Installing [32/59, time/total: 00:06/00:10]: luatex [1867k]
Installing [33/59, time/total: 00:07/00:11]: luatex.x86_64-linux [1748k]
Installing [34/59, time/total: 00:07/00:10]: makeindex [460k]
Installing [35/59, time/total: 00:07/00:09]: makeindex.x86_64-linux [49k]
Installing [36/59, time/total: 00:07/00:09]: metafont [80k]
Installing [37/59, time/total: 00:08/00:11]: metafont.x86_64-linux [190k]
Installing [38/59, time/total: 00:08/00:11]: mflogo [236k]
Installing [39/59, time/total: 00:08/00:11]: mfware [102k]
Installing [40/59, time/total: 00:09/00:12]: mfware.x86_64-linux [121k]
Installing [41/59, time/total: 00:09/00:12]: modes [294k]
Installing [42/59, time/total: 00:09/00:12]: pdftex [1610k]
Installing [43/59, time/total: 00:10/00:12]: pdftex.x86_64-linux [818k]
Installing [44/59, time/total: 00:10/00:12]: plain [70k]
Installing [45/59, time/total: 00:10/00:11]: tex [77k]
Installing [46/59, time/total: 00:10/00:11]: tex-ini-files [5k]
Installing [47/59, time/total: 00:10/00:11]: tex.x86_64-linux [173k]
Installing [48/59, time/total: 00:10/00:11]: texlive-common [471k]
Installing [49/59, time/total: 00:11/00:12]: texlive-docindex [159k]
Installing [50/59, time/total: 00:11/00:12]: texlive-en [1848k]
Installing [51/59, time/total: 00:11/00:11]: texlive-msg-translations [138k]
Installing [52/59, time/total: 00:11/00:11]: texlive-scripts [344k]
Installing [53/59, time/total: 00:11/00:11]: texlive-scripts.x86_64-linux [1k]
Installing [54/59, time/total: 00:12/00:12]: tlshell [27k]
Installing [55/59, time/total: 00:12/00:12]: tlshell.x86_64-linux [1k]
Installing [56/59, time/total: 00:12/00:12]: unicode-data [289k]
Installing [57/59, time/total: 00:12/00:12]: updmap-map [298k]
Installing [58/59, time/total: 00:13/00:13]: xdvi [175k]
Installing [59/59, time/total: 00:13/00:13]: xdvi.x86_64-linux [522k]
Time used for installing the packages: 00:13
running mktexlsr /home/melmothx/build/amusewiki-debian-packages/amusewiki/local/texlive/2020/texmf-dist ...
writing fmtutil.cnf to /home/melmothx/build/amusewiki-debian-packages/amusewiki/local/texlive/2020/texmf-dist/web2c/fmtutil.cnf
writing updmap.cfg to /home/melmothx/build/amusewiki-debian-packages/amusewiki/local/texlive/2020/texmf-dist/web2c/updmap.cfg
writing language.dat to /home/melmothx/build/amusewiki-debian-packages/amusewiki/local/texlive/2020/texmf-var/tex/generic/config/language.dat
writing language.def to /home/melmothx/build/amusewiki-debian-packages/amusewiki/local/texlive/2020/texmf-var/tex/generic/config/language.def
writing language.dat.lua to /home/melmothx/build/amusewiki-debian-packages/amusewiki/local/texlive/2020/texmf-var/tex/generic/config/language.dat.lua
running mktexlsr /home/melmothx/build/amusewiki-debian-packages/amusewiki/local/texlive/2020/texmf-var /home/melmothx/build/amusewiki-debian-packages/amusewiki/local/texlive/2020/texmf-config /home/melmothx/build/amusewiki-debian-packages/amusewiki/local/texlive/2020/texmf-dist ...
running updmap-sys --nohash ...done
updmap will read the following updmap.cfg files (in precedence order):
  /home/melmothx/build/amusewiki-debian-packages/amusewiki/local/texlive/2020/texmf-dist/web2c/updmap.cfg
updmap may write changes to the following updmap.cfg file:
  /home/melmothx/build/amusewiki-debian-packages/amusewiki/local/texlive/2020/texmf-config/web2c/updmap.cfg
dvips output dir: "/home/melmothx/build/amusewiki-debian-packages/amusewiki/local/texlive/2020/texmf-var/fonts/map/dvips/updmap"
pdftex output dir: "/home/melmothx/build/amusewiki-debian-packages/amusewiki/local/texlive/2020/texmf-var/fonts/map/pdftex/updmap"
dvipdfmx output dir: "/home/melmothx/build/amusewiki-debian-packages/amusewiki/local/texlive/2020/texmf-var/fonts/map/dvipdfmx/updmap"

updmap is creating new map files
using the following configuration:
  LW35 font names                  : URWkb (/home/melmothx/build/amusewiki-debian-packages/amusewiki/local/texlive/2020/texmf-dist/web2c/updmap.cfg)
  prefer outlines                  : true (/home/melmothx/build/amusewiki-debian-packages/amusewiki/local/texlive/2020/texmf-dist/web2c/updmap.cfg)
  texhash enabled                  : false
  download standard fonts (dvips)  : true (/home/melmothx/build/amusewiki-debian-packages/amusewiki/local/texlive/2020/texmf-dist/web2c/updmap.cfg)
  download standard fonts (pdftex) : true (/home/melmothx/build/amusewiki-debian-packages/amusewiki/local/texlive/2020/texmf-dist/web2c/updmap.cfg)
  jaEmbed replacement string       : haranoaji (/home/melmothx/build/amusewiki-debian-packages/amusewiki/local/texlive/2020/texmf-dist/web2c/updmap.cfg)
  jaVariant replacement string     : -04 (/home/melmothx/build/amusewiki-debian-packages/amusewiki/local/texlive/2020/texmf-dist/web2c/updmap.cfg)
  scEmbed replacement string       : arphic (/home/melmothx/build/amusewiki-debian-packages/amusewiki/local/texlive/2020/texmf-dist/web2c/updmap.cfg)
  tcEmbed replacement string       : arphic (/home/melmothx/build/amusewiki-debian-packages/amusewiki/local/texlive/2020/texmf-dist/web2c/updmap.cfg)
  koEmbed replacement string       : baekmuk (/home/melmothx/build/amusewiki-debian-packages/amusewiki/local/texlive/2020/texmf-dist/web2c/updmap.cfg)
  create a mapfile for pxdvi       : false (default)

Scanning for LW35 support files  [  3 files]
Scanning for MixedMap entries    [  6 files]
Scanning for KanjiMap entries    [  0 files]
Scanning for Map entries         [  3 files]

Generating output for dvipdfmx...
Generating output for ps2pk...
Generating output for dvips...
Generating output for pdftex...

Files generated:
  /home/melmothx/build/amusewiki-debian-packages/amusewiki/local/texlive/2020/texmf-var/fonts/map/dvips/updmap:
       15900 2020-05-23 09:39:15 builtin35.map
       21373 2020-05-23 09:39:15 download35.map
       22492 2020-05-23 09:39:15 psfonts_pk.map
       26343 2020-05-23 09:39:15 psfonts_t1.map
       26338 2020-05-23 09:39:15 ps2pk.map
          14 2020-05-23 09:39:15 psfonts.map -> psfonts_t1.map
  /home/melmothx/build/amusewiki-debian-packages/amusewiki/local/texlive/2020/texmf-var/fonts/map/pdftex/updmap:
       26345 2020-05-23 09:39:15 pdftex_dl14.map
       24680 2020-05-23 09:39:15 pdftex_ndl14.map
          15 2020-05-23 09:39:15 pdftex.map -> pdftex_dl14.map
  /home/melmothx/build/amusewiki-debian-packages/amusewiki/local/texlive/2020/texmf-var/fonts/map/dvipdfmx/updmap:
         423 2020-05-23 09:39:15 kanjix.map

Transcript written on "/home/melmothx/build/amusewiki-debian-packages/amusewiki/local/texlive/2020/texmf-var/web2c/updmap.log".
re-running mktexlsr /home/melmothx/build/amusewiki-debian-packages/amusewiki/local/texlive/2020/texmf-var /home/melmothx/build/amusewiki-debian-packages/amusewiki/local/texlive/2020/texmf-config ...
pre-generating all format files, be patient...
running fmtutil-sys --no-error-if-no-engine=luajithbtex,luajittex,mfluajit --no-strict --all ...done
fmtutil: fmtutil is using the following fmtutil.cnf files (in precedence order):
fmtutil:   /home/melmothx/build/amusewiki-debian-packages/amusewiki/local/texlive/2020/texmf-dist/web2c/fmtutil.cnf
fmtutil: fmtutil is using the following fmtutil.cnf file for writing changes:
fmtutil:   /home/melmothx/build/amusewiki-debian-packages/amusewiki/local/texlive/2020/texmf-config/web2c/fmtutil.cnf
fmtutil [INFO]: writing formats under /home/melmothx/build/amusewiki-debian-packages/amusewiki/local/texlive/2020/texmf-var/web2c
fmtutil [INFO]: --- remaking luahbtex with luahbtex
fmtutil: running `luahbtex -ini   -jobname=luahbtex -progname=luahbtex luatex.ini' ...
This is LuaHBTeX, Version 1.12.0 (TeX Live 2020)  (INITEX)
 restricted system commands enabled.

(/home/melmothx/build/amusewiki-debian-packages/amusewiki/local/texlive/2020/te
xmf-dist/tex/generic/tex-ini-files/luatex.ini
(/home/melmothx/build/amusewiki-debian-packages/amusewiki/local/texlive/2020/te
xmf-dist/tex/generic/tex-ini-files/luatexconfig.tex
(/home/melmothx/build/amusewiki-debian-packages/amusewiki/local/texlive/2020/te
xmf-dist/tex/generic/tex-ini-files/pdftexconfig.tex))
(/home/melmothx/build/amusewiki-debian-packages/amusewiki/local/texlive/2020/te
xmf-dist/tex/generic/config/luatexiniconfig.tex)
(/home/melmothx/build/amusewiki-debian-packages/amusewiki/local/texlive/2020/te
xmf-dist/tex/generic/unicode-data/load-unicode-data.tex 
load-unicode-data.tex v1.13 (2020-04-15)
Reading Unicode data
# UnicodeData-13.0.0.txt
# Modified 2020-03-12 11:00:00 GMT [JAW]
)
(/home/melmothx/build/amusewiki-debian-packages/amusewiki/local/texlive/2020/te
xmf-dist/tex/luatex/hyph-utf8/etex.src
(/home/melmothx/build/amusewiki-debian-packages/amusewiki/local/texlive/2020/te
xmf-dist/tex/plain/base/plain.tex Preloading the plain format: codes,
registers, parameters, fonts, more fonts, macros, math definitions,
output routines, hyphenation
(/home/melmothx/build/amusewiki-debian-packages/amusewiki/local/texlive/2020/te
xmf-dist/tex/generic/hyphen/hyphen.tex
[skipping from \patterns to end-of-file...]))
(/home/melmothx/build/amusewiki-debian-packages/amusewiki/local/texlive/2020/te
xmf-dist/tex/plain/etex/etexdefs.lib Skipping module "grouptypes";
Loading module "interactionmodes"; Skipping module "nodetypes";
Skipping module "iftypes";)
(/home/melmothx/build/amusewiki-debian-packages/amusewiki/local/texlive/2020/te
xmf-var/tex/generic/config/language.def
(/home/melmothx/build/amusewiki-debian-packages/amusewiki/local/texlive/2020/te
xmf-dist/tex/generic/hyphen/hyphen.tex)) Augmenting the Plain TeX definitions:
\tracingall; Adding new e-TeX definitions: \eTeX, \loggingall, \tracingnone,
register allocation; extended register allocation; 
Recycling: \addlanguage, \@nswer (not defined), \@sk, \b@dresponsetrue,
\b@dresponsefalse, \ch@ckforyn, \mayber@cycle, \et@xabort, \et@xbuf,
\et@xfmtsrc, \et@xfilehdr, \et@xinf, \et@xpatterns, \l@ngdefnfile, \n@xt,
\p@rse (not defined), \pr@mpt (not defined), \pr@mptloop (not defined),
\forcer@cycle, \usef@llback, \usef@llbacktrue, \usef@llbackfalse, 
Retaining: \et@xerr, \et@xinput, \et@xlibhdr, \et@xmsg, \et@xtoks, \et@xwarn,
\et@xl@@d, \et@xl@ad, \et@xload, \et@xlang, \et@xhash, \eTeX, \etexhdrchk,
\etexstatus, \module, \uselanguage, \r@tain, \r@cycle,))
Beginning to dump on file luahbtex.fmt
 (format=luahbtex 2020.5.23)
3354 strings using 10206 bytes
68807 memory locations dumped; current usage is 149&7700
1869 multiletter control sequences
\font\nullfont=nullfont
\font\tenrm=cmr10
\font\preloaded=cmr9
\font\preloaded=cmr8
\font\sevenrm=cmr7
\font\preloaded=cmr6
\font\fiverm=cmr5
\font\teni=cmmi10
\font\preloaded=cmmi9
\font\preloaded=cmmi8
\font\seveni=cmmi7
\font\preloaded=cmmi6
\font\fivei=cmmi5
\font\tensy=cmsy10
\font\preloaded=cmsy9
\font\preloaded=cmsy8
\font\sevensy=cmsy7
\font\preloaded=cmsy6
\font\fivesy=cmsy5
\font\tenex=cmex10
\font\preloaded=cmss10
\font\preloaded=cmssq8
\font\preloaded=cmssi10
\font\preloaded=cmssqi8
\font\tenbf=cmbx10
\font\preloaded=cmbx9
\font\preloaded=cmbx8
\font\sevenbf=cmbx7
\font\preloaded=cmbx6
\font\fivebf=cmbx5
\font\tentt=cmtt10
\font\preloaded=cmtt9
\font\preloaded=cmtt8
\font\preloaded=cmsltt10
\font\tensl=cmsl10
\font\preloaded=cmsl9
\font\preloaded=cmsl8
\font\tenit=cmti10
\font\preloaded=cmti9
\font\preloaded=cmti8
\font\preloaded=cmti7
\font\preloaded=cmu10
\font\preloaded=cmmib10
\font\preloaded=cmbsy10
\font\preloaded=cmcsc10
\font\preloaded=cmssbx10
\font\preloaded=cmdunh10
\font\preloaded=cmr7 at 14.51799pt
\font\preloaded=cmtt10 at 14.4pt
\font\preloaded=cmssbx10 at 14.4pt
\font\preloaded=manfnt
50 preloaded fonts
warning  (pdf backend): no pages of output.
Transcript written on luahbtex.log.
fmtutil [INFO]: log file copied to: /home/melmothx/build/amusewiki-debian-packages/amusewiki/local/texlive/2020/texmf-var/web2c/luahbtex/luahbtex.log
fmtutil [INFO]: /home/melmothx/build/amusewiki-debian-packages/amusewiki/local/texlive/2020/texmf-var/web2c/luahbtex/luahbtex.fmt installed.
fmtutil [INFO]: --- remaking tex with tex
fmtutil: running `tex -ini   -jobname=tex -progname=tex tex.ini' ...
This is TeX, Version 3.14159265 (TeX Live 2020) (INITEX)

(/home/melmothx/build/amusewiki-debian-packages/amusewiki/local/texlive/2020/te
xmf-dist/tex/plain/config/tex.ini
(/home/melmothx/build/amusewiki-debian-packages/amusewiki/local/texlive/2020/te
xmf-dist/tex/plain/base/plain.tex Preloading the plain format: codes,
registers, parameters, fonts, more fonts, macros, math definitions,
output routines, hyphenation
(/home/melmothx/build/amusewiki-debian-packages/amusewiki/local/texlive/2020/te
xmf-dist/tex/generic/hyphen/hyphen.tex)) )
Beginning to dump on file tex.fmt
 (preloaded format=tex 2020.5.23)
2027 strings of total length 29809
4990 memory locations dumped; current usage is 110&4877
926 multiletter control sequences
\font\nullfont=nullfont
\font\tenrm=cmr10
\font\preloaded=cmr9
\font\preloaded=cmr8
\font\sevenrm=cmr7
\font\preloaded=cmr6
\font\fiverm=cmr5
\font\teni=cmmi10
\font\preloaded=cmmi9
\font\preloaded=cmmi8
\font\seveni=cmmi7
\font\preloaded=cmmi6
\font\fivei=cmmi5
\font\tensy=cmsy10
\font\preloaded=cmsy9
\font\preloaded=cmsy8
\font\sevensy=cmsy7
\font\preloaded=cmsy6
\font\fivesy=cmsy5
\font\tenex=cmex10
\font\preloaded=cmss10
\font\preloaded=cmssq8
\font\preloaded=cmssi10
\font\preloaded=cmssqi8
\font\tenbf=cmbx10
\font\preloaded=cmbx9
\font\preloaded=cmbx8
\font\sevenbf=cmbx7
\font\preloaded=cmbx6
\font\fivebf=cmbx5
\font\tentt=cmtt10
\font\preloaded=cmtt9
\font\preloaded=cmtt8
\font\preloaded=cmsltt10
\font\tensl=cmsl10
\font\preloaded=cmsl9
\font\preloaded=cmsl8
\font\tenit=cmti10
\font\preloaded=cmti9
\font\preloaded=cmti8
\font\preloaded=cmti7
\font\preloaded=cmu10
\font\preloaded=cmmib10
\font\preloaded=cmbsy10
\font\preloaded=cmcsc10
\font\preloaded=cmssbx10
\font\preloaded=cmdunh10
\font\preloaded=cmr7 at 14.51799pt
\font\preloaded=cmtt10 at 14.4pt
\font\preloaded=cmssbx10 at 14.4pt
\font\preloaded=manfnt
14787 words of font info for 50 preloaded fonts
14 hyphenation exceptions
Hyphenation trie of length 6075 has 181 ops out of 35111
  181 for language 0
No pages of output.
Transcript written on tex.log.
fmtutil [INFO]: log file copied to: /home/melmothx/build/amusewiki-debian-packages/amusewiki/local/texlive/2020/texmf-var/web2c/tex/tex.log
fmtutil [INFO]: /home/melmothx/build/amusewiki-debian-packages/amusewiki/local/texlive/2020/texmf-var/web2c/tex/tex.fmt installed.
fmtutil [INFO]: --- remaking pdftex with pdftex
fmtutil: running `pdftex -ini   -jobname=pdftex -progname=pdftex -translate-file=cp227.tcx *pdfetex.ini' ...
This is pdfTeX, Version 3.14159265-2.6-1.40.21 (TeX Live 2020) (INITEX)
 restricted \write18 enabled.
 (/home/melmothx/build/amusewiki-debian-packages/amusewiki/local/texlive/2020/texmf-dist/web2c/cp227.tcx)
entering extended mode

(/home/melmothx/build/amusewiki-debian-packages/amusewiki/local/texlive/2020/te
xmf-dist/tex/plain/config/pdfetex.ini
(/home/melmothx/build/amusewiki-debian-packages/amusewiki/local/texlive/2020/te
xmf-dist/tex/generic/tex-ini-files/pdftexconfig.tex)
(/home/melmothx/build/amusewiki-debian-packages/amusewiki/local/texlive/2020/te
xmf-dist/tex/plain/etex/etex.src
(/home/melmothx/build/amusewiki-debian-packages/amusewiki/local/texlive/2020/te
xmf-dist/tex/plain/base/plain.tex Preloading the plain format: codes,
registers, parameters, fonts, more fonts, macros, math definitions,
output routines, hyphenation
(/home/melmothx/build/amusewiki-debian-packages/amusewiki/local/texlive/2020/te
xmf-dist/tex/generic/hyphen/hyphen.tex
[skipping from \patterns to end-of-file...]))
(/home/melmothx/build/amusewiki-debian-packages/amusewiki/local/texlive/2020/te
xmf-dist/tex/plain/etex/etexdefs.lib Skipping module "grouptypes";
Loading module "interactionmodes"; Skipping module "nodetypes";
Skipping module "iftypes";)
(/home/melmothx/build/amusewiki-debian-packages/amusewiki/local/texlive/2020/te
xmf-var/tex/generic/config/language.def
(/home/melmothx/build/amusewiki-debian-packages/amusewiki/local/texlive/2020/te
xmf-dist/tex/generic/hyphen/hyphen.tex)) Augmenting the Plain TeX definitions:
\tracingall; Adding new e-TeX definitions: \eTeX, \loggingall, \tracingnone,
register allocation; extended register allocation; 
Recycling: \addlanguage, \@nswer (not defined), \@sk, \b@dresponsetrue,
\b@dresponsefalse, \ch@ckforyn, \mayber@cycle, \et@xabort, \et@xbuf,
\et@xfmtsrc, \et@xfilehdr, \et@xinf, \et@xpatterns, \l@ngdefnfile, \n@xt,
\p@rse (not defined), \pr@mpt (not defined), \pr@mptloop (not defined),
\forcer@cycle, \usef@llback, \usef@llbacktrue, \usef@llbackfalse, 
Retaining: \et@xerr, \et@xinput, \et@xlibhdr, \et@xmsg, \et@xtoks, \et@xwarn,
\et@xl@@d, \et@xl@ad, \et@xload, \et@xlang, \et@xhash, \eTeX, \etexhdrchk,
\etexstatus, \module, \uselanguage, \r@tain, \r@cycle,)
(/home/melmothx/build/amusewiki-debian-packages/amusewiki/local/texlive/2020/te
xmf-dist/tex/plain/config/pdftexmagfix.tex) )
Beginning to dump on file pdftex.fmt
 (preloaded format=pdftex 2020.5.23)
2906 strings of total length 44670
7960 memory locations dumped; current usage is 203&7321
1266 multiletter control sequences
\font\nullfont=nullfont
\font\tenrm=cmr10
\font\preloaded=cmr9
\font\preloaded=cmr8
\font\sevenrm=cmr7
\font\preloaded=cmr6
\font\fiverm=cmr5
\font\teni=cmmi10
\font\preloaded=cmmi9
\font\preloaded=cmmi8
\font\seveni=cmmi7
\font\preloaded=cmmi6
\font\fivei=cmmi5
\font\tensy=cmsy10
\font\preloaded=cmsy9
\font\preloaded=cmsy8
\font\sevensy=cmsy7
\font\preloaded=cmsy6
\font\fivesy=cmsy5
\font\tenex=cmex10
\font\preloaded=cmss10
\font\preloaded=cmssq8
\font\preloaded=cmssi10
\font\preloaded=cmssqi8
\font\tenbf=cmbx10
\font\preloaded=cmbx9
\font\preloaded=cmbx8
\font\sevenbf=cmbx7
\font\preloaded=cmbx6
\font\fivebf=cmbx5
\font\tentt=cmtt10
\font\preloaded=cmtt9
\font\preloaded=cmtt8
\font\preloaded=cmsltt10
\font\tensl=cmsl10
\font\preloaded=cmsl9
\font\preloaded=cmsl8
\font\tenit=cmti10
\font\preloaded=cmti9
\font\preloaded=cmti8
\font\preloaded=cmti7
\font\preloaded=cmu10
\font\preloaded=cmmib10
\font\preloaded=cmbsy10
\font\preloaded=cmcsc10
\font\preloaded=cmssbx10
\font\preloaded=cmdunh10
\font\preloaded=cmr7 at 14.51799pt
\font\preloaded=cmtt10 at 14.4pt
\font\preloaded=cmssbx10 at 14.4pt
\font\preloaded=manfnt
14787 words of font info for 50 preloaded fonts
14 hyphenation exceptions
Hyphenation trie of length 6075 has 181 ops out of 35111
  181 for language 0
0 words of pdfTeX memory
0 indirect objects
No pages of output.
Transcript written on pdftex.log.
fmtutil [INFO]: log file copied to: /home/melmothx/build/amusewiki-debian-packages/amusewiki/local/texlive/2020/texmf-var/web2c/pdftex/pdftex.log
fmtutil [INFO]: /home/melmothx/build/amusewiki-debian-packages/amusewiki/local/texlive/2020/texmf-var/web2c/pdftex/pdftex.fmt installed.
fmtutil [INFO]: --- remaking luatex with luatex
fmtutil: running `luatex -ini   -jobname=luatex -progname=luatex luatex.ini' ...
This is LuaTeX, Version 1.12.0 (TeX Live 2020)  (INITEX)
 restricted system commands enabled.

(/home/melmothx/build/amusewiki-debian-packages/amusewiki/local/texlive/2020/te
xmf-dist/tex/generic/tex-ini-files/luatex.ini
(/home/melmothx/build/amusewiki-debian-packages/amusewiki/local/texlive/2020/te
xmf-dist/tex/generic/tex-ini-files/luatexconfig.tex
(/home/melmothx/build/amusewiki-debian-packages/amusewiki/local/texlive/2020/te
xmf-dist/tex/generic/tex-ini-files/pdftexconfig.tex))
(/home/melmothx/build/amusewiki-debian-packages/amusewiki/local/texlive/2020/te
xmf-dist/tex/generic/config/luatexiniconfig.tex)
(/home/melmothx/build/amusewiki-debian-packages/amusewiki/local/texlive/2020/te
xmf-dist/tex/generic/unicode-data/load-unicode-data.tex 
load-unicode-data.tex v1.13 (2020-04-15)
Reading Unicode data
# UnicodeData-13.0.0.txt
# Modified 2020-03-12 11:00:00 GMT [JAW]
)
(/home/melmothx/build/amusewiki-debian-packages/amusewiki/local/texlive/2020/te
xmf-dist/tex/luatex/hyph-utf8/etex.src
(/home/melmothx/build/amusewiki-debian-packages/amusewiki/local/texlive/2020/te
xmf-dist/tex/plain/base/plain.tex Preloading the plain format: codes,
registers, parameters, fonts, more fonts, macros, math definitions,
output routines, hyphenation
(/home/melmothx/build/amusewiki-debian-packages/amusewiki/local/texlive/2020/te
xmf-dist/tex/generic/hyphen/hyphen.tex
[skipping from \patterns to end-of-file...]))
(/home/melmothx/build/amusewiki-debian-packages/amusewiki/local/texlive/2020/te
xmf-dist/tex/plain/etex/etexdefs.lib Skipping module "grouptypes";
Loading module "interactionmodes"; Skipping module "nodetypes";
Skipping module "iftypes";)
(/home/melmothx/build/amusewiki-debian-packages/amusewiki/local/texlive/2020/te
xmf-var/tex/generic/config/language.def
(/home/melmothx/build/amusewiki-debian-packages/amusewiki/local/texlive/2020/te
xmf-dist/tex/generic/hyphen/hyphen.tex)) Augmenting the Plain TeX definitions:
\tracingall; Adding new e-TeX definitions: \eTeX, \loggingall, \tracingnone,
register allocation; extended register allocation; 
Recycling: \addlanguage, \@nswer (not defined), \@sk, \b@dresponsetrue,
\b@dresponsefalse, \ch@ckforyn, \mayber@cycle, \et@xabort, \et@xbuf,
\et@xfmtsrc, \et@xfilehdr, \et@xinf, \et@xpatterns, \l@ngdefnfile, \n@xt,
\p@rse (not defined), \pr@mpt (not defined), \pr@mptloop (not defined),
\forcer@cycle, \usef@llback, \usef@llbacktrue, \usef@llbackfalse, 
Retaining: \et@xerr, \et@xinput, \et@xlibhdr, \et@xmsg, \et@xtoks, \et@xwarn,
\et@xl@@d, \et@xl@ad, \et@xload, \et@xlang, \et@xhash, \eTeX, \etexhdrchk,
\etexstatus, \module, \uselanguage, \r@tain, \r@cycle,))
Beginning to dump on file luatex.fmt
 (format=luatex 2020.5.23)
3354 strings using 10202 bytes
68807 memory locations dumped; current usage is 149&7700
1869 multiletter control sequences
\font\nullfont=nullfont
\font\tenrm=cmr10
\font\preloaded=cmr9
\font\preloaded=cmr8
\font\sevenrm=cmr7
\font\preloaded=cmr6
\font\fiverm=cmr5
\font\teni=cmmi10
\font\preloaded=cmmi9
\font\preloaded=cmmi8
\font\seveni=cmmi7
\font\preloaded=cmmi6
\font\fivei=cmmi5
\font\tensy=cmsy10
\font\preloaded=cmsy9
\font\preloaded=cmsy8
\font\sevensy=cmsy7
\font\preloaded=cmsy6
\font\fivesy=cmsy5
\font\tenex=cmex10
\font\preloaded=cmss10
\font\preloaded=cmssq8
\font\preloaded=cmssi10
\font\preloaded=cmssqi8
\font\tenbf=cmbx10
\font\preloaded=cmbx9
\font\preloaded=cmbx8
\font\sevenbf=cmbx7
\font\preloaded=cmbx6
\font\fivebf=cmbx5
\font\tentt=cmtt10
\font\preloaded=cmtt9
\font\preloaded=cmtt8
\font\preloaded=cmsltt10
\font\tensl=cmsl10
\font\preloaded=cmsl9
\font\preloaded=cmsl8
\font\tenit=cmti10
\font\preloaded=cmti9
\font\preloaded=cmti8
\font\preloaded=cmti7
\font\preloaded=cmu10
\font\preloaded=cmmib10
\font\preloaded=cmbsy10
\font\preloaded=cmcsc10
\font\preloaded=cmssbx10
\font\preloaded=cmdunh10
\font\preloaded=cmr7 at 14.51799pt
\font\preloaded=cmtt10 at 14.4pt
\font\preloaded=cmssbx10 at 14.4pt
\font\preloaded=manfnt
50 preloaded fonts
warning  (pdf backend): no pages of output.
Transcript written on luatex.log.
fmtutil [INFO]: log file copied to: /home/melmothx/build/amusewiki-debian-packages/amusewiki/local/texlive/2020/texmf-var/web2c/luatex/luatex.log
fmtutil [INFO]: /home/melmothx/build/amusewiki-debian-packages/amusewiki/local/texlive/2020/texmf-var/web2c/luatex/luatex.fmt installed.
fmtutil [INFO]: --- remaking pdfetex with pdftex
fmtutil: running `pdftex -ini   -jobname=pdfetex -progname=pdfetex -translate-file=cp227.tcx *pdfetex.ini' ...
This is pdfTeX, Version 3.14159265-2.6-1.40.21 (TeX Live 2020) (INITEX)
 restricted \write18 enabled.
 (/home/melmothx/build/amusewiki-debian-packages/amusewiki/local/texlive/2020/texmf-dist/web2c/cp227.tcx)
entering extended mode

(/home/melmothx/build/amusewiki-debian-packages/amusewiki/local/texlive/2020/te
xmf-dist/tex/plain/config/pdfetex.ini
(/home/melmothx/build/amusewiki-debian-packages/amusewiki/local/texlive/2020/te
xmf-dist/tex/generic/tex-ini-files/pdftexconfig.tex)
(/home/melmothx/build/amusewiki-debian-packages/amusewiki/local/texlive/2020/te
xmf-dist/tex/plain/etex/etex.src
(/home/melmothx/build/amusewiki-debian-packages/amusewiki/local/texlive/2020/te
xmf-dist/tex/plain/base/plain.tex Preloading the plain format: codes,
registers, parameters, fonts, more fonts, macros, math definitions,
output routines, hyphenation
(/home/melmothx/build/amusewiki-debian-packages/amusewiki/local/texlive/2020/te
xmf-dist/tex/generic/hyphen/hyphen.tex
[skipping from \patterns to end-of-file...]))
(/home/melmothx/build/amusewiki-debian-packages/amusewiki/local/texlive/2020/te
xmf-dist/tex/plain/etex/etexdefs.lib Skipping module "grouptypes";
Loading module "interactionmodes"; Skipping module "nodetypes";
Skipping module "iftypes";)
(/home/melmothx/build/amusewiki-debian-packages/amusewiki/local/texlive/2020/te
xmf-var/tex/generic/config/language.def
(/home/melmothx/build/amusewiki-debian-packages/amusewiki/local/texlive/2020/te
xmf-dist/tex/generic/hyphen/hyphen.tex)) Augmenting the Plain TeX definitions:
\tracingall; Adding new e-TeX definitions: \eTeX, \loggingall, \tracingnone,
register allocation; extended register allocation; 
Recycling: \addlanguage, \@nswer (not defined), \@sk, \b@dresponsetrue,
\b@dresponsefalse, \ch@ckforyn, \mayber@cycle, \et@xabort, \et@xbuf,
\et@xfmtsrc, \et@xfilehdr, \et@xinf, \et@xpatterns, \l@ngdefnfile, \n@xt,
\p@rse (not defined), \pr@mpt (not defined), \pr@mptloop (not defined),
\forcer@cycle, \usef@llback, \usef@llbacktrue, \usef@llbackfalse, 
Retaining: \et@xerr, \et@xinput, \et@xlibhdr, \et@xmsg, \et@xtoks, \et@xwarn,
\et@xl@@d, \et@xl@ad, \et@xload, \et@xlang, \et@xhash, \eTeX, \etexhdrchk,
\etexstatus, \module, \uselanguage, \r@tain, \r@cycle,)
(/home/melmothx/build/amusewiki-debian-packages/amusewiki/local/texlive/2020/te
xmf-dist/tex/plain/config/pdftexmagfix.tex) )
Beginning to dump on file pdfetex.fmt
 (preloaded format=pdfetex 2020.5.23)
2906 strings of total length 44673
7960 memory locations dumped; current usage is 203&7321
1266 multiletter control sequences
\font\nullfont=nullfont
\font\tenrm=cmr10
\font\preloaded=cmr9
\font\preloaded=cmr8
\font\sevenrm=cmr7
\font\preloaded=cmr6
\font\fiverm=cmr5
\font\teni=cmmi10
\font\preloaded=cmmi9
\font\preloaded=cmmi8
\font\seveni=cmmi7
\font\preloaded=cmmi6
\font\fivei=cmmi5
\font\tensy=cmsy10
\font\preloaded=cmsy9
\font\preloaded=cmsy8
\font\sevensy=cmsy7
\font\preloaded=cmsy6
\font\fivesy=cmsy5
\font\tenex=cmex10
\font\preloaded=cmss10
\font\preloaded=cmssq8
\font\preloaded=cmssi10
\font\preloaded=cmssqi8
\font\tenbf=cmbx10
\font\preloaded=cmbx9
\font\preloaded=cmbx8
\font\sevenbf=cmbx7
\font\preloaded=cmbx6
\font\fivebf=cmbx5
\font\tentt=cmtt10
\font\preloaded=cmtt9
\font\preloaded=cmtt8
\font\preloaded=cmsltt10
\font\tensl=cmsl10
\font\preloaded=cmsl9
\font\preloaded=cmsl8
\font\tenit=cmti10
\font\preloaded=cmti9
\font\preloaded=cmti8
\font\preloaded=cmti7
\font\preloaded=cmu10
\font\preloaded=cmmib10
\font\preloaded=cmbsy10
\font\preloaded=cmcsc10
\font\preloaded=cmssbx10
\font\preloaded=cmdunh10
\font\preloaded=cmr7 at 14.51799pt
\font\preloaded=cmtt10 at 14.4pt
\font\preloaded=cmssbx10 at 14.4pt
\font\preloaded=manfnt
14787 words of font info for 50 preloaded fonts
14 hyphenation exceptions
Hyphenation trie of length 6075 has 181 ops out of 35111
  181 for language 0
0 words of pdfTeX memory
0 indirect objects
No pages of output.
Transcript written on pdfetex.log.
fmtutil [INFO]: log file copied to: /home/melmothx/build/amusewiki-debian-packages/amusewiki/local/texlive/2020/texmf-var/web2c/pdftex/pdfetex.log
fmtutil [INFO]: /home/melmothx/build/amusewiki-debian-packages/amusewiki/local/texlive/2020/texmf-var/web2c/pdftex/pdfetex.fmt installed.
fmtutil [INFO]: --- remaking etex with pdftex
fmtutil: running `pdftex -ini   -jobname=etex -progname=etex -translate-file=cp227.tcx *etex.ini' ...
This is pdfTeX, Version 3.14159265-2.6-1.40.21 (TeX Live 2020) (INITEX)
 restricted \write18 enabled.
 (/home/melmothx/build/amusewiki-debian-packages/amusewiki/local/texlive/2020/texmf-dist/web2c/cp227.tcx)
entering extended mode

(/home/melmothx/build/amusewiki-debian-packages/amusewiki/local/texlive/2020/te
xmf-dist/tex/plain/config/etex.ini
(/home/melmothx/build/amusewiki-debian-packages/amusewiki/local/texlive/2020/te
xmf-dist/tex/plain/etex/etex.src
(/home/melmothx/build/amusewiki-debian-packages/amusewiki/local/texlive/2020/te
xmf-dist/tex/plain/base/plain.tex Preloading the plain format: codes,
registers, parameters, fonts, more fonts, macros, math definitions,
output routines, hyphenation
(/home/melmothx/build/amusewiki-debian-packages/amusewiki/local/texlive/2020/te
xmf-dist/tex/generic/hyphen/hyphen.tex
[skipping from \patterns to end-of-file...]))
(/home/melmothx/build/amusewiki-debian-packages/amusewiki/local/texlive/2020/te
xmf-dist/tex/plain/etex/etexdefs.lib Skipping module "grouptypes";
Loading module "interactionmodes"; Skipping module "nodetypes";
Skipping module "iftypes";)
(/home/melmothx/build/amusewiki-debian-packages/amusewiki/local/texlive/2020/te
xmf-var/tex/generic/config/language.def
(/home/melmothx/build/amusewiki-debian-packages/amusewiki/local/texlive/2020/te
xmf-dist/tex/generic/hyphen/hyphen.tex)) Augmenting the Plain TeX definitions:
\tracingall; Adding new e-TeX definitions: \eTeX, \loggingall, \tracingnone,
register allocation; extended register allocation; 
Recycling: \addlanguage, \@nswer (not defined), \@sk, \b@dresponsetrue,
\b@dresponsefalse, \ch@ckforyn, \mayber@cycle, \et@xabort, \et@xbuf,
\et@xfmtsrc, \et@xfilehdr, \et@xinf, \et@xpatterns, \l@ngdefnfile, \n@xt,
\p@rse (not defined), \pr@mpt (not defined), \pr@mptloop (not defined),
\forcer@cycle, \usef@llback, \usef@llbacktrue, \usef@llbackfalse, 
Retaining: \et@xerr, \et@xinput, \et@xlibhdr, \et@xmsg, \et@xtoks, \et@xwarn,
\et@xl@@d, \et@xl@ad, \et@xload, \et@xlang, \et@xhash, \eTeX, \etexhdrchk,
\etexstatus, \module, \uselanguage, \r@tain, \r@cycle,) )
Beginning to dump on file etex.fmt
 (preloaded format=etex 2020.5.23)
2896 strings of total length 43987
7960 memory locations dumped; current usage is 203&7290
1264 multiletter control sequences
\font\nullfont=nullfont
\font\tenrm=cmr10
\font\preloaded=cmr9
\font\preloaded=cmr8
\font\sevenrm=cmr7
\font\preloaded=cmr6
\font\fiverm=cmr5
\font\teni=cmmi10
\font\preloaded=cmmi9
\font\preloaded=cmmi8
\font\seveni=cmmi7
\font\preloaded=cmmi6
\font\fivei=cmmi5
\font\tensy=cmsy10
\font\preloaded=cmsy9
\font\preloaded=cmsy8
\font\sevensy=cmsy7
\font\preloaded=cmsy6
\font\fivesy=cmsy5
\font\tenex=cmex10
\font\preloaded=cmss10
\font\preloaded=cmssq8
\font\preloaded=cmssi10
\font\preloaded=cmssqi8
\font\tenbf=cmbx10
\font\preloaded=cmbx9
\font\preloaded=cmbx8
\font\sevenbf=cmbx7
\font\preloaded=cmbx6
\font\fivebf=cmbx5
\font\tentt=cmtt10
\font\preloaded=cmtt9
\font\preloaded=cmtt8
\font\preloaded=cmsltt10
\font\tensl=cmsl10
\font\preloaded=cmsl9
\font\preloaded=cmsl8
\font\tenit=cmti10
\font\preloaded=cmti9
\font\preloaded=cmti8
\font\preloaded=cmti7
\font\preloaded=cmu10
\font\preloaded=cmmib10
\font\preloaded=cmbsy10
\font\preloaded=cmcsc10
\font\preloaded=cmssbx10
\font\preloaded=cmdunh10
\font\preloaded=cmr7 at 14.51799pt
\font\preloaded=cmtt10 at 14.4pt
\font\preloaded=cmssbx10 at 14.4pt
\font\preloaded=manfnt
14787 words of font info for 50 preloaded fonts
14 hyphenation exceptions
Hyphenation trie of length 6075 has 181 ops out of 35111
  181 for language 0
0 words of pdfTeX memory
0 indirect objects
No pages of output.
Transcript written on etex.log.
fmtutil [INFO]: log file copied to: /home/melmothx/build/amusewiki-debian-packages/amusewiki/local/texlive/2020/texmf-var/web2c/pdftex/etex.log
fmtutil [INFO]: /home/melmothx/build/amusewiki-debian-packages/amusewiki/local/texlive/2020/texmf-var/web2c/pdftex/etex.fmt installed.
fmtutil [INFO]: --- remaking mf with mf-nowin
fmtutil: running `mf-nowin -ini   -jobname=mf -progname=mf -translate-file=cp227.tcx mf.ini' ...
This is METAFONT, Version 2.7182818 (TeX Live 2020) (INIMF)
(/home/melmothx/build/amusewiki-debian-packages/amusewiki/local/texlive/2020/texmf-dist/web2c/cp227.tcx)

(/home/melmothx/build/amusewiki-debian-packages/amusewiki/local/texlive/2020/te
xmf-dist/metafont/config/mf.ini
(/home/melmothx/build/amusewiki-debian-packages/amusewiki/local/texlive/2020/te
xmf-dist/metafont/base/plain.mf
Preloading the plain base, version 2.71: preliminaries,
 basic constants and mathematical macros,
 macros for converting from device-independent units to pixels,
 macros and tables for various modes of operation,
 macros for drawing and filling,
 macros for proof labels and rules,
 macros for character and font administration,
and a few last-minute items.)
(/home/melmothx/build/amusewiki-debian-packages/amusewiki/local/texlive/2020/te
xmf-dist/fonts/source/public/modes/modes.mf) )
Beginning to dump on file mf.base
 (preloaded base=mf 2020.5.23)
2229 strings of total length 30460
11875 memory locations dumped; current usage is 3653&7860
1007 symbolic tokens
Transcript written on mf.log.
fmtutil [INFO]: log file copied to: /home/melmothx/build/amusewiki-debian-packages/amusewiki/local/texlive/2020/texmf-var/web2c/metafont/mf.log
fmtutil [INFO]: /home/melmothx/build/amusewiki-debian-packages/amusewiki/local/texlive/2020/texmf-var/web2c/metafont/mf.base installed.
fmtutil [INFO]: --- remaking dviluatex with luatex
fmtutil: running `luatex -ini   -jobname=dviluatex -progname=dviluatex dviluatex.ini' ...
This is LuaTeX, Version 1.12.0 (TeX Live 2020)  (INITEX)
 restricted system commands enabled.

(/home/melmothx/build/amusewiki-debian-packages/amusewiki/local/texlive/2020/te
xmf-dist/tex/generic/tex-ini-files/dviluatex.ini
(/home/melmothx/build/amusewiki-debian-packages/amusewiki/local/texlive/2020/te
xmf-dist/tex/generic/tex-ini-files/luatex.ini
(/home/melmothx/build/amusewiki-debian-packages/amusewiki/local/texlive/2020/te
xmf-dist/tex/generic/tex-ini-files/luatexconfig.tex
(/home/melmothx/build/amusewiki-debian-packages/amusewiki/local/texlive/2020/te
xmf-dist/tex/generic/tex-ini-files/pdftexconfig.tex))
(/home/melmothx/build/amusewiki-debian-packages/amusewiki/local/texlive/2020/te
xmf-dist/tex/generic/config/luatexiniconfig.tex)
(/home/melmothx/build/amusewiki-debian-packages/amusewiki/local/texlive/2020/te
xmf-dist/tex/generic/unicode-data/load-unicode-data.tex 
load-unicode-data.tex v1.13 (2020-04-15)
Reading Unicode data
# UnicodeData-13.0.0.txt
# Modified 2020-03-12 11:00:00 GMT [JAW]
)
(/home/melmothx/build/amusewiki-debian-packages/amusewiki/local/texlive/2020/te
xmf-dist/tex/luatex/hyph-utf8/etex.src
(/home/melmothx/build/amusewiki-debian-packages/amusewiki/local/texlive/2020/te
xmf-dist/tex/plain/base/plain.tex Preloading the plain format: codes,
registers, parameters, fonts, more fonts, macros, math definitions,
output routines, hyphenation
(/home/melmothx/build/amusewiki-debian-packages/amusewiki/local/texlive/2020/te
xmf-dist/tex/generic/hyphen/hyphen.tex
[skipping from \patterns to end-of-file...]))
(/home/melmothx/build/amusewiki-debian-packages/amusewiki/local/texlive/2020/te
xmf-dist/tex/plain/etex/etexdefs.lib Skipping module "grouptypes";
Loading module "interactionmodes"; Skipping module "nodetypes";
Skipping module "iftypes";)
(/home/melmothx/build/amusewiki-debian-packages/amusewiki/local/texlive/2020/te
xmf-var/tex/generic/config/language.def
(/home/melmothx/build/amusewiki-debian-packages/amusewiki/local/texlive/2020/te
xmf-dist/tex/generic/hyphen/hyphen.tex)) Augmenting the Plain TeX definitions:
\tracingall; Adding new e-TeX definitions: \eTeX, \loggingall, \tracingnone,
register allocation; extended register allocation; 
Recycling: \addlanguage, \@nswer (not defined), \@sk, \b@dresponsetrue,
\b@dresponsefalse, \ch@ckforyn, \mayber@cycle, \et@xabort, \et@xbuf,
\et@xfmtsrc, \et@xfilehdr, \et@xinf, \et@xpatterns, \l@ngdefnfile, \n@xt,
\p@rse (not defined), \pr@mpt (not defined), \pr@mptloop (not defined),
\forcer@cycle, \usef@llback, \usef@llbacktrue, \usef@llbackfalse, 
Retaining: \et@xerr, \et@xinput, \et@xlibhdr, \et@xmsg, \et@xtoks, \et@xwarn,
\et@xl@@d, \et@xl@ad, \et@xload, \et@xlang, \et@xhash, \eTeX, \etexhdrchk,
\etexstatus, \module, \uselanguage, \r@tain, \r@cycle,)))
Beginning to dump on file dviluatex.fmt
 (format=dviluatex 2020.5.23)
3359 strings using 10221 bytes
68807 memory locations dumped; current usage is 149&7700
1869 multiletter control sequences
\font\nullfont=nullfont
\font\tenrm=cmr10
\font\preloaded=cmr9
\font\preloaded=cmr8
\font\sevenrm=cmr7
\font\preloaded=cmr6
\font\fiverm=cmr5
\font\teni=cmmi10
\font\preloaded=cmmi9
\font\preloaded=cmmi8
\font\seveni=cmmi7
\font\preloaded=cmmi6
\font\fivei=cmmi5
\font\tensy=cmsy10
\font\preloaded=cmsy9
\font\preloaded=cmsy8
\font\sevensy=cmsy7
\font\preloaded=cmsy6
\font\fivesy=cmsy5
\font\tenex=cmex10
\font\preloaded=cmss10
\font\preloaded=cmssq8
\font\preloaded=cmssi10
\font\preloaded=cmssqi8
\font\tenbf=cmbx10
\font\preloaded=cmbx9
\font\preloaded=cmbx8
\font\sevenbf=cmbx7
\font\preloaded=cmbx6
\font\fivebf=cmbx5
\font\tentt=cmtt10
\font\preloaded=cmtt9
\font\preloaded=cmtt8
\font\preloaded=cmsltt10
\font\tensl=cmsl10
\font\preloaded=cmsl9
\font\preloaded=cmsl8
\font\tenit=cmti10
\font\preloaded=cmti9
\font\preloaded=cmti8
\font\preloaded=cmti7
\font\preloaded=cmu10
\font\preloaded=cmmib10
\font\preloaded=cmbsy10
\font\preloaded=cmcsc10
\font\preloaded=cmssbx10
\font\preloaded=cmdunh10
\font\preloaded=cmr7 at 14.51799pt
\font\preloaded=cmtt10 at 14.4pt
\font\preloaded=cmssbx10 at 14.4pt
\font\preloaded=manfnt
50 preloaded fonts
No pages of output.
Transcript written on dviluatex.log.
fmtutil [INFO]: log file copied to: /home/melmothx/build/amusewiki-debian-packages/amusewiki/local/texlive/2020/texmf-var/web2c/luatex/dviluatex.log
fmtutil [INFO]: /home/melmothx/build/amusewiki-debian-packages/amusewiki/local/texlive/2020/texmf-var/web2c/luatex/dviluatex.fmt installed.
fmtutil [INFO]: successfully rebuilt formats: 8
fmtutil [INFO]: total formats: 8
fmtutil [INFO]: exiting with status 0
running package-specific postactions
postaction install script for dvipdfmx: perl /home/melmothx/build/amusewiki-debian-packages/amusewiki/local/texlive/2020/tlpkg/tlpostcode/dvipdfmx.pl
finished with package-specific postactions


Welcome to TeX Live!


See
/home/melmothx/build/amusewiki-debian-packages/amusewiki/local/texlive/2020/index.html
for links to documentation.
The TeX Live web site (https://tug.org/texlive/) contains any updates and
corrections. TeX Live is a joint project of the TeX user groups around the
world; please consider supporting it by joining the group best for you. The
list of groups is available on the web at https://tug.org/usergroups.html.


Add
/home/melmothx/build/amusewiki-debian-packages/amusewiki/local/texlive/2020/texmf-dist/doc/man
to MANPATH.
Add
/home/melmothx/build/amusewiki-debian-packages/amusewiki/local/texlive/2020/texmf-dist/doc/info
to INFOPATH.
Most importantly, add
/home/melmothx/build/amusewiki-debian-packages/amusewiki/local/texlive/2020/bin/x86_64-linux
to your PATH for current and future sessions.