[Tue Apr  7 08:36:00 2026] install: adobemapping
[Tue Apr  7 08:36:00 2026] install: amscls
[Tue Apr  7 08:36:00 2026] install: amsmath
[Tue Apr  7 08:36:02 2026] install: arphic
[Tue Apr  7 08:36:02 2026] install: atbegshi
[Tue Apr  7 08:36:02 2026] install: atveryend
[Tue Apr  7 08:36:02 2026] install: auxhook
[Tue Apr  7 08:36:02 2026] install: babel
[Tue Apr  7 08:36:03 2026] install: babel-albanian
[Tue Apr  7 08:36:03 2026] install: babel-azerbaijani
[Tue Apr  7 08:36:03 2026] install: babel-basque
[Tue Apr  7 08:36:03 2026] install: babel-belarusian
[Tue Apr  7 08:36:03 2026] install: babel-bosnian
[Tue Apr  7 08:36:03 2026] install: babel-breton
[Tue Apr  7 08:36:03 2026] install: babel-bulgarian
[Tue Apr  7 08:36:03 2026] install: babel-catalan
[Tue Apr  7 08:36:04 2026] install: babel-croatian
[Tue Apr  7 08:36:04 2026] install: babel-czech
[Tue Apr  7 08:36:04 2026] install: babel-danish
[Tue Apr  7 08:36:04 2026] install: babel-dutch
[Tue Apr  7 08:36:04 2026] install: babel-english
[Tue Apr  7 08:36:04 2026] install: babel-esperanto
[Tue Apr  7 08:36:04 2026] install: babel-estonian
[Tue Apr  7 08:36:05 2026] install: babel-finnish
[Tue Apr  7 08:36:05 2026] install: babel-french
[Tue Apr  7 08:36:05 2026] install: babel-friulan
[Tue Apr  7 08:36:05 2026] install: babel-galician
[Tue Apr  7 08:36:05 2026] install: babel-georgian
[Tue Apr  7 08:36:05 2026] install: babel-german
[Tue Apr  7 08:36:06 2026] install: babel-greek
[Tue Apr  7 08:36:06 2026] install: babel-hebrew
[Tue Apr  7 08:36:06 2026] install: babel-hungarian
[Tue Apr  7 08:36:06 2026] install: babel-icelandic
[Tue Apr  7 08:36:06 2026] install: babel-indonesian
[Tue Apr  7 08:36:06 2026] install: babel-interlingua
[Tue Apr  7 08:36:06 2026] install: babel-irish
[Tue Apr  7 08:36:07 2026] install: babel-italian
[Tue Apr  7 08:36:07 2026] install: babel-japanese
[Tue Apr  7 08:36:07 2026] install: babel-kurmanji
[Tue Apr  7 08:36:07 2026] install: babel-latin
[Tue Apr  7 08:36:07 2026] install: babel-latvian
[Tue Apr  7 08:36:07 2026] install: babel-macedonian
[Tue Apr  7 08:36:07 2026] install: babel-malay
[Tue Apr  7 08:36:08 2026] install: babel-norsk
[Tue Apr  7 08:36:08 2026] install: babel-occitan
[Tue Apr  7 08:36:08 2026] install: babel-piedmontese
[Tue Apr  7 08:36:08 2026] install: babel-polish
[Tue Apr  7 08:36:08 2026] install: babel-portuges
[Tue Apr  7 08:36:08 2026] install: babel-romanian
[Tue Apr  7 08:36:08 2026] install: babel-romansh
[Tue Apr  7 08:36:09 2026] install: babel-russian
[Tue Apr  7 08:36:09 2026] install: babel-samin
[Tue Apr  7 08:36:09 2026] install: babel-scottish
[Tue Apr  7 08:36:09 2026] install: babel-serbian
[Tue Apr  7 08:36:09 2026] install: babel-serbianc
[Tue Apr  7 08:36:09 2026] install: babel-slovak
[Tue Apr  7 08:36:09 2026] install: babel-slovenian
[Tue Apr  7 08:36:09 2026] install: babel-sorbian
[Tue Apr  7 08:36:10 2026] install: babel-spanish
[Tue Apr  7 08:36:10 2026] install: babel-swedish
[Tue Apr  7 08:36:10 2026] install: babel-thai
[Tue Apr  7 08:36:10 2026] install: babel-turkish
[Tue Apr  7 08:36:10 2026] install: babel-ukrainian
[Tue Apr  7 08:36:10 2026] install: babel-vietnamese
[Tue Apr  7 08:36:10 2026] install: babel-welsh
[Tue Apr  7 08:36:11 2026] install: beamer
[Tue Apr  7 08:36:11 2026] install: bidi
[Tue Apr  7 08:36:11 2026] install: bigfoot
[Tue Apr  7 08:36:11 2026] install: bigintcalc
[Tue Apr  7 08:36:11 2026] install: bitset
[Tue Apr  7 08:36:12 2026] install: bookcover
[Tue Apr  7 08:36:12 2026] install: bookmark
[Tue Apr  7 08:36:12 2026] install: carlisle
[Tue Apr  7 08:36:12 2026] install: chngcntr
[Tue Apr  7 08:36:12 2026] install: cjk
[Tue Apr  7 08:36:12 2026] install: cjkpunct
[Tue Apr  7 08:36:13 2026] install: cns
[Tue Apr  7 08:36:13 2026] install: ctablestack
[Tue Apr  7 08:36:13 2026] install: ctex
[Tue Apr  7 08:36:13 2026] install: enumitem
[Tue Apr  7 08:36:13 2026] install: epstopdf.x86_64-linux
[Tue Apr  7 08:36:14 2026] install: epstopdf
[Tue Apr  7 08:36:14 2026] install: epstopdf-pkg
[Tue Apr  7 08:36:14 2026] install: etexcmds
[Tue Apr  7 08:36:14 2026] install: etoolbox
[Tue Apr  7 08:36:14 2026] install: euenc
[Tue Apr  7 08:36:14 2026] install: everyhook
[Tue Apr  7 08:36:16 2026] install: fandol
[Tue Apr  7 08:36:16 2026] install: fgruler
[Tue Apr  7 08:36:17 2026] install: filehook
[Tue Apr  7 08:36:17 2026] install: firstaid
[Tue Apr  7 08:36:17 2026] install: fonts-tlwg
[Tue Apr  7 08:36:18 2026] install: fontspec
[Tue Apr  7 08:36:18 2026] install: footmisc
[Tue Apr  7 08:36:18 2026] install: fp
[Tue Apr  7 08:36:18 2026] install: garuda-c90
[Tue Apr  7 08:36:18 2026] install: geometry
[Tue Apr  7 08:36:18 2026] install: gettitlestring
[Tue Apr  7 08:36:19 2026] install: graphics
[Tue Apr  7 08:36:19 2026] install: graphics-cfg
[Tue Apr  7 08:36:19 2026] install: grfext
[Tue Apr  7 08:36:19 2026] install: hycolor
[Tue Apr  7 08:36:20 2026] install: hyperref
[Tue Apr  7 08:36:20 2026] install: hyphen-afrikaans
[Tue Apr  7 08:36:20 2026] install: hyphen-ancientgreek
[Tue Apr  7 08:36:20 2026] install: hyphen-arabic
[Tue Apr  7 08:36:20 2026] install: hyphen-armenian
[Tue Apr  7 08:36:20 2026] install: hyphen-basque
[Tue Apr  7 08:36:20 2026] install: hyphen-belarusian
[Tue Apr  7 08:36:20 2026] install: hyphen-bulgarian
[Tue Apr  7 08:36:20 2026] install: hyphen-catalan
[Tue Apr  7 08:36:20 2026] install: hyphen-chinese
[Tue Apr  7 08:36:20 2026] install: hyphen-churchslavonic
[Tue Apr  7 08:36:21 2026] install: hyphen-coptic
[Tue Apr  7 08:36:21 2026] install: hyphen-croatian
[Tue Apr  7 08:36:21 2026] install: hyphen-czech
[Tue Apr  7 08:36:21 2026] install: hyphen-danish
[Tue Apr  7 08:36:21 2026] install: hyphen-dutch
[Tue Apr  7 08:36:21 2026] install: hyphen-english
[Tue Apr  7 08:36:21 2026] install: hyphen-esperanto
[Tue Apr  7 08:36:21 2026] install: hyphen-estonian
[Tue Apr  7 08:36:21 2026] install: hyphen-ethiopic
[Tue Apr  7 08:36:21 2026] install: hyphen-farsi
[Tue Apr  7 08:36:22 2026] install: hyphen-finnish
[Tue Apr  7 08:36:22 2026] install: hyphen-french
[Tue Apr  7 08:36:22 2026] install: hyphen-friulan
[Tue Apr  7 08:36:22 2026] install: hyphen-galician
[Tue Apr  7 08:36:22 2026] install: hyphen-georgian
[Tue Apr  7 08:36:22 2026] install: hyphen-german
[Tue Apr  7 08:36:22 2026] install: hyphen-greek
[Tue Apr  7 08:36:22 2026] install: hyphen-hungarian
[Tue Apr  7 08:36:22 2026] install: hyphen-icelandic
[Tue Apr  7 08:36:22 2026] install: hyphen-indic
[Tue Apr  7 08:36:23 2026] install: hyphen-indonesian
[Tue Apr  7 08:36:23 2026] install: hyphen-interlingua
[Tue Apr  7 08:36:23 2026] install: hyphen-irish
[Tue Apr  7 08:36:23 2026] install: hyphen-italian
[Tue Apr  7 08:36:23 2026] install: hyphen-kurmanji
[Tue Apr  7 08:36:23 2026] install: hyphen-latin
[Tue Apr  7 08:36:23 2026] install: hyphen-latvian
[Tue Apr  7 08:36:23 2026] install: hyphen-lithuanian
[Tue Apr  7 08:36:23 2026] install: hyphen-macedonian
[Tue Apr  7 08:36:23 2026] install: hyphen-mongolian
[Tue Apr  7 08:36:23 2026] install: hyphen-norwegian
[Tue Apr  7 08:36:23 2026] install: hyphen-occitan
[Tue Apr  7 08:36:23 2026] install: hyphen-piedmontese
[Tue Apr  7 08:36:23 2026] install: hyphen-polish
[Tue Apr  7 08:36:24 2026] install: hyphen-portuguese
[Tue Apr  7 08:36:24 2026] install: hyphen-romanian
[Tue Apr  7 08:36:24 2026] install: hyphen-romansh
[Tue Apr  7 08:36:24 2026] install: hyphen-russian
[Tue Apr  7 08:36:24 2026] install: hyphen-sanskrit
[Tue Apr  7 08:36:24 2026] install: hyphen-serbian
[Tue Apr  7 08:36:24 2026] install: hyphen-slovak
[Tue Apr  7 08:36:24 2026] install: hyphen-slovenian
[Tue Apr  7 08:36:24 2026] install: hyphen-spanish
[Tue Apr  7 08:36:25 2026] install: hyphen-swedish
[Tue Apr  7 08:36:25 2026] install: hyphen-thai
[Tue Apr  7 08:36:25 2026] install: hyphen-turkish
[Tue Apr  7 08:36:25 2026] install: hyphen-turkmen
[Tue Apr  7 08:36:25 2026] install: hyphen-ukrainian
[Tue Apr  7 08:36:25 2026] install: hyphen-uppersorbian
[Tue Apr  7 08:36:25 2026] install: hyphen-welsh
[Tue Apr  7 08:36:25 2026] install: imakeidx
[Tue Apr  7 08:36:25 2026] install: infwarerr
[Tue Apr  7 08:36:26 2026] install: intcalc
[Tue Apr  7 08:36:26 2026] install: koma-script
[Tue Apr  7 08:36:27 2026] install: kvdefinekeys
[Tue Apr  7 08:36:27 2026] install: kvoptions
[Tue Apr  7 08:36:27 2026] install: kvsetkeys
[Tue Apr  7 08:36:27 2026] install: l3backend
[Tue Apr  7 08:36:27 2026] install: l3backend-dev
[Tue Apr  7 08:36:29 2026] install: l3kernel
[Tue Apr  7 08:36:30 2026] install: l3kernel-dev
[Tue Apr  7 08:36:30 2026] install: l3packages
[Tue Apr  7 08:36:33 2026] install: latex
[Tue Apr  7 08:36:36 2026] install: latex-base-dev
[Tue Apr  7 08:36:36 2026] install: latex-bin.x86_64-linux
[Tue Apr  7 08:36:37 2026] install: latex-bin
[Tue Apr  7 08:36:37 2026] install: latex-firstaid-dev
[Tue Apr  7 08:36:37 2026] install: latex-fonts
[Tue Apr  7 08:36:37 2026] install: latexconfig
[Tue Apr  7 08:36:37 2026] install: letltxmacro
[Tue Apr  7 08:36:38 2026] install: lm
[Tue Apr  7 08:36:39 2026] install: ltxcmds
[Tue Apr  7 08:36:39 2026] install: lua-uni-algos
[Tue Apr  7 08:36:39 2026] install: lualibs
[Tue Apr  7 08:36:39 2026] install: luaotfload.x86_64-linux
[Tue Apr  7 08:36:40 2026] install: luaotfload
[Tue Apr  7 08:36:40 2026] install: luatexbase
[Tue Apr  7 08:36:40 2026] install: luatexja
[Tue Apr  7 08:36:40 2026] install: makecmds
[Tue Apr  7 08:36:41 2026] install: marginnote
[Tue Apr  7 08:36:41 2026] install: microtype
[Tue Apr  7 08:36:41 2026] install: mptopdf.x86_64-linux
[Tue Apr  7 08:36:41 2026] install: mptopdf
[Tue Apr  7 08:36:42 2026] install: ncctools
[Tue Apr  7 08:36:42 2026] install: norasi-c90
[Tue Apr  7 08:36:42 2026] install: pdfescape
[Tue Apr  7 08:36:42 2026] install: pdftexcmds
[Tue Apr  7 08:36:43 2026] install: pgf
[Tue Apr  7 08:36:43 2026] install: platex.x86_64-linux
[Tue Apr  7 08:36:43 2026] install: platex
[Tue Apr  7 08:36:44 2026] install: platex-tools
[Tue Apr  7 08:36:44 2026] install: polyglossia
[Tue Apr  7 08:36:44 2026] install: pst-barcode
[Tue Apr  7 08:36:44 2026] install: pst-text
[Tue Apr  7 08:36:45 2026] install: pstricks
[Tue Apr  7 08:36:45 2026] install: ptex.x86_64-linux
[Tue Apr  7 08:36:45 2026] install: ptex
[Tue Apr  7 08:36:45 2026] install: ptex-base
[Tue Apr  7 08:36:46 2026] install: ptex-fonts
[Tue Apr  7 08:36:46 2026] install: refcount
[Tue Apr  7 08:36:46 2026] install: rerunfilecheck
[Tue Apr  7 08:36:46 2026] install: ruhyphen
[Tue Apr  7 08:36:46 2026] install: stringenc
[Tue Apr  7 08:36:47 2026] install: svn-prov
[Tue Apr  7 08:36:47 2026] install: texdoc.x86_64-linux
[Tue Apr  7 08:36:47 2026] install: texdoc
[Tue Apr  7 08:36:47 2026] install: tipa
[Tue Apr  7 08:36:48 2026] install: tools
[Tue Apr  7 08:36:48 2026] install: translator
[Tue Apr  7 08:36:48 2026] install: ttfutils.x86_64-linux
[Tue Apr  7 08:36:48 2026] install: ttfutils
[Tue Apr  7 08:36:49 2026] install: uhc
[Tue Apr  7 08:36:49 2026] install: ukrhyph
[Tue Apr  7 08:36:49 2026] install: ulem
[Tue Apr  7 08:36:49 2026] install: uniquecounter
[Tue Apr  7 08:36:50 2026] install: uplatex.x86_64-linux
[Tue Apr  7 08:36:51 2026] install: uplatex
[Tue Apr  7 08:36:52 2026] install: uptex.x86_64-linux
[Tue Apr  7 08:36:52 2026] install: uptex
[Tue Apr  7 08:36:52 2026] install: uptex-base
[Tue Apr  7 08:36:52 2026] install: uptex-fonts
[Tue Apr  7 08:36:52 2026] install: url
[Tue Apr  7 08:36:54 2026] install: wadalab
[Tue Apr  7 08:36:54 2026] install: wrapfig
[Tue Apr  7 08:36:54 2026] install: xcjk2uni
[Tue Apr  7 08:36:54 2026] install: xcolor
[Tue Apr  7 08:36:55 2026] install: xecjk
[Tue Apr  7 08:36:55 2026] install: xetex.x86_64-linux
[Tue Apr  7 08:36:56 2026] install: xetex
[Tue Apr  7 08:36:56 2026] install: xetex-pstricks
[Tue Apr  7 08:36:56 2026] install: xetexconfig
[Tue Apr  7 08:36:56 2026] install: xindy.x86_64-linux
[Tue Apr  7 08:36:56 2026] install: xindy
[Tue Apr  7 08:36:57 2026] install: xkeyval
[Tue Apr  7 08:36:57 2026] install: xpatch
[Tue Apr  7 08:36:57 2026] install: xpinyin
[Tue Apr  7 08:36:57 2026] install: xunicode
[Tue Apr  7 08:36:57 2026] install: zapfding
[Tue Apr  7 08:36:58 2026] install: zhmetrics
[Tue Apr  7 08:36:58 2026] install: zhmetrics-uptex
[Tue Apr  7 08:36:58 2026] install: zhnumber
[Tue Apr  7 08:36:58 2026] install: zref
[Tue Apr  7 08:36:58 2026] command: mktexlsr
[Tue Apr  7 08:36:58 2026] command: updmap-sys
[Tue Apr  7 08:36:59 2026] command: fmtutil-sys --byengine euptex --no-error-if-no-format --no-error-if-no-engine=luametatex,luajithbtex,luajittex,mfluajit --status-file=/tmp/x__JimDhVi/uXUFFyeDyt
[Tue Apr  7 08:37:29 2026]   OK: euptex.fmt/euptex uplatex-dev.fmt/euptex ptex.fmt/euptex platex-dev.fmt/euptex uplatex.fmt/euptex eptex.fmt/euptex platex.fmt/euptex uptex.fmt/euptex
[Tue Apr  7 08:37:29 2026] command: fmtutil-sys --byengine xetex --no-error-if-no-format --no-error-if-no-engine=luametatex,luajithbtex,luajittex,mfluajit --status-file=/tmp/x__JimDhVi/uXUFFyeDyt
[Tue Apr  7 08:37:37 2026]   OK: xetex.fmt/xetex xelatex.fmt/xetex
[Tue Apr  7 08:37:37 2026] command: fmtutil-sys --byfmt pdflatex --no-error-if-no-engine=luametatex,luajithbtex,luajittex,mfluajit --status-file=/tmp/x__JimDhVi/uXUFFyeDyt
[Tue Apr  7 08:37:44 2026]   OK: pdflatex.fmt/pdftex
[Tue Apr  7 08:37:44 2026] command: fmtutil-sys --byfmt mptopdf --no-error-if-no-engine=luametatex,luajithbtex,luajittex,mfluajit --status-file=/tmp/x__JimDhVi/uXUFFyeDyt
[Tue Apr  7 08:37:44 2026]   OK: mptopdf.fmt/pdftex
[Tue Apr  7 08:37:44 2026] command: fmtutil-sys --byfmt lualatex --no-error-if-no-engine=luametatex,luajithbtex,luajittex,mfluajit --status-file=/tmp/x__JimDhVi/uXUFFyeDyt
[Tue Apr  7 08:37:45 2026]   OK: lualatex.fmt/luahbtex
[Tue Apr  7 08:37:45 2026] command: fmtutil-sys --byfmt latex --no-error-if-no-engine=luametatex,luajithbtex,luajittex,mfluajit --status-file=/tmp/x__JimDhVi/uXUFFyeDyt
[Tue Apr  7 08:37:52 2026]   OK: latex.fmt/pdftex
[Tue Apr  7 08:37:52 2026] command: fmtutil-sys --byfmt dvilualatex --no-error-if-no-engine=luametatex,luajithbtex,luajittex,mfluajit --status-file=/tmp/x__JimDhVi/uXUFFyeDyt
[Tue Apr  7 08:37:54 2026]   OK: dvilualatex.fmt/luatex
[Tue Apr  7 08:37:54 2026] command: fmtutil-sys --byhyphen "/home/melmothx/amusewiki-debian-packages/amusewiki/local/texlive/2026/texmf-var/tex/generic/config/language.dat" --no-error-if-no-engine=luametatex,luajithbtex,luajittex,mfluajit --status-file=/tmp/x__JimDhVi/uXUFFyeDyt
[Tue Apr  7 08:38:46 2026]   OK: xelatex.fmt/xetex lualatex.fmt/luahbtex platex-dev.fmt/euptex uplatex.fmt/euptex pdflatex.fmt/pdftex latex.fmt/pdftex dvilualatex.fmt/luatex platex.fmt/euptex uplatex-dev.fmt/euptex
[Tue Apr  7 08:38:46 2026] command: fmtutil-sys --byhyphen "/home/melmothx/amusewiki-debian-packages/amusewiki/local/texlive/2026/texmf-var/tex/generic/config/language.def" --no-error-if-no-engine=luametatex,luajithbtex,luajittex,mfluajit --status-file=/tmp/x__JimDhVi/uXUFFyeDyt
[Tue Apr  7 08:38:51 2026]   OK: luatex.fmt/luatex luahbtex.fmt/luahbtex euptex.fmt/euptex pdftex.fmt/pdftex xetex.fmt/xetex pdfetex.fmt/pdftex dviluatex.fmt/luatex eptex.fmt/euptex etex.fmt/pdftex
[Tue Apr  7 08:38:51 2026] command: fmtutil-sys --byhyphen "/home/melmothx/amusewiki-debian-packages/amusewiki/local/texlive/2026/texmf-var/tex/generic/config/language.dat.lua" --no-error-if-no-engine=luametatex,luajithbtex,luajittex,mfluajit --status-file=/tmp/x__JimDhVi/uXUFFyeDyt
