This is pdfTeX, Version 3.14159265-2.6-1.40.21 (TeX Live 2020) (INITEX)  23 MAY 2020 09:40
entering extended mode
 restricted \write18 enabled.
 %&-line parsing enabled.
 (/home/melmothx/build/amusewiki-debian-packages/amusewiki/local/texlive/2020/texmf-dist/web2c/cp227.tcx)
***latex.ini

(/home/melmothx/build/amusewiki-debian-packages/amusewiki/local/texlive/2020/te
xmf-dist/tex/latex/latexconfig/latex.ini
(/home/melmothx/build/amusewiki-debian-packages/amusewiki/local/texlive/2020/te
xmf-dist/tex/generic/tex-ini-files/pdftexconfig.tex)

(/home/melmothx/build/amusewiki-debian-packages/amusewiki/local/texlive/2020/te
xmf-dist/tex/latex/base/latex.ltx
(/home/melmothx/build/amusewiki-debian-packages/amusewiki/local/texlive/2020/te
xmf-dist/tex/latex/base/texsys.cfg)
\openout15 = `texsys.aux'.


./texsys.aux found


\@currdir set to: ./.


Assuming \openin and \input 
have the same search path.


Defining UNIX/DOS style filename parser.

catcodes, registers,
\maxdimen=\dimen10
\hideskip=\skip10
\p@=\dimen11
\z@=\dimen12
\z@skip=\skip11
\voidb@x=\box10
 parameters,
\normalbaselineskip=\skip12
\normallineskip=\skip13
\normallineskiplimit=\dimen13
\interfootnotelinepenalty=\count23
\strutbox=\box11

LaTeX2e <2020-02-02> patch level 5
hacks,
\@tempcnta=\count24
\@tempcntb=\count25
\@tempdima=\dimen14
\@tempdimb=\dimen15
\@tempdimc=\dimen16
\@tempboxa=\box12
\@tempskipa=\skip14
\@tempskipb=\skip15
\@temptokena=\toks10
\@flushglue=\skip16
 control, par, spacing,
\@savsk=\dimen17
\@savsf=\count26
\smallskipamount=\skip17
\medskipamount=\skip18
\bigskipamount=\skip19
\fill=\skip20
 files,
\@inputcheck=\read0
\@unused=\write0
\@mainaux=\write1
\@partaux=\write2
\@clubpenalty=\count27
 font encodings, lengths,
\everymath=\toks11
\everydisplay=\toks12
\series@check@toks=\toks13
\every@math@size=\toks14
\lower@bound=\dimen18
\upper@bound=\dimen19
\c@mv@normal=\count28
\c@mv@bold=\count29

====================================

Local config file fonttext.cfg used

====================================

(/home/melmothx/build/amusewiki-debian-packages/amusewiki/local/texlive/2020/te
xmf-dist/tex/latex/base/fonttext.cfg
File: fonttext.cfg 2020/02/11 v3.0g LaTeX Kernel (Uncustomised text font setup)


(/home/melmothx/build/amusewiki-debian-packages/amusewiki/local/texlive/2020/te
xmf-dist/tex/latex/base/fonttext.ltx
File: fonttext.ltx 2020/02/11 v3.0g LaTeX Kernel (Text font setup)

=== Don't modify this file, use a .cfg file instead ===


(/home/melmothx/build/amusewiki-debian-packages/amusewiki/local/texlive/2020/te
xmf-dist/tex/latex/base/omlenc.def
File: omlenc.def 2020/02/11 v2.0o Standard LaTeX file
)
(/home/melmothx/build/amusewiki-debian-packages/amusewiki/local/texlive/2020/te
xmf-dist/tex/latex/base/omsenc.def
File: omsenc.def 2020/02/11 v2.0o Standard LaTeX file
)
(/home/melmothx/build/amusewiki-debian-packages/amusewiki/local/texlive/2020/te
xmf-dist/tex/latex/base/ot1enc.def
File: ot1enc.def 2020/02/11 v2.0o Standard LaTeX file
)
(/home/melmothx/build/amusewiki-debian-packages/amusewiki/local/texlive/2020/te
xmf-dist/tex/latex/base/t1enc.def
File: t1enc.def 2020/02/11 v2.0o Standard LaTeX file
)
(/home/melmothx/build/amusewiki-debian-packages/amusewiki/local/texlive/2020/te
xmf-dist/tex/latex/base/ts1enc.def
File: ts1enc.def 2001/06/05 v3.0e (jk/car/fm) Standard LaTeX file
)
LaTeX Font Info:    Trying to load font information for TS1+cmr on input line 5
5.

(/home/melmothx/build/amusewiki-debian-packages/amusewiki/local/texlive/2020/te
xmf-dist/tex/latex/base/ts1cmr.fd
File: ts1cmr.fd 2019/12/16 v2.5j Standard LaTeX font definitions
)
(/home/melmothx/build/amusewiki-debian-packages/amusewiki/local/texlive/2020/te
xmf-dist/tex/latex/base/t1cmr.fd
File: t1cmr.fd 2019/12/16 v2.5j Standard LaTeX font definitions
)
(/home/melmothx/build/amusewiki-debian-packages/amusewiki/local/texlive/2020/te
xmf-dist/tex/latex/base/ot1cmr.fd
File: ot1cmr.fd 2019/12/16 v2.5j Standard LaTeX font definitions
)
(/home/melmothx/build/amusewiki-debian-packages/amusewiki/local/texlive/2020/te
xmf-dist/tex/latex/base/ot1cmss.fd
File: ot1cmss.fd 2019/12/16 v2.5j Standard LaTeX font definitions
)
(/home/melmothx/build/amusewiki-debian-packages/amusewiki/local/texlive/2020/te
xmf-dist/tex/latex/base/ot1cmtt.fd
File: ot1cmtt.fd 2019/12/16 v2.5j Standard LaTeX font definitions
)))
====================================

Local config file fontmath.cfg used

====================================

(/home/melmothx/build/amusewiki-debian-packages/amusewiki/local/texlive/2020/te
xmf-dist/tex/latex/base/fontmath.cfg
File: fontmath.cfg 2020/02/11 v3.0g LaTeX Kernel (Uncustomised math font setup)


(/home/melmothx/build/amusewiki-debian-packages/amusewiki/local/texlive/2020/te
xmf-dist/tex/latex/base/fontmath.ltx
File: fontmath.ltx 2020/02/11 v3.0g LaTeX Kernel (Math font setup)

=== Don't modify this file, use a .cfg file instead ===

LaTeX Font Info:    Redeclaring font encoding OML on input line 44.
LaTeX Font Info:    Redeclaring font encoding OMS on input line 45.

(/home/melmothx/build/amusewiki-debian-packages/amusewiki/local/texlive/2020/te
xmf-dist/tex/latex/base/omlcmm.fd
File: omlcmm.fd 2019/12/16 v2.5j Standard LaTeX font definitions
)
(/home/melmothx/build/amusewiki-debian-packages/amusewiki/local/texlive/2020/te
xmf-dist/tex/latex/base/omscmsy.fd
File: omscmsy.fd 2019/12/16 v2.5j Standard LaTeX font definitions
)
(/home/melmothx/build/amusewiki-debian-packages/amusewiki/local/texlive/2020/te
xmf-dist/tex/latex/base/omxcmex.fd
File: omxcmex.fd 2019/12/16 v2.5j Standard LaTeX font definitions
)
(/home/melmothx/build/amusewiki-debian-packages/amusewiki/local/texlive/2020/te
xmf-dist/tex/latex/base/ucmr.fd
File: ucmr.fd 2019/12/16 v2.5j Standard LaTeX font definitions
)
\symoperators=\mathgroup0
\symletters=\mathgroup1
\symsymbols=\mathgroup2
\symlargesymbols=\mathgroup3
LaTeX Font Info:    Overwriting symbol font `operators' in version `bold'
(Font)                  OT1/cmr/m/n --> OT1/cmr/bx/n on input line 63.
LaTeX Font Info:    Overwriting symbol font `letters' in version `bold'
(Font)                  OML/cmm/m/it --> OML/cmm/b/it on input line 64.
LaTeX Font Info:    Overwriting symbol font `symbols' in version `bold'
(Font)                  OMS/cmsy/m/n --> OMS/cmsy/b/n on input line 65.
LaTeX Font Info:    Overwriting math alphabet `\mathsf' in version `bold'
(Font)                  OT1/cmss/m/n --> OT1/cmss/bx/n on input line 73.
LaTeX Font Info:    Overwriting math alphabet `\mathit' in version `bold'
(Font)                  OT1/cmr/m/it --> OT1/cmr/bx/it on input line 74.
))
====================================

Local config file preload.cfg used

=====================================

(/home/melmothx/build/amusewiki-debian-packages/amusewiki/local/texlive/2020/te
xmf-dist/tex/latex/base/preload.cfg
File: preload.cfg 2020/02/11 v3.0g LaTeX Kernel (Uncustomised preload font setu
p)

(/home/melmothx/build/amusewiki-debian-packages/amusewiki/local/texlive/2020/te
xmf-dist/tex/latex/base/preload.ltx
File: preload.ltx 2014/09/29 v2.1g LaTeX Kernel (Font Preloading)
))
LaTeX Font Info:    Setting ? sub-encoding to TS1/9 on input line 5318.
LaTeX Font Info:    Setting ccr sub-encoding to TS1/0 on input line 5319.
LaTeX Font Info:    Setting cmbr sub-encoding to TS1/0 on input line 5320.
LaTeX Font Info:    Setting cmr sub-encoding to TS1/0 on input line 5321.
LaTeX Font Info:    Setting cmss sub-encoding to TS1/0 on input line 5322.
LaTeX Font Info:    Setting cmtl sub-encoding to TS1/0 on input line 5323.
LaTeX Font Info:    Setting cmtt sub-encoding to TS1/0 on input line 5324.
LaTeX Font Info:    Setting cmvtt sub-encoding to TS1/0 on input line 5325.
LaTeX Font Info:    Setting pxr sub-encoding to TS1/0 on input line 5326.
LaTeX Font Info:    Setting pxss sub-encoding to TS1/0 on input line 5327.
LaTeX Font Info:    Setting pxtt sub-encoding to TS1/0 on input line 5328.
LaTeX Font Info:    Setting qag sub-encoding to TS1/0 on input line 5329.
LaTeX Font Info:    Setting qbk sub-encoding to TS1/0 on input line 5330.
LaTeX Font Info:    Setting qcr sub-encoding to TS1/0 on input line 5331.
LaTeX Font Info:    Setting qcs sub-encoding to TS1/0 on input line 5332.
LaTeX Font Info:    Setting qhvc sub-encoding to TS1/0 on input line 5333.
LaTeX Font Info:    Setting qhv sub-encoding to TS1/0 on input line 5334.
LaTeX Font Info:    Setting qpl sub-encoding to TS1/0 on input line 5335.
LaTeX Font Info:    Setting qtm sub-encoding to TS1/0 on input line 5336.
LaTeX Font Info:    Setting qzc sub-encoding to TS1/0 on input line 5337.
LaTeX Font Info:    Setting txr sub-encoding to TS1/0 on input line 5338.
LaTeX Font Info:    Setting txss sub-encoding to TS1/0 on input line 5339.
LaTeX Font Info:    Setting txtt sub-encoding to TS1/0 on input line 5340.
LaTeX Font Info:    Setting lmr sub-encoding to TS1/1 on input line 5341.
LaTeX Font Info:    Setting lmdh sub-encoding to TS1/1 on input line 5342.
LaTeX Font Info:    Setting lmss sub-encoding to TS1/1 on input line 5343.
LaTeX Font Info:    Setting lmssq sub-encoding to TS1/1 on input line 5344.
LaTeX Font Info:    Setting lmvtt sub-encoding to TS1/1 on input line 5345.
LaTeX Font Info:    Setting lmtt sub-encoding to TS1/1 on input line 5346.
LaTeX Font Info:    Setting ptmx sub-encoding to TS1/2 on input line 5347.
LaTeX Font Info:    Setting ptmj sub-encoding to TS1/2 on input line 5348.
LaTeX Font Info:    Setting ul8 sub-encoding to TS1/2 on input line 5349.
LaTeX Font Info:    Setting bch sub-encoding to TS1/5 on input line 5350.
LaTeX Font Info:    Setting futj sub-encoding to TS1/5 on input line 5351.
LaTeX Font Info:    Setting futs sub-encoding to TS1/5 on input line 5352.
LaTeX Font Info:    Setting futx sub-encoding to TS1/5 on input line 5353.
LaTeX Font Info:    Setting pag sub-encoding to TS1/5 on input line 5354.
LaTeX Font Info:    Setting pbk sub-encoding to TS1/5 on input line 5355.
LaTeX Font Info:    Setting pcr sub-encoding to TS1/5 on input line 5356.
LaTeX Font Info:    Setting phv sub-encoding to TS1/5 on input line 5357.
LaTeX Font Info:    Setting pnc sub-encoding to TS1/5 on input line 5358.
LaTeX Font Info:    Setting pplj sub-encoding to TS1/5 on input line 5359.
LaTeX Font Info:    Setting pplx sub-encoding to TS1/5 on input line 5360.
LaTeX Font Info:    Setting ppl sub-encoding to TS1/5 on input line 5361.
LaTeX Font Info:    Setting ptm sub-encoding to TS1/5 on input line 5362.
LaTeX Font Info:    Setting pzc sub-encoding to TS1/5 on input line 5363.
LaTeX Font Info:    Setting ul9 sub-encoding to TS1/5 on input line 5364.
LaTeX Font Info:    Setting dayroms sub-encoding to TS1/6 on input line 5365.
LaTeX Font Info:    Setting dayrom sub-encoding to TS1/6 on input line 5366.
LaTeX Font Info:    Setting augie sub-encoding to TS1/8 on input line 5367.
LaTeX Font Info:    Setting put sub-encoding to TS1/8 on input line 5368.
LaTeX Font Info:    Setting uag sub-encoding to TS1/8 on input line 5369.
LaTeX Font Info:    Setting ugq sub-encoding to TS1/8 on input line 5370.
LaTeX Font Info:    Setting zi4 sub-encoding to TS1/9 on input line 5371.
LaTeX Font Info:    Setting hls sub-encoding to TS1/5 on input line 5372.
LaTeX Font Info:    Setting hlst sub-encoding to TS1/5 on input line 5373.
LaTeX Font Info:    Setting hlct sub-encoding to TS1/5 on input line 5374.
LaTeX Font Info:    Setting hlh sub-encoding to TS1/5 on input line 5375.
LaTeX Font Info:    Setting hlx sub-encoding to TS1/8 on input line 5376.
LaTeX Font Info:    Setting hlce sub-encoding to TS1/8 on input line 5377.
LaTeX Font Info:    Setting hlcn sub-encoding to TS1/8 on input line 5378.
LaTeX Font Info:    Setting hlcw sub-encoding to TS1/8 on input line 5379.
LaTeX Font Info:    Setting hlcf sub-encoding to TS1/8 on input line 5380.
LaTeX Font Info:    Setting lato-LF sub-encoding to TS1/0 on input line 5381.
LaTeX Font Info:    Setting lato-TLF sub-encoding to TS1/0 on input line 5381.
LaTeX Font Info:    Setting lato-OsF sub-encoding to TS1/0 on input line 5381.
LaTeX Font Info:    Setting lato-TOsF sub-encoding to TS1/0 on input line 5381.

LaTeX Font Info:    Setting opensans-LF sub-encoding to TS1/0 on input line 538
2.
LaTeX Font Info:    Setting opensans-TLF sub-encoding to TS1/0 on input line 53
82.
LaTeX Font Info:    Setting opensans-OsF sub-encoding to TS1/0 on input line 53
82.
LaTeX Font Info:    Setting opensans-TOsF sub-encoding to TS1/0 on input line 5
382.
LaTeX Font Info:    Setting cantarell-LF sub-encoding to TS1/0 on input line 53
83.
LaTeX Font Info:    Setting cantarell-TLF sub-encoding to TS1/0 on input line 5
383.
LaTeX Font Info:    Setting cantarell-OsF sub-encoding to TS1/0 on input line 5
383.
LaTeX Font Info:    Setting cantarell-TOsF sub-encoding to TS1/0 on input line 
5383.
LaTeX Font Info:    Setting fbb-LF sub-encoding to TS1/0 on input line 5384.
LaTeX Font Info:    Setting fbb-TLF sub-encoding to TS1/0 on input line 5384.
LaTeX Font Info:    Setting fbb-OsF sub-encoding to TS1/0 on input line 5384.
LaTeX Font Info:    Setting fbb-TOsF sub-encoding to TS1/0 on input line 5384.
LaTeX Font Info:    Setting tli sub-encoding to TS1/1 on input line 5385.
LaTeX Font Info:    Setting Alegreya-LF sub-encoding to TS1/2 on input line 538
6.
LaTeX Font Info:    Setting Alegreya-TLF sub-encoding to TS1/2 on input line 53
86.
LaTeX Font Info:    Setting Alegreya-OsF sub-encoding to TS1/2 on input line 53
86.
LaTeX Font Info:    Setting Alegreya-TOsF sub-encoding to TS1/2 on input line 5
386.
LaTeX Font Info:    Setting AlegreyaSans-LF sub-encoding to TS1/2 on input line
 5387.
LaTeX Font Info:    Setting AlegreyaSans-TLF sub-encoding to TS1/2 on input lin
e 5387.
LaTeX Font Info:    Setting AlegreyaSans-OsF sub-encoding to TS1/2 on input lin
e 5387.
LaTeX Font Info:    Setting AlegreyaSans-TOsF sub-encoding to TS1/2 on input li
ne 5387.
LaTeX Font Info:    Setting DejaVuSans-TLF sub-encoding to TS1/2 on input line 
5388.
LaTeX Font Info:    Setting DejaVuSansCondensed-TLF sub-encoding to TS1/2 on in
put line 5389.
LaTeX Font Info:    Setting DejaVuSansMono-TLF sub-encoding to TS1/2 on input l
ine 5390.
LaTeX Font Info:    Setting EBGaramond-LF sub-encoding to TS1/2 on input line 5
391.
LaTeX Font Info:    Setting EBGaramond-TLF sub-encoding to TS1/2 on input line 
5391.
LaTeX Font Info:    Setting EBGaramond-OsF sub-encoding to TS1/2 on input line 
5391.
LaTeX Font Info:    Setting EBGaramond-TOsF sub-encoding to TS1/2 on input line
 5391.
LaTeX Font Info:    Setting Tempora-TLF sub-encoding to TS1/2 on input line 539
2.
LaTeX Font Info:    Setting Tempora-TOsF sub-encoding to TS1/2 on input line 53
93.
LaTeX Font Info:    Setting Arimo-TLF sub-encoding to TS1/3 on input line 5394.

LaTeX Font Info:    Setting Carlito-LF sub-encoding to TS1/3 on input line 5395
.
LaTeX Font Info:    Setting Carlito-TLF sub-encoding to TS1/3 on input line 539
5.
LaTeX Font Info:    Setting Carlito-OsF sub-encoding to TS1/3 on input line 539
5.
LaTeX Font Info:    Setting Carlito-TOsF sub-encoding to TS1/3 on input line 53
95.
LaTeX Font Info:    Setting FiraSans-LF sub-encoding to TS1/3 on input line 539
6.
LaTeX Font Info:    Setting FiraSans-TLF sub-encoding to TS1/3 on input line 53
96.
LaTeX Font Info:    Setting FiraSans-OsF sub-encoding to TS1/3 on input line 53
96.
LaTeX Font Info:    Setting FiraSans-TOsF sub-encoding to TS1/3 on input line 5
396.
LaTeX Font Info:    Setting IBMPlexSans-TLF sub-encoding to TS1/3 on input line
 5397.
LaTeX Font Info:    Setting Merriweather-OsF sub-encoding to TS1/3 on input lin
e 5398.
LaTeX Font Info:    Setting Montserrat-LF sub-encoding to TS1/3 on input line 5
399.
LaTeX Font Info:    Setting Montserrat-TLF sub-encoding to TS1/3 on input line 
5399.
LaTeX Font Info:    Setting Montserrat-OsF sub-encoding to TS1/3 on input line 
5399.
LaTeX Font Info:    Setting Montserrat-TOsF sub-encoding to TS1/3 on input line
 5399.
LaTeX Font Info:    Setting MontserratAlternates-LF sub-encoding to TS1/3 on in
put line 5400.
LaTeX Font Info:    Setting MontserratAlternates-TLF sub-encoding to TS1/3 on i
nput line 5400.
LaTeX Font Info:    Setting MontserratAlternates-OsF sub-encoding to TS1/3 on i
nput line 5400.
LaTeX Font Info:    Setting MontserratAlternates-TOsF sub-encoding to TS1/3 on 
input line 5400.
LaTeX Font Info:    Setting SourceCodePro-TLF sub-encoding to TS1/3 on input li
ne 5401.
LaTeX Font Info:    Setting SourceCodePro-TOsF sub-encoding to TS1/3 on input l
ine 5402.
LaTeX Font Info:    Setting SourceSansPro-LF sub-encoding to TS1/3 on input lin
e 5403.
LaTeX Font Info:    Setting SourceSansPro-TLF sub-encoding to TS1/3 on input li
ne 5403.
LaTeX Font Info:    Setting SourceSansPro-OsF sub-encoding to TS1/3 on input li
ne 5403.
LaTeX Font Info:    Setting SourceSansPro-TOsF sub-encoding to TS1/3 on input l
ine 5403.
LaTeX Font Info:    Setting SourceSerifPro-LF sub-encoding to TS1/3 on input li
ne 5404.
LaTeX Font Info:    Setting SourceSerifPro-TLF sub-encoding to TS1/3 on input l
ine 5404.
LaTeX Font Info:    Setting SourceSerifPro-OsF sub-encoding to TS1/3 on input l
ine 5404.
LaTeX Font Info:    Setting SourceSerifPro-TOsF sub-encoding to TS1/3 on input 
line 5404.
LaTeX Font Info:    Setting Tinos-TLF sub-encoding to TS1/3 on input line 5405.

LaTeX Font Info:    Setting AccanthisADFStdNoThree-LF sub-encoding to TS1/4 on 
input line 5406.
LaTeX Font Info:    Setting Cabin-TLF sub-encoding to TS1/4 on input line 5407.

LaTeX Font Info:    Setting Caladea-TLF sub-encoding to TS1/4 on input line 540
8.
LaTeX Font Info:    Setting Chivo-LF sub-encoding to TS1/4 on input line 5409.
LaTeX Font Info:    Setting Chivo-TLF sub-encoding to TS1/4 on input line 5409.

LaTeX Font Info:    Setting Chivo-OsF sub-encoding to TS1/4 on input line 5409.

LaTeX Font Info:    Setting Chivo-TOsF sub-encoding to TS1/4 on input line 5409
.
LaTeX Font Info:    Setting ClearSans-TLF sub-encoding to TS1/4 on input line 5
410.
LaTeX Font Info:    Setting Coelacanth-LF sub-encoding to TS1/4 on input line 5
411.
LaTeX Font Info:    Setting CrimsonPro-LF sub-encoding to TS1/4 on input line 5
412.
LaTeX Font Info:    Setting CrimsonPro-TLF sub-encoding to TS1/4 on input line 
5412.
LaTeX Font Info:    Setting CrimsonPro-OsF sub-encoding to TS1/4 on input line 
5412.
LaTeX Font Info:    Setting CrimsonPro-TOsF sub-encoding to TS1/4 on input line
 5412.
LaTeX Font Info:    Setting FiraMono-TLF sub-encoding to TS1/4 on input line 54
13.
LaTeX Font Info:    Setting FiraMono-TOsF sub-encoding to TS1/4 on input line 5
414.
LaTeX Font Info:    Setting Go-TLF sub-encoding to TS1/4 on input line 5415.
LaTeX Font Info:    Setting GoMono-TLF sub-encoding to TS1/4 on input line 5416
.
LaTeX Font Info:    Setting InriaSans-LF sub-encoding to TS1/4 on input line 54
17.
LaTeX Font Info:    Setting InriaSans-TLF sub-encoding to TS1/4 on input line 5
417.
LaTeX Font Info:    Setting InriaSans-OsF sub-encoding to TS1/4 on input line 5
417.
LaTeX Font Info:    Setting InriaSans-TOsF sub-encoding to TS1/4 on input line 
5417.
LaTeX Font Info:    Setting InriaSerif-LF sub-encoding to TS1/4 on input line 5
418.
LaTeX Font Info:    Setting InriaSerif-TLF sub-encoding to TS1/4 on input line 
5418.
LaTeX Font Info:    Setting InriaSerif-OsF sub-encoding to TS1/4 on input line 
5418.
LaTeX Font Info:    Setting InriaSerif-TOsF sub-encoding to TS1/4 on input line
 5418.
LaTeX Font Info:    Setting LibertinusSans-LF sub-encoding to TS1/4 on input li
ne 5419.
LaTeX Font Info:    Setting LibertinusSans-TLF sub-encoding to TS1/4 on input l
ine 5419.
LaTeX Font Info:    Setting LibertinusSans-OsF sub-encoding to TS1/4 on input l
ine 5419.
LaTeX Font Info:    Setting LibertinusSans-TOsF sub-encoding to TS1/4 on input 
line 5419.
LaTeX Font Info:    Setting LibertinusSerif-LF sub-encoding to TS1/4 on input l
ine 5420.
LaTeX Font Info:    Setting LibertinusSerif-TLF sub-encoding to TS1/4 on input 
line 5420.
LaTeX Font Info:    Setting LibertinusSerif-OsF sub-encoding to TS1/4 on input 
line 5420.
LaTeX Font Info:    Setting LibertinusSerif-TOsF sub-encoding to TS1/4 on input
 line 5420.
LaTeX Font Info:    Setting LibreBodoni-TLF sub-encoding to TS1/4 on input line
 5421.
LaTeX Font Info:    Setting LibreFranklin-TLF sub-encoding to TS1/4 on input li
ne 5422.
LaTeX Font Info:    Setting LinguisticsPro-LF sub-encoding to TS1/4 on input li
ne 5423.
LaTeX Font Info:    Setting LinguisticsPro-OsF sub-encoding to TS1/4 on input l
ine 5424.
LaTeX Font Info:    Setting LinuxBiolinumT-LF sub-encoding to TS1/4 on input li
ne 5425.
LaTeX Font Info:    Setting LinuxBiolinumT-TLF sub-encoding to TS1/4 on input l
ine 5425.
LaTeX Font Info:    Setting LinuxBiolinumT-OsF sub-encoding to TS1/4 on input l
ine 5425.
LaTeX Font Info:    Setting LinuxBiolinumT-TOsF sub-encoding to TS1/4 on input 
line 5425.
LaTeX Font Info:    Setting LinuxLibertineT-LF sub-encoding to TS1/4 on input l
ine 5426.
LaTeX Font Info:    Setting LinuxLibertineT-TLF sub-encoding to TS1/4 on input 
line 5426.
LaTeX Font Info:    Setting LinuxLibertineT-OsF sub-encoding to TS1/4 on input 
line 5426.
LaTeX Font Info:    Setting LinuxLibertineT-TOsF sub-encoding to TS1/4 on input
 line 5426.
LaTeX Font Info:    Setting MerriweatherSans-OsF sub-encoding to TS1/4 on input
 line 5427.
LaTeX Font Info:    Setting MintSpirit-LF sub-encoding to TS1/4 on input line 5
428.
LaTeX Font Info:    Setting MintSpirit-TLF sub-encoding to TS1/4 on input line 
5428.
LaTeX Font Info:    Setting MintSpirit-OsF sub-encoding to TS1/4 on input line 
5428.
LaTeX Font Info:    Setting MintSpirit-TOsF sub-encoding to TS1/4 on input line
 5428.
LaTeX Font Info:    Setting MintSpiritNoTwo-LF sub-encoding to TS1/4 on input l
ine 5429.
LaTeX Font Info:    Setting MintSpiritNoTwo-TLF sub-encoding to TS1/4 on input 
line 5429.
LaTeX Font Info:    Setting MintSpiritNoTwo-OsF sub-encoding to TS1/4 on input 
line 5429.
LaTeX Font Info:    Setting MintSpiritNoTwo-TOsF sub-encoding to TS1/4 on input
 line 5429.
LaTeX Font Info:    Setting PTMono-TLF sub-encoding to TS1/4 on input line 5430
.
LaTeX Font Info:    Setting PTSans-TLF sub-encoding to TS1/4 on input line 5431
.
LaTeX Font Info:    Setting PTSansCaption-TLF sub-encoding to TS1/4 on input li
ne 5432.
LaTeX Font Info:    Setting PTSansNarrow-TLF sub-encoding to TS1/4 on input lin
e 5433.
LaTeX Font Info:    Setting PTSerif-TLF sub-encoding to TS1/4 on input line 543
4.
LaTeX Font Info:    Setting PTSerifCaption-TLF sub-encoding to TS1/4 on input l
ine 5435.
LaTeX Font Info:    Setting Raleway-TLF sub-encoding to TS1/4 on input line 543
6.
LaTeX Font Info:    Setting Raleway-TOsF sub-encoding to TS1/4 on input line 54
37.
LaTeX Font Info:    Setting Roboto-LF sub-encoding to TS1/4 on input line 5438.

LaTeX Font Info:    Setting Roboto-TLF sub-encoding to TS1/4 on input line 5438
.
LaTeX Font Info:    Setting Roboto-OsF sub-encoding to TS1/4 on input line 5438
.
LaTeX Font Info:    Setting Roboto-TOsF sub-encoding to TS1/4 on input line 543
8.
LaTeX Font Info:    Setting RobotoMono-TLF sub-encoding to TS1/4 on input line 
5439.
LaTeX Font Info:    Setting RobotoSlab-TLF sub-encoding to TS1/4 on input line 
5440.
LaTeX Font Info:    Setting Rosario-LF sub-encoding to TS1/4 on input line 5441
.
LaTeX Font Info:    Setting Rosario-TLF sub-encoding to TS1/4 on input line 544
1.
LaTeX Font Info:    Setting Rosario-OsF sub-encoding to TS1/4 on input line 544
1.
LaTeX Font Info:    Setting Rosario-TOsF sub-encoding to TS1/4 on input line 54
41.
LaTeX Font Info:    Setting SticksTooText-LF sub-encoding to TS1/4 on input lin
e 5442.
LaTeX Font Info:    Setting SticksTooText-TLF sub-encoding to TS1/4 on input li
ne 5442.
LaTeX Font Info:    Setting SticksTooText-OsF sub-encoding to TS1/4 on input li
ne 5442.
LaTeX Font Info:    Setting SticksTooText-TOsF sub-encoding to TS1/4 on input l
ine 5442.
LaTeX Font Info:    Setting UniversalisADFStd-LF sub-encoding to TS1/4 on input
 line 5443.
LaTeX Font Info:    Setting Almendra-OsF sub-encoding to TS1/5 on input line 54
44.
LaTeX Font Info:    Setting Baskervaldx-LF sub-encoding to TS1/5 on input line 
5445.
LaTeX Font Info:    Setting Baskervaldx-TLF sub-encoding to TS1/5 on input line
 5445.
LaTeX Font Info:    Setting Baskervaldx-OsF sub-encoding to TS1/5 on input line
 5445.
LaTeX Font Info:    Setting Baskervaldx-TOsF sub-encoding to TS1/5 on input lin
e 5445.
LaTeX Font Info:    Setting BaskervilleF-LF sub-encoding to TS1/5 on input line
 5446.
LaTeX Font Info:    Setting BaskervilleF-TLF sub-encoding to TS1/5 on input lin
e 5446.
LaTeX Font Info:    Setting BaskervilleF-OsF sub-encoding to TS1/5 on input lin
e 5446.
LaTeX Font Info:    Setting BaskervilleF-TOsF sub-encoding to TS1/5 on input li
ne 5446.
LaTeX Font Info:    Setting Bitter-TLF sub-encoding to TS1/5 on input line 5447
.
LaTeX Font Info:    Setting Cinzel-LF sub-encoding to TS1/5 on input line 5448.

LaTeX Font Info:    Setting CinzelDecorative-LF sub-encoding to TS1/5 on input 
line 5449.
LaTeX Font Info:    Setting DejaVuSerif-TLF sub-encoding to TS1/5 on input line
 5450.
LaTeX Font Info:    Setting DejaVuSerifCondensed-TLF sub-encoding to TS1/5 on i
nput line 5451.
LaTeX Font Info:    Setting GilliusADF-LF sub-encoding to TS1/5 on input line 5
452.
LaTeX Font Info:    Setting GilliusADFCond-LF sub-encoding to TS1/5 on input li
ne 5453.
LaTeX Font Info:    Setting GilliusADFNoTwo-LF sub-encoding to TS1/5 on input l
ine 5454.
LaTeX Font Info:    Setting GilliusADFNoTwoCond-LF sub-encoding to TS1/5 on inp
ut line 5455.
LaTeX Font Info:    Setting LobsterTwo-LF sub-encoding to TS1/5 on input line 5
456.
LaTeX Font Info:    Setting OldStandard-TLF sub-encoding to TS1/5 on input line
 5457.
LaTeX Font Info:    Setting PlayfairDisplay-TLF sub-encoding to TS1/5 on input 
line 5458.
LaTeX Font Info:    Setting PlayfairDisplay-TOsF sub-encoding to TS1/5 on input
 line 5459.
LaTeX Font Info:    Setting TheanoDidot-TLF sub-encoding to TS1/5 on input line
 5460.
LaTeX Font Info:    Setting TheanoDidot-TOsF sub-encoding to TS1/5 on input lin
e 5461.
LaTeX Font Info:    Setting TheanoModern-TLF sub-encoding to TS1/5 on input lin
e 5462.
LaTeX Font Info:    Setting TheanoModern-TOsF sub-encoding to TS1/5 on input li
ne 5463.
LaTeX Font Info:    Setting TheanoOldStyle-TLF sub-encoding to TS1/5 on input l
ine 5464.
LaTeX Font Info:    Setting TheanoOldStyle-TOsF sub-encoding to TS1/5 on input 
line 5465.
LaTeX Font Info:    Setting Crimson-TLF sub-encoding to TS1/6 on input line 546
6.
LaTeX Font Info:    Setting IBMPlexMono-TLF sub-encoding to TS1/6 on input line
 5467.
LaTeX Font Info:    Setting IBMPlexSerif-TLF sub-encoding to TS1/6 on input lin
e 5468.
LaTeX Font Info:    Setting LibertinusMono-TLF sub-encoding to TS1/6 on input l
ine 5469.
LaTeX Font Info:    Setting LibertinusSerifDisplay-LF sub-encoding to TS1/6 on 
input line 5470.
LaTeX Font Info:    Setting LinuxLibertineDisplayT-LF sub-encoding to TS1/6 on 
input line 5471.
LaTeX Font Info:    Setting LinuxLibertineDisplayT-TLF sub-encoding to TS1/6 on
 input line 5471.
LaTeX Font Info:    Setting LinuxLibertineDisplayT-OsF sub-encoding to TS1/6 on
 input line 5471.
LaTeX Font Info:    Setting LinuxLibertineDisplayT-TOsF sub-encoding to TS1/6 o
n input line 5471.
LaTeX Font Info:    Setting LinuxLibertineMonoT-LF sub-encoding to TS1/6 on inp
ut line 5472.
LaTeX Font Info:    Setting LinuxLibertineMonoT-TLF sub-encoding to TS1/6 on in
put line 5473.
LaTeX Font Info:    Setting Overlock-LF sub-encoding to TS1/6 on input line 547
4.
LaTeX Font Info:    Setting CormorantGaramond-LF sub-encoding to TS1/7 on input
 line 5475.
LaTeX Font Info:    Setting CormorantGaramond-TLF sub-encoding to TS1/7 on inpu
t line 5475.
LaTeX Font Info:    Setting CormorantGaramond-OsF sub-encoding to TS1/7 on inpu
t line 5475.
LaTeX Font Info:    Setting CormorantGaramond-TOsF sub-encoding to TS1/7 on inp
ut line 5475.
LaTeX Font Info:    Setting Heuristica-TLF sub-encoding to TS1/7 on input line 
5476.
LaTeX Font Info:    Setting Heuristica-TOsF sub-encoding to TS1/7 on input line
 5477.
LaTeX Font Info:    Setting IMFELLEnglish-TLF sub-encoding to TS1/7 on input li
ne 5478.
LaTeX Font Info:    Setting LibreBaskerville-TLF sub-encoding to TS1/7 on input
 line 5479.
LaTeX Font Info:    Setting LibreCaslon-LF sub-encoding to TS1/7 on input line 
5480.
LaTeX Font Info:    Setting LibreCaslon-TLF sub-encoding to TS1/7 on input line
 5480.
LaTeX Font Info:    Setting LibreCaslon-OsF sub-encoding to TS1/7 on input line
 5480.
LaTeX Font Info:    Setting LibreCaslon-TOsF sub-encoding to TS1/7 on input lin
e 5480.
LaTeX Font Info:    Setting Marcellus-LF sub-encoding to TS1/7 on input line 54
81.
LaTeX Font Info:    Setting NotoSans-LF sub-encoding to TS1/7 on input line 548
2.
LaTeX Font Info:    Setting NotoSans-TLF sub-encoding to TS1/7 on input line 54
82.
LaTeX Font Info:    Setting NotoSans-OsF sub-encoding to TS1/7 on input line 54
82.
LaTeX Font Info:    Setting NotoSans-TOsF sub-encoding to TS1/7 on input line 5
482.
LaTeX Font Info:    Setting NotoSansMono-TLF sub-encoding to TS1/7 on input lin
e 5483.
LaTeX Font Info:    Setting NotoSansMono-TOsF sub-encoding to TS1/7 on input li
ne 5484.
LaTeX Font Info:    Setting NotoSerif-LF sub-encoding to TS1/7 on input line 54
85.
LaTeX Font Info:    Setting NotoSerif-TLF sub-encoding to TS1/7 on input line 5
485.
LaTeX Font Info:    Setting NotoSerif-OsF sub-encoding to TS1/7 on input line 5
485.
LaTeX Font Info:    Setting NotoSerif-TOsF sub-encoding to TS1/7 on input line 
5485.
LaTeX Font Info:    Setting Quattrocento-TLF sub-encoding to TS1/7 on input lin
e 5486.
LaTeX Font Info:    Setting QuattrocentoSans-TLF sub-encoding to TS1/7 on input
 line 5487.
LaTeX Font Info:    Setting XCharter-TLF sub-encoding to TS1/7 on input line 54
88.
LaTeX Font Info:    Setting XCharter-TOsF sub-encoding to TS1/7 on input line 5
489.
LaTeX Font Info:    Setting erewhon-LF sub-encoding to TS1/7 on input line 5490
.
LaTeX Font Info:    Setting erewhon-TLF sub-encoding to TS1/7 on input line 549
0.
LaTeX Font Info:    Setting erewhon-OsF sub-encoding to TS1/7 on input line 549
0.
LaTeX Font Info:    Setting erewhon-TOsF sub-encoding to TS1/7 on input line 54
90.
LaTeX Font Info:    Setting ComicNeue-TLF sub-encoding to TS1/7 on input line 5
491.
LaTeX Font Info:    Setting ComicNeueAngular-TLF sub-encoding to TS1/7 on input
 line 5492.
LaTeX Font Info:    Setting Forum-LF sub-encoding to TS1/7 on input line 5493.
LaTeX Font Info:    Setting Cochineal-LF sub-encoding to TS1/8 on input line 54
94.
LaTeX Font Info:    Setting Cochineal-TLF sub-encoding to TS1/8 on input line 5
494.
LaTeX Font Info:    Setting Cochineal-OsF sub-encoding to TS1/8 on input line 5
494.
LaTeX Font Info:    Setting Cochineal-TOsF sub-encoding to TS1/8 on input line 
5494.
LaTeX Font Info:    Setting AlgolRevived-TLF sub-encoding to TS1/9 on input lin
e 5495.
 page nos., x-ref, environments, center,
\@rightskip=\skip21

verbatim,
\@verbvisiblespacebox=\box13
 math definitions,
\jot=\dimen20
\interdisplaylinepenalty=\count30
\rootbox=\box14
\c@equation=\count31
\@eqcnt=\count32
\@eqpen=\count33
\@centering=\skip22
\topsep=\skip23
\partopsep=\skip24
\itemsep=\skip25
\parsep=\skip26
\@topsep=\skip27
\@topsepadd=\skip28
\@outerparskip=\skip29
\leftmargin=\dimen21
\rightmargin=\dimen22
\listparindent=\dimen23
\itemindent=\dimen24
\labelwidth=\dimen25
\labelsep=\dimen26
\linewidth=\dimen27
\@totalleftmargin=\dimen28
\leftmargini=\dimen29
\leftmarginii=\dimen30
\leftmarginiii=\dimen31
\leftmarginiv=\dimen32
\leftmarginv=\dimen33
\leftmarginvi=\dimen34
\@listdepth=\count34
\@itempenalty=\count35
\@beginparpenalty=\count36
\@endparpenalty=\count37
\@labels=\box15
\par@deathcycles=\count38
\@enumdepth=\count39
\c@enumi=\count40
\c@enumii=\count41
\c@enumiii=\count42
\c@enumiv=\count43
\@itemdepth=\count44
 boxes,
\fboxrule=\dimen35
\fboxsep=\dimen36
\@mplistdepth=\count45
\@mpfootins=\insert254
LaTeX Info: Redefining \underline on input line 6563.
\@gtempa=\dimen37
\@gtempa=\dimen38
\@gtempa=\dimen39
\@gtempa=\dimen40
\@gtempa=\dimen41
\@gtempa=\dimen42
\@gtempa=\dimen43
\@gtempa=\dimen44
\@gtempa=\dimen45
\@gtempa=\dimen46
\@gtempa=\dimen47
\@gtempa=\dimen48
\@gtempa=\dimen49
\@gtempa=\dimen50
\@nxttabmar=\count46
\@curtabmar=\count47
\@curtab=\count48
\@hightab=\count49
\@tabpush=\count50
\@curline=\box16
\@curfield=\box17
\@tabfbox=\box18
\tabbingsep=\dimen51
\@chclass=\count51
\@lastchclass=\count52
\@chnum=\count53
\arraycolsep=\dimen52
\tabcolsep=\dimen53
\arrayrulewidth=\dimen54
\doublerulesep=\dimen55
\@arstrutbox=\box19
\@wholewidth=\dimen56
\@halfwidth=\dimen57
\unitlength=\dimen58
\@picbox=\box20
\@picht=\dimen59
\@ovxx=\dimen60
\@ovyy=\dimen61
\@ovdx=\dimen62
\@ovdy=\dimen63
\@ovro=\dimen64
\@ovri=\dimen65
\@xarg=\count54
\@yarg=\count55
\@yyarg=\count56
\@multicnt=\count57
\@xdim=\dimen66
\@ydim=\dimen67
\@linechar=\box21
\@linelen=\dimen68
\@clnwd=\dimen69
\@clnht=\dimen70
\@dashdim=\dimen71
\@dashbox=\box22
\@dashcnt=\count58
LaTeX Info: The control sequence `\linethickness' is already robust on input li
ne 7321.
LaTeX Info: The control sequence `\thinlines' is already robust on input line 7
327.
 title, sectioning,
\@secpenalty=\count59
\c@secnumdepth=\count60
\c@tocdepth=\count61
 contents, floats,
\@floatpenalty=\count62

footnotes,
\footins=\insert253
\c@footnote=\count63
\c@mpfootnote=\count64
\footnotesep=\dimen72
 index, bibliography, output,
\bx@A=\insert252
\bx@B=\insert251
\bx@C=\insert250
\bx@D=\insert249
\bx@E=\insert248
\bx@F=\insert247
\bx@G=\insert246
\bx@H=\insert245
\bx@I=\insert244
\bx@J=\insert243
\bx@K=\insert242
\bx@L=\insert241
\bx@M=\insert240
\bx@N=\insert239
\bx@O=\insert238
\bx@P=\insert237
\bx@Q=\insert236
\bx@R=\insert235
\bx@S=\insert234
\bx@T=\insert233
\bx@U=\insert232
\bx@V=\insert231
\bx@W=\insert230
\bx@X=\insert229
\bx@Y=\insert228
\bx@Z=\insert227
\bx@AA=\insert226
\bx@BB=\insert225
\bx@CC=\insert224
\bx@DD=\insert223
\bx@EE=\insert222
\bx@FF=\insert221
\bx@GG=\insert220
\bx@HH=\insert219
\bx@II=\insert218
\bx@JJ=\insert217
\bx@KK=\insert216
\bx@LL=\insert215
\bx@MM=\insert214
\bx@NN=\insert213
\bx@OO=\insert212
\bx@PP=\insert211
\bx@QQ=\insert210
\bx@RR=\insert209
\bx@SS=\insert208
\bx@TT=\insert207
\bx@UU=\insert206
\bx@VV=\insert205
\bx@WW=\insert204
\bx@XX=\insert203
\bx@YY=\insert202
\bx@ZZ=\insert201
\topmargin=\dimen73
\oddsidemargin=\dimen74
\evensidemargin=\dimen75
\headheight=\dimen76
\headsep=\dimen77
\footskip=\dimen78
\textheight=\dimen79
\textwidth=\dimen80
\columnwidth=\dimen81
\columnsep=\dimen82
\columnseprule=\dimen83
\marginparwidth=\dimen84
\marginparsep=\dimen85
\marginparpush=\dimen86
\@begindvibox=\box23
\@maxdepth=\dimen87
\paperheight=\dimen88
\paperwidth=\dimen89
\col@number=\count65
\@topnum=\count66
\@toproom=\dimen90
\@dbltopnum=\count67
\@dbltoproom=\dimen91
\@botnum=\count68
\@botroom=\dimen92
\@colnum=\count69
\@textmin=\dimen93
\@fpmin=\dimen94
\@colht=\dimen95
\@colroom=\dimen96
\@pageht=\dimen97
\@pagedp=\dimen98
\@mparbottom=\dimen99
\@currtype=\count70
\@outputbox=\box24
\@leftcolumn=\box25
\@holdpg=\box26
\@kludgeins=\insert200
\@fpstype=\count71
\@reqcolroom=\dimen100
\@textfloatsheight=\dimen101
\c@topnumber=\count72
\c@bottomnumber=\count73
\c@totalnumber=\count74
\c@dbltopnumber=\count75
\floatsep=\skip30
\textfloatsep=\skip31
\intextsep=\skip32
\dblfloatsep=\skip33
\dbltextfloatsep=\skip34
\@fptop=\skip35
\@fpsep=\skip36
\@fpbot=\skip37
\@dblfptop=\skip38
\@dblfpsep=\skip39
\@dblfpbot=\skip40
\pkgcls@targetdate=\count76
\@lowpenalty=\count77
\@medpenalty=\count78
\@highpenalty=\count79

===========================================
Local configuration file hyphen.cfg used
===========================================

(/home/melmothx/build/amusewiki-debian-packages/amusewiki/local/texlive/2020/te
xmf-dist/tex/generic/babel/hyphen.cfg
File: hyphen.cfg 2020/05/13 3.44 Babel hyphens
\l@english=\language0

(/home/melmothx/build/amusewiki-debian-packages/amusewiki/local/texlive/2020/te
xmf-dist/tex/generic/hyphen/hyphen.tex)
\l@usenglish=\language0
\l@USenglish=\language0
\l@american=\language0
\l@dumylang=\language1

(/home/melmothx/build/amusewiki-debian-packages/amusewiki/local/texlive/2020/te
xmf-dist/tex/generic/hyphen/dumyhyph.tex)
\l@nohyphenation=\language2

(/home/melmothx/build/amusewiki-debian-packages/amusewiki/local/texlive/2020/te
xmf-dist/tex/generic/hyphen/zerohyph.tex)
\l@afrikaans=\language3

(/home/melmothx/build/amusewiki-debian-packages/amusewiki/local/texlive/2020/te
xmf-dist/tex/generic/hyph-utf8/loadhyph/loadhyph-af.tex
EC Afrikaans hyphenation patterns
(/home/melmothx/build/amusewiki-debian-packages/amusewiki/local/texlive/2020/te
xmf-dist/tex/generic/hyph-utf8/conversions/conv-utf8-ec.tex)
(/home/melmothx/build/amusewiki-debian-packages/amusewiki/local/texlive/2020/te
xmf-dist/tex/generic/hyph-utf8/patterns/tex/hyph-af.tex))
\l@ancientgreek=\language4

(/home/melmothx/build/amusewiki-debian-packages/amusewiki/local/texlive/2020/te
xmf-dist/tex/generic/hyph-utf8/loadhyph/loadhyph-grc.tex
Hyphenation patterns for Ancient Greek
(/home/melmothx/build/amusewiki-debian-packages/amusewiki/local/texlive/2020/te
xmf-dist/tex/generic/hyphen/grahyph5.tex
Hyphenation patterns for Ancient Greek))
\l@ibycus=\language5

(/home/melmothx/build/amusewiki-debian-packages/amusewiki/local/texlive/2020/te
xmf-dist/tex/generic/hyphen/ibyhyph.tex
Greek hyphenation patterns for Ibycus encoding, v3.0)
\l@arabic=\language6

(/home/melmothx/build/amusewiki-debian-packages/amusewiki/local/texlive/2020/te
xmf-dist/tex/generic/hyphen/zerohyph.tex)
\l@armenian=\language7

(/home/melmothx/build/amusewiki-debian-packages/amusewiki/local/texlive/2020/te
xmf-dist/tex/generic/hyph-utf8/loadhyph/loadhyph-hy.tex
No Armenian hyphenation patterns - only for Unicode engines)
\l@basque=\language8

(/home/melmothx/build/amusewiki-debian-packages/amusewiki/local/texlive/2020/te
xmf-dist/tex/generic/hyph-utf8/loadhyph/loadhyph-eu.tex
EC Basque hyphenation patterns
(/home/melmothx/build/amusewiki-debian-packages/amusewiki/local/texlive/2020/te
xmf-dist/tex/generic/hyph-utf8/conversions/conv-utf8-ec.tex)
(/home/melmothx/build/amusewiki-debian-packages/amusewiki/local/texlive/2020/te
xmf-dist/tex/generic/hyph-utf8/patterns/tex/hyph-eu.tex))
\l@belarusian=\language9

(/home/melmothx/build/amusewiki-debian-packages/amusewiki/local/texlive/2020/te
xmf-dist/tex/generic/hyph-utf8/loadhyph/loadhyph-be.tex
T2A Belarusian hyphenation patterns
(/home/melmothx/build/amusewiki-debian-packages/amusewiki/local/texlive/2020/te
xmf-dist/tex/generic/hyph-utf8/conversions/conv-utf8-t2a.tex)
(/home/melmothx/build/amusewiki-debian-packages/amusewiki/local/texlive/2020/te
xmf-dist/tex/generic/hyph-utf8/patterns/tex/hyph-be.tex))
\l@bulgarian=\language10

(/home/melmothx/build/amusewiki-debian-packages/amusewiki/local/texlive/2020/te
xmf-dist/tex/generic/hyph-utf8/loadhyph/loadhyph-bg.tex
T2A Bulgarian hyphenation patterns
(/home/melmothx/build/amusewiki-debian-packages/amusewiki/local/texlive/2020/te
xmf-dist/tex/generic/hyph-utf8/conversions/conv-utf8-t2a.tex)
(/home/melmothx/build/amusewiki-debian-packages/amusewiki/local/texlive/2020/te
xmf-dist/tex/generic/hyph-utf8/patterns/tex/hyph-bg.tex
Bulgarian hyphenation patterns (options: --safe-morphology --standalone-tex, ve
rsion 21 October 2017)))
\l@catalan=\language11

(/home/melmothx/build/amusewiki-debian-packages/amusewiki/local/texlive/2020/te
xmf-dist/tex/generic/hyph-utf8/loadhyph/loadhyph-ca.tex
EC Catalan hyphenation patterns
(/home/melmothx/build/amusewiki-debian-packages/amusewiki/local/texlive/2020/te
xmf-dist/tex/generic/hyph-utf8/conversions/conv-utf8-ec.tex)
(/home/melmothx/build/amusewiki-debian-packages/amusewiki/local/texlive/2020/te
xmf-dist/tex/generic/hyph-utf8/patterns/tex/hyph-ca.tex))
\l@pinyin=\language12

(/home/melmothx/build/amusewiki-debian-packages/amusewiki/local/texlive/2020/te
xmf-dist/tex/generic/hyph-utf8/loadhyph/loadhyph-zh-latn-pinyin.tex
EC Pinyin Hyphenation Patterns (with tone markers) 2018-11-25 (WL)
(/home/melmothx/build/amusewiki-debian-packages/amusewiki/local/texlive/2020/te
xmf-dist/tex/generic/hyph-utf8/patterns/ptex/hyph-zh-latn-pinyin.ec.tex))
\l@churchslavonic=\language13

(/home/melmothx/build/amusewiki-debian-packages/amusewiki/local/texlive/2020/te
xmf-dist/tex/generic/hyph-utf8/loadhyph/loadhyph-cu.tex
No Church Slavonic hyphenation patterns - only for Unicode engines)
\l@coptic=\language14

(/home/melmothx/build/amusewiki-debian-packages/amusewiki/local/texlive/2020/te
xmf-dist/tex/generic/hyph-utf8/loadhyph/loadhyph-cop.tex
Coptic hyphenation patterns
(/home/melmothx/build/amusewiki-debian-packages/amusewiki/local/texlive/2020/te
xmf-dist/tex/generic/hyph-utf8/patterns/tex-8bit/copthyph.tex))
\l@croatian=\language15

(/home/melmothx/build/amusewiki-debian-packages/amusewiki/local/texlive/2020/te
xmf-dist/tex/generic/hyph-utf8/loadhyph/loadhyph-hr.tex
EC Croatian hyphenation patterns
(/home/melmothx/build/amusewiki-debian-packages/amusewiki/local/texlive/2020/te
xmf-dist/tex/generic/hyph-utf8/conversions/conv-utf8-ec.tex)
(/home/melmothx/build/amusewiki-debian-packages/amusewiki/local/texlive/2020/te
xmf-dist/tex/generic/hyph-utf8/patterns/tex/hyph-hr.tex))
\l@czech=\language16

(/home/melmothx/build/amusewiki-debian-packages/amusewiki/local/texlive/2020/te
xmf-dist/tex/generic/hyph-utf8/loadhyph/loadhyph-cs.tex
EC Czech hyphenation patterns
(/home/melmothx/build/amusewiki-debian-packages/amusewiki/local/texlive/2020/te
xmf-dist/tex/generic/hyph-utf8/conversions/conv-utf8-ec.tex)
(/home/melmothx/build/amusewiki-debian-packages/amusewiki/local/texlive/2020/te
xmf-dist/tex/generic/hyph-utf8/patterns/tex/hyph-cs.tex))
\l@danish=\language17

(/home/melmothx/build/amusewiki-debian-packages/amusewiki/local/texlive/2020/te
xmf-dist/tex/generic/hyph-utf8/loadhyph/loadhyph-da.tex
EC Danish hyphenation patterns
(/home/melmothx/build/amusewiki-debian-packages/amusewiki/local/texlive/2020/te
xmf-dist/tex/generic/hyph-utf8/conversions/conv-utf8-ec.tex)
(/home/melmothx/build/amusewiki-debian-packages/amusewiki/local/texlive/2020/te
xmf-dist/tex/generic/hyph-utf8/patterns/tex/hyph-da.tex))
\l@dutch=\language18

(/home/melmothx/build/amusewiki-debian-packages/amusewiki/local/texlive/2020/te
xmf-dist/tex/generic/hyph-utf8/loadhyph/loadhyph-nl.tex
EC Dutch hyphenation patterns
(/home/melmothx/build/amusewiki-debian-packages/amusewiki/local/texlive/2020/te
xmf-dist/tex/generic/hyph-utf8/conversions/conv-utf8-ec.tex)
(/home/melmothx/build/amusewiki-debian-packages/amusewiki/local/texlive/2020/te
xmf-dist/tex/generic/hyph-utf8/patterns/tex/hyph-nl.tex))
\l@ukenglish=\language19

(/home/melmothx/build/amusewiki-debian-packages/amusewiki/local/texlive/2020/te
xmf-dist/tex/generic/hyph-utf8/loadhyph/loadhyph-en-gb.tex
ASCII Hyphenation patterns for British English
(/home/melmothx/build/amusewiki-debian-packages/amusewiki/local/texlive/2020/te
xmf-dist/tex/generic/hyph-utf8/patterns/tex/hyph-en-gb.tex))
\l@british=\language19
\l@UKenglish=\language19
\l@usenglishmax=\language20

(/home/melmothx/build/amusewiki-debian-packages/amusewiki/local/texlive/2020/te
xmf-dist/tex/generic/hyph-utf8/loadhyph/loadhyph-en-us.tex
ASCII Hyphenation patterns for American English
(/home/melmothx/build/amusewiki-debian-packages/amusewiki/local/texlive/2020/te
xmf-dist/tex/generic/hyph-utf8/patterns/tex/hyph-en-us.tex))
\l@esperanto=\language21

(/home/melmothx/build/amusewiki-debian-packages/amusewiki/local/texlive/2020/te
xmf-dist/tex/generic/hyph-utf8/loadhyph/loadhyph-eo.tex
IL3 Esperanto hyphenation patterns
(/home/melmothx/build/amusewiki-debian-packages/amusewiki/local/texlive/2020/te
xmf-dist/tex/generic/hyph-utf8/conversions/conv-utf8-il3.tex)
(/home/melmothx/build/amusewiki-debian-packages/amusewiki/local/texlive/2020/te
xmf-dist/tex/generic/hyph-utf8/patterns/tex/hyph-eo.tex))
\l@estonian=\language22

(/home/melmothx/build/amusewiki-debian-packages/amusewiki/local/texlive/2020/te
xmf-dist/tex/generic/hyph-utf8/loadhyph/loadhyph-et.tex
EC Estonian hyphenation patterns
(/home/melmothx/build/amusewiki-debian-packages/amusewiki/local/texlive/2020/te
xmf-dist/tex/generic/hyph-utf8/conversions/conv-utf8-ec.tex)
(/home/melmothx/build/amusewiki-debian-packages/amusewiki/local/texlive/2020/te
xmf-dist/tex/generic/hyph-utf8/patterns/tex/hyph-et.tex))
\l@ethiopic=\language23

(/home/melmothx/build/amusewiki-debian-packages/amusewiki/local/texlive/2020/te
xmf-dist/tex/generic/hyph-utf8/loadhyph/loadhyph-mul-ethi.tex
No Pan-Ethiopic hyphenation patterns - only for Unicode engines)
\l@amharic=\language23
\l@geez=\language23
\l@farsi=\language24

(/home/melmothx/build/amusewiki-debian-packages/amusewiki/local/texlive/2020/te
xmf-dist/tex/generic/hyphen/zerohyph.tex)
\l@persian=\language24
\l@finnish=\language25

(/home/melmothx/build/amusewiki-debian-packages/amusewiki/local/texlive/2020/te
xmf-dist/tex/generic/hyph-utf8/loadhyph/loadhyph-fi.tex
EC Finnish hyphenation patterns
(/home/melmothx/build/amusewiki-debian-packages/amusewiki/local/texlive/2020/te
xmf-dist/tex/generic/hyph-utf8/conversions/conv-utf8-ec.tex)
(/home/melmothx/build/amusewiki-debian-packages/amusewiki/local/texlive/2020/te
xmf-dist/tex/generic/hyph-utf8/patterns/tex/hyph-fi.tex))
\l@french=\language26

(/home/melmothx/build/amusewiki-debian-packages/amusewiki/local/texlive/2020/te
xmf-dist/tex/generic/hyph-utf8/loadhyph/loadhyph-fr.tex
EC French hyphenation patterns
(/home/melmothx/build/amusewiki-debian-packages/amusewiki/local/texlive/2020/te
xmf-dist/tex/generic/hyph-utf8/conversions/conv-utf8-ec.tex)
(/home/melmothx/build/amusewiki-debian-packages/amusewiki/local/texlive/2020/te
xmf-dist/tex/generic/hyph-utf8/patterns/tex/hyph-fr.tex))
\l@patois=\language26
\l@francais=\language26
\l@friulan=\language27

(/home/melmothx/build/amusewiki-debian-packages/amusewiki/local/texlive/2020/te
xmf-dist/tex/generic/hyph-utf8/loadhyph/loadhyph-fur.tex
EC Friulan hyphenation patterns
(/home/melmothx/build/amusewiki-debian-packages/amusewiki/local/texlive/2020/te
xmf-dist/tex/generic/hyph-utf8/conversions/conv-utf8-ec.tex)
(/home/melmothx/build/amusewiki-debian-packages/amusewiki/local/texlive/2020/te
xmf-dist/tex/generic/hyph-utf8/patterns/tex/hyph-fur.tex))
\l@galician=\language28

(/home/melmothx/build/amusewiki-debian-packages/amusewiki/local/texlive/2020/te
xmf-dist/tex/generic/hyph-utf8/loadhyph/loadhyph-gl.tex
EC Galician hyphenation patterns
(/home/melmothx/build/amusewiki-debian-packages/amusewiki/local/texlive/2020/te
xmf-dist/tex/generic/hyph-utf8/conversions/conv-utf8-ec.tex)
(/home/melmothx/build/amusewiki-debian-packages/amusewiki/local/texlive/2020/te
xmf-dist/tex/generic/hyph-utf8/patterns/tex/hyph-gl.tex))
\l@georgian=\language29

(/home/melmothx/build/amusewiki-debian-packages/amusewiki/local/texlive/2020/te
xmf-dist/tex/generic/hyph-utf8/loadhyph/loadhyph-ka.tex
T8M Georgian hyphenation patterns
(/home/melmothx/build/amusewiki-debian-packages/amusewiki/local/texlive/2020/te
xmf-dist/tex/generic/hyph-utf8/conversions/conv-utf8-t8m.tex)
(/home/melmothx/build/amusewiki-debian-packages/amusewiki/local/texlive/2020/te
xmf-dist/tex/generic/hyph-utf8/patterns/tex/hyph-ka.tex))
\l@german=\language30

(/home/melmothx/build/amusewiki-debian-packages/amusewiki/local/texlive/2020/te
xmf-dist/tex/generic/hyph-utf8/loadhyph/loadhyph-de-1901.tex
EC German hyphenation patterns (traditional orthography)
(/home/melmothx/build/amusewiki-debian-packages/amusewiki/local/texlive/2020/te
xmf-dist/tex/generic/dehyph/dehypht.tex
German Traditional Hyphenation Patterns `dehypht' Version 3.2a <1999/03/03>
(Formerly known under the name `ghyph31' and `ghyphen'.)))
\l@ngerman=\language31

(/home/melmothx/build/amusewiki-debian-packages/amusewiki/local/texlive/2020/te
xmf-dist/tex/generic/hyph-utf8/loadhyph/loadhyph-de-1996.tex
EC German hyphenation patterns (reformed orthography)
(/home/melmothx/build/amusewiki-debian-packages/amusewiki/local/texlive/2020/te
xmf-dist/tex/generic/dehyph/dehyphn.tex
New German Hyphenation Patterns `dehyphn' Rev.31 <2001-05-07> (WaS)))
\l@swissgerman=\language32

(/home/melmothx/build/amusewiki-debian-packages/amusewiki/local/texlive/2020/te
xmf-dist/tex/generic/hyph-utf8/loadhyph/loadhyph-de-ch-1901.tex
EC Swiss-German hyphenation patterns (traditional orthography)
(/home/melmothx/build/amusewiki-debian-packages/amusewiki/local/texlive/2020/te
xmf-dist/tex/generic/hyph-utf8/conversions/conv-utf8-ec.tex)
(/home/melmothx/build/amusewiki-debian-packages/amusewiki/local/texlive/2020/te
xmf-dist/tex/generic/hyph-utf8/patterns/tex/hyph-de-ch-1901.tex
Swiss-German Hyphenation Patterns (Traditional Orthography) `dehyphts-x' 2019-0
4-04 (WL)))
\l@greek=\language33

(/home/melmothx/build/amusewiki-debian-packages/amusewiki/local/texlive/2020/te
xmf-dist/tex/generic/hyph-utf8/loadhyph/loadhyph-el-polyton.tex
Hyphenation patterns for multi-accent (polytonic) Modern Greek
(/home/melmothx/build/amusewiki-debian-packages/amusewiki/local/texlive/2020/te
xmf-dist/tex/generic/hyphen/grphyph5.tex
Hyphenation patterns for multi-accent (polytonic) Modern Greek))
\l@polygreek=\language33
\l@monogreek=\language34

(/home/melmothx/build/amusewiki-debian-packages/amusewiki/local/texlive/2020/te
xmf-dist/tex/generic/hyph-utf8/loadhyph/loadhyph-el-monoton.tex
Hyphenation patterns for uni-accent (monotonic) Modern Greek
(/home/melmothx/build/amusewiki-debian-packages/amusewiki/local/texlive/2020/te
xmf-dist/tex/generic/hyphen/grmhyph5.tex
Hyphenation patterns for uni-accent (monotonic) Modern Greek))
\l@hungarian=\language35

(/home/melmothx/build/amusewiki-debian-packages/amusewiki/local/texlive/2020/te
xmf-dist/tex/generic/hyph-utf8/loadhyph/loadhyph-hu.tex
EC Hungarian hyphenation patterns
(/home/melmothx/build/amusewiki-debian-packages/amusewiki/local/texlive/2020/te
xmf-dist/tex/generic/hyph-utf8/conversions/conv-utf8-ec.tex)
(/home/melmothx/build/amusewiki-debian-packages/amusewiki/local/texlive/2020/te
xmf-dist/tex/generic/hyph-utf8/patterns/tex/hyph-hu.tex))
\l@icelandic=\language36

(/home/melmothx/build/amusewiki-debian-packages/amusewiki/local/texlive/2020/te
xmf-dist/tex/generic/hyph-utf8/loadhyph/loadhyph-is.tex
EC Icelandic hyphenation patterns
(/home/melmothx/build/amusewiki-debian-packages/amusewiki/local/texlive/2020/te
xmf-dist/tex/generic/hyph-utf8/conversions/conv-utf8-ec.tex)
(/home/melmothx/build/amusewiki-debian-packages/amusewiki/local/texlive/2020/te
xmf-dist/tex/generic/hyph-utf8/patterns/tex/hyph-is.tex))
\l@assamese=\language37

(/home/melmothx/build/amusewiki-debian-packages/amusewiki/local/texlive/2020/te
xmf-dist/tex/generic/hyph-utf8/loadhyph/loadhyph-as.tex
No Assamese hyphenation patterns - only for Unicode engines)
\l@bengali=\language38

(/home/melmothx/build/amusewiki-debian-packages/amusewiki/local/texlive/2020/te
xmf-dist/tex/generic/hyph-utf8/loadhyph/loadhyph-bn.tex
No Bengali hyphenation patterns - only for Unicode engines)
\l@gujarati=\language39

(/home/melmothx/build/amusewiki-debian-packages/amusewiki/local/texlive/2020/te
xmf-dist/tex/generic/hyph-utf8/loadhyph/loadhyph-gu.tex
No Gujarati hyphenation patterns - only for Unicode engines)
\l@hindi=\language40

(/home/melmothx/build/amusewiki-debian-packages/amusewiki/local/texlive/2020/te
xmf-dist/tex/generic/hyph-utf8/loadhyph/loadhyph-hi.tex
No Hindi hyphenation patterns - only for Unicode engines)
\l@kannada=\language41

(/home/melmothx/build/amusewiki-debian-packages/amusewiki/local/texlive/2020/te
xmf-dist/tex/generic/hyph-utf8/loadhyph/loadhyph-kn.tex
No Kannada hyphenation patterns - only for Unicode engines)
\l@malayalam=\language42

(/home/melmothx/build/amusewiki-debian-packages/amusewiki/local/texlive/2020/te
xmf-dist/tex/generic/hyph-utf8/loadhyph/loadhyph-ml.tex
No Malayalam hyphenation patterns - only for Unicode engines)
\l@marathi=\language43

(/home/melmothx/build/amusewiki-debian-packages/amusewiki/local/texlive/2020/te
xmf-dist/tex/generic/hyph-utf8/loadhyph/loadhyph-mr.tex
No Marathi hyphenation patterns - only for Unicode engines)
\l@oriya=\language44

(/home/melmothx/build/amusewiki-debian-packages/amusewiki/local/texlive/2020/te
xmf-dist/tex/generic/hyph-utf8/loadhyph/loadhyph-or.tex
No Oriya hyphenation patterns - only for Unicode engines)
\l@pali=\language45

(/home/melmothx/build/amusewiki-debian-packages/amusewiki/local/texlive/2020/te
xmf-dist/tex/generic/hyph-utf8/loadhyph/loadhyph-pi.tex
No Pali hyphenation patterns - only for Unicode engines)
\l@panjabi=\language46

(/home/melmothx/build/amusewiki-debian-packages/amusewiki/local/texlive/2020/te
xmf-dist/tex/generic/hyph-utf8/loadhyph/loadhyph-pa.tex
No Panjabi hyphenation patterns - only for Unicode engines)
\l@tamil=\language47

(/home/melmothx/build/amusewiki-debian-packages/amusewiki/local/texlive/2020/te
xmf-dist/tex/generic/hyph-utf8/loadhyph/loadhyph-ta.tex
No Tamil hyphenation patterns - only for Unicode engines)
\l@telugu=\language48

(/home/melmothx/build/amusewiki-debian-packages/amusewiki/local/texlive/2020/te
xmf-dist/tex/generic/hyph-utf8/loadhyph/loadhyph-te.tex
No Telugu hyphenation patterns - only for Unicode engines)
\l@indonesian=\language49

(/home/melmothx/build/amusewiki-debian-packages/amusewiki/local/texlive/2020/te
xmf-dist/tex/generic/hyph-utf8/loadhyph/loadhyph-id.tex
ASCII Indonesian hyphenation patterns
(/home/melmothx/build/amusewiki-debian-packages/amusewiki/local/texlive/2020/te
xmf-dist/tex/generic/hyph-utf8/patterns/tex/hyph-id.tex))
\l@interlingua=\language50

(/home/melmothx/build/amusewiki-debian-packages/amusewiki/local/texlive/2020/te
xmf-dist/tex/generic/hyph-utf8/loadhyph/loadhyph-ia.tex
ASCII Hyphenation patterns for Interlingua
(/home/melmothx/build/amusewiki-debian-packages/amusewiki/local/texlive/2020/te
xmf-dist/tex/generic/hyph-utf8/patterns/tex/hyph-ia.tex))
\l@irish=\language51

(/home/melmothx/build/amusewiki-debian-packages/amusewiki/local/texlive/2020/te
xmf-dist/tex/generic/hyph-utf8/loadhyph/loadhyph-ga.tex
EC Irish hyphenation patterns
(/home/melmothx/build/amusewiki-debian-packages/amusewiki/local/texlive/2020/te
xmf-dist/tex/generic/hyph-utf8/conversions/conv-utf8-ec.tex)
(/home/melmothx/build/amusewiki-debian-packages/amusewiki/local/texlive/2020/te
xmf-dist/tex/generic/hyph-utf8/patterns/tex/hyph-ga.tex))
\l@italian=\language52

(/home/melmothx/build/amusewiki-debian-packages/amusewiki/local/texlive/2020/te
xmf-dist/tex/generic/hyph-utf8/loadhyph/loadhyph-it.tex
ASCII Italian hyphenation patterns
(/home/melmothx/build/amusewiki-debian-packages/amusewiki/local/texlive/2020/te
xmf-dist/tex/generic/hyph-utf8/patterns/tex/hyph-it.tex))
\l@kurmanji=\language53

(/home/melmothx/build/amusewiki-debian-packages/amusewiki/local/texlive/2020/te
xmf-dist/tex/generic/hyph-utf8/loadhyph/loadhyph-kmr.tex
EC Kurmanji hyphenation patterns
(/home/melmothx/build/amusewiki-debian-packages/amusewiki/local/texlive/2020/te
xmf-dist/tex/generic/hyph-utf8/conversions/conv-utf8-ec.tex)
(/home/melmothx/build/amusewiki-debian-packages/amusewiki/local/texlive/2020/te
xmf-dist/tex/generic/hyph-utf8/patterns/tex/hyph-kmr.tex))
\l@classiclatin=\language54

(/home/melmothx/build/amusewiki-debian-packages/amusewiki/local/texlive/2020/te
xmf-dist/tex/generic/hyph-utf8/loadhyph/loadhyph-la-x-classic.tex
EC Classical Latin hyphenation patterns, v.2.0 2019-07-03
(/home/melmothx/build/amusewiki-debian-packages/amusewiki/local/texlive/2020/te
xmf-dist/tex/generic/hyph-utf8/patterns/tex-8bit/hyph-la-x-classic.ec.tex))
\l@latin=\language55

(/home/melmothx/build/amusewiki-debian-packages/amusewiki/local/texlive/2020/te
xmf-dist/tex/generic/hyph-utf8/loadhyph/loadhyph-la.tex
EC Latin hyphenation patterns
(/home/melmothx/build/amusewiki-debian-packages/amusewiki/local/texlive/2020/te
xmf-dist/tex/generic/hyph-utf8/conversions/conv-utf8-ec.tex)
(/home/melmothx/build/amusewiki-debian-packages/amusewiki/local/texlive/2020/te
xmf-dist/tex/generic/hyph-utf8/patterns/tex/hyph-la.tex))
\l@liturgicallatin=\language56

(/home/melmothx/build/amusewiki-debian-packages/amusewiki/local/texlive/2020/te
xmf-dist/tex/generic/hyph-utf8/loadhyph/loadhyph-la-x-liturgic.tex
EC Liturgical Latin hyphenation patterns
(/home/melmothx/build/amusewiki-debian-packages/amusewiki/local/texlive/2020/te
xmf-dist/tex/generic/hyph-utf8/patterns/ptex/hyph-la-x-liturgic.ec.tex))
\l@latvian=\language57

(/home/melmothx/build/amusewiki-debian-packages/amusewiki/local/texlive/2020/te
xmf-dist/tex/generic/hyph-utf8/loadhyph/loadhyph-lv.tex
L7X Latvian hyphenation patterns
(/home/melmothx/build/amusewiki-debian-packages/amusewiki/local/texlive/2020/te
xmf-dist/tex/generic/hyph-utf8/conversions/conv-utf8-l7x.tex)
(/home/melmothx/build/amusewiki-debian-packages/amusewiki/local/texlive/2020/te
xmf-dist/tex/generic/hyph-utf8/patterns/tex/hyph-lv.tex))
\l@lithuanian=\language58

(/home/melmothx/build/amusewiki-debian-packages/amusewiki/local/texlive/2020/te
xmf-dist/tex/generic/hyph-utf8/loadhyph/loadhyph-lt.tex
L7X Lithuanian hyphenation patterns
(/home/melmothx/build/amusewiki-debian-packages/amusewiki/local/texlive/2020/te
xmf-dist/tex/generic/hyph-utf8/conversions/conv-utf8-l7x.tex)
(/home/melmothx/build/amusewiki-debian-packages/amusewiki/local/texlive/2020/te
xmf-dist/tex/generic/hyph-utf8/patterns/tex/hyph-lt.tex))
\l@macedonian=\language59

(/home/melmothx/build/amusewiki-debian-packages/amusewiki/local/texlive/2020/te
xmf-dist/tex/generic/hyph-utf8/loadhyph/loadhyph-mk.tex
No Macedonian hyphenation patterns - only for Unicode engines)
\l@mongolian=\language60

(/home/melmothx/build/amusewiki-debian-packages/amusewiki/local/texlive/2020/te
xmf-dist/tex/generic/hyph-utf8/loadhyph/loadhyph-mn-cyrl.tex
T2A (New) Mongolian hyphenation patterns
(/home/melmothx/build/amusewiki-debian-packages/amusewiki/local/texlive/2020/te
xmf-dist/tex/generic/hyph-utf8/conversions/conv-utf8-t2a.tex)
(/home/melmothx/build/amusewiki-debian-packages/amusewiki/local/texlive/2020/te
xmf-dist/tex/generic/hyph-utf8/patterns/tex/hyph-mn-cyrl.tex))
\l@mongolianlmc=\language61

(/home/melmothx/build/amusewiki-debian-packages/amusewiki/local/texlive/2020/te
xmf-dist/tex/generic/hyph-utf8/loadhyph/loadhyph-mn-cyrl-x-lmc.tex
LMC Mongolian hyphenation patterns
(/home/melmothx/build/amusewiki-debian-packages/amusewiki/local/texlive/2020/te
xmf-dist/tex/generic/hyph-utf8/conversions/conv-utf8-lmc.tex)
(/home/melmothx/build/amusewiki-debian-packages/amusewiki/local/texlive/2020/te
xmf-dist/tex/generic/hyph-utf8/patterns/tex/hyph-mn-cyrl-x-lmc.tex))
\l@bokmal=\language62

(/home/melmothx/build/amusewiki-debian-packages/amusewiki/local/texlive/2020/te
xmf-dist/tex/generic/hyph-utf8/loadhyph/loadhyph-nb.tex
EC Norwegian Bokmal hyphenation patterns
(/home/melmothx/build/amusewiki-debian-packages/amusewiki/local/texlive/2020/te
xmf-dist/tex/generic/hyph-utf8/conversions/conv-utf8-ec.tex)
(/home/melmothx/build/amusewiki-debian-packages/amusewiki/local/texlive/2020/te
xmf-dist/tex/generic/hyph-utf8/patterns/tex/hyph-nb.tex
(/home/melmothx/build/amusewiki-debian-packages/amusewiki/local/texlive/2020/te
xmf-dist/tex/generic/hyph-utf8/patterns/tex/hyph-no.tex)))
\l@norwegian=\language62
\l@norsk=\language62
\l@nynorsk=\language63

(/home/melmothx/build/amusewiki-debian-packages/amusewiki/local/texlive/2020/te
xmf-dist/tex/generic/hyph-utf8/loadhyph/loadhyph-nn.tex
EC Norwegian Nynorsk hyphenation patterns
(/home/melmothx/build/amusewiki-debian-packages/amusewiki/local/texlive/2020/te
xmf-dist/tex/generic/hyph-utf8/conversions/conv-utf8-ec.tex)
(/home/melmothx/build/amusewiki-debian-packages/amusewiki/local/texlive/2020/te
xmf-dist/tex/generic/hyph-utf8/patterns/tex/hyph-nn.tex
(/home/melmothx/build/amusewiki-debian-packages/amusewiki/local/texlive/2020/te
xmf-dist/tex/generic/hyph-utf8/patterns/tex/hyph-no.tex)))
\l@occitan=\language64

(/home/melmothx/build/amusewiki-debian-packages/amusewiki/local/texlive/2020/te
xmf-dist/tex/generic/hyph-utf8/loadhyph/loadhyph-oc.tex
EC Occitan hyphenation patterns
(/home/melmothx/build/amusewiki-debian-packages/amusewiki/local/texlive/2020/te
xmf-dist/tex/generic/hyph-utf8/conversions/conv-utf8-ec.tex)
(/home/melmothx/build/amusewiki-debian-packages/amusewiki/local/texlive/2020/te
xmf-dist/tex/generic/hyph-utf8/patterns/tex/hyph-oc.tex))
\l@piedmontese=\language65

(/home/melmothx/build/amusewiki-debian-packages/amusewiki/local/texlive/2020/te
xmf-dist/tex/generic/hyph-utf8/loadhyph/loadhyph-pms.tex
ASCII Piedmontese hyphenation patterns
(/home/melmothx/build/amusewiki-debian-packages/amusewiki/local/texlive/2020/te
xmf-dist/tex/generic/hyph-utf8/patterns/tex/hyph-pms.tex))
\l@polish=\language66

(/home/melmothx/build/amusewiki-debian-packages/amusewiki/local/texlive/2020/te
xmf-dist/tex/generic/hyph-utf8/loadhyph/loadhyph-pl.tex
QX Polish hyphenation patterns
(/home/melmothx/build/amusewiki-debian-packages/amusewiki/local/texlive/2020/te
xmf-dist/tex/generic/hyph-utf8/conversions/conv-utf8-qx.tex)
(/home/melmothx/build/amusewiki-debian-packages/amusewiki/local/texlive/2020/te
xmf-dist/tex/generic/hyph-utf8/patterns/tex/hyph-pl.tex))
\l@portuguese=\language67

(/home/melmothx/build/amusewiki-debian-packages/amusewiki/local/texlive/2020/te
xmf-dist/tex/generic/hyph-utf8/loadhyph/loadhyph-pt.tex
EC Portuguese hyphenation patterns
(/home/melmothx/build/amusewiki-debian-packages/amusewiki/local/texlive/2020/te
xmf-dist/tex/generic/hyph-utf8/conversions/conv-utf8-ec.tex)
(/home/melmothx/build/amusewiki-debian-packages/amusewiki/local/texlive/2020/te
xmf-dist/tex/generic/hyph-utf8/patterns/tex/hyph-pt.tex))
\l@portuges=\language67
\l@romanian=\language68

(/home/melmothx/build/amusewiki-debian-packages/amusewiki/local/texlive/2020/te
xmf-dist/tex/generic/hyph-utf8/loadhyph/loadhyph-ro.tex
EC Romanian hyphenation patterns
(/home/melmothx/build/amusewiki-debian-packages/amusewiki/local/texlive/2020/te
xmf-dist/tex/generic/hyph-utf8/conversions/conv-utf8-ec.tex)
(/home/melmothx/build/amusewiki-debian-packages/amusewiki/local/texlive/2020/te
xmf-dist/tex/generic/hyph-utf8/patterns/tex/hyph-ro.tex))
\l@romansh=\language69

(/home/melmothx/build/amusewiki-debian-packages/amusewiki/local/texlive/2020/te
xmf-dist/tex/generic/hyph-utf8/loadhyph/loadhyph-rm.tex
ASCII Romansh hyphenation patterns
(/home/melmothx/build/amusewiki-debian-packages/amusewiki/local/texlive/2020/te
xmf-dist/tex/generic/hyph-utf8/patterns/tex/hyph-rm.tex))
\l@russian=\language70

(/home/melmothx/build/amusewiki-debian-packages/amusewiki/local/texlive/2020/te
xmf-dist/tex/generic/hyph-utf8/loadhyph/loadhyph-ru.tex
T2A Russian hyphenation patterns
(/home/melmothx/build/amusewiki-debian-packages/amusewiki/local/texlive/2020/te
xmf-dist/tex/generic/ruhyphen/ruhyphen.tex
(/home/melmothx/build/amusewiki-debian-packages/amusewiki/local/texlive/2020/te
xmf-dist/tex/generic/ruhyphen/catkoi.tex)
(/home/melmothx/build/amusewiki-debian-packages/amusewiki/local/texlive/2020/te
xmf-dist/tex/generic/ruhyphen/koi2t2a.tex)
(/home/melmothx/build/amusewiki-debian-packages/amusewiki/local/texlive/2020/te
xmf-dist/tex/generic/ruhyphen/ruhyphal.tex)
(/home/melmothx/build/amusewiki-debian-packages/amusewiki/local/texlive/2020/te
xmf-dist/tex/generic/ruhyphen/cyryoal.tex)
(/home/melmothx/build/amusewiki-debian-packages/amusewiki/local/texlive/2020/te
xmf-dist/tex/generic/ruhyphen/hypht2.tex)))
\l@sanskrit=\language71

(/home/melmothx/build/amusewiki-debian-packages/amusewiki/local/texlive/2020/te
xmf-dist/tex/generic/hyph-utf8/loadhyph/loadhyph-sa.tex
No Sanskrit hyphenation patterns - only for Unicode engines)
\l@serbian=\language72

(/home/melmothx/build/amusewiki-debian-packages/amusewiki/local/texlive/2020/te
xmf-dist/tex/generic/hyph-utf8/loadhyph/loadhyph-sr-latn.tex
EC Serbian hyphenation patterns in Latin script
(/home/melmothx/build/amusewiki-debian-packages/amusewiki/local/texlive/2020/te
xmf-dist/tex/generic/hyph-utf8/conversions/conv-utf8-ec.tex)
(/home/melmothx/build/amusewiki-debian-packages/amusewiki/local/texlive/2020/te
xmf-dist/tex/generic/hyph-utf8/patterns/tex/hyph-sh-latn.tex))
\l@serbianc=\language73

(/home/melmothx/build/amusewiki-debian-packages/amusewiki/local/texlive/2020/te
xmf-dist/tex/generic/hyph-utf8/loadhyph/loadhyph-sr-cyrl.tex
T2A Serbian hyphenation patterns in Cyrillic script
(/home/melmothx/build/amusewiki-debian-packages/amusewiki/local/texlive/2020/te
xmf-dist/tex/generic/hyph-utf8/conversions/conv-utf8-t2a.tex)
(/home/melmothx/build/amusewiki-debian-packages/amusewiki/local/texlive/2020/te
xmf-dist/tex/generic/hyph-utf8/patterns/tex/hyph-sh-cyrl.tex))
\l@slovak=\language74

(/home/melmothx/build/amusewiki-debian-packages/amusewiki/local/texlive/2020/te
xmf-dist/tex/generic/hyph-utf8/loadhyph/loadhyph-sk.tex
EC Slovak hyphenation patterns
(/home/melmothx/build/amusewiki-debian-packages/amusewiki/local/texlive/2020/te
xmf-dist/tex/generic/hyph-utf8/conversions/conv-utf8-ec.tex)
(/home/melmothx/build/amusewiki-debian-packages/amusewiki/local/texlive/2020/te
xmf-dist/tex/generic/hyph-utf8/patterns/tex/hyph-sk.tex))
\l@slovenian=\language75

(/home/melmothx/build/amusewiki-debian-packages/amusewiki/local/texlive/2020/te
xmf-dist/tex/generic/hyph-utf8/loadhyph/loadhyph-sl.tex
EC Slovenian hyphenation patterns
(/home/melmothx/build/amusewiki-debian-packages/amusewiki/local/texlive/2020/te
xmf-dist/tex/generic/hyph-utf8/conversions/conv-utf8-ec.tex)
(/home/melmothx/build/amusewiki-debian-packages/amusewiki/local/texlive/2020/te
xmf-dist/tex/generic/hyph-utf8/patterns/tex/hyph-sl.tex))
\l@slovene=\language75
\l@spanish=\language76

(/home/melmothx/build/amusewiki-debian-packages/amusewiki/local/texlive/2020/te
xmf-dist/tex/generic/hyph-utf8/loadhyph/loadhyph-es.tex
EC Spanish hyphenation patterns
(/home/melmothx/build/amusewiki-debian-packages/amusewiki/local/texlive/2020/te
xmf-dist/tex/generic/hyph-utf8/conversions/conv-utf8-ec.tex)
(/home/melmothx/build/amusewiki-debian-packages/amusewiki/local/texlive/2020/te
xmf-dist/tex/generic/hyph-utf8/patterns/tex/hyph-es.tex))
\l@espanol=\language76
\l@swedish=\language77

(/home/melmothx/build/amusewiki-debian-packages/amusewiki/local/texlive/2020/te
xmf-dist/tex/generic/hyph-utf8/loadhyph/loadhyph-sv.tex
EC Swedish hyphenation patterns
(/home/melmothx/build/amusewiki-debian-packages/amusewiki/local/texlive/2020/te
xmf-dist/tex/generic/hyph-utf8/conversions/conv-utf8-ec.tex)
(/home/melmothx/build/amusewiki-debian-packages/amusewiki/local/texlive/2020/te
xmf-dist/tex/generic/hyph-utf8/patterns/tex/hyph-sv.tex))
\l@thai=\language78

(/home/melmothx/build/amusewiki-debian-packages/amusewiki/local/texlive/2020/te
xmf-dist/tex/generic/hyph-utf8/loadhyph/loadhyph-th.tex
LTH Thai hyphenation patterns
(/home/melmothx/build/amusewiki-debian-packages/amusewiki/local/texlive/2020/te
xmf-dist/tex/generic/hyph-utf8/conversions/conv-utf8-lth.tex)
(/home/melmothx/build/amusewiki-debian-packages/amusewiki/local/texlive/2020/te
xmf-dist/tex/generic/hyph-utf8/patterns/tex/hyph-th.tex))
\l@turkish=\language79

(/home/melmothx/build/amusewiki-debian-packages/amusewiki/local/texlive/2020/te
xmf-dist/tex/generic/hyph-utf8/loadhyph/loadhyph-tr.tex
EC Turkish hyphenation patterns
(/home/melmothx/build/amusewiki-debian-packages/amusewiki/local/texlive/2020/te
xmf-dist/tex/generic/hyph-utf8/conversions/conv-utf8-ec.tex)
(/home/melmothx/build/amusewiki-debian-packages/amusewiki/local/texlive/2020/te
xmf-dist/tex/generic/hyph-utf8/patterns/tex/hyph-tr.tex))
\l@turkmen=\language80

(/home/melmothx/build/amusewiki-debian-packages/amusewiki/local/texlive/2020/te
xmf-dist/tex/generic/hyph-utf8/loadhyph/loadhyph-tk.tex
EC Turkmen hyphenation patterns
(/home/melmothx/build/amusewiki-debian-packages/amusewiki/local/texlive/2020/te
xmf-dist/tex/generic/hyph-utf8/conversions/conv-utf8-ec.tex)
(/home/melmothx/build/amusewiki-debian-packages/amusewiki/local/texlive/2020/te
xmf-dist/tex/generic/hyph-utf8/patterns/tex/hyph-tk.tex))
\l@ukrainian=\language81

(/home/melmothx/build/amusewiki-debian-packages/amusewiki/local/texlive/2020/te
xmf-dist/tex/generic/hyph-utf8/loadhyph/loadhyph-uk.tex
T2A Ukrainian hyphenation patterns
(/home/melmothx/build/amusewiki-debian-packages/amusewiki/local/texlive/2020/te
xmf-dist/tex/generic/ukrhyph/ukrhyph.tex
Ukrainian hyphenation patterns in t2a encoding
(/home/melmothx/build/amusewiki-debian-packages/amusewiki/local/texlive/2020/te
xmf-dist/tex/generic/ukrhyph/catlcy.tex)
(/home/melmothx/build/amusewiki-debian-packages/amusewiki/local/texlive/2020/te
xmf-dist/tex/generic/ukrhyph/lcy2t2a.tex)
(/home/melmothx/build/amusewiki-debian-packages/amusewiki/local/texlive/2020/te
xmf-dist/tex/generic/ukrhyph/ukrhypmp.tex)
(/home/melmothx/build/amusewiki-debian-packages/amusewiki/local/texlive/2020/te
xmf-dist/tex/generic/ruhyphen/hypht2.tex)))
\l@uppersorbian=\language82

(/home/melmothx/build/amusewiki-debian-packages/amusewiki/local/texlive/2020/te
xmf-dist/tex/generic/hyph-utf8/loadhyph/loadhyph-hsb.tex
EC Upper Sorbian hyphenation patterns
(/home/melmothx/build/amusewiki-debian-packages/amusewiki/local/texlive/2020/te
xmf-dist/tex/generic/hyph-utf8/conversions/conv-utf8-ec.tex)
(/home/melmothx/build/amusewiki-debian-packages/amusewiki/local/texlive/2020/te
xmf-dist/tex/generic/hyph-utf8/patterns/tex/hyph-hsb.tex))
\l@welsh=\language83

(/home/melmothx/build/amusewiki-debian-packages/amusewiki/local/texlive/2020/te
xmf-dist/tex/generic/hyph-utf8/loadhyph/loadhyph-cy.tex
EC Welsh hyphenation patterns
(/home/melmothx/build/amusewiki-debian-packages/amusewiki/local/texlive/2020/te
xmf-dist/tex/generic/hyph-utf8/conversions/conv-utf8-ec.tex)
(/home/melmothx/build/amusewiki-debian-packages/amusewiki/local/texlive/2020/te
xmf-dist/tex/generic/hyph-utf8/patterns/tex/hyph-cy.tex)))
(/home/melmothx/build/amusewiki-debian-packages/amusewiki/local/texlive/2020/te
xmf-dist/tex/latex/base/utf8.def
File: utf8.def 2019/11/14 v1.2k UTF-8 support for inputenc
Now handling font encoding OML ...
... no UTF-8 mapping file for font encoding OML
Now handling font encoding OMS ...
... processing UTF-8 mapping file for font encoding OMS

(/home/melmothx/build/amusewiki-debian-packages/amusewiki/local/texlive/2020/te
xmf-dist/tex/latex/base/omsenc.dfu
File: omsenc.dfu 2019/11/14 v1.2k UTF-8 support for inputenc
   defining Unicode char U+00A7 (decimal 167)
   defining Unicode char U+00B6 (decimal 182)
   defining Unicode char U+00B7 (decimal 183)
   defining Unicode char U+2020 (decimal 8224)
   defining Unicode char U+2021 (decimal 8225)
   defining Unicode char U+2022 (decimal 8226)
)
Now handling font encoding OT1 ...
... processing UTF-8 mapping file for font encoding OT1

(/home/melmothx/build/amusewiki-debian-packages/amusewiki/local/texlive/2020/te
xmf-dist/tex/latex/base/ot1enc.dfu
File: ot1enc.dfu 2019/11/14 v1.2k UTF-8 support for inputenc
   defining Unicode char U+00A0 (decimal 160)
   defining Unicode char U+00A1 (decimal 161)
   defining Unicode char U+00A3 (decimal 163)
   defining Unicode char U+00AD (decimal 173)
   defining Unicode char U+00B8 (decimal 184)
   defining Unicode char U+00BF (decimal 191)
   defining Unicode char U+00C5 (decimal 197)
   defining Unicode char U+00C6 (decimal 198)
   defining Unicode char U+00D8 (decimal 216)
   defining Unicode char U+00DF (decimal 223)
   defining Unicode char U+00E6 (decimal 230)
   defining Unicode char U+00EC (decimal 236)
   defining Unicode char U+00ED (decimal 237)
   defining Unicode char U+00EE (decimal 238)
   defining Unicode char U+00EF (decimal 239)
   defining Unicode char U+00F8 (decimal 248)
   defining Unicode char U+0131 (decimal 305)
   defining Unicode char U+0141 (decimal 321)
   defining Unicode char U+0142 (decimal 322)
   defining Unicode char U+0152 (decimal 338)
   defining Unicode char U+0153 (decimal 339)
   defining Unicode char U+0174 (decimal 372)
   defining Unicode char U+0175 (decimal 373)
   defining Unicode char U+0176 (decimal 374)
   defining Unicode char U+0177 (decimal 375)
   defining Unicode char U+0218 (decimal 536)
   defining Unicode char U+0219 (decimal 537)
   defining Unicode char U+021A (decimal 538)
   defining Unicode char U+021B (decimal 539)
   defining Unicode char U+0237 (decimal 567)
   defining Unicode char U+2013 (decimal 8211)
   defining Unicode char U+2014 (decimal 8212)
   defining Unicode char U+2018 (decimal 8216)
   defining Unicode char U+2019 (decimal 8217)
   defining Unicode char U+201C (decimal 8220)
   defining Unicode char U+201D (decimal 8221)
   defining Unicode char U+FB00 (decimal 64256)
   defining Unicode char U+FB01 (decimal 64257)
   defining Unicode char U+FB02 (decimal 64258)
   defining Unicode char U+FB03 (decimal 64259)
   defining Unicode char U+FB04 (decimal 64260)
   defining Unicode char U+FB05 (decimal 64261)
   defining Unicode char U+FB06 (decimal 64262)
)
Now handling font encoding T1 ...
... processing UTF-8 mapping file for font encoding T1

(/home/melmothx/build/amusewiki-debian-packages/amusewiki/local/texlive/2020/te
xmf-dist/tex/latex/base/t1enc.dfu
File: t1enc.dfu 2019/11/14 v1.2k UTF-8 support for inputenc
   defining Unicode char U+00A0 (decimal 160)
   defining Unicode char U+00A1 (decimal 161)
   defining Unicode char U+00A3 (decimal 163)
   defining Unicode char U+00AB (decimal 171)
   defining Unicode char U+00AD (decimal 173)
   defining Unicode char U+00BB (decimal 187)
   defining Unicode char U+00BF (decimal 191)
   defining Unicode char U+00C0 (decimal 192)
   defining Unicode char U+00C1 (decimal 193)
   defining Unicode char U+00C2 (decimal 194)
   defining Unicode char U+00C3 (decimal 195)
   defining Unicode char U+00C4 (decimal 196)
   defining Unicode char U+00C5 (decimal 197)
   defining Unicode char U+00C6 (decimal 198)
   defining Unicode char U+00C7 (decimal 199)
   defining Unicode char U+00C8 (decimal 200)
   defining Unicode char U+00C9 (decimal 201)
   defining Unicode char U+00CA (decimal 202)
   defining Unicode char U+00CB (decimal 203)
   defining Unicode char U+00CC (decimal 204)
   defining Unicode char U+00CD (decimal 205)
   defining Unicode char U+00CE (decimal 206)
   defining Unicode char U+00CF (decimal 207)
   defining Unicode char U+00D0 (decimal 208)
   defining Unicode char U+00D1 (decimal 209)
   defining Unicode char U+00D2 (decimal 210)
   defining Unicode char U+00D3 (decimal 211)
   defining Unicode char U+00D4 (decimal 212)
   defining Unicode char U+00D5 (decimal 213)
   defining Unicode char U+00D6 (decimal 214)
   defining Unicode char U+00D8 (decimal 216)
   defining Unicode char U+00D9 (decimal 217)
   defining Unicode char U+00DA (decimal 218)
   defining Unicode char U+00DB (decimal 219)
   defining Unicode char U+00DC (decimal 220)
   defining Unicode char U+00DD (decimal 221)
   defining Unicode char U+00DE (decimal 222)
   defining Unicode char U+00DF (decimal 223)
   defining Unicode char U+00E0 (decimal 224)
   defining Unicode char U+00E1 (decimal 225)
   defining Unicode char U+00E2 (decimal 226)
   defining Unicode char U+00E3 (decimal 227)
   defining Unicode char U+00E4 (decimal 228)
   defining Unicode char U+00E5 (decimal 229)
   defining Unicode char U+00E6 (decimal 230)
   defining Unicode char U+00E7 (decimal 231)
   defining Unicode char U+00E8 (decimal 232)
   defining Unicode char U+00E9 (decimal 233)
   defining Unicode char U+00EA (decimal 234)
   defining Unicode char U+00EB (decimal 235)
   defining Unicode char U+00EC (decimal 236)
   defining Unicode char U+00ED (decimal 237)
   defining Unicode char U+00EE (decimal 238)
   defining Unicode char U+00EF (decimal 239)
   defining Unicode char U+00F0 (decimal 240)
   defining Unicode char U+00F1 (decimal 241)
   defining Unicode char U+00F2 (decimal 242)
   defining Unicode char U+00F3 (decimal 243)
   defining Unicode char U+00F4 (decimal 244)
   defining Unicode char U+00F5 (decimal 245)
   defining Unicode char U+00F6 (decimal 246)
   defining Unicode char U+00F8 (decimal 248)
   defining Unicode char U+00F9 (decimal 249)
   defining Unicode char U+00FA (decimal 250)
   defining Unicode char U+00FB (decimal 251)
   defining Unicode char U+00FC (decimal 252)
   defining Unicode char U+00FD (decimal 253)
   defining Unicode char U+00FE (decimal 254)
   defining Unicode char U+00FF (decimal 255)
   defining Unicode char U+0100 (decimal 256)
   defining Unicode char U+0101 (decimal 257)
   defining Unicode char U+0102 (decimal 258)
   defining Unicode char U+0103 (decimal 259)
   defining Unicode char U+0104 (decimal 260)
   defining Unicode char U+0105 (decimal 261)
   defining Unicode char U+0106 (decimal 262)
   defining Unicode char U+0107 (decimal 263)
   defining Unicode char U+0108 (decimal 264)
   defining Unicode char U+0109 (decimal 265)
   defining Unicode char U+010A (decimal 266)
   defining Unicode char U+010B (decimal 267)
   defining Unicode char U+010C (decimal 268)
   defining Unicode char U+010D (decimal 269)
   defining Unicode char U+010E (decimal 270)
   defining Unicode char U+010F (decimal 271)
   defining Unicode char U+0110 (decimal 272)
   defining Unicode char U+0111 (decimal 273)
   defining Unicode char U+0112 (decimal 274)
   defining Unicode char U+0113 (decimal 275)
   defining Unicode char U+0114 (decimal 276)
   defining Unicode char U+0115 (decimal 277)
   defining Unicode char U+0116 (decimal 278)
   defining Unicode char U+0117 (decimal 279)
   defining Unicode char U+0118 (decimal 280)
   defining Unicode char U+0119 (decimal 281)
   defining Unicode char U+011A (decimal 282)
   defining Unicode char U+011B (decimal 283)
   defining Unicode char U+011C (decimal 284)
   defining Unicode char U+011D (decimal 285)
   defining Unicode char U+011E (decimal 286)
   defining Unicode char U+011F (decimal 287)
   defining Unicode char U+0120 (decimal 288)
   defining Unicode char U+0121 (decimal 289)
   defining Unicode char U+0122 (decimal 290)
   defining Unicode char U+0123 (decimal 291)
   defining Unicode char U+0124 (decimal 292)
   defining Unicode char U+0125 (decimal 293)
   defining Unicode char U+0128 (decimal 296)
   defining Unicode char U+0129 (decimal 297)
   defining Unicode char U+012A (decimal 298)
   defining Unicode char U+012B (decimal 299)
   defining Unicode char U+012C (decimal 300)
   defining Unicode char U+012D (decimal 301)
   defining Unicode char U+012E (decimal 302)
   defining Unicode char U+012F (decimal 303)
   defining Unicode char U+0130 (decimal 304)
   defining Unicode char U+0131 (decimal 305)
   defining Unicode char U+0132 (decimal 306)
   defining Unicode char U+0133 (decimal 307)
   defining Unicode char U+0134 (decimal 308)
   defining Unicode char U+0135 (decimal 309)
   defining Unicode char U+0136 (decimal 310)
   defining Unicode char U+0137 (decimal 311)
   defining Unicode char U+0139 (decimal 313)
   defining Unicode char U+013A (decimal 314)
   defining Unicode char U+013B (decimal 315)
   defining Unicode char U+013C (decimal 316)
   defining Unicode char U+013D (decimal 317)
   defining Unicode char U+013E (decimal 318)
   defining Unicode char U+0141 (decimal 321)
   defining Unicode char U+0142 (decimal 322)
   defining Unicode char U+0143 (decimal 323)
   defining Unicode char U+0144 (decimal 324)
   defining Unicode char U+0145 (decimal 325)
   defining Unicode char U+0146 (decimal 326)
   defining Unicode char U+0147 (decimal 327)
   defining Unicode char U+0148 (decimal 328)
   defining Unicode char U+014A (decimal 330)
   defining Unicode char U+014B (decimal 331)
   defining Unicode char U+014C (decimal 332)
   defining Unicode char U+014D (decimal 333)
   defining Unicode char U+014E (decimal 334)
   defining Unicode char U+014F (decimal 335)
   defining Unicode char U+0150 (decimal 336)
   defining Unicode char U+0151 (decimal 337)
   defining Unicode char U+0152 (decimal 338)
   defining Unicode char U+0153 (decimal 339)
   defining Unicode char U+0154 (decimal 340)
   defining Unicode char U+0155 (decimal 341)
   defining Unicode char U+0156 (decimal 342)
   defining Unicode char U+0157 (decimal 343)
   defining Unicode char U+0158 (decimal 344)
   defining Unicode char U+0159 (decimal 345)
   defining Unicode char U+015A (decimal 346)
   defining Unicode char U+015B (decimal 347)
   defining Unicode char U+015C (decimal 348)
   defining Unicode char U+015D (decimal 349)
   defining Unicode char U+015E (decimal 350)
   defining Unicode char U+015F (decimal 351)
   defining Unicode char U+0160 (decimal 352)
   defining Unicode char U+0161 (decimal 353)
   defining Unicode char U+0162 (decimal 354)
   defining Unicode char U+0163 (decimal 355)
   defining Unicode char U+0164 (decimal 356)
   defining Unicode char U+0165 (decimal 357)
   defining Unicode char U+0168 (decimal 360)
   defining Unicode char U+0169 (decimal 361)
   defining Unicode char U+016A (decimal 362)
   defining Unicode char U+016B (decimal 363)
   defining Unicode char U+016C (decimal 364)
   defining Unicode char U+016D (decimal 365)
   defining Unicode char U+016E (decimal 366)
   defining Unicode char U+016F (decimal 367)
   defining Unicode char U+0170 (decimal 368)
   defining Unicode char U+0171 (decimal 369)
   defining Unicode char U+0172 (decimal 370)
   defining Unicode char U+0173 (decimal 371)
   defining Unicode char U+0174 (decimal 372)
   defining Unicode char U+0175 (decimal 373)
   defining Unicode char U+0176 (decimal 374)
   defining Unicode char U+0177 (decimal 375)
   defining Unicode char U+0178 (decimal 376)
   defining Unicode char U+0179 (decimal 377)
   defining Unicode char U+017A (decimal 378)
   defining Unicode char U+017B (decimal 379)
   defining Unicode char U+017C (decimal 380)
   defining Unicode char U+017D (decimal 381)
   defining Unicode char U+017E (decimal 382)
   defining Unicode char U+01CD (decimal 461)
   defining Unicode char U+01CE (decimal 462)
   defining Unicode char U+01CF (decimal 463)
   defining Unicode char U+01D0 (decimal 464)
   defining Unicode char U+01D1 (decimal 465)
   defining Unicode char U+01D2 (decimal 466)
   defining Unicode char U+01D3 (decimal 467)
   defining Unicode char U+01D4 (decimal 468)
   defining Unicode char U+01E2 (decimal 482)
   defining Unicode char U+01E3 (decimal 483)
   defining Unicode char U+01E6 (decimal 486)
   defining Unicode char U+01E7 (decimal 487)
   defining Unicode char U+01E8 (decimal 488)
   defining Unicode char U+01E9 (decimal 489)
   defining Unicode char U+01EA (decimal 490)
   defining Unicode char U+01EB (decimal 491)
   defining Unicode char U+01F0 (decimal 496)
   defining Unicode char U+01F4 (decimal 500)
   defining Unicode char U+01F5 (decimal 501)
   defining Unicode char U+0218 (decimal 536)
   defining Unicode char U+0219 (decimal 537)
   defining Unicode char U+021A (decimal 538)
   defining Unicode char U+021B (decimal 539)
   defining Unicode char U+0232 (decimal 562)
   defining Unicode char U+0233 (decimal 563)
   defining Unicode char U+0237 (decimal 567)
   defining Unicode char U+02D9 (decimal 729)
   defining Unicode char U+02DB (decimal 731)
   defining Unicode char U+1E02 (decimal 7682)
   defining Unicode char U+1E03 (decimal 7683)
   defining Unicode char U+1E9E (decimal 7838)
   defining Unicode char U+200C (decimal 8204)
   defining Unicode char U+2010 (decimal 8208)
   defining Unicode char U+2011 (decimal 8209)
   defining Unicode char U+2012 (decimal 8210)
   defining Unicode char U+2013 (decimal 8211)
   defining Unicode char U+2014 (decimal 8212)
   defining Unicode char U+2015 (decimal 8213)
   defining Unicode char U+2018 (decimal 8216)
   defining Unicode char U+2019 (decimal 8217)
   defining Unicode char U+201A (decimal 8218)
   defining Unicode char U+201C (decimal 8220)
   defining Unicode char U+201D (decimal 8221)
   defining Unicode char U+201E (decimal 8222)
   defining Unicode char U+2030 (decimal 8240)
   defining Unicode char U+2031 (decimal 8241)
   defining Unicode char U+2039 (decimal 8249)
   defining Unicode char U+203A (decimal 8250)
   defining Unicode char U+2423 (decimal 9251)
   defining Unicode char U+1E20 (decimal 7712)
   defining Unicode char U+1E21 (decimal 7713)
   defining Unicode char U+FB00 (decimal 64256)
   defining Unicode char U+FB01 (decimal 64257)
   defining Unicode char U+FB02 (decimal 64258)
   defining Unicode char U+FB03 (decimal 64259)
   defining Unicode char U+FB04 (decimal 64260)
   defining Unicode char U+FB05 (decimal 64261)
   defining Unicode char U+FB06 (decimal 64262)
)
Now handling font encoding TS1 ...
... processing UTF-8 mapping file for font encoding TS1

(/home/melmothx/build/amusewiki-debian-packages/amusewiki/local/texlive/2020/te
xmf-dist/tex/latex/base/ts1enc.dfu
File: ts1enc.dfu 2019/11/14 v1.2k UTF-8 support for inputenc
   defining Unicode char U+00A2 (decimal 162)
   defining Unicode char U+00A3 (decimal 163)
   defining Unicode char U+00A4 (decimal 164)
   defining Unicode char U+00A5 (decimal 165)
   defining Unicode char U+00A6 (decimal 166)
   defining Unicode char U+00A7 (decimal 167)
   defining Unicode char U+00A8 (decimal 168)
   defining Unicode char U+00A9 (decimal 169)
   defining Unicode char U+00AA (decimal 170)
   defining Unicode char U+00AC (decimal 172)
   defining Unicode char U+00AE (decimal 174)
   defining Unicode char U+00AF (decimal 175)
   defining Unicode char U+00B0 (decimal 176)
   defining Unicode char U+00B1 (decimal 177)
   defining Unicode char U+00B2 (decimal 178)
   defining Unicode char U+00B3 (decimal 179)
   defining Unicode char U+00B4 (decimal 180)
   defining Unicode char U+00B5 (decimal 181)
   defining Unicode char U+00B6 (decimal 182)
   defining Unicode char U+00B7 (decimal 183)
   defining Unicode char U+00B9 (decimal 185)
   defining Unicode char U+00BA (decimal 186)
   defining Unicode char U+00BC (decimal 188)
   defining Unicode char U+00BD (decimal 189)
   defining Unicode char U+00BE (decimal 190)
   defining Unicode char U+00D7 (decimal 215)
   defining Unicode char U+00F7 (decimal 247)
   defining Unicode char U+0192 (decimal 402)
   defining Unicode char U+02C7 (decimal 711)
   defining Unicode char U+02D8 (decimal 728)
   defining Unicode char U+02DD (decimal 733)
   defining Unicode char U+0E3F (decimal 3647)
   defining Unicode char U+2016 (decimal 8214)
   defining Unicode char U+2020 (decimal 8224)
   defining Unicode char U+2021 (decimal 8225)
   defining Unicode char U+2022 (decimal 8226)
   defining Unicode char U+2030 (decimal 8240)
   defining Unicode char U+2031 (decimal 8241)
   defining Unicode char U+203B (decimal 8251)
   defining Unicode char U+203D (decimal 8253)
   defining Unicode char U+2044 (decimal 8260)
   defining Unicode char U+204E (decimal 8270)
   defining Unicode char U+2052 (decimal 8274)
   defining Unicode char U+20A1 (decimal 8353)
   defining Unicode char U+20A4 (decimal 8356)
   defining Unicode char U+20A6 (decimal 8358)
   defining Unicode char U+20A9 (decimal 8361)
   defining Unicode char U+20AB (decimal 8363)
   defining Unicode char U+20AC (decimal 8364)
   defining Unicode char U+20B1 (decimal 8369)
   defining Unicode char U+2103 (decimal 8451)
   defining Unicode char U+2116 (decimal 8470)
   defining Unicode char U+2117 (decimal 8471)
   defining Unicode char U+211E (decimal 8478)
   defining Unicode char U+2120 (decimal 8480)
   defining Unicode char U+2122 (decimal 8482)
   defining Unicode char U+2126 (decimal 8486)
   defining Unicode char U+2127 (decimal 8487)
   defining Unicode char U+212E (decimal 8494)
   defining Unicode char U+2190 (decimal 8592)
   defining Unicode char U+2191 (decimal 8593)
   defining Unicode char U+2192 (decimal 8594)
   defining Unicode char U+2193 (decimal 8595)
   defining Unicode char U+2329 (decimal 9001)
   defining Unicode char U+232A (decimal 9002)
   defining Unicode char U+2422 (decimal 9250)
   defining Unicode char U+25E6 (decimal 9702)
   defining Unicode char U+25EF (decimal 9711)
   defining Unicode char U+266A (decimal 9834)
   defining Unicode char U+27E8 (decimal 10216)
   defining Unicode char U+27E9 (decimal 10217)
   defining Unicode char U+FEFF (decimal 65279)
)
Now handling font encoding OMX ...
... no UTF-8 mapping file for font encoding OMX
Now handling font encoding U ...
... no UTF-8 mapping file for font encoding U
   defining Unicode char U+00A9 (decimal 169)
   defining Unicode char U+00AA (decimal 170)
   defining Unicode char U+00AE (decimal 174)
   defining Unicode char U+00BA (decimal 186)
   defining Unicode char U+02C6 (decimal 710)
   defining Unicode char U+02DC (decimal 732)
   defining Unicode char U+200C (decimal 8204)
   defining Unicode char U+2026 (decimal 8230)
   defining Unicode char U+2122 (decimal 8482)
   defining Unicode char U+2423 (decimal 9251)
   defining Unicode char U+FEFF (decimal 65279)
)
(/home/melmothx/build/amusewiki-debian-packages/amusewiki/local/texlive/2020/te
xmf-dist/tex/latex/base/ltexpl.ltx
(/home/melmothx/build/amusewiki-debian-packages/amusewiki/local/texlive/2020/te
xmf-dist/tex/latex/l3kernel/expl3.ltx
(/home/melmothx/build/amusewiki-debian-packages/amusewiki/local/texlive/2020/te
xmf-dist/tex/latex/l3kernel/expl3-code.tex
Package: expl3 2020-05-15 L3 programming layer (code)
\c_max_int=\count80
\l_tmpa_int=\count81
\l_tmpb_int=\count82
\g_tmpa_int=\count83
\g_tmpb_int=\count84
\l__seq_internal_a_int=\count85
\l__seq_internal_b_int=\count86
\g__kernel_prg_map_int=\count87
\c__ior_term_noprompt_ior=\count88
\c_log_iow=\count89
\l_iow_line_count_int=\count90
\l__iow_line_target_int=\count91
\l__iow_one_indent_int=\count92
\l__iow_indent_int=\count93
\c_zero_dim=\dimen102
\c_max_dim=\dimen103
\l_tmpa_dim=\dimen104
\l_tmpb_dim=\dimen105
\g_tmpa_dim=\dimen106
\g_tmpb_dim=\dimen107
\c_zero_skip=\skip41
\c_max_skip=\skip42
\l_tmpa_skip=\skip43
\l_tmpb_skip=\skip44
\g_tmpa_skip=\skip45
\g_tmpb_skip=\skip46
\c_zero_muskip=\muskip10
\c_max_muskip=\muskip11
\l_tmpa_muskip=\muskip12
\l_tmpb_muskip=\muskip13
\g_tmpa_muskip=\muskip14
\g_tmpb_muskip=\muskip15
\l_keys_choice_int=\count94
\l__intarray_loop_int=\count95
\c__intarray_sp_dim=\dimen108
\g__intarray_font_int=\count96
\c__fp_leading_shift_int=\count97
\c__fp_middle_shift_int=\count98
\c__fp_trailing_shift_int=\count99
\c__fp_big_leading_shift_int=\count100
\c__fp_big_middle_shift_int=\count101
\c__fp_big_trailing_shift_int=\count102
\c__fp_Bigg_leading_shift_int=\count103
\c__fp_Bigg_middle_shift_int=\count104
\c__fp_Bigg_trailing_shift_int=\count105
\c__kernel_randint_max_int=\count106
\g__fp_array_int=\count107
\l__fp_array_loop_int=\count108
\l__sort_length_int=\count109
\l__sort_min_int=\count110
\l__sort_top_int=\count111
\l__sort_max_int=\count112
\l__sort_true_max_int=\count113
\l__sort_block_int=\count114
\l__sort_begin_int=\count115
\l__sort_end_int=\count116
\l__sort_A_int=\count117
\l__sort_B_int=\count118
\l__sort_C_int=\count119
\l__str_internal_int=\count120
\c__str_replacement_char_int=\count121
\l__tl_analysis_normal_int=\count122
\l__tl_analysis_index_int=\count123
\l__tl_analysis_nesting_int=\count124
\l__tl_analysis_type_int=\count125
\l__regex_internal_a_int=\count126
\l__regex_internal_b_int=\count127
\l__regex_internal_c_int=\count128
\l__regex_balance_int=\count129
\l__regex_group_level_int=\count130
\l__regex_mode_int=\count131
\c__regex_cs_in_class_mode_int=\count132
\c__regex_cs_mode_int=\count133
\l__regex_catcodes_int=\count134
\l__regex_default_catcodes_int=\count135
\c__regex_catcode_D_int=\count136
\c__regex_catcode_S_int=\count137
\c__regex_catcode_L_int=\count138
\c__regex_catcode_O_int=\count139
\c__regex_catcode_A_int=\count140
\c__regex_all_catcodes_int=\count141
\l__regex_show_lines_int=\count142
\l__regex_min_state_int=\count143
\l__regex_max_state_int=\count144
\l__regex_left_state_int=\count145
\l__regex_right_state_int=\count146
\l__regex_capturing_group_int=\count147
\l__regex_min_pos_int=\count148
\l__regex_max_pos_int=\count149
\l__regex_curr_pos_int=\count150
\l__regex_start_pos_int=\count151
\l__regex_success_pos_int=\count152
\l__regex_curr_char_int=\count153
\l__regex_curr_catcode_int=\count154
\l__regex_last_char_int=\count155
\l__regex_case_changed_char_int=\count156
\l__regex_curr_state_int=\count157
\l__regex_step_int=\count158
\l__regex_min_active_int=\count159
\l__regex_max_active_int=\count160
\l__regex_replacement_csnames_int=\count161
\l__regex_match_count_int=\count162
\l__regex_min_submatch_int=\count163
\l__regex_submatch_int=\count164
\l__regex_zeroth_submatch_int=\count165
\g__regex_trace_regex_int=\count166
\c_empty_box=\box27
\l_tmpa_box=\box28
\l_tmpb_box=\box29
\g_tmpa_box=\box30
\g_tmpb_box=\box31
\l__box_top_dim=\dimen109
\l__box_bottom_dim=\dimen110
\l__box_left_dim=\dimen111
\l__box_right_dim=\dimen112
\l__box_top_new_dim=\dimen113
\l__box_bottom_new_dim=\dimen114
\l__box_left_new_dim=\dimen115
\l__box_right_new_dim=\dimen116
\l__box_internal_box=\box32
\l__coffin_internal_box=\box33
\l__coffin_internal_dim=\dimen117
\l__coffin_offset_x_dim=\dimen118
\l__coffin_offset_y_dim=\dimen119
\l__coffin_x_dim=\dimen120
\l__coffin_y_dim=\dimen121
\l__coffin_x_prime_dim=\dimen122
\l__coffin_y_prime_dim=\dimen123
\c_empty_coffin=\box34
\l__coffin_aligned_coffin=\box35
\l__coffin_aligned_internal_coffin=\box36
\l_tmpa_coffin=\box37
\l_tmpb_coffin=\box38
\g_tmpa_coffin=\box39
\g_tmpb_coffin=\box40
\l__coffin_bounding_shift_dim=\dimen124
\l__coffin_left_corner_dim=\dimen125
\l__coffin_right_corner_dim=\dimen126
\l__coffin_bottom_corner_dim=\dimen127
\l__coffin_top_corner_dim=\dimen128
\l__coffin_scaled_total_height_dim=\dimen129
\l__coffin_scaled_width_dim=\dimen130
\c__coffin_empty_coffin=\box41
\l__coffin_display_coffin=\box42
\l__coffin_display_coord_coffin=\box43
\l__coffin_display_pole_coffin=\box44
\l__coffin_display_offset_dim=\dimen131
\l__coffin_display_x_dim=\dimen132
\l__coffin_display_y_dim=\dimen133
\g__char_data_ior=\read1

(/home/melmothx/build/amusewiki-debian-packages/amusewiki/local/texlive/2020/te
xmf-dist/tex/latex/l3kernel/l3deprecation.def
File: l3deprecation.def 2019-04-06 v L3 Deprecated functions
))))
 ) )
Beginning to dump on file latex.fmt
 (preloaded format=latex 2020.5.23)
19500 strings of total length 374344
238149 memory locations dumped; current usage is 165&231183
16122 multiletter control sequences
\font\nullfont=nullfont
\font\OMX/cmex/m/n/10=cmex10
\font\tenln=line10
\font\tenlnw=linew10
\font\tencirc=lcircle10
\font\tencircw=lcirclew10
\font\OT1/cmr/m/n/5=cmr5
\font\OT1/cmr/m/n/7=cmr7
\font\OT1/cmr/m/n/10=cmr10
\font\OML/cmm/m/it/5=cmmi5
\font\OML/cmm/m/it/7=cmmi7
\font\OML/cmm/m/it/10=cmmi10
\font\OMS/cmsy/m/n/5=cmsy5
\font\OMS/cmsy/m/n/7=cmsy7
\font\OMS/cmsy/m/n/10=cmsy10
\font\c__fp_exp_intarray=cmr10 at 0.00002pt
\font\c__fp_trig_intarray=cmr10 at 0.00003pt
\font\g__regex_charcode_intarray=cmr10 at 0.00005pt
\font\g__regex_catcode_intarray=cmr10 at 0.00006pt
\font\g__regex_balance_intarray=cmr10 at 0.00008pt
\font\g__regex_state_active_intarray=cmr10 at 0.00009pt
\font\g__regex_thread_state_intarray=cmr10 at 0.0001pt
\font\g__regex_submatch_prev_intarray=cmr10 at 0.00012pt
\font\g__regex_submatch_begin_intarray=cmr10 at 0.00014pt
\font\g__regex_submatch_end_intarray=cmr10 at 0.00015pt
532331 words of font info for 24 preloaded fonts
1141 hyphenation exceptions
Hyphenation trie of length 332667 has 7951 ops out of 35111
  143 for language 83
  110 for language 82
  138 for language 81
  7 for language 80
  12 for language 79
  53 for language 78
  127 for language 77
  195 for language 76
  71 for language 75
  248 for language 74
  62 for language 73
  66 for language 72
  119 for language 70
  43 for language 69
  58 for language 68
  7 for language 67
  194 for language 66
  37 for language 65
  23 for language 64
  852 for language 63
  852 for language 62
  21 for language 61
  38 for language 60
  77 for language 58
  58 for language 57
  206 for language 56
  25 for language 55
  216 for language 54
  27 for language 53
  37 for language 52
  229 for language 51
  38 for language 50
  21 for language 49
  147 for language 36
  185 for language 35
  18 for language 34
  50 for language 33
  460 for language 32
  235 for language 31
  207 for language 30
  39 for language 29
  76 for language 28
  40 for language 27
  89 for language 26
  31 for language 25
  113 for language 22
  145 for language 21
  377 for language 20
  224 for language 19
  265 for language 18
  60 for language 17
  63 for language 16
  19 for language 15
  14 for language 14
  3 for language 12
  21 for language 11
  54 for language 10
  36 for language 9
  5 for language 8
  148 for language 5
  97 for language 4
  137 for language 3
  2 for language 1
  181 for language 0
0 words of pdfTeX memory
0 indirect objects
No pages of output.
