This is METAFONT, Version 2.71828182 (INIMF)  7 APR 2026 08:35
(/home/melmothx/amusewiki-debian-packages/amusewiki/local/texlive/2026/texmf-dist/web2c/cp227.tcx)
**mf.ini

(/home/melmothx/amusewiki-debian-packages/amusewiki/local/texlive/2026/texmf-di
st/metafont/config/mf.ini
(/home/melmothx/amusewiki-debian-packages/amusewiki/local/texlive/2026/texmf-di
st/metafont/base/plain.mf
Preloading the plain base, version 2.71: preliminaries,
 basic constants and mathematical macros,
 macros for converting from device-independent units to pixels,
 macros and tables for various modes of operation,
 macros for drawing and filling,
 macros for proof labels and rules,
 macros for character and font administration,
and a few last-minute items.)
(/home/melmothx/amusewiki-debian-packages/amusewiki/local/texlive/2026/texmf-di
st/fonts/source/public/modes/modes.mf) )
Beginning to dump on file mf.base
 (preloaded base=mf 2026.4.7)
2242 strings of total length 30549
12003 memory locations dumped; current usage is 3696&7945
1014 symbolic tokens
# actual command line used during this run
# mf-nowin -ini   -jobname=mf -progname=mf -translate-file=cp227.tcx mf.ini </dev/null
