This is pdfTeX, Version 3.141592653-2.6-1.40.23 (TeX Live 2021) (INITEX)  22 MAR 2022 13:24
entering extended mode
 restricted \write18 enabled.
 %&-line parsing enabled.
 (/home/melmothx/build/amusewiki-debian-packages/amusewiki-texlive/opt/amusewiki-texlive/2021/texmf-dist/web2c/cp227.tcx)
***pdfetex.ini

(/home/melmothx/build/amusewiki-debian-packages/amusewiki-texlive/opt/amusewiki
-texlive/2021/texmf-dist/tex/plain/config/pdfetex.ini
(/home/melmothx/build/amusewiki-debian-packages/amusewiki-texlive/opt/amusewiki
-texlive/2021/texmf-dist/tex/generic/tex-ini-files/pdftexconfig.tex)
(/home/melmothx/build/amusewiki-debian-packages/amusewiki-texlive/opt/amusewiki
-texlive/2021/texmf-dist/tex/plain/etex/etex.src
(/home/melmothx/build/amusewiki-debian-packages/amusewiki-texlive/opt/amusewiki
-texlive/2021/texmf-dist/tex/plain/base/plain.tex
Preloading the plain format: codes, registers,
\maxdimen=\dimen10
\hideskip=\skip10
\centering=\skip11
\p@=\dimen11
\z@=\dimen12
\z@skip=\skip12
\voidb@x=\box10
 parameters,
\smallskipamount=\skip13
\medskipamount=\skip14
\bigskipamount=\skip15
\normalbaselineskip=\skip16
\normallineskip=\skip17
\normallineskiplimit=\dimen13
\jot=\dimen14
\interdisplaylinepenalty=\count23
\interfootnotelinepenalty=\count24
 fonts, more fonts,
\itfam=\fam4
\slfam=\fam5
\bffam=\fam6
\ttfam=\fam7

macros,
\strutbox=\box11
\mscount=\count25
\tabs=\box12
\tabsyet=\box13
\tabsdone=\box14
 math definitions,
\rootbox=\box15
\p@renwd=\dimen15
 output routines,
\headline=\toks10
\footline=\toks11
\footins=\insert254
\topins=\insert253
 hyphenation
(/home/melmothx/build/amusewiki-debian-packages/amusewiki-texlive/opt/amusewiki
-texlive/2021/texmf-dist/tex/generic/hyphen/hyphen.tex
[skipping from \patterns to end-of-file...]))
\et@xinput=\read0
\et@xtoks=\toks12

(/home/melmothx/build/amusewiki-debian-packages/amusewiki-texlive/opt/amusewiki
-texlive/2021/texmf-dist/tex/plain/etex/etexdefs.lib
Skipping module "grouptypes"; Loading module "interactionmodes";
Skipping module "nodetypes"; Skipping module "iftypes";)
(/home/melmothx/build/amusewiki-debian-packages/amusewiki-texlive/opt/amusewiki
-texlive/2021/texmf-var/tex/generic/config/language.def
\lang@USenglish=\language0

(/home/melmothx/build/amusewiki-debian-packages/amusewiki-texlive/opt/amusewiki
-texlive/2021/texmf-dist/tex/generic/hyphen/hyphen.tex)
\lang@afrikaans=\language1

(/home/melmothx/build/amusewiki-debian-packages/amusewiki-texlive/opt/amusewiki
-texlive/2021/texmf-dist/tex/generic/hyph-utf8/loadhyph/loadhyph-af.tex
EC Afrikaans hyphenation patterns
(/home/melmothx/build/amusewiki-debian-packages/amusewiki-texlive/opt/amusewiki
-texlive/2021/texmf-dist/tex/generic/hyph-utf8/conversions/conv-utf8-ec.tex)
(/home/melmothx/build/amusewiki-debian-packages/amusewiki-texlive/opt/amusewiki
-texlive/2021/texmf-dist/tex/generic/hyph-utf8/patterns/tex/hyph-af.tex))
\lang@ancientgreek=\language2

(/home/melmothx/build/amusewiki-debian-packages/amusewiki-texlive/opt/amusewiki
-texlive/2021/texmf-dist/tex/generic/hyph-utf8/loadhyph/loadhyph-grc.tex
Hyphenation patterns for Ancient Greek
(/home/melmothx/build/amusewiki-debian-packages/amusewiki-texlive/opt/amusewiki
-texlive/2021/texmf-dist/tex/generic/hyphen/grahyph5.tex
Hyphenation patterns for Ancient Greek))
\lang@ibycus=\language3

(/home/melmothx/build/amusewiki-debian-packages/amusewiki-texlive/opt/amusewiki
-texlive/2021/texmf-dist/tex/generic/hyphen/ibyhyph.tex
Greek hyphenation patterns for Ibycus encoding, v3.0)
\lang@arabic=\language4

(/home/melmothx/build/amusewiki-debian-packages/amusewiki-texlive/opt/amusewiki
-texlive/2021/texmf-dist/tex/generic/hyphen/zerohyph.tex)
\lang@armenian=\language5

(/home/melmothx/build/amusewiki-debian-packages/amusewiki-texlive/opt/amusewiki
-texlive/2021/texmf-dist/tex/generic/hyph-utf8/loadhyph/loadhyph-hy.tex
No Armenian hyphenation patterns - only for Unicode engines)
\lang@basque=\language6

(/home/melmothx/build/amusewiki-debian-packages/amusewiki-texlive/opt/amusewiki
-texlive/2021/texmf-dist/tex/generic/hyph-utf8/loadhyph/loadhyph-eu.tex
EC Basque hyphenation patterns
(/home/melmothx/build/amusewiki-debian-packages/amusewiki-texlive/opt/amusewiki
-texlive/2021/texmf-dist/tex/generic/hyph-utf8/conversions/conv-utf8-ec.tex)
(/home/melmothx/build/amusewiki-debian-packages/amusewiki-texlive/opt/amusewiki
-texlive/2021/texmf-dist/tex/generic/hyph-utf8/patterns/tex/hyph-eu.tex))
\lang@belarusian=\language7

(/home/melmothx/build/amusewiki-debian-packages/amusewiki-texlive/opt/amusewiki
-texlive/2021/texmf-dist/tex/generic/hyph-utf8/loadhyph/loadhyph-be.tex
T2A Belarusian hyphenation patterns
(/home/melmothx/build/amusewiki-debian-packages/amusewiki-texlive/opt/amusewiki
-texlive/2021/texmf-dist/tex/generic/hyph-utf8/conversions/conv-utf8-t2a.tex)
(/home/melmothx/build/amusewiki-debian-packages/amusewiki-texlive/opt/amusewiki
-texlive/2021/texmf-dist/tex/generic/hyph-utf8/patterns/tex/hyph-be.tex))
\lang@bulgarian=\language8

(/home/melmothx/build/amusewiki-debian-packages/amusewiki-texlive/opt/amusewiki
-texlive/2021/texmf-dist/tex/generic/hyph-utf8/loadhyph/loadhyph-bg.tex
T2A Bulgarian hyphenation patterns
(/home/melmothx/build/amusewiki-debian-packages/amusewiki-texlive/opt/amusewiki
-texlive/2021/texmf-dist/tex/generic/hyph-utf8/conversions/conv-utf8-t2a.tex)
(/home/melmothx/build/amusewiki-debian-packages/amusewiki-texlive/opt/amusewiki
-texlive/2021/texmf-dist/tex/generic/hyph-utf8/patterns/tex/hyph-bg.tex
Bulgarian hyphenation patterns (options: --safe-morphology --standalone-tex, ve
rsion 21 October 2017)))
\lang@catalan=\language9

(/home/melmothx/build/amusewiki-debian-packages/amusewiki-texlive/opt/amusewiki
-texlive/2021/texmf-dist/tex/generic/hyph-utf8/loadhyph/loadhyph-ca.tex
EC Catalan hyphenation patterns
(/home/melmothx/build/amusewiki-debian-packages/amusewiki-texlive/opt/amusewiki
-texlive/2021/texmf-dist/tex/generic/hyph-utf8/conversions/conv-utf8-ec.tex)
(/home/melmothx/build/amusewiki-debian-packages/amusewiki-texlive/opt/amusewiki
-texlive/2021/texmf-dist/tex/generic/hyph-utf8/patterns/tex/hyph-ca.tex))
\lang@pinyin=\language10

(/home/melmothx/build/amusewiki-debian-packages/amusewiki-texlive/opt/amusewiki
-texlive/2021/texmf-dist/tex/generic/hyph-utf8/loadhyph/loadhyph-zh-latn-pinyin
.tex EC Pinyin Hyphenation Patterns (with tone markers) 2018-11-25 (WL)
(/home/melmothx/build/amusewiki-debian-packages/amusewiki-texlive/opt/amusewiki
-texlive/2021/texmf-dist/tex/generic/hyph-utf8/patterns/ptex/hyph-zh-latn-pinyi
n.ec.tex))
\lang@churchslavonic=\language11

(/home/melmothx/build/amusewiki-debian-packages/amusewiki-texlive/opt/amusewiki
-texlive/2021/texmf-dist/tex/generic/hyph-utf8/loadhyph/loadhyph-cu.tex
No Church Slavonic hyphenation patterns - only for Unicode engines)
\lang@coptic=\language12

(/home/melmothx/build/amusewiki-debian-packages/amusewiki-texlive/opt/amusewiki
-texlive/2021/texmf-dist/tex/generic/hyph-utf8/loadhyph/loadhyph-cop.tex
Coptic hyphenation patterns
(/home/melmothx/build/amusewiki-debian-packages/amusewiki-texlive/opt/amusewiki
-texlive/2021/texmf-dist/tex/generic/hyph-utf8/patterns/tex-8bit/copthyph.tex))
\lang@croatian=\language13

(/home/melmothx/build/amusewiki-debian-packages/amusewiki-texlive/opt/amusewiki
-texlive/2021/texmf-dist/tex/generic/hyph-utf8/loadhyph/loadhyph-hr.tex
EC Croatian hyphenation patterns
(/home/melmothx/build/amusewiki-debian-packages/amusewiki-texlive/opt/amusewiki
-texlive/2021/texmf-dist/tex/generic/hyph-utf8/conversions/conv-utf8-ec.tex)
(/home/melmothx/build/amusewiki-debian-packages/amusewiki-texlive/opt/amusewiki
-texlive/2021/texmf-dist/tex/generic/hyph-utf8/patterns/tex/hyph-hr.tex))
\lang@czech=\language14

(/home/melmothx/build/amusewiki-debian-packages/amusewiki-texlive/opt/amusewiki
-texlive/2021/texmf-dist/tex/generic/hyph-utf8/loadhyph/loadhyph-cs.tex
EC Czech hyphenation patterns
(/home/melmothx/build/amusewiki-debian-packages/amusewiki-texlive/opt/amusewiki
-texlive/2021/texmf-dist/tex/generic/hyph-utf8/conversions/conv-utf8-ec.tex)
(/home/melmothx/build/amusewiki-debian-packages/amusewiki-texlive/opt/amusewiki
-texlive/2021/texmf-dist/tex/generic/hyph-utf8/patterns/tex/hyph-cs.tex))
\lang@danish=\language15

(/home/melmothx/build/amusewiki-debian-packages/amusewiki-texlive/opt/amusewiki
-texlive/2021/texmf-dist/tex/generic/hyph-utf8/loadhyph/loadhyph-da.tex
EC Danish hyphenation patterns
(/home/melmothx/build/amusewiki-debian-packages/amusewiki-texlive/opt/amusewiki
-texlive/2021/texmf-dist/tex/generic/hyph-utf8/conversions/conv-utf8-ec.tex)
(/home/melmothx/build/amusewiki-debian-packages/amusewiki-texlive/opt/amusewiki
-texlive/2021/texmf-dist/tex/generic/hyph-utf8/patterns/tex/hyph-da.tex))
\lang@dutch=\language16

(/home/melmothx/build/amusewiki-debian-packages/amusewiki-texlive/opt/amusewiki
-texlive/2021/texmf-dist/tex/generic/hyph-utf8/loadhyph/loadhyph-nl.tex
EC Dutch hyphenation patterns
(/home/melmothx/build/amusewiki-debian-packages/amusewiki-texlive/opt/amusewiki
-texlive/2021/texmf-dist/tex/generic/hyph-utf8/conversions/conv-utf8-ec.tex)
(/home/melmothx/build/amusewiki-debian-packages/amusewiki-texlive/opt/amusewiki
-texlive/2021/texmf-dist/tex/generic/hyph-utf8/patterns/tex/hyph-nl.tex))
\lang@ukenglish=\language17

(/home/melmothx/build/amusewiki-debian-packages/amusewiki-texlive/opt/amusewiki
-texlive/2021/texmf-dist/tex/generic/hyph-utf8/loadhyph/loadhyph-en-gb.tex
ASCII Hyphenation patterns for British English
(/home/melmothx/build/amusewiki-debian-packages/amusewiki-texlive/opt/amusewiki
-texlive/2021/texmf-dist/tex/generic/hyph-utf8/patterns/tex/hyph-en-gb.tex))
\lang@british=\language18

(/home/melmothx/build/amusewiki-debian-packages/amusewiki-texlive/opt/amusewiki
-texlive/2021/texmf-dist/tex/generic/hyph-utf8/loadhyph/loadhyph-en-gb.tex
ASCII Hyphenation patterns for British English
(/home/melmothx/build/amusewiki-debian-packages/amusewiki-texlive/opt/amusewiki
-texlive/2021/texmf-dist/tex/generic/hyph-utf8/patterns/tex/hyph-en-gb.tex))
\lang@UKenglish=\language19

(/home/melmothx/build/amusewiki-debian-packages/amusewiki-texlive/opt/amusewiki
-texlive/2021/texmf-dist/tex/generic/hyph-utf8/loadhyph/loadhyph-en-gb.tex
ASCII Hyphenation patterns for British English
(/home/melmothx/build/amusewiki-debian-packages/amusewiki-texlive/opt/amusewiki
-texlive/2021/texmf-dist/tex/generic/hyph-utf8/patterns/tex/hyph-en-gb.tex))
\lang@usenglishmax=\language20

(/home/melmothx/build/amusewiki-debian-packages/amusewiki-texlive/opt/amusewiki
-texlive/2021/texmf-dist/tex/generic/hyph-utf8/loadhyph/loadhyph-en-us.tex
ASCII Hyphenation patterns for American English
(/home/melmothx/build/amusewiki-debian-packages/amusewiki-texlive/opt/amusewiki
-texlive/2021/texmf-dist/tex/generic/hyph-utf8/patterns/tex/hyph-en-us.tex))
\lang@esperanto=\language21

(/home/melmothx/build/amusewiki-debian-packages/amusewiki-texlive/opt/amusewiki
-texlive/2021/texmf-dist/tex/generic/hyph-utf8/loadhyph/loadhyph-eo.tex
IL3 Esperanto hyphenation patterns
(/home/melmothx/build/amusewiki-debian-packages/amusewiki-texlive/opt/amusewiki
-texlive/2021/texmf-dist/tex/generic/hyph-utf8/conversions/conv-utf8-il3.tex)
(/home/melmothx/build/amusewiki-debian-packages/amusewiki-texlive/opt/amusewiki
-texlive/2021/texmf-dist/tex/generic/hyph-utf8/patterns/tex/hyph-eo.tex))
\lang@estonian=\language22

(/home/melmothx/build/amusewiki-debian-packages/amusewiki-texlive/opt/amusewiki
-texlive/2021/texmf-dist/tex/generic/hyph-utf8/loadhyph/loadhyph-et.tex
EC Estonian hyphenation patterns
(/home/melmothx/build/amusewiki-debian-packages/amusewiki-texlive/opt/amusewiki
-texlive/2021/texmf-dist/tex/generic/hyph-utf8/conversions/conv-utf8-ec.tex)
(/home/melmothx/build/amusewiki-debian-packages/amusewiki-texlive/opt/amusewiki
-texlive/2021/texmf-dist/tex/generic/hyph-utf8/patterns/tex/hyph-et.tex))
\lang@ethiopic=\language23

(/home/melmothx/build/amusewiki-debian-packages/amusewiki-texlive/opt/amusewiki
-texlive/2021/texmf-dist/tex/generic/hyph-utf8/loadhyph/loadhyph-mul-ethi.tex
No Pan-Ethiopic hyphenation patterns - only for Unicode engines)
\lang@amharic=\language24

(/home/melmothx/build/amusewiki-debian-packages/amusewiki-texlive/opt/amusewiki
-texlive/2021/texmf-dist/tex/generic/hyph-utf8/loadhyph/loadhyph-mul-ethi.tex
No Pan-Ethiopic hyphenation patterns - only for Unicode engines)
\lang@geez=\language25

(/home/melmothx/build/amusewiki-debian-packages/amusewiki-texlive/opt/amusewiki
-texlive/2021/texmf-dist/tex/generic/hyph-utf8/loadhyph/loadhyph-mul-ethi.tex
No Pan-Ethiopic hyphenation patterns - only for Unicode engines)
\lang@farsi=\language26

(/home/melmothx/build/amusewiki-debian-packages/amusewiki-texlive/opt/amusewiki
-texlive/2021/texmf-dist/tex/generic/hyphen/zerohyph.tex)
\lang@persian=\language27

(/home/melmothx/build/amusewiki-debian-packages/amusewiki-texlive/opt/amusewiki
-texlive/2021/texmf-dist/tex/generic/hyphen/zerohyph.tex)
\lang@finnish=\language28

(/home/melmothx/build/amusewiki-debian-packages/amusewiki-texlive/opt/amusewiki
-texlive/2021/texmf-dist/tex/generic/hyph-utf8/loadhyph/loadhyph-fi.tex
EC Finnish hyphenation patterns
(/home/melmothx/build/amusewiki-debian-packages/amusewiki-texlive/opt/amusewiki
-texlive/2021/texmf-dist/tex/generic/hyph-utf8/conversions/conv-utf8-ec.tex)
(/home/melmothx/build/amusewiki-debian-packages/amusewiki-texlive/opt/amusewiki
-texlive/2021/texmf-dist/tex/generic/hyph-utf8/patterns/tex/hyph-fi.tex))
\lang@schoolfinnish=\language29

(/home/melmothx/build/amusewiki-debian-packages/amusewiki-texlive/opt/amusewiki
-texlive/2021/texmf-dist/tex/generic/hyph-utf8/loadhyph/loadhyph-fi-x-school.te
x EC Finnish hyphenation patterns for school
(/home/melmothx/build/amusewiki-debian-packages/amusewiki-texlive/opt/amusewiki
-texlive/2021/texmf-dist/tex/generic/hyph-utf8/conversions/conv-utf8-ec.tex)
(/home/melmothx/build/amusewiki-debian-packages/amusewiki-texlive/opt/amusewiki
-texlive/2021/texmf-dist/tex/generic/hyph-utf8/patterns/tex/hyph-fi-x-school.te
x))
\lang@french=\language30

(/home/melmothx/build/amusewiki-debian-packages/amusewiki-texlive/opt/amusewiki
-texlive/2021/texmf-dist/tex/generic/hyph-utf8/loadhyph/loadhyph-fr.tex
EC French hyphenation patterns
(/home/melmothx/build/amusewiki-debian-packages/amusewiki-texlive/opt/amusewiki
-texlive/2021/texmf-dist/tex/generic/hyph-utf8/conversions/conv-utf8-ec.tex)
(/home/melmothx/build/amusewiki-debian-packages/amusewiki-texlive/opt/amusewiki
-texlive/2021/texmf-dist/tex/generic/hyph-utf8/patterns/tex/hyph-fr.tex))
\lang@patois=\language31

(/home/melmothx/build/amusewiki-debian-packages/amusewiki-texlive/opt/amusewiki
-texlive/2021/texmf-dist/tex/generic/hyph-utf8/loadhyph/loadhyph-fr.tex
EC French hyphenation patterns
(/home/melmothx/build/amusewiki-debian-packages/amusewiki-texlive/opt/amusewiki
-texlive/2021/texmf-dist/tex/generic/hyph-utf8/conversions/conv-utf8-ec.tex)
(/home/melmothx/build/amusewiki-debian-packages/amusewiki-texlive/opt/amusewiki
-texlive/2021/texmf-dist/tex/generic/hyph-utf8/patterns/tex/hyph-fr.tex))
\lang@francais=\language32

(/home/melmothx/build/amusewiki-debian-packages/amusewiki-texlive/opt/amusewiki
-texlive/2021/texmf-dist/tex/generic/hyph-utf8/loadhyph/loadhyph-fr.tex
EC French hyphenation patterns
(/home/melmothx/build/amusewiki-debian-packages/amusewiki-texlive/opt/amusewiki
-texlive/2021/texmf-dist/tex/generic/hyph-utf8/conversions/conv-utf8-ec.tex)
(/home/melmothx/build/amusewiki-debian-packages/amusewiki-texlive/opt/amusewiki
-texlive/2021/texmf-dist/tex/generic/hyph-utf8/patterns/tex/hyph-fr.tex))
\lang@friulan=\language33

(/home/melmothx/build/amusewiki-debian-packages/amusewiki-texlive/opt/amusewiki
-texlive/2021/texmf-dist/tex/generic/hyph-utf8/loadhyph/loadhyph-fur.tex
EC Friulan hyphenation patterns
(/home/melmothx/build/amusewiki-debian-packages/amusewiki-texlive/opt/amusewiki
-texlive/2021/texmf-dist/tex/generic/hyph-utf8/conversions/conv-utf8-ec.tex)
(/home/melmothx/build/amusewiki-debian-packages/amusewiki-texlive/opt/amusewiki
-texlive/2021/texmf-dist/tex/generic/hyph-utf8/patterns/tex/hyph-fur.tex))
\lang@galician=\language34

(/home/melmothx/build/amusewiki-debian-packages/amusewiki-texlive/opt/amusewiki
-texlive/2021/texmf-dist/tex/generic/hyph-utf8/loadhyph/loadhyph-gl.tex
EC Galician hyphenation patterns
(/home/melmothx/build/amusewiki-debian-packages/amusewiki-texlive/opt/amusewiki
-texlive/2021/texmf-dist/tex/generic/hyph-utf8/conversions/conv-utf8-ec.tex)
(/home/melmothx/build/amusewiki-debian-packages/amusewiki-texlive/opt/amusewiki
-texlive/2021/texmf-dist/tex/generic/hyph-utf8/patterns/tex/hyph-gl.tex))
\lang@georgian=\language35

(/home/melmothx/build/amusewiki-debian-packages/amusewiki-texlive/opt/amusewiki
-texlive/2021/texmf-dist/tex/generic/hyph-utf8/loadhyph/loadhyph-ka.tex
T8M Georgian hyphenation patterns
(/home/melmothx/build/amusewiki-debian-packages/amusewiki-texlive/opt/amusewiki
-texlive/2021/texmf-dist/tex/generic/hyph-utf8/conversions/conv-utf8-t8m.tex)
(/home/melmothx/build/amusewiki-debian-packages/amusewiki-texlive/opt/amusewiki
-texlive/2021/texmf-dist/tex/generic/hyph-utf8/patterns/tex/hyph-ka.tex))
\lang@german=\language36

(/home/melmothx/build/amusewiki-debian-packages/amusewiki-texlive/opt/amusewiki
-texlive/2021/texmf-dist/tex/generic/hyph-utf8/loadhyph/loadhyph-de-1901.tex
EC German hyphenation patterns (traditional orthography)
(/home/melmothx/build/amusewiki-debian-packages/amusewiki-texlive/opt/amusewiki
-texlive/2021/texmf-dist/tex/generic/dehyph/dehypht.tex
German Traditional Hyphenation Patterns `dehypht' Version 3.2a <1999/03/03>
(Formerly known under the name `ghyph31' and `ghyphen'.)))
\lang@ngerman=\language37

(/home/melmothx/build/amusewiki-debian-packages/amusewiki-texlive/opt/amusewiki
-texlive/2021/texmf-dist/tex/generic/hyph-utf8/loadhyph/loadhyph-de-1996.tex
EC German hyphenation patterns (reformed orthography)
(/home/melmothx/build/amusewiki-debian-packages/amusewiki-texlive/opt/amusewiki
-texlive/2021/texmf-dist/tex/generic/dehyph/dehyphn.tex
New German Hyphenation Patterns `dehyphn' Rev.31 <2001-05-07> (WaS)))
\lang@swissgerman=\language38

(/home/melmothx/build/amusewiki-debian-packages/amusewiki-texlive/opt/amusewiki
-texlive/2021/texmf-dist/tex/generic/hyph-utf8/loadhyph/loadhyph-de-ch-1901.tex
EC Swiss-German hyphenation patterns (traditional orthography)
(/home/melmothx/build/amusewiki-debian-packages/amusewiki-texlive/opt/amusewiki
-texlive/2021/texmf-dist/tex/generic/hyph-utf8/conversions/conv-utf8-ec.tex)
(/home/melmothx/build/amusewiki-debian-packages/amusewiki-texlive/opt/amusewiki
-texlive/2021/texmf-dist/tex/generic/hyph-utf8/patterns/tex/hyph-de-ch-1901.tex

Swiss-German Hyphenation Patterns (Traditional Orthography) `dehyphts-x' 2021-0
2-26 (WL)))
\lang@greek=\language39

(/home/melmothx/build/amusewiki-debian-packages/amusewiki-texlive/opt/amusewiki
-texlive/2021/texmf-dist/tex/generic/hyph-utf8/loadhyph/loadhyph-el-polyton.tex
Hyphenation patterns for multi-accent (polytonic) Modern Greek
(/home/melmothx/build/amusewiki-debian-packages/amusewiki-texlive/opt/amusewiki
-texlive/2021/texmf-dist/tex/generic/hyphen/grphyph5.tex
Hyphenation patterns for multi-accent (polytonic) Modern Greek))
\lang@polygreek=\language40

(/home/melmothx/build/amusewiki-debian-packages/amusewiki-texlive/opt/amusewiki
-texlive/2021/texmf-dist/tex/generic/hyph-utf8/loadhyph/loadhyph-el-polyton.tex
Hyphenation patterns for multi-accent (polytonic) Modern Greek
(/home/melmothx/build/amusewiki-debian-packages/amusewiki-texlive/opt/amusewiki
-texlive/2021/texmf-dist/tex/generic/hyphen/grphyph5.tex
Hyphenation patterns for multi-accent (polytonic) Modern Greek))
\lang@monogreek=\language41

(/home/melmothx/build/amusewiki-debian-packages/amusewiki-texlive/opt/amusewiki
-texlive/2021/texmf-dist/tex/generic/hyph-utf8/loadhyph/loadhyph-el-monoton.tex
Hyphenation patterns for uni-accent (monotonic) Modern Greek
(/home/melmothx/build/amusewiki-debian-packages/amusewiki-texlive/opt/amusewiki
-texlive/2021/texmf-dist/tex/generic/hyphen/grmhyph5.tex
Hyphenation patterns for uni-accent (monotonic) Modern Greek))
\lang@hungarian=\language42

(/home/melmothx/build/amusewiki-debian-packages/amusewiki-texlive/opt/amusewiki
-texlive/2021/texmf-dist/tex/generic/hyph-utf8/loadhyph/loadhyph-hu.tex
EC Hungarian hyphenation patterns
(/home/melmothx/build/amusewiki-debian-packages/amusewiki-texlive/opt/amusewiki
-texlive/2021/texmf-dist/tex/generic/hyph-utf8/conversions/conv-utf8-ec.tex)
(/home/melmothx/build/amusewiki-debian-packages/amusewiki-texlive/opt/amusewiki
-texlive/2021/texmf-dist/tex/generic/hyph-utf8/patterns/tex/hyph-hu.tex))
\lang@icelandic=\language43

(/home/melmothx/build/amusewiki-debian-packages/amusewiki-texlive/opt/amusewiki
-texlive/2021/texmf-dist/tex/generic/hyph-utf8/loadhyph/loadhyph-is.tex
EC Icelandic hyphenation patterns
(/home/melmothx/build/amusewiki-debian-packages/amusewiki-texlive/opt/amusewiki
-texlive/2021/texmf-dist/tex/generic/hyph-utf8/conversions/conv-utf8-ec.tex)
(/home/melmothx/build/amusewiki-debian-packages/amusewiki-texlive/opt/amusewiki
-texlive/2021/texmf-dist/tex/generic/hyph-utf8/patterns/tex/hyph-is.tex))
\lang@assamese=\language44

(/home/melmothx/build/amusewiki-debian-packages/amusewiki-texlive/opt/amusewiki
-texlive/2021/texmf-dist/tex/generic/hyph-utf8/loadhyph/loadhyph-as.tex
No Assamese hyphenation patterns - only for Unicode engines)
\lang@bengali=\language45

(/home/melmothx/build/amusewiki-debian-packages/amusewiki-texlive/opt/amusewiki
-texlive/2021/texmf-dist/tex/generic/hyph-utf8/loadhyph/loadhyph-bn.tex
No Bengali hyphenation patterns - only for Unicode engines)
\lang@gujarati=\language46

(/home/melmothx/build/amusewiki-debian-packages/amusewiki-texlive/opt/amusewiki
-texlive/2021/texmf-dist/tex/generic/hyph-utf8/loadhyph/loadhyph-gu.tex
No Gujarati hyphenation patterns - only for Unicode engines)
\lang@hindi=\language47

(/home/melmothx/build/amusewiki-debian-packages/amusewiki-texlive/opt/amusewiki
-texlive/2021/texmf-dist/tex/generic/hyph-utf8/loadhyph/loadhyph-hi.tex
No Hindi hyphenation patterns - only for Unicode engines)
\lang@kannada=\language48

(/home/melmothx/build/amusewiki-debian-packages/amusewiki-texlive/opt/amusewiki
-texlive/2021/texmf-dist/tex/generic/hyph-utf8/loadhyph/loadhyph-kn.tex
No Kannada hyphenation patterns - only for Unicode engines)
\lang@malayalam=\language49

(/home/melmothx/build/amusewiki-debian-packages/amusewiki-texlive/opt/amusewiki
-texlive/2021/texmf-dist/tex/generic/hyph-utf8/loadhyph/loadhyph-ml.tex
No Malayalam hyphenation patterns - only for Unicode engines)
\lang@marathi=\language50

(/home/melmothx/build/amusewiki-debian-packages/amusewiki-texlive/opt/amusewiki
-texlive/2021/texmf-dist/tex/generic/hyph-utf8/loadhyph/loadhyph-mr.tex
No Marathi hyphenation patterns - only for Unicode engines)
\lang@oriya=\language51

(/home/melmothx/build/amusewiki-debian-packages/amusewiki-texlive/opt/amusewiki
-texlive/2021/texmf-dist/tex/generic/hyph-utf8/loadhyph/loadhyph-or.tex
No Oriya hyphenation patterns - only for Unicode engines)
\lang@pali=\language52

(/home/melmothx/build/amusewiki-debian-packages/amusewiki-texlive/opt/amusewiki
-texlive/2021/texmf-dist/tex/generic/hyph-utf8/loadhyph/loadhyph-pi.tex
No Pali hyphenation patterns - only for Unicode engines)
\lang@panjabi=\language53

(/home/melmothx/build/amusewiki-debian-packages/amusewiki-texlive/opt/amusewiki
-texlive/2021/texmf-dist/tex/generic/hyph-utf8/loadhyph/loadhyph-pa.tex
No Panjabi hyphenation patterns - only for Unicode engines)
\lang@tamil=\language54

(/home/melmothx/build/amusewiki-debian-packages/amusewiki-texlive/opt/amusewiki
-texlive/2021/texmf-dist/tex/generic/hyph-utf8/loadhyph/loadhyph-ta.tex
No Tamil hyphenation patterns - only for Unicode engines)
\lang@telugu=\language55

(/home/melmothx/build/amusewiki-debian-packages/amusewiki-texlive/opt/amusewiki
-texlive/2021/texmf-dist/tex/generic/hyph-utf8/loadhyph/loadhyph-te.tex
No Telugu hyphenation patterns - only for Unicode engines)
\lang@indonesian=\language56

(/home/melmothx/build/amusewiki-debian-packages/amusewiki-texlive/opt/amusewiki
-texlive/2021/texmf-dist/tex/generic/hyph-utf8/loadhyph/loadhyph-id.tex
ASCII Indonesian hyphenation patterns
(/home/melmothx/build/amusewiki-debian-packages/amusewiki-texlive/opt/amusewiki
-texlive/2021/texmf-dist/tex/generic/hyph-utf8/patterns/tex/hyph-id.tex))
\lang@interlingua=\language57

(/home/melmothx/build/amusewiki-debian-packages/amusewiki-texlive/opt/amusewiki
-texlive/2021/texmf-dist/tex/generic/hyph-utf8/loadhyph/loadhyph-ia.tex
ASCII Hyphenation patterns for Interlingua
(/home/melmothx/build/amusewiki-debian-packages/amusewiki-texlive/opt/amusewiki
-texlive/2021/texmf-dist/tex/generic/hyph-utf8/patterns/tex/hyph-ia.tex))
\lang@irish=\language58

(/home/melmothx/build/amusewiki-debian-packages/amusewiki-texlive/opt/amusewiki
-texlive/2021/texmf-dist/tex/generic/hyph-utf8/loadhyph/loadhyph-ga.tex
EC Irish hyphenation patterns
(/home/melmothx/build/amusewiki-debian-packages/amusewiki-texlive/opt/amusewiki
-texlive/2021/texmf-dist/tex/generic/hyph-utf8/conversions/conv-utf8-ec.tex)
(/home/melmothx/build/amusewiki-debian-packages/amusewiki-texlive/opt/amusewiki
-texlive/2021/texmf-dist/tex/generic/hyph-utf8/patterns/tex/hyph-ga.tex))
\lang@italian=\language59

(/home/melmothx/build/amusewiki-debian-packages/amusewiki-texlive/opt/amusewiki
-texlive/2021/texmf-dist/tex/generic/hyph-utf8/loadhyph/loadhyph-it.tex
ASCII Italian hyphenation patterns
(/home/melmothx/build/amusewiki-debian-packages/amusewiki-texlive/opt/amusewiki
-texlive/2021/texmf-dist/tex/generic/hyph-utf8/patterns/tex/hyph-it.tex))
\lang@kurmanji=\language60

(/home/melmothx/build/amusewiki-debian-packages/amusewiki-texlive/opt/amusewiki
-texlive/2021/texmf-dist/tex/generic/hyph-utf8/loadhyph/loadhyph-kmr.tex
EC Kurmanji hyphenation patterns
(/home/melmothx/build/amusewiki-debian-packages/amusewiki-texlive/opt/amusewiki
-texlive/2021/texmf-dist/tex/generic/hyph-utf8/conversions/conv-utf8-ec.tex)
(/home/melmothx/build/amusewiki-debian-packages/amusewiki-texlive/opt/amusewiki
-texlive/2021/texmf-dist/tex/generic/hyph-utf8/patterns/tex/hyph-kmr.tex))
\lang@classiclatin=\language61

(/home/melmothx/build/amusewiki-debian-packages/amusewiki-texlive/opt/amusewiki
-texlive/2021/texmf-dist/tex/generic/hyph-utf8/loadhyph/loadhyph-la-x-classic.t
ex EC Classical Latin hyphenation patterns, v.2.0 2019-07-03
(/home/melmothx/build/amusewiki-debian-packages/amusewiki-texlive/opt/amusewiki
-texlive/2021/texmf-dist/tex/generic/hyph-utf8/patterns/tex-8bit/hyph-la-x-clas
sic.ec.tex))
\lang@latin=\language62

(/home/melmothx/build/amusewiki-debian-packages/amusewiki-texlive/opt/amusewiki
-texlive/2021/texmf-dist/tex/generic/hyph-utf8/loadhyph/loadhyph-la.tex
EC Latin hyphenation patterns
(/home/melmothx/build/amusewiki-debian-packages/amusewiki-texlive/opt/amusewiki
-texlive/2021/texmf-dist/tex/generic/hyph-utf8/conversions/conv-utf8-ec.tex)
(/home/melmothx/build/amusewiki-debian-packages/amusewiki-texlive/opt/amusewiki
-texlive/2021/texmf-dist/tex/generic/hyph-utf8/patterns/tex/hyph-la.tex))
\lang@liturgicallatin=\language63

(/home/melmothx/build/amusewiki-debian-packages/amusewiki-texlive/opt/amusewiki
-texlive/2021/texmf-dist/tex/generic/hyph-utf8/loadhyph/loadhyph-la-x-liturgic.
tex EC Liturgical Latin hyphenation patterns
(/home/melmothx/build/amusewiki-debian-packages/amusewiki-texlive/opt/amusewiki
-texlive/2021/texmf-dist/tex/generic/hyph-utf8/patterns/ptex/hyph-la-x-liturgic
.ec.tex))
\lang@latvian=\language64

(/home/melmothx/build/amusewiki-debian-packages/amusewiki-texlive/opt/amusewiki
-texlive/2021/texmf-dist/tex/generic/hyph-utf8/loadhyph/loadhyph-lv.tex
L7X Latvian hyphenation patterns
(/home/melmothx/build/amusewiki-debian-packages/amusewiki-texlive/opt/amusewiki
-texlive/2021/texmf-dist/tex/generic/hyph-utf8/conversions/conv-utf8-l7x.tex)
(/home/melmothx/build/amusewiki-debian-packages/amusewiki-texlive/opt/amusewiki
-texlive/2021/texmf-dist/tex/generic/hyph-utf8/patterns/tex/hyph-lv.tex))
\lang@lithuanian=\language65

(/home/melmothx/build/amusewiki-debian-packages/amusewiki-texlive/opt/amusewiki
-texlive/2021/texmf-dist/tex/generic/hyph-utf8/loadhyph/loadhyph-lt.tex
L7X Lithuanian hyphenation patterns
(/home/melmothx/build/amusewiki-debian-packages/amusewiki-texlive/opt/amusewiki
-texlive/2021/texmf-dist/tex/generic/hyph-utf8/conversions/conv-utf8-l7x.tex)
(/home/melmothx/build/amusewiki-debian-packages/amusewiki-texlive/opt/amusewiki
-texlive/2021/texmf-dist/tex/generic/hyph-utf8/patterns/tex/hyph-lt.tex))
\lang@macedonian=\language66

(/home/melmothx/build/amusewiki-debian-packages/amusewiki-texlive/opt/amusewiki
-texlive/2021/texmf-dist/tex/generic/hyph-utf8/loadhyph/loadhyph-mk.tex
MACEDONIAN Macedonian hyphenation patterns
(/home/melmothx/build/amusewiki-debian-packages/amusewiki-texlive/opt/amusewiki
-texlive/2021/texmf-dist/tex/generic/hyph-utf8/patterns/tex-8bit/hyph-mk.macedo
nian.tex))
\lang@mongolian=\language67

(/home/melmothx/build/amusewiki-debian-packages/amusewiki-texlive/opt/amusewiki
-texlive/2021/texmf-dist/tex/generic/hyph-utf8/loadhyph/loadhyph-mn-cyrl.tex
T2A (New) Mongolian hyphenation patterns
(/home/melmothx/build/amusewiki-debian-packages/amusewiki-texlive/opt/amusewiki
-texlive/2021/texmf-dist/tex/generic/hyph-utf8/conversions/conv-utf8-t2a.tex)
(/home/melmothx/build/amusewiki-debian-packages/amusewiki-texlive/opt/amusewiki
-texlive/2021/texmf-dist/tex/generic/hyph-utf8/patterns/tex/hyph-mn-cyrl.tex))
\lang@mongolianlmc=\language68

(/home/melmothx/build/amusewiki-debian-packages/amusewiki-texlive/opt/amusewiki
-texlive/2021/texmf-dist/tex/generic/hyph-utf8/loadhyph/loadhyph-mn-cyrl-x-lmc.
tex LMC Mongolian hyphenation patterns
(/home/melmothx/build/amusewiki-debian-packages/amusewiki-texlive/opt/amusewiki
-texlive/2021/texmf-dist/tex/generic/hyph-utf8/conversions/conv-utf8-lmc.tex)
(/home/melmothx/build/amusewiki-debian-packages/amusewiki-texlive/opt/amusewiki
-texlive/2021/texmf-dist/tex/generic/hyph-utf8/patterns/tex/hyph-mn-cyrl-x-lmc.
tex))
\lang@bokmal=\language69

(/home/melmothx/build/amusewiki-debian-packages/amusewiki-texlive/opt/amusewiki
-texlive/2021/texmf-dist/tex/generic/hyph-utf8/loadhyph/loadhyph-nb.tex
EC Norwegian Bokmal hyphenation patterns
(/home/melmothx/build/amusewiki-debian-packages/amusewiki-texlive/opt/amusewiki
-texlive/2021/texmf-dist/tex/generic/hyph-utf8/conversions/conv-utf8-ec.tex)
(/home/melmothx/build/amusewiki-debian-packages/amusewiki-texlive/opt/amusewiki
-texlive/2021/texmf-dist/tex/generic/hyph-utf8/patterns/tex/hyph-nb.tex
(/home/melmothx/build/amusewiki-debian-packages/amusewiki-texlive/opt/amusewiki
-texlive/2021/texmf-dist/tex/generic/hyph-utf8/patterns/tex/hyph-no.tex)))
\lang@norwegian=\language70

(/home/melmothx/build/amusewiki-debian-packages/amusewiki-texlive/opt/amusewiki
-texlive/2021/texmf-dist/tex/generic/hyph-utf8/loadhyph/loadhyph-nb.tex
EC Norwegian Bokmal hyphenation patterns
(/home/melmothx/build/amusewiki-debian-packages/amusewiki-texlive/opt/amusewiki
-texlive/2021/texmf-dist/tex/generic/hyph-utf8/conversions/conv-utf8-ec.tex)
(/home/melmothx/build/amusewiki-debian-packages/amusewiki-texlive/opt/amusewiki
-texlive/2021/texmf-dist/tex/generic/hyph-utf8/patterns/tex/hyph-nb.tex
(/home/melmothx/build/amusewiki-debian-packages/amusewiki-texlive/opt/amusewiki
-texlive/2021/texmf-dist/tex/generic/hyph-utf8/patterns/tex/hyph-no.tex)))
\lang@norsk=\language71

(/home/melmothx/build/amusewiki-debian-packages/amusewiki-texlive/opt/amusewiki
-texlive/2021/texmf-dist/tex/generic/hyph-utf8/loadhyph/loadhyph-nb.tex
EC Norwegian Bokmal hyphenation patterns
(/home/melmothx/build/amusewiki-debian-packages/amusewiki-texlive/opt/amusewiki
-texlive/2021/texmf-dist/tex/generic/hyph-utf8/conversions/conv-utf8-ec.tex)
(/home/melmothx/build/amusewiki-debian-packages/amusewiki-texlive/opt/amusewiki
-texlive/2021/texmf-dist/tex/generic/hyph-utf8/patterns/tex/hyph-nb.tex
(/home/melmothx/build/amusewiki-debian-packages/amusewiki-texlive/opt/amusewiki
-texlive/2021/texmf-dist/tex/generic/hyph-utf8/patterns/tex/hyph-no.tex)))
\lang@nynorsk=\language72

(/home/melmothx/build/amusewiki-debian-packages/amusewiki-texlive/opt/amusewiki
-texlive/2021/texmf-dist/tex/generic/hyph-utf8/loadhyph/loadhyph-nn.tex
EC Norwegian Nynorsk hyphenation patterns
(/home/melmothx/build/amusewiki-debian-packages/amusewiki-texlive/opt/amusewiki
-texlive/2021/texmf-dist/tex/generic/hyph-utf8/conversions/conv-utf8-ec.tex)
(/home/melmothx/build/amusewiki-debian-packages/amusewiki-texlive/opt/amusewiki
-texlive/2021/texmf-dist/tex/generic/hyph-utf8/patterns/tex/hyph-nn.tex
(/home/melmothx/build/amusewiki-debian-packages/amusewiki-texlive/opt/amusewiki
-texlive/2021/texmf-dist/tex/generic/hyph-utf8/patterns/tex/hyph-no.tex)))
\lang@occitan=\language73

(/home/melmothx/build/amusewiki-debian-packages/amusewiki-texlive/opt/amusewiki
-texlive/2021/texmf-dist/tex/generic/hyph-utf8/loadhyph/loadhyph-oc.tex
EC Occitan hyphenation patterns
(/home/melmothx/build/amusewiki-debian-packages/amusewiki-texlive/opt/amusewiki
-texlive/2021/texmf-dist/tex/generic/hyph-utf8/conversions/conv-utf8-ec.tex)
(/home/melmothx/build/amusewiki-debian-packages/amusewiki-texlive/opt/amusewiki
-texlive/2021/texmf-dist/tex/generic/hyph-utf8/patterns/tex/hyph-oc.tex))
\lang@piedmontese=\language74

(/home/melmothx/build/amusewiki-debian-packages/amusewiki-texlive/opt/amusewiki
-texlive/2021/texmf-dist/tex/generic/hyph-utf8/loadhyph/loadhyph-pms.tex
ASCII Piedmontese hyphenation patterns
(/home/melmothx/build/amusewiki-debian-packages/amusewiki-texlive/opt/amusewiki
-texlive/2021/texmf-dist/tex/generic/hyph-utf8/patterns/tex/hyph-pms.tex))
\lang@polish=\language75

(/home/melmothx/build/amusewiki-debian-packages/amusewiki-texlive/opt/amusewiki
-texlive/2021/texmf-dist/tex/generic/hyph-utf8/loadhyph/loadhyph-pl.tex
QX Polish hyphenation patterns
(/home/melmothx/build/amusewiki-debian-packages/amusewiki-texlive/opt/amusewiki
-texlive/2021/texmf-dist/tex/generic/hyph-utf8/conversions/conv-utf8-qx.tex)
(/home/melmothx/build/amusewiki-debian-packages/amusewiki-texlive/opt/amusewiki
-texlive/2021/texmf-dist/tex/generic/hyph-utf8/patterns/tex/hyph-pl.tex))
\lang@portuguese=\language76

(/home/melmothx/build/amusewiki-debian-packages/amusewiki-texlive/opt/amusewiki
-texlive/2021/texmf-dist/tex/generic/hyph-utf8/loadhyph/loadhyph-pt.tex
EC Portuguese hyphenation patterns
(/home/melmothx/build/amusewiki-debian-packages/amusewiki-texlive/opt/amusewiki
-texlive/2021/texmf-dist/tex/generic/hyph-utf8/conversions/conv-utf8-ec.tex)
(/home/melmothx/build/amusewiki-debian-packages/amusewiki-texlive/opt/amusewiki
-texlive/2021/texmf-dist/tex/generic/hyph-utf8/patterns/tex/hyph-pt.tex))
\lang@portuges=\language77

(/home/melmothx/build/amusewiki-debian-packages/amusewiki-texlive/opt/amusewiki
-texlive/2021/texmf-dist/tex/generic/hyph-utf8/loadhyph/loadhyph-pt.tex
EC Portuguese hyphenation patterns
(/home/melmothx/build/amusewiki-debian-packages/amusewiki-texlive/opt/amusewiki
-texlive/2021/texmf-dist/tex/generic/hyph-utf8/conversions/conv-utf8-ec.tex)
(/home/melmothx/build/amusewiki-debian-packages/amusewiki-texlive/opt/amusewiki
-texlive/2021/texmf-dist/tex/generic/hyph-utf8/patterns/tex/hyph-pt.tex))
\lang@romanian=\language78

(/home/melmothx/build/amusewiki-debian-packages/amusewiki-texlive/opt/amusewiki
-texlive/2021/texmf-dist/tex/generic/hyph-utf8/loadhyph/loadhyph-ro.tex
EC Romanian hyphenation patterns
(/home/melmothx/build/amusewiki-debian-packages/amusewiki-texlive/opt/amusewiki
-texlive/2021/texmf-dist/tex/generic/hyph-utf8/conversions/conv-utf8-ec.tex)
(/home/melmothx/build/amusewiki-debian-packages/amusewiki-texlive/opt/amusewiki
-texlive/2021/texmf-dist/tex/generic/hyph-utf8/patterns/tex/hyph-ro.tex))
\lang@romansh=\language79

(/home/melmothx/build/amusewiki-debian-packages/amusewiki-texlive/opt/amusewiki
-texlive/2021/texmf-dist/tex/generic/hyph-utf8/loadhyph/loadhyph-rm.tex
ASCII Romansh hyphenation patterns
(/home/melmothx/build/amusewiki-debian-packages/amusewiki-texlive/opt/amusewiki
-texlive/2021/texmf-dist/tex/generic/hyph-utf8/patterns/tex/hyph-rm.tex))
\lang@russian=\language80

(/home/melmothx/build/amusewiki-debian-packages/amusewiki-texlive/opt/amusewiki
-texlive/2021/texmf-dist/tex/generic/hyph-utf8/loadhyph/loadhyph-ru.tex
T2A Russian hyphenation patterns
(/home/melmothx/build/amusewiki-debian-packages/amusewiki-texlive/opt/amusewiki
-texlive/2021/texmf-dist/tex/generic/ruhyphen/ruhyphen.tex
(/home/melmothx/build/amusewiki-debian-packages/amusewiki-texlive/opt/amusewiki
-texlive/2021/texmf-dist/tex/generic/ruhyphen/catkoi.tex)
(/home/melmothx/build/amusewiki-debian-packages/amusewiki-texlive/opt/amusewiki
-texlive/2021/texmf-dist/tex/generic/ruhyphen/koi2t2a.tex)
(/home/melmothx/build/amusewiki-debian-packages/amusewiki-texlive/opt/amusewiki
-texlive/2021/texmf-dist/tex/generic/ruhyphen/ruhyphal.tex)
(/home/melmothx/build/amusewiki-debian-packages/amusewiki-texlive/opt/amusewiki
-texlive/2021/texmf-dist/tex/generic/ruhyphen/cyryoal.tex)
(/home/melmothx/build/amusewiki-debian-packages/amusewiki-texlive/opt/amusewiki
-texlive/2021/texmf-dist/tex/generic/ruhyphen/hypht2.tex)))
\lang@sanskrit=\language81

(/home/melmothx/build/amusewiki-debian-packages/amusewiki-texlive/opt/amusewiki
-texlive/2021/texmf-dist/tex/generic/hyph-utf8/loadhyph/loadhyph-sa.tex
No Sanskrit hyphenation patterns - only for Unicode engines)
\lang@serbian=\language82

(/home/melmothx/build/amusewiki-debian-packages/amusewiki-texlive/opt/amusewiki
-texlive/2021/texmf-dist/tex/generic/hyph-utf8/loadhyph/loadhyph-sr-latn.tex
EC Serbian hyphenation patterns in Latin script
(/home/melmothx/build/amusewiki-debian-packages/amusewiki-texlive/opt/amusewiki
-texlive/2021/texmf-dist/tex/generic/hyph-utf8/conversions/conv-utf8-ec.tex)
(/home/melmothx/build/amusewiki-debian-packages/amusewiki-texlive/opt/amusewiki
-texlive/2021/texmf-dist/tex/generic/hyph-utf8/patterns/tex/hyph-sh-latn.tex))
\lang@serbianc=\language83

(/home/melmothx/build/amusewiki-debian-packages/amusewiki-texlive/opt/amusewiki
-texlive/2021/texmf-dist/tex/generic/hyph-utf8/loadhyph/loadhyph-sr-cyrl.tex
T2A Serbian hyphenation patterns in Cyrillic script
(/home/melmothx/build/amusewiki-debian-packages/amusewiki-texlive/opt/amusewiki
-texlive/2021/texmf-dist/tex/generic/hyph-utf8/conversions/conv-utf8-t2a.tex)
(/home/melmothx/build/amusewiki-debian-packages/amusewiki-texlive/opt/amusewiki
-texlive/2021/texmf-dist/tex/generic/hyph-utf8/patterns/tex/hyph-sh-cyrl.tex))
\lang@slovak=\language84

(/home/melmothx/build/amusewiki-debian-packages/amusewiki-texlive/opt/amusewiki
-texlive/2021/texmf-dist/tex/generic/hyph-utf8/loadhyph/loadhyph-sk.tex
EC Slovak hyphenation patterns
(/home/melmothx/build/amusewiki-debian-packages/amusewiki-texlive/opt/amusewiki
-texlive/2021/texmf-dist/tex/generic/hyph-utf8/conversions/conv-utf8-ec.tex)
(/home/melmothx/build/amusewiki-debian-packages/amusewiki-texlive/opt/amusewiki
-texlive/2021/texmf-dist/tex/generic/hyph-utf8/patterns/tex/hyph-sk.tex))
\lang@slovenian=\language85

(/home/melmothx/build/amusewiki-debian-packages/amusewiki-texlive/opt/amusewiki
-texlive/2021/texmf-dist/tex/generic/hyph-utf8/loadhyph/loadhyph-sl.tex
EC Slovenian hyphenation patterns
(/home/melmothx/build/amusewiki-debian-packages/amusewiki-texlive/opt/amusewiki
-texlive/2021/texmf-dist/tex/generic/hyph-utf8/conversions/conv-utf8-ec.tex)
(/home/melmothx/build/amusewiki-debian-packages/amusewiki-texlive/opt/amusewiki
-texlive/2021/texmf-dist/tex/generic/hyph-utf8/patterns/tex/hyph-sl.tex))
\lang@slovene=\language86

(/home/melmothx/build/amusewiki-debian-packages/amusewiki-texlive/opt/amusewiki
-texlive/2021/texmf-dist/tex/generic/hyph-utf8/loadhyph/loadhyph-sl.tex
EC Slovenian hyphenation patterns
(/home/melmothx/build/amusewiki-debian-packages/amusewiki-texlive/opt/amusewiki
-texlive/2021/texmf-dist/tex/generic/hyph-utf8/conversions/conv-utf8-ec.tex)
(/home/melmothx/build/amusewiki-debian-packages/amusewiki-texlive/opt/amusewiki
-texlive/2021/texmf-dist/tex/generic/hyph-utf8/patterns/tex/hyph-sl.tex))
\lang@spanish=\language87

(/home/melmothx/build/amusewiki-debian-packages/amusewiki-texlive/opt/amusewiki
-texlive/2021/texmf-dist/tex/generic/hyph-utf8/loadhyph/loadhyph-es.tex
EC Spanish hyphenation patterns
(/home/melmothx/build/amusewiki-debian-packages/amusewiki-texlive/opt/amusewiki
-texlive/2021/texmf-dist/tex/generic/hyph-utf8/conversions/conv-utf8-ec.tex)
(/home/melmothx/build/amusewiki-debian-packages/amusewiki-texlive/opt/amusewiki
-texlive/2021/texmf-dist/tex/generic/hyph-utf8/patterns/tex/hyph-es.tex))
\lang@espanol=\language88

(/home/melmothx/build/amusewiki-debian-packages/amusewiki-texlive/opt/amusewiki
-texlive/2021/texmf-dist/tex/generic/hyph-utf8/loadhyph/loadhyph-es.tex
EC Spanish hyphenation patterns
(/home/melmothx/build/amusewiki-debian-packages/amusewiki-texlive/opt/amusewiki
-texlive/2021/texmf-dist/tex/generic/hyph-utf8/conversions/conv-utf8-ec.tex)
(/home/melmothx/build/amusewiki-debian-packages/amusewiki-texlive/opt/amusewiki
-texlive/2021/texmf-dist/tex/generic/hyph-utf8/patterns/tex/hyph-es.tex))
\lang@swedish=\language89

(/home/melmothx/build/amusewiki-debian-packages/amusewiki-texlive/opt/amusewiki
-texlive/2021/texmf-dist/tex/generic/hyph-utf8/loadhyph/loadhyph-sv.tex
EC Swedish hyphenation patterns
(/home/melmothx/build/amusewiki-debian-packages/amusewiki-texlive/opt/amusewiki
-texlive/2021/texmf-dist/tex/generic/hyph-utf8/conversions/conv-utf8-ec.tex)
(/home/melmothx/build/amusewiki-debian-packages/amusewiki-texlive/opt/amusewiki
-texlive/2021/texmf-dist/tex/generic/hyph-utf8/patterns/tex/hyph-sv.tex))
\lang@thai=\language90

(/home/melmothx/build/amusewiki-debian-packages/amusewiki-texlive/opt/amusewiki
-texlive/2021/texmf-dist/tex/generic/hyph-utf8/loadhyph/loadhyph-th.tex
LTH Thai hyphenation patterns
(/home/melmothx/build/amusewiki-debian-packages/amusewiki-texlive/opt/amusewiki
-texlive/2021/texmf-dist/tex/generic/hyph-utf8/conversions/conv-utf8-lth.tex)
(/home/melmothx/build/amusewiki-debian-packages/amusewiki-texlive/opt/amusewiki
-texlive/2021/texmf-dist/tex/generic/hyph-utf8/patterns/tex/hyph-th.tex))
\lang@turkish=\language91

(/home/melmothx/build/amusewiki-debian-packages/amusewiki-texlive/opt/amusewiki
-texlive/2021/texmf-dist/tex/generic/hyph-utf8/loadhyph/loadhyph-tr.tex
EC Turkish hyphenation patterns
(/home/melmothx/build/amusewiki-debian-packages/amusewiki-texlive/opt/amusewiki
-texlive/2021/texmf-dist/tex/generic/hyph-utf8/conversions/conv-utf8-ec.tex)
(/home/melmothx/build/amusewiki-debian-packages/amusewiki-texlive/opt/amusewiki
-texlive/2021/texmf-dist/tex/generic/hyph-utf8/patterns/tex/hyph-tr.tex))
\lang@turkmen=\language92

(/home/melmothx/build/amusewiki-debian-packages/amusewiki-texlive/opt/amusewiki
-texlive/2021/texmf-dist/tex/generic/hyph-utf8/loadhyph/loadhyph-tk.tex
EC Turkmen hyphenation patterns
(/home/melmothx/build/amusewiki-debian-packages/amusewiki-texlive/opt/amusewiki
-texlive/2021/texmf-dist/tex/generic/hyph-utf8/conversions/conv-utf8-ec.tex)
(/home/melmothx/build/amusewiki-debian-packages/amusewiki-texlive/opt/amusewiki
-texlive/2021/texmf-dist/tex/generic/hyph-utf8/patterns/tex/hyph-tk.tex))
\lang@ukrainian=\language93

(/home/melmothx/build/amusewiki-debian-packages/amusewiki-texlive/opt/amusewiki
-texlive/2021/texmf-dist/tex/generic/hyph-utf8/loadhyph/loadhyph-uk.tex
T2A Ukrainian hyphenation patterns
(/home/melmothx/build/amusewiki-debian-packages/amusewiki-texlive/opt/amusewiki
-texlive/2021/texmf-dist/tex/generic/ukrhyph/ukrhyph.tex
Ukrainian hyphenation patterns in t2a encoding
(/home/melmothx/build/amusewiki-debian-packages/amusewiki-texlive/opt/amusewiki
-texlive/2021/texmf-dist/tex/generic/ukrhyph/catlcy.tex)
(/home/melmothx/build/amusewiki-debian-packages/amusewiki-texlive/opt/amusewiki
-texlive/2021/texmf-dist/tex/generic/ukrhyph/lcy2t2a.tex)
(/home/melmothx/build/amusewiki-debian-packages/amusewiki-texlive/opt/amusewiki
-texlive/2021/texmf-dist/tex/generic/ukrhyph/ukrhypmp.tex)
(/home/melmothx/build/amusewiki-debian-packages/amusewiki-texlive/opt/amusewiki
-texlive/2021/texmf-dist/tex/generic/ruhyphen/hypht2.tex)))
\lang@uppersorbian=\language94

(/home/melmothx/build/amusewiki-debian-packages/amusewiki-texlive/opt/amusewiki
-texlive/2021/texmf-dist/tex/generic/hyph-utf8/loadhyph/loadhyph-hsb.tex
EC Upper Sorbian hyphenation patterns
(/home/melmothx/build/amusewiki-debian-packages/amusewiki-texlive/opt/amusewiki
-texlive/2021/texmf-dist/tex/generic/hyph-utf8/conversions/conv-utf8-ec.tex)
(/home/melmothx/build/amusewiki-debian-packages/amusewiki-texlive/opt/amusewiki
-texlive/2021/texmf-dist/tex/generic/hyph-utf8/patterns/tex/hyph-hsb.tex))
\lang@welsh=\language95

(/home/melmothx/build/amusewiki-debian-packages/amusewiki-texlive/opt/amusewiki
-texlive/2021/texmf-dist/tex/generic/hyph-utf8/loadhyph/loadhyph-cy.tex
EC Welsh hyphenation patterns
(/home/melmothx/build/amusewiki-debian-packages/amusewiki-texlive/opt/amusewiki
-texlive/2021/texmf-dist/tex/generic/hyph-utf8/conversions/conv-utf8-ec.tex)
(/home/melmothx/build/amusewiki-debian-packages/amusewiki-texlive/opt/amusewiki
-texlive/2021/texmf-dist/tex/generic/hyph-utf8/patterns/tex/hyph-cy.tex)))
Augmenting the Plain TeX definitions: \tracingall;
Adding new e-TeX definitions: \eTeX, \loggingall, \tracingnone,
register allocation;
\et@xins=\count26
 extended register allocation; 
Recycling: \addlanguage, \@nswer (not defined), \@sk, \b@dresponsetrue,
\b@dresponsefalse, \ch@ckforyn, \mayber@cycle, \et@xabort, \et@xbuf,
\et@xfmtsrc, \et@xfilehdr, \et@xinf, \et@xpatterns, \l@ngdefnfile, \n@xt,
\p@rse (not defined), \pr@mpt (not defined), \pr@mptloop (not defined),
\forcer@cycle, \usef@llback, \usef@llbacktrue, \usef@llbackfalse, 
Retaining: \et@xerr, \et@xinput, \et@xlibhdr, \et@xmsg, \et@xtoks, \et@xwarn,
\et@xl@@d, \et@xl@ad, \et@xload, \et@xlang, \et@xhash, \eTeX, \etexhdrchk,
\etexstatus, \module, \uselanguage, \r@tain, \r@cycle,)
(/home/melmothx/build/amusewiki-debian-packages/amusewiki-texlive/opt/amusewiki
-texlive/2021/texmf-dist/tex/plain/config/pdftexmagfix.tex) )
Beginning to dump on file pdfetex.fmt
 (preloaded format=pdfetex 2022.3.22)
5361 strings of total length 135336
13383 memory locations dumped; current usage is 203&10274
1679 multiletter control sequences
\font\nullfont=nullfont
\font\tenrm=cmr10
\font\preloaded=cmr9
\font\preloaded=cmr8
\font\sevenrm=cmr7
\font\preloaded=cmr6
\font\fiverm=cmr5
\font\teni=cmmi10
\font\preloaded=cmmi9
\font\preloaded=cmmi8
\font\seveni=cmmi7
\font\preloaded=cmmi6
\font\fivei=cmmi5
\font\tensy=cmsy10
\font\preloaded=cmsy9
\font\preloaded=cmsy8
\font\sevensy=cmsy7
\font\preloaded=cmsy6
\font\fivesy=cmsy5
\font\tenex=cmex10
\font\preloaded=cmss10
\font\preloaded=cmssq8
\font\preloaded=cmssi10
\font\preloaded=cmssqi8
\font\tenbf=cmbx10
\font\preloaded=cmbx9
\font\preloaded=cmbx8
\font\sevenbf=cmbx7
\font\preloaded=cmbx6
\font\fivebf=cmbx5
\font\tentt=cmtt10
\font\preloaded=cmtt9
\font\preloaded=cmtt8
\font\preloaded=cmsltt10
\font\tensl=cmsl10
\font\preloaded=cmsl9
\font\preloaded=cmsl8
\font\tenit=cmti10
\font\preloaded=cmti9
\font\preloaded=cmti8
\font\preloaded=cmti7
\font\preloaded=cmu10
\font\preloaded=cmmib10
\font\preloaded=cmbsy10
\font\preloaded=cmcsc10
\font\preloaded=cmssbx10
\font\preloaded=cmdunh10
\font\preloaded=cmr7 at 14.51799pt
\font\preloaded=cmtt10 at 14.4pt
\font\preloaded=cmssbx10 at 14.4pt
\font\preloaded=manfnt
14787 words of font info for 50 preloaded fonts
1416 hyphenation exceptions
Hyphenation trie of length 345758 has 10606 ops out of 35111
  143 for language 95
  110 for language 94
  138 for language 93
  7 for language 92
  12 for language 91
  53 for language 90
  127 for language 89
  195 for language 88
  195 for language 87
  71 for language 86
  71 for language 85
  248 for language 84
  62 for language 83
  66 for language 82
  119 for language 80
  43 for language 79
  58 for language 78
  7 for language 77
  7 for language 76
  194 for language 75
  37 for language 74
  23 for language 73
  852 for language 72
  852 for language 71
  852 for language 70
  852 for language 69
  21 for language 68
  38 for language 67
  38 for language 66
  77 for language 65
  58 for language 64
  206 for language 63
  25 for language 62
  216 for language 61
  27 for language 60
  37 for language 59
  229 for language 58
  38 for language 57
  21 for language 56
  147 for language 43
  185 for language 42
  18 for language 41
  50 for language 40
  50 for language 39
  420 for language 38
  235 for language 37
  207 for language 36
  39 for language 35
  76 for language 34
  40 for language 33
  89 for language 32
  89 for language 31
  89 for language 30
  6 for language 29
  31 for language 28
  113 for language 22
  145 for language 21
  377 for language 20
  224 for language 19
  224 for language 18
  224 for language 17
  265 for language 16
  60 for language 15
  63 for language 14
  19 for language 13
  14 for language 12
  3 for language 10
  21 for language 9
  54 for language 8
  36 for language 7
  5 for language 6
  148 for language 3
  97 for language 2
  137 for language 1
  181 for language 0
0 words of pdfTeX memory
0 indirect objects
No pages of output.
PDF statistics:
 0 PDF objects out of 1000 (max. 8388607)
 0 named destinations out of 1000 (max. 500000)
 1 words of extra memory for PDF output out of 10000 (max. 10000000)

