[Wed Dec 28 09:41:30 2022] install: adobemapping
[Wed Dec 28 09:41:30 2022] install: amscls
[Wed Dec 28 09:41:30 2022] install: amsmath
[Wed Dec 28 09:41:32 2022] install: arphic
[Wed Dec 28 09:41:32 2022] install: atbegshi
[Wed Dec 28 09:41:33 2022] install: atveryend
[Wed Dec 28 09:41:33 2022] install: auxhook
[Wed Dec 28 09:41:33 2022] install: babel
[Wed Dec 28 09:41:33 2022] install: babel-albanian
[Wed Dec 28 09:41:33 2022] install: babel-azerbaijani
[Wed Dec 28 09:41:33 2022] install: babel-basque
[Wed Dec 28 09:41:33 2022] install: babel-belarusian
[Wed Dec 28 09:41:34 2022] install: babel-bosnian
[Wed Dec 28 09:41:34 2022] install: babel-breton
[Wed Dec 28 09:41:34 2022] install: babel-bulgarian
[Wed Dec 28 09:41:34 2022] install: babel-catalan
[Wed Dec 28 09:41:34 2022] install: babel-croatian
[Wed Dec 28 09:41:34 2022] install: babel-czech
[Wed Dec 28 09:41:34 2022] install: babel-danish
[Wed Dec 28 09:41:34 2022] install: babel-dutch
[Wed Dec 28 09:41:35 2022] install: babel-english
[Wed Dec 28 09:41:35 2022] install: babel-esperanto
[Wed Dec 28 09:41:35 2022] install: babel-estonian
[Wed Dec 28 09:41:35 2022] install: babel-finnish
[Wed Dec 28 09:41:35 2022] install: babel-french
[Wed Dec 28 09:41:35 2022] install: babel-friulan
[Wed Dec 28 09:41:35 2022] install: babel-galician
[Wed Dec 28 09:41:35 2022] install: babel-georgian
[Wed Dec 28 09:41:36 2022] install: babel-german
[Wed Dec 28 09:41:36 2022] install: babel-greek
[Wed Dec 28 09:41:36 2022] install: babel-hebrew
[Wed Dec 28 09:41:36 2022] install: babel-hungarian
[Wed Dec 28 09:41:36 2022] install: babel-icelandic
[Wed Dec 28 09:41:36 2022] install: babel-indonesian
[Wed Dec 28 09:41:36 2022] install: babel-interlingua
[Wed Dec 28 09:41:37 2022] install: babel-irish
[Wed Dec 28 09:41:37 2022] install: babel-italian
[Wed Dec 28 09:41:37 2022] install: babel-japanese
[Wed Dec 28 09:41:37 2022] install: babel-kurmanji
[Wed Dec 28 09:41:37 2022] install: babel-latin
[Wed Dec 28 09:41:37 2022] install: babel-latvian
[Wed Dec 28 09:41:37 2022] install: babel-macedonian
[Wed Dec 28 09:41:37 2022] install: babel-malay
[Wed Dec 28 09:41:38 2022] install: babel-norsk
[Wed Dec 28 09:41:38 2022] install: babel-occitan
[Wed Dec 28 09:41:38 2022] install: babel-piedmontese
[Wed Dec 28 09:41:38 2022] install: babel-polish
[Wed Dec 28 09:41:38 2022] install: babel-portuges
[Wed Dec 28 09:41:38 2022] install: babel-romanian
[Wed Dec 28 09:41:38 2022] install: babel-romansh
[Wed Dec 28 09:41:38 2022] install: babel-russian
[Wed Dec 28 09:41:39 2022] install: babel-samin
[Wed Dec 28 09:41:39 2022] install: babel-scottish
[Wed Dec 28 09:41:39 2022] install: babel-serbian
[Wed Dec 28 09:41:39 2022] install: babel-serbianc
[Wed Dec 28 09:41:39 2022] install: babel-slovak
[Wed Dec 28 09:41:39 2022] install: babel-slovenian
[Wed Dec 28 09:41:39 2022] install: babel-sorbian
[Wed Dec 28 09:41:40 2022] install: babel-spanish
[Wed Dec 28 09:41:40 2022] install: babel-swedish
[Wed Dec 28 09:41:40 2022] install: babel-thai
[Wed Dec 28 09:41:40 2022] install: babel-turkish
[Wed Dec 28 09:41:40 2022] install: babel-ukrainian
[Wed Dec 28 09:41:40 2022] install: babel-vietnamese
[Wed Dec 28 09:41:40 2022] install: babel-welsh
[Wed Dec 28 09:41:41 2022] install: beamer
[Wed Dec 28 09:41:41 2022] install: bidi
[Wed Dec 28 09:41:41 2022] install: bigfoot
[Wed Dec 28 09:41:41 2022] install: bigintcalc
[Wed Dec 28 09:41:42 2022] install: bitset
[Wed Dec 28 09:41:42 2022] install: bookmark
[Wed Dec 28 09:41:42 2022] install: carlisle
[Wed Dec 28 09:41:42 2022] install: chngcntr
[Wed Dec 28 09:41:42 2022] install: cjk
[Wed Dec 28 09:41:42 2022] install: cjkpunct
[Wed Dec 28 09:41:43 2022] install: cns
[Wed Dec 28 09:41:43 2022] install: ctablestack
[Wed Dec 28 09:41:43 2022] install: ctex
[Wed Dec 28 09:41:43 2022] install: enumitem
[Wed Dec 28 09:41:43 2022] install: epstopdf.x86_64-linux
[Wed Dec 28 09:41:43 2022] install: epstopdf
[Wed Dec 28 09:41:44 2022] install: epstopdf-pkg
[Wed Dec 28 09:41:44 2022] install: etexcmds
[Wed Dec 28 09:41:44 2022] install: etoolbox
[Wed Dec 28 09:41:44 2022] install: euenc
[Wed Dec 28 09:41:44 2022] install: everyhook
[Wed Dec 28 09:41:44 2022] install: everyshi
[Wed Dec 28 09:41:46 2022] install: fandol
[Wed Dec 28 09:41:46 2022] install: filehook
[Wed Dec 28 09:41:46 2022] install: firstaid
[Wed Dec 28 09:41:47 2022] install: fonts-tlwg
[Wed Dec 28 09:41:47 2022] install: fontspec
[Wed Dec 28 09:41:47 2022] install: footmisc
[Wed Dec 28 09:41:48 2022] install: fp
[Wed Dec 28 09:41:48 2022] install: garuda-c90
[Wed Dec 28 09:41:48 2022] install: geometry
[Wed Dec 28 09:41:48 2022] install: gettitlestring
[Wed Dec 28 09:41:48 2022] install: graphics
[Wed Dec 28 09:41:48 2022] install: graphics-cfg
[Wed Dec 28 09:41:48 2022] install: hycolor
[Wed Dec 28 09:41:49 2022] install: hyperref
[Wed Dec 28 09:41:49 2022] install: hyphen-afrikaans
[Wed Dec 28 09:41:49 2022] install: hyphen-ancientgreek
[Wed Dec 28 09:41:49 2022] install: hyphen-arabic
[Wed Dec 28 09:41:49 2022] install: hyphen-armenian
[Wed Dec 28 09:41:49 2022] install: hyphen-basque
[Wed Dec 28 09:41:49 2022] install: hyphen-belarusian
[Wed Dec 28 09:41:49 2022] install: hyphen-bulgarian
[Wed Dec 28 09:41:49 2022] install: hyphen-catalan
[Wed Dec 28 09:41:50 2022] install: hyphen-chinese
[Wed Dec 28 09:41:50 2022] install: hyphen-churchslavonic
[Wed Dec 28 09:41:50 2022] install: hyphen-coptic
[Wed Dec 28 09:41:50 2022] install: hyphen-croatian
[Wed Dec 28 09:41:50 2022] install: hyphen-czech
[Wed Dec 28 09:41:50 2022] install: hyphen-danish
[Wed Dec 28 09:41:50 2022] install: hyphen-dutch
[Wed Dec 28 09:41:50 2022] install: hyphen-english
[Wed Dec 28 09:41:50 2022] install: hyphen-esperanto
[Wed Dec 28 09:41:50 2022] install: hyphen-estonian
[Wed Dec 28 09:41:50 2022] install: hyphen-ethiopic
[Wed Dec 28 09:41:50 2022] install: hyphen-farsi
[Wed Dec 28 09:41:50 2022] install: hyphen-finnish
[Wed Dec 28 09:41:50 2022] install: hyphen-french
[Wed Dec 28 09:41:51 2022] install: hyphen-friulan
[Wed Dec 28 09:41:51 2022] install: hyphen-galician
[Wed Dec 28 09:41:51 2022] install: hyphen-georgian
[Wed Dec 28 09:41:51 2022] install: hyphen-german
[Wed Dec 28 09:41:51 2022] install: hyphen-greek
[Wed Dec 28 09:41:51 2022] install: hyphen-hungarian
[Wed Dec 28 09:41:51 2022] install: hyphen-icelandic
[Wed Dec 28 09:41:51 2022] install: hyphen-indic
[Wed Dec 28 09:41:51 2022] install: hyphen-indonesian
[Wed Dec 28 09:41:51 2022] install: hyphen-interlingua
[Wed Dec 28 09:41:52 2022] install: hyphen-irish
[Wed Dec 28 09:41:52 2022] install: hyphen-italian
[Wed Dec 28 09:41:52 2022] install: hyphen-kurmanji
[Wed Dec 28 09:41:52 2022] install: hyphen-latin
[Wed Dec 28 09:41:52 2022] install: hyphen-latvian
[Wed Dec 28 09:41:52 2022] install: hyphen-lithuanian
[Wed Dec 28 09:41:52 2022] install: hyphen-macedonian
[Wed Dec 28 09:41:52 2022] install: hyphen-mongolian
[Wed Dec 28 09:41:52 2022] install: hyphen-norwegian
[Wed Dec 28 09:41:52 2022] install: hyphen-occitan
[Wed Dec 28 09:41:52 2022] install: hyphen-piedmontese
[Wed Dec 28 09:41:52 2022] install: hyphen-polish
[Wed Dec 28 09:41:52 2022] install: hyphen-portuguese
[Wed Dec 28 09:41:53 2022] install: hyphen-romanian
[Wed Dec 28 09:41:53 2022] install: hyphen-romansh
[Wed Dec 28 09:41:53 2022] install: hyphen-russian
[Wed Dec 28 09:41:53 2022] install: hyphen-sanskrit
[Wed Dec 28 09:41:53 2022] install: hyphen-serbian
[Wed Dec 28 09:41:53 2022] install: hyphen-slovak
[Wed Dec 28 09:41:53 2022] install: hyphen-slovenian
[Wed Dec 28 09:41:53 2022] install: hyphen-spanish
[Wed Dec 28 09:41:53 2022] install: hyphen-swedish
[Wed Dec 28 09:41:53 2022] install: hyphen-thai
[Wed Dec 28 09:41:53 2022] install: hyphen-turkish
[Wed Dec 28 09:41:53 2022] install: hyphen-turkmen
[Wed Dec 28 09:41:53 2022] install: hyphen-ukrainian
[Wed Dec 28 09:41:54 2022] install: hyphen-uppersorbian
[Wed Dec 28 09:41:54 2022] install: hyphen-welsh
[Wed Dec 28 09:41:54 2022] install: imakeidx
[Wed Dec 28 09:41:54 2022] install: infwarerr
[Wed Dec 28 09:41:54 2022] install: intcalc
[Wed Dec 28 09:41:55 2022] install: koma-script
[Wed Dec 28 09:41:55 2022] install: kvdefinekeys
[Wed Dec 28 09:41:55 2022] install: kvoptions
[Wed Dec 28 09:41:55 2022] install: kvsetkeys
[Wed Dec 28 09:41:56 2022] install: l3backend
[Wed Dec 28 09:41:57 2022] install: l3kernel
[Wed Dec 28 09:41:57 2022] install: l3packages
[Wed Dec 28 09:42:00 2022] install: latex
[Wed Dec 28 09:42:02 2022] install: latex-base-dev
[Wed Dec 28 09:42:02 2022] install: latex-bin.x86_64-linux
[Wed Dec 28 09:42:03 2022] install: latex-bin
[Wed Dec 28 09:42:03 2022] install: latex-firstaid-dev
[Wed Dec 28 09:42:03 2022] install: latex-fonts
[Wed Dec 28 09:42:03 2022] install: latexconfig
[Wed Dec 28 09:42:03 2022] install: letltxmacro
[Wed Dec 28 09:42:05 2022] install: lm
[Wed Dec 28 09:42:05 2022] install: ltxcmds
[Wed Dec 28 09:42:05 2022] install: lua-uni-algos
[Wed Dec 28 09:42:05 2022] install: lualibs
[Wed Dec 28 09:42:05 2022] install: luaotfload.x86_64-linux
[Wed Dec 28 09:42:06 2022] install: luaotfload
[Wed Dec 28 09:42:06 2022] install: luatexbase
[Wed Dec 28 09:42:06 2022] install: luatexja
[Wed Dec 28 09:42:06 2022] install: makecmds
[Wed Dec 28 09:42:06 2022] install: marginnote
[Wed Dec 28 09:42:07 2022] install: microtype
[Wed Dec 28 09:42:07 2022] install: mptopdf.x86_64-linux
[Wed Dec 28 09:42:07 2022] install: mptopdf
[Wed Dec 28 09:42:07 2022] install: ms
[Wed Dec 28 09:42:08 2022] install: ncctools
[Wed Dec 28 09:42:08 2022] install: norasi-c90
[Wed Dec 28 09:42:08 2022] install: pdfescape
[Wed Dec 28 09:42:08 2022] install: pdftexcmds
[Wed Dec 28 09:42:10 2022] install: pgf
[Wed Dec 28 09:42:10 2022] install: platex.x86_64-linux
[Wed Dec 28 09:42:10 2022] install: platex
[Wed Dec 28 09:42:10 2022] install: platex-tools
[Wed Dec 28 09:42:10 2022] install: polyglossia
[Wed Dec 28 09:42:11 2022] install: pst-barcode
[Wed Dec 28 09:42:11 2022] install: pst-text
[Wed Dec 28 09:42:12 2022] install: pstricks
[Wed Dec 28 09:42:12 2022] install: ptex.x86_64-linux
[Wed Dec 28 09:42:12 2022] install: ptex
[Wed Dec 28 09:42:12 2022] install: ptex-base
[Wed Dec 28 09:42:13 2022] install: ptex-fonts
[Wed Dec 28 09:42:13 2022] install: refcount
[Wed Dec 28 09:42:13 2022] install: rerunfilecheck
[Wed Dec 28 09:42:13 2022] install: ruhyphen
[Wed Dec 28 09:42:13 2022] install: stringenc
[Wed Dec 28 09:42:13 2022] install: svn-prov
[Wed Dec 28 09:42:14 2022] install: texdoc.x86_64-linux
[Wed Dec 28 09:42:14 2022] install: texdoc
[Wed Dec 28 09:42:15 2022] install: tipa
[Wed Dec 28 09:42:15 2022] install: tools
[Wed Dec 28 09:42:15 2022] install: translator
[Wed Dec 28 09:42:16 2022] install: ttfutils.x86_64-linux
[Wed Dec 28 09:42:16 2022] install: ttfutils
[Wed Dec 28 09:42:16 2022] install: uhc
[Wed Dec 28 09:42:16 2022] install: ukrhyph
[Wed Dec 28 09:42:17 2022] install: ulem
[Wed Dec 28 09:42:17 2022] install: uniquecounter
[Wed Dec 28 09:42:17 2022] install: uplatex.x86_64-linux
[Wed Dec 28 09:42:17 2022] install: uplatex
[Wed Dec 28 09:42:18 2022] install: uptex.x86_64-linux
[Wed Dec 28 09:42:18 2022] install: uptex
[Wed Dec 28 09:42:18 2022] install: uptex-base
[Wed Dec 28 09:42:18 2022] install: uptex-fonts
[Wed Dec 28 09:42:19 2022] install: url
[Wed Dec 28 09:42:20 2022] install: wadalab
[Wed Dec 28 09:42:20 2022] install: wrapfig
[Wed Dec 28 09:42:20 2022] install: xcjk2uni
[Wed Dec 28 09:42:21 2022] install: xcolor
[Wed Dec 28 09:42:21 2022] install: xecjk
[Wed Dec 28 09:42:22 2022] install: xetex.x86_64-linux
[Wed Dec 28 09:42:22 2022] install: xetex
[Wed Dec 28 09:42:23 2022] install: xetex-pstricks
[Wed Dec 28 09:42:23 2022] install: xetexconfig
[Wed Dec 28 09:42:23 2022] install: xindy.x86_64-linux
[Wed Dec 28 09:42:23 2022] install: xindy
[Wed Dec 28 09:42:23 2022] install: xkeyval
[Wed Dec 28 09:42:24 2022] install: xpinyin
[Wed Dec 28 09:42:24 2022] install: xunicode
[Wed Dec 28 09:42:24 2022] install: zapfding
[Wed Dec 28 09:42:24 2022] install: zhmetrics
[Wed Dec 28 09:42:24 2022] install: zhmetrics-uptex
[Wed Dec 28 09:42:25 2022] install: zhnumber
[Wed Dec 28 09:42:25 2022] install: zref
[Wed Dec 28 09:42:25 2022] command: mktexlsr
[Wed Dec 28 09:42:25 2022] command: updmap-sys
[Wed Dec 28 09:42:26 2022] command: fmtutil-sys --byengine xetex --no-error-if-no-format --no-error-if-no-engine=luajithbtex,luajittex,mfluajit --status-file=/tmp/0cWk6YBWoz/iZ63uRd1Sp
[Wed Dec 28 09:42:33 2022]   OK: xetex.fmt/xetex xelatex.fmt/xetex
[Wed Dec 28 09:42:33 2022] command: fmtutil-sys --byengine uptex --no-error-if-no-format --no-error-if-no-engine=luajithbtex,luajittex,mfluajit --status-file=/tmp/0cWk6YBWoz/iZ63uRd1Sp
[Wed Dec 28 09:42:33 2022]   OK: uptex.fmt/uptex
[Wed Dec 28 09:42:33 2022] command: fmtutil-sys --byengine ptex --no-error-if-no-format --no-error-if-no-engine=luajithbtex,luajittex,mfluajit --status-file=/tmp/0cWk6YBWoz/iZ63uRd1Sp
[Wed Dec 28 09:42:34 2022]   OK: ptex.fmt/ptex
[Wed Dec 28 09:42:34 2022] command: fmtutil-sys --byengine eptex --no-error-if-no-format --no-error-if-no-engine=luajithbtex,luajittex,mfluajit --status-file=/tmp/0cWk6YBWoz/iZ63uRd1Sp
[Wed Dec 28 09:42:44 2022]   OK: eptex.fmt/eptex platex-dev.fmt/eptex platex.fmt/eptex
[Wed Dec 28 09:42:44 2022] command: fmtutil-sys --byengine euptex --no-error-if-no-format --no-error-if-no-engine=luajithbtex,luajittex,mfluajit --status-file=/tmp/0cWk6YBWoz/iZ63uRd1Sp
[Wed Dec 28 09:42:55 2022]   OK: euptex.fmt/euptex uplatex-dev.fmt/euptex uplatex.fmt/euptex
[Wed Dec 28 09:42:55 2022] command: fmtutil-sys --byfmt latex --no-error-if-no-engine=luajithbtex,luajittex,mfluajit --status-file=/tmp/0cWk6YBWoz/iZ63uRd1Sp
[Wed Dec 28 09:43:00 2022]   OK: latex.fmt/pdftex
[Wed Dec 28 09:43:00 2022] command: fmtutil-sys --byfmt dvilualatex --no-error-if-no-engine=luajithbtex,luajittex,mfluajit --status-file=/tmp/0cWk6YBWoz/iZ63uRd1Sp
[Wed Dec 28 09:43:05 2022]   OK: dvilualatex.fmt/luatex
[Wed Dec 28 09:43:05 2022] command: fmtutil-sys --byfmt lualatex --no-error-if-no-engine=luajithbtex,luajittex,mfluajit --status-file=/tmp/0cWk6YBWoz/iZ63uRd1Sp
[Wed Dec 28 09:43:09 2022]   OK: lualatex.fmt/luahbtex
[Wed Dec 28 09:43:09 2022] command: fmtutil-sys --byfmt mptopdf --no-error-if-no-engine=luajithbtex,luajittex,mfluajit --status-file=/tmp/0cWk6YBWoz/iZ63uRd1Sp
[Wed Dec 28 09:43:09 2022]   OK: mptopdf.fmt/pdftex
[Wed Dec 28 09:43:09 2022] command: fmtutil-sys --byfmt pdflatex --no-error-if-no-engine=luajithbtex,luajittex,mfluajit --status-file=/tmp/0cWk6YBWoz/iZ63uRd1Sp
[Wed Dec 28 09:43:14 2022]   OK: pdflatex.fmt/pdftex
[Wed Dec 28 09:43:14 2022] command: fmtutil-sys --byhyphen "/home/melmothx/build/amusewiki-debian-packages/amusewiki/local/texlive/2022/texmf-var/tex/generic/config/language.dat" --no-error-if-no-engine=luajithbtex,luajittex,mfluajit --status-file=/tmp/0cWk6YBWoz/iZ63uRd1Sp
[Wed Dec 28 09:43:58 2022]   OK: lualatex.fmt/luahbtex platex-dev.fmt/eptex uplatex-dev.fmt/euptex xelatex.fmt/xetex pdflatex.fmt/pdftex dvilualatex.fmt/luatex platex.fmt/eptex uplatex.fmt/euptex latex.fmt/pdftex
[Wed Dec 28 09:43:58 2022] command: fmtutil-sys --byhyphen "/home/melmothx/build/amusewiki-debian-packages/amusewiki/local/texlive/2022/texmf-var/tex/generic/config/language.def" --no-error-if-no-engine=luajithbtex,luajittex,mfluajit --status-file=/tmp/0cWk6YBWoz/iZ63uRd1Sp
[Wed Dec 28 09:44:05 2022]   OK: euptex.fmt/euptex luahbtex.fmt/luahbtex luatex.fmt/luatex eptex.fmt/eptex pdftex.fmt/pdftex xetex.fmt/xetex dviluatex.fmt/luatex pdfetex.fmt/pdftex etex.fmt/pdftex
[Wed Dec 28 09:44:05 2022] command: fmtutil-sys --byhyphen "/home/melmothx/build/amusewiki-debian-packages/amusewiki/local/texlive/2022/texmf-var/tex/generic/config/language.dat.lua" --no-error-if-no-engine=luajithbtex,luajittex,mfluajit --status-file=/tmp/0cWk6YBWoz/iZ63uRd1Sp
