This is METAFONT, Version 2.7182818 (TeX Live 2020) (INIMF)  23 MAY 2020 09:39
(/home/melmothx/build/amusewiki-debian-packages/amusewiki/local/texlive/2020/texmf-dist/web2c/cp227.tcx)
**mf.ini

(/home/melmothx/build/amusewiki-debian-packages/amusewiki/local/texlive/2020/te
xmf-dist/metafont/config/mf.ini
(/home/melmothx/build/amusewiki-debian-packages/amusewiki/local/texlive/2020/te
xmf-dist/metafont/base/plain.mf
Preloading the plain base, version 2.71: preliminaries,
 basic constants and mathematical macros,
 macros for converting from device-independent units to pixels,
 macros and tables for various modes of operation,
 macros for drawing and filling,
 macros for proof labels and rules,
 macros for character and font administration,
and a few last-minute items.)
(/home/melmothx/build/amusewiki-debian-packages/amusewiki/local/texlive/2020/te
xmf-dist/fonts/source/public/modes/modes.mf) )
Beginning to dump on file mf.base
 (preloaded base=mf 2020.5.23)
2229 strings of total length 30460
11875 memory locations dumped; current usage is 3653&7860
1007 symbolic tokens
