This is METAFONT, Version 2.71828182 (INIMF)  28 DEC 2022 09:41
(/home/melmothx/build/amusewiki-debian-packages/amusewiki/local/texlive/2022/texmf-dist/web2c/cp227.tcx)
**mf.ini

(/home/melmothx/build/amusewiki-debian-packages/amusewiki/local/texlive/2022/te
xmf-dist/metafont/config/mf.ini
(/home/melmothx/build/amusewiki-debian-packages/amusewiki/local/texlive/2022/te
xmf-dist/metafont/base/plain.mf
Preloading the plain base, version 2.71: preliminaries,
 basic constants and mathematical macros,
 macros for converting from device-independent units to pixels,
 macros and tables for various modes of operation,
 macros for drawing and filling,
 macros for proof labels and rules,
 macros for character and font administration,
and a few last-minute items.)
(/home/melmothx/build/amusewiki-debian-packages/amusewiki/local/texlive/2022/te
xmf-dist/fonts/source/public/modes/modes.mf) )
Beginning to dump on file mf.base
 (preloaded base=mf 2022.12.28)
2237 strings of total length 30554
11955 memory locations dumped; current usage is 3679&7916
1011 symbolic tokens
# actual command line used during this run
# mf-nowin -ini   -jobname=mf -progname=mf -translate-file=cp227.tcx mf.ini </dev/null
