TeX Live installer invocation: ./install-tl -repository https://ftp.gwdg.de/pub/ctan/systems/texlive/tlnet -profile amusewiki.profile 
Automated TeX Live installation using profile: amusewiki.profile
Trying to verify cryptographic signatures!
Loading https://ftp.gwdg.de/pub/ctan/systems/texlive/tlnet/tlpkg/texlive.tlpdb
Installing TeX Live 2026 from: https://ftp.gwdg.de/pub/ctan/systems/texlive/tlnet (verified)
Platform: x86_64-linux => 'GNU/Linux on x86_64'
Distribution: net  (downloading)
Using URL: https://ftp.gwdg.de/pub/ctan/systems/texlive/tlnet
Directory for temporary files: /tmp/Im3N8LkKTy
Installer revision: 78253
Database revision: 78605
Settings:
  TEXDIR: "/home/melmothx/amusewiki-debian-packages/amusewiki/local/texlive/2026"
  TEXMFCONFIG: "~/.amusewiki-texlive-2026/texmf-config"
  TEXMFHOME: "~/texmf"
  TEXMFLOCAL: "/home/melmothx/amusewiki-debian-packages/amusewiki/local/texlive/texmf-local"
  TEXMFSYSCONFIG: "/home/melmothx/amusewiki-debian-packages/amusewiki/local/texlive/2026/texmf-config"
  TEXMFSYSVAR: "/home/melmothx/amusewiki-debian-packages/amusewiki/local/texlive/2026/texmf-var"
  TEXMFVAR: "~/.amusewiki-texlive-2026/texmf-var"
  binary_aarch64-linux: ""
  binary_amd64-freebsd: ""
  binary_amd64-netbsd: ""
  binary_armhf-linux: ""
  binary_i386-freebsd: ""
  binary_i386-linux: ""
  binary_i386-netbsd: ""
  binary_i386-solaris: ""
  binary_universal-darwin: ""
  binary_windows: ""
  binary_x86_64-cygwin: ""
  binary_x86_64-darwinlegacy: ""
  binary_x86_64-linux: "1"
  binary_x86_64-linuxmusl: ""
  binary_x86_64-solaris: ""
  collection-basic: "1"
  collection-bibtexextra: ""
  collection-binextra: ""
  collection-context: ""
  collection-fontsextra: ""
  collection-fontsrecommended: ""
  collection-fontutils: ""
  collection-formatsextra: ""
  collection-games: ""
  collection-humanities: ""
  collection-langarabic: ""
  collection-langchinese: ""
  collection-langcjk: ""
  collection-langcyrillic: ""
  collection-langczechslovak: ""
  collection-langenglish: ""
  collection-langeuropean: ""
  collection-langfrench: ""
  collection-langgerman: ""
  collection-langgreek: ""
  collection-langitalian: ""
  collection-langjapanese: ""
  collection-langkorean: ""
  collection-langother: ""
  collection-langpolish: ""
  collection-langportuguese: ""
  collection-langspanish: ""
  collection-latex: ""
  collection-latexextra: ""
  collection-latexrecommended: ""
  collection-luatex: ""
  collection-mathscience: ""
  collection-metapost: ""
  collection-music: ""
  collection-pictures: ""
  collection-plaingeneric: ""
  collection-pstricks: ""
  collection-publishers: ""
  collection-texworks: ""
  collection-wintools: ""
  collection-xetex: ""
  doc_splitting_supported: "1"
  free_size: "416806"
  inst_platform: "x86_64-linux"
  instopt_adjustpath: "1"
  instopt_adjustrepo: "1"
  instopt_letter: ""
  instopt_portable: "1"
  instopt_write18_restricted: "1"
  n_collections_available: "41"
  n_collections_selected: "40"
  n_systems_available: "15"
  n_systems_selected: "1"
  selected_scheme: "scheme-custom"
  src_splitting_supported: "1"
  this_platform: "x86_64-linux"
  tlpdbopt_autobackup: "1"
  tlpdbopt_backupdir: "tlpkg/backups"
  tlpdbopt_create_formats: "1"
  tlpdbopt_desktop_integration: "1"
  tlpdbopt_file_assocs: "1"
  tlpdbopt_generate_updmap: ""
  tlpdbopt_install_docfiles: "1"
  tlpdbopt_install_srcfiles: ""
  tlpdbopt_location: "https://ftp.gwdg.de/pub/ctan/systems/texlive/tlnet"
  tlpdbopt_post_code: "1"
  tlpdbopt_sys_bin: "/usr/local/bin"
  tlpdbopt_sys_info: "/usr/local/share/info"
  tlpdbopt_sys_man: "/usr/local/share/man"
  tlpdbopt_w32_multi_user: "1"
  total_size: ""
Installing to: /home/melmothx/amusewiki-debian-packages/amusewiki/local/texlive/2026
Installing [1/4, time/total: ??:??/??:??]: hyphen-base [23k]
Installing [2/4, time/total: 00:01/01:55]: kpathsea [1291k]
Installing [3/4, time/total: 00:01/00:01]: texlive-scripts [564k]
Installing [4/4, time/total: 00:01/00:01]: texlive.infra [671k]
Time used for installing the packages: 00:01
Installing [01/57, time/total: ??:??/??:??]: amsfonts [4677k]
Installing [02/57, time/total: 00:01/00:06]: bibtex [407k]
Installing [03/57, time/total: 00:01/00:05]: bibtex.x86_64-linux [77k]
Installing [04/57, time/total: 00:01/00:05]: cm [235k]
Installing [05/57, time/total: 00:01/00:05]: collection-basic [1k]
Installing [06/57, time/total: 00:01/00:05]: colorprofiles [113k]
Installing [07/57, time/total: 00:01/00:05]: dehyph [46k]
Installing [08/57, time/total: 00:01/00:05]: dvipdfmx [3053k]
Installing [09/57, time/total: 00:02/00:06]: dvipdfmx.x86_64-linux [437k]
Installing [10/57, time/total: 00:02/00:06]: dvips [576k]
Installing [11/57, time/total: 00:02/00:05]: dvips.x86_64-linux [152k]
Installing [12/57, time/total: 00:02/00:05]: ec [280k]
Installing [13/57, time/total: 00:02/00:05]: enctex [272k]
Installing [14/57, time/total: 00:03/00:08]: etex [331k]
Installing [15/57, time/total: 00:03/00:07]: etex-pkg [7k]
Installing [16/57, time/total: 00:03/00:07]: extractbb [30k]
Installing [17/57, time/total: 00:03/00:07]: extractbb.x86_64-linux [1k]
Installing [18/57, time/total: 00:03/00:07]: glyphlist [25k]
Installing [19/57, time/total: 00:03/00:07]: graphics-def [12k]
Installing [20/57, time/total: 00:03/00:07]: hyph-utf8 [278k]
Installing [21/57, time/total: 00:03/00:07]: hyphenex [9k]
Installing [22/57, time/total: 00:03/00:07]: ifplatform [151k]
Installing [23/57, time/total: 00:04/00:10]: iftex [228k]
Installing [24/57, time/total: 00:04/00:09]: knuth-lib [30k]
Installing [25/57, time/total: 00:04/00:09]: knuth-local [23k]
Installing [26/57, time/total: 00:04/00:09]: kpathsea.x86_64-linux [41k]
Installing [27/57, time/total: 00:04/00:09]: lua-alt-getopt [6k]
Installing [28/57, time/total: 00:04/00:09]: luahbtex [27k]
Installing [29/57, time/total: 00:04/00:09]: luahbtex.x86_64-linux [2734k]
Installing [30/57, time/total: 00:05/00:09]: luatex [2015k]
Installing [31/57, time/total: 00:05/00:08]: luatex.x86_64-linux [1816k]
Installing [32/57, time/total: 00:05/00:07]: makeindex [460k]
Installing [33/57, time/total: 00:05/00:07]: makeindex.x86_64-linux [50k]
Installing [34/57, time/total: 00:05/00:07]: metafont [50k]
Installing [35/57, time/total: 00:05/00:07]: metafont.x86_64-linux [226k]
Installing [36/57, time/total: 00:05/00:07]: mflogo [236k]
Installing [37/57, time/total: 00:06/00:08]: mfware [114k]
Installing [38/57, time/total: 00:06/00:08]: mfware.x86_64-linux [123k]
Installing [39/57, time/total: 00:06/00:08]: modes [286k]
Installing [40/57, time/total: 00:06/00:08]: pdftex [3366k]
Installing [41/57, time/total: 00:06/00:07]: pdftex.x86_64-linux [886k]
Installing [42/57, time/total: 00:07/00:08]: plain [29k]
Installing [43/57, time/total: 00:07/00:08]: tex [55k]
Installing [44/57, time/total: 00:07/00:08]: tex-ini-files [6k]
Installing [45/57, time/total: 00:07/00:08]: tex.x86_64-linux [197k]
Installing [46/57, time/total: 00:07/00:08]: texlive-common [484k]
Installing [47/57, time/total: 00:07/00:08]: texlive-en [2026k]
Installing [48/57, time/total: 00:07/00:07]: texlive-msg-translations [150k]
Installing [49/57, time/total: 00:08/00:08]: texlive-scripts-extra [215k]
Installing [50/57, time/total: 00:08/00:08]: texlive-scripts-extra.x86_64-linux [1k]
Installing [51/57, time/total: 00:08/00:08]: texlive-scripts.x86_64-linux [1k]
Installing [52/57, time/total: 00:08/00:08]: texlive.infra.x86_64-linux [143k]
Installing [53/57, time/total: 00:08/00:08]: tlshell [34k]
Installing [54/57, time/total: 00:08/00:08]: tlshell.x86_64-linux [1k]
Installing [55/57, time/total: 00:08/00:08]: unicode-data [314k]
Installing [56/57, time/total: 00:08/00:08]: xdvi [176k]
Installing [57/57, time/total: 00:08/00:08]: xdvi.x86_64-linux [548k]
Time used for installing the packages: 00:09
[08:35:56] running mktexlsr /home/melmothx/amusewiki-debian-packages/amusewiki/local/texlive/2026/texmf-dist ...
writing fmtutil.cnf to /home/melmothx/amusewiki-debian-packages/amusewiki/local/texlive/2026/texmf-dist/web2c/fmtutil.cnf
writing updmap.cfg to /home/melmothx/amusewiki-debian-packages/amusewiki/local/texlive/2026/texmf-dist/web2c/updmap.cfg
writing language.dat to /home/melmothx/amusewiki-debian-packages/amusewiki/local/texlive/2026/texmf-var/tex/generic/config/language.dat
writing language.def to /home/melmothx/amusewiki-debian-packages/amusewiki/local/texlive/2026/texmf-var/tex/generic/config/language.def
writing language.dat.lua to /home/melmothx/amusewiki-debian-packages/amusewiki/local/texlive/2026/texmf-var/tex/generic/config/language.dat.lua
[08:35:56] running mktexlsr /home/melmothx/amusewiki-debian-packages/amusewiki/local/texlive/2026/texmf-var /home/melmothx/amusewiki-debian-packages/amusewiki/local/texlive/2026/texmf-config /home/melmothx/amusewiki-debian-packages/amusewiki/local/texlive/2026/texmf-dist ...

[Tue Apr  7 08:35:56 2026] running updmap-sys --nohash
running updmap-sys --nohash ...done
updmap will read the following updmap.cfg files (in precedence order):
  /home/melmothx/amusewiki-debian-packages/amusewiki/local/texlive/2026/texmf-dist/web2c/updmap.cfg
updmap may write changes to the following updmap.cfg file:
  /home/melmothx/amusewiki-debian-packages/amusewiki/local/texlive/2026/texmf-config/web2c/updmap.cfg
dvips output dir: "/home/melmothx/amusewiki-debian-packages/amusewiki/local/texlive/2026/texmf-var/fonts/map/dvips/updmap"
pdftex output dir: "/home/melmothx/amusewiki-debian-packages/amusewiki/local/texlive/2026/texmf-var/fonts/map/pdftex/updmap"
dvipdfmx output dir: "/home/melmothx/amusewiki-debian-packages/amusewiki/local/texlive/2026/texmf-var/fonts/map/dvipdfmx/updmap"

updmap is creating new map files
using the following configuration:
  LW35 font names                  : URWkb (/home/melmothx/amusewiki-debian-packages/amusewiki/local/texlive/2026/texmf-dist/web2c/updmap.cfg)
  prefer outlines                  : true (/home/melmothx/amusewiki-debian-packages/amusewiki/local/texlive/2026/texmf-dist/web2c/updmap.cfg)
  texhash enabled                  : false
  download standard fonts (dvips)  : true (/home/melmothx/amusewiki-debian-packages/amusewiki/local/texlive/2026/texmf-dist/web2c/updmap.cfg)
  download standard fonts (pdftex) : true (/home/melmothx/amusewiki-debian-packages/amusewiki/local/texlive/2026/texmf-dist/web2c/updmap.cfg)
  jaEmbed replacement string       : haranoaji (/home/melmothx/amusewiki-debian-packages/amusewiki/local/texlive/2026/texmf-dist/web2c/updmap.cfg)
  jaVariant replacement string     : -04 (/home/melmothx/amusewiki-debian-packages/amusewiki/local/texlive/2026/texmf-dist/web2c/updmap.cfg)
  scEmbed replacement string       : arphic (/home/melmothx/amusewiki-debian-packages/amusewiki/local/texlive/2026/texmf-dist/web2c/updmap.cfg)
  tcEmbed replacement string       : arphic (/home/melmothx/amusewiki-debian-packages/amusewiki/local/texlive/2026/texmf-dist/web2c/updmap.cfg)
  koEmbed replacement string       : baekmuk (/home/melmothx/amusewiki-debian-packages/amusewiki/local/texlive/2026/texmf-dist/web2c/updmap.cfg)
  create a mapfile for pxdvi       : false (default)

Scanning for LW35 support files  [  3 files]
Scanning for MixedMap entries    [  6 files]
Scanning for KanjiMap entries    [  0 files]
Scanning for Map entries         [  3 files]

Generating output for dvipdfmx...
Generating output for ps2pk...
Generating output for dvips...
Generating output for pdftex...

Files generated:
  /home/melmothx/amusewiki-debian-packages/amusewiki/local/texlive/2026/texmf-var/fonts/map/dvips/updmap:
       15888 2026-04-07 08:35:56 builtin35.map
       21361 2026-04-07 08:35:56 download35.map
       22480 2026-04-07 08:35:56 psfonts_pk.map
       26331 2026-04-07 08:35:56 psfonts_t1.map
       26326 2026-04-07 08:35:56 ps2pk.map
       26331 2026-04-07 08:35:56 psfonts.map = psfonts_t1.map
  /home/melmothx/amusewiki-debian-packages/amusewiki/local/texlive/2026/texmf-var/fonts/map/pdftex/updmap:
       26333 2026-04-07 08:35:56 pdftex_dl14.map
       24668 2026-04-07 08:35:56 pdftex_ndl14.map
       26333 2026-04-07 08:35:56 pdftex.map = pdftex_dl14.map
  /home/melmothx/amusewiki-debian-packages/amusewiki/local/texlive/2026/texmf-var/fonts/map/dvipdfmx/updmap:
         411 2026-04-07 08:35:56 kanjix.map

Transcript written on: /home/melmothx/amusewiki-debian-packages/amusewiki/local/texlive/2026/texmf-var/web2c/updmap.log

[Tue Apr  7 08:35:56 2026] --end of output of updmap-sys --nohash
[08:35:56] re-running mktexlsr /home/melmothx/amusewiki-debian-packages/amusewiki/local/texlive/2026/texmf-var /home/melmothx/amusewiki-debian-packages/amusewiki/local/texlive/2026/texmf-config ...
pre-generating all format files, be patient...

[Tue Apr  7 08:35:56 2026] running fmtutil-sys --no-error-if-no-engine=luametatex,luajithbtex,luajittex,mfluajit --no-strict --all
running fmtutil-sys --no-error-if-no-engine=luametatex,luajithbtex,luajittex,mfluajit --no-strict --all ...done
fmtutil: fmtutil is using the following fmtutil.cnf files (in precedence order):
fmtutil:   /home/melmothx/amusewiki-debian-packages/amusewiki/local/texlive/2026/texmf-dist/web2c/fmtutil.cnf
fmtutil: fmtutil is using the following fmtutil.cnf file for writing changes:
fmtutil:   /home/melmothx/amusewiki-debian-packages/amusewiki/local/texlive/2026/texmf-config/web2c/fmtutil.cnf
fmtutil [INFO]: writing formats under /home/melmothx/amusewiki-debian-packages/amusewiki/local/texlive/2026/texmf-var/web2c
fmtutil [INFO]: --- remaking pdftex with pdftex
fmtutil: running `pdftex -ini   -jobname=pdftex -progname=pdftex -translate-file=cp227.tcx *pdfetex.ini' ...
This is pdfTeX, Version 3.141592653-2.6-1.40.29 (TeX Live 2026) (INITEX)
 restricted \write18 enabled.
 (/home/melmothx/amusewiki-debian-packages/amusewiki/local/texlive/2026/texmf-dist/web2c/cp227.tcx)
entering extended mode

(/home/melmothx/amusewiki-debian-packages/amusewiki/local/texlive/2026/texmf-di
st/tex/plain/config/pdfetex.ini
(/home/melmothx/amusewiki-debian-packages/amusewiki/local/texlive/2026/texmf-di
st/tex/generic/tex-ini-files/pdftexconfig.tex)
(/home/melmothx/amusewiki-debian-packages/amusewiki/local/texlive/2026/texmf-di
st/tex/plain/etex/etex.src
(/home/melmothx/amusewiki-debian-packages/amusewiki/local/texlive/2026/texmf-di
st/tex/plain/base/plain.tex Preloading the plain format: codes, registers,
parameters, fonts, more fonts, macros, math definitions, output routines,
hyphenation
(/home/melmothx/amusewiki-debian-packages/amusewiki/local/texlive/2026/texmf-di
st/tex/generic/hyphen/hyphen.tex [skipping from \patterns to end-of-file...]))
(/home/melmothx/amusewiki-debian-packages/amusewiki/local/texlive/2026/texmf-di
st/tex/plain/etex/etexdefs.lib Skipping module "grouptypes";
Loading module "interactionmodes"; Skipping module "nodetypes";
Skipping module "iftypes";)
(/home/melmothx/amusewiki-debian-packages/amusewiki/local/texlive/2026/texmf-va
r/tex/generic/config/language.def
(/home/melmothx/amusewiki-debian-packages/amusewiki/local/texlive/2026/texmf-di
st/tex/generic/hyphen/hyphen.tex)) Augmenting the Plain TeX definitions:
\tracingall; Adding new e-TeX definitions: \eTeX, \loggingall, \tracingnone,
register allocation; extended register allocation; 
Recycling: \addlanguage, \@nswer (not defined), \@sk, \b@dresponsetrue,
\b@dresponsefalse, \ch@ckforyn, \mayber@cycle, \et@xabort, \et@xbuf,
\et@xfmtsrc, \et@xfilehdr, \et@xinf, \et@xpatterns, \l@ngdefnfile, \n@xt,
\p@rse (not defined), \pr@mpt (not defined), \pr@mptloop (not defined),
\forcer@cycle, \usef@llback, \usef@llbacktrue, \usef@llbackfalse, 
Retaining: \et@xerr, \et@xinput, \et@xlibhdr, \et@xmsg, \et@xtoks, \et@xwarn,
\et@xl@@d, \et@xl@ad, \et@xload, \et@xlang, \et@xhash, \eTeX, \etexhdrchk,
\etexstatus, \module, \uselanguage, \r@tain, \r@cycle,)
(/home/melmothx/amusewiki-debian-packages/amusewiki/local/texlive/2026/texmf-di
st/tex/plain/config/pdftexmagfix.tex) )
Beginning to dump on file pdftex.fmt
 (preloaded format=pdftex 2026.4.7)
2931 strings of total length 45054
7961 memory locations dumped; current usage is 203&7322
1277 multiletter control sequences
\font\nullfont=nullfont
\font\tenrm=cmr10
\font\preloaded=cmr9
\font\preloaded=cmr8
\font\sevenrm=cmr7
\font\preloaded=cmr6
\font\fiverm=cmr5
\font\teni=cmmi10
\font\preloaded=cmmi9
\font\preloaded=cmmi8
\font\seveni=cmmi7
\font\preloaded=cmmi6
\font\fivei=cmmi5
\font\tensy=cmsy10
\font\preloaded=cmsy9
\font\preloaded=cmsy8
\font\sevensy=cmsy7
\font\preloaded=cmsy6
\font\fivesy=cmsy5
\font\tenex=cmex10
\font\preloaded=cmss10
\font\preloaded=cmssq8
\font\preloaded=cmssi10
\font\preloaded=cmssqi8
\font\tenbf=cmbx10
\font\preloaded=cmbx9
\font\preloaded=cmbx8
\font\sevenbf=cmbx7
\font\preloaded=cmbx6
\font\fivebf=cmbx5
\font\tentt=cmtt10
\font\preloaded=cmtt9
\font\preloaded=cmtt8
\font\preloaded=cmsltt10
\font\tensl=cmsl10
\font\preloaded=cmsl9
\font\preloaded=cmsl8
\font\tenit=cmti10
\font\preloaded=cmti9
\font\preloaded=cmti8
\font\preloaded=cmti7
\font\preloaded=cmu10
\font\preloaded=cmmib10
\font\preloaded=cmbsy10
\font\preloaded=cmcsc10
\font\preloaded=cmssbx10
\font\preloaded=cmdunh10
\font\preloaded=cmr7 at 14.51799pt
\font\preloaded=cmtt10 at 14.4pt
\font\preloaded=cmssbx10 at 14.4pt
\font\preloaded=manfnt
14787 words of font info for 50 preloaded fonts
14 hyphenation exceptions
Hyphenation trie of length 6075 has 181 ops out of 35111
  181 for language 0
0 words of pdfTeX memory
0 indirect objects
No pages of output.
Transcript written on pdftex.log.
fmtutil [INFO]: log file copied to: /home/melmothx/amusewiki-debian-packages/amusewiki/local/texlive/2026/texmf-var/web2c/pdftex/pdftex.log
fmtutil [INFO]: /home/melmothx/amusewiki-debian-packages/amusewiki/local/texlive/2026/texmf-var/web2c/pdftex/pdftex.fmt installed.
fmtutil [INFO]: --- remaking tex with tex
fmtutil: running `tex -ini   -jobname=tex -progname=tex tex.ini' ...
This is TeX, Version 3.141592653 (TeX Live 2026) (INITEX)

(/home/melmothx/amusewiki-debian-packages/amusewiki/local/texlive/2026/texmf-di
st/tex/plain/config/tex.ini
(/home/melmothx/amusewiki-debian-packages/amusewiki/local/texlive/2026/texmf-di
st/tex/plain/base/plain.tex Preloading the plain format: codes, registers,
parameters, fonts, more fonts, macros, math definitions, output routines,
hyphenation
(/home/melmothx/amusewiki-debian-packages/amusewiki/local/texlive/2026/texmf-di
st/tex/generic/hyphen/hyphen.tex)) )
Beginning to dump on file tex.fmt
 (preloaded format=tex 2026.4.7)
2030 strings of total length 29853
4991 memory locations dumped; current usage is 110&4878
926 multiletter control sequences
\font\nullfont=nullfont
\font\tenrm=cmr10
\font\preloaded=cmr9
\font\preloaded=cmr8
\font\sevenrm=cmr7
\font\preloaded=cmr6
\font\fiverm=cmr5
\font\teni=cmmi10
\font\preloaded=cmmi9
\font\preloaded=cmmi8
\font\seveni=cmmi7
\font\preloaded=cmmi6
\font\fivei=cmmi5
\font\tensy=cmsy10
\font\preloaded=cmsy9
\font\preloaded=cmsy8
\font\sevensy=cmsy7
\font\preloaded=cmsy6
\font\fivesy=cmsy5
\font\tenex=cmex10
\font\preloaded=cmss10
\font\preloaded=cmssq8
\font\preloaded=cmssi10
\font\preloaded=cmssqi8
\font\tenbf=cmbx10
\font\preloaded=cmbx9
\font\preloaded=cmbx8
\font\sevenbf=cmbx7
\font\preloaded=cmbx6
\font\fivebf=cmbx5
\font\tentt=cmtt10
\font\preloaded=cmtt9
\font\preloaded=cmtt8
\font\preloaded=cmsltt10
\font\tensl=cmsl10
\font\preloaded=cmsl9
\font\preloaded=cmsl8
\font\tenit=cmti10
\font\preloaded=cmti9
\font\preloaded=cmti8
\font\preloaded=cmti7
\font\preloaded=cmu10
\font\preloaded=cmmib10
\font\preloaded=cmbsy10
\font\preloaded=cmcsc10
\font\preloaded=cmssbx10
\font\preloaded=cmdunh10
\font\preloaded=cmr7 at 14.51799pt
\font\preloaded=cmtt10 at 14.4pt
\font\preloaded=cmssbx10 at 14.4pt
\font\preloaded=manfnt
14787 words of font info for 50 preloaded fonts
14 hyphenation exceptions
Hyphenation trie of length 6075 has 181 ops out of 35111
  181 for language 0
No pages of output.
Transcript written on tex.log.
fmtutil [INFO]: log file copied to: /home/melmothx/amusewiki-debian-packages/amusewiki/local/texlive/2026/texmf-var/web2c/tex/tex.log
fmtutil [INFO]: /home/melmothx/amusewiki-debian-packages/amusewiki/local/texlive/2026/texmf-var/web2c/tex/tex.fmt installed.
fmtutil [INFO]: --- remaking luahbtex with luahbtex
fmtutil: running `luahbtex -ini   -jobname=luahbtex -progname=luahbtex luatex.ini' ...
This is LuaHBTeX, Version 1.24.0 (TeX Live 2026)  (INITEX)
 restricted system commands enabled.

(/home/melmothx/amusewiki-debian-packages/amusewiki/local/texlive/2026/texmf-di
st/tex/generic/tex-ini-files/luatex.ini
(/home/melmothx/amusewiki-debian-packages/amusewiki/local/texlive/2026/texmf-di
st/tex/generic/tex-ini-files/luatexconfig.tex
(/home/melmothx/amusewiki-debian-packages/amusewiki/local/texlive/2026/texmf-di
st/tex/generic/tex-ini-files/pdftexconfig.tex))
(/home/melmothx/amusewiki-debian-packages/amusewiki/local/texlive/2026/texmf-di
st/tex/generic/tex-ini-files/luatexiniconfig.tex)
(/home/melmothx/amusewiki-debian-packages/amusewiki/local/texlive/2026/texmf-di
st/tex/generic/unicode-data/load-unicode-data.tex 
load-unicode-data.tex v1.19 (2025-09-26)
Reading Unicode data
# UnicodeData-17.0.0.txt
# Modified 2025-09-26 07:00 GMT [JAW]
)
(/home/melmothx/amusewiki-debian-packages/amusewiki/local/texlive/2026/texmf-di
st/tex/luatex/hyph-utf8/etex.src
(/home/melmothx/amusewiki-debian-packages/amusewiki/local/texlive/2026/texmf-di
st/tex/plain/base/plain.tex Preloading the plain format: codes, registers,
parameters, fonts, more fonts, macros, math definitions, output routines,
hyphenation
(/home/melmothx/amusewiki-debian-packages/amusewiki/local/texlive/2026/texmf-di
st/tex/generic/hyphen/hyphen.tex [skipping from \patterns to end-of-file...]))
(/home/melmothx/amusewiki-debian-packages/amusewiki/local/texlive/2026/texmf-di
st/tex/plain/etex/etexdefs.lib Skipping module "grouptypes";
Loading module "interactionmodes"; Skipping module "nodetypes";
Skipping module "iftypes";)
(/home/melmothx/amusewiki-debian-packages/amusewiki/local/texlive/2026/texmf-va
r/tex/generic/config/language.def
(/home/melmothx/amusewiki-debian-packages/amusewiki/local/texlive/2026/texmf-di
st/tex/generic/hyphen/hyphen.tex)) Augmenting the Plain TeX definitions:
\tracingall; Adding new e-TeX definitions: \eTeX, \loggingall, \tracingnone,
register allocation; extended register allocation; 
Recycling: \addlanguage, \@nswer (not defined), \@sk, \b@dresponsetrue,
\b@dresponsefalse, \ch@ckforyn, \mayber@cycle, \et@xabort, \et@xbuf,
\et@xfmtsrc, \et@xfilehdr, \et@xinf, \et@xpatterns, \l@ngdefnfile, \n@xt,
\p@rse (not defined), \pr@mpt (not defined), \pr@mptloop (not defined),
\forcer@cycle, \usef@llback, \usef@llbacktrue, \usef@llbackfalse, 
Retaining: \et@xerr, \et@xinput, \et@xlibhdr, \et@xmsg, \et@xtoks, \et@xwarn,
\et@xl@@d, \et@xl@ad, \et@xload, \et@xlang, \et@xhash, \eTeX, \etexhdrchk,
\etexstatus, \module, \uselanguage, \r@tain, \r@cycle,))
Beginning to dump on file luahbtex.fmt
 (format=luahbtex 2026.4.7)
3397 strings using 10265 bytes
69659 memory locations dumped; current usage is 149&8126
1886 multiletter control sequences
\font\nullfont=nullfont
\font\tenrm=cmr10
\font\preloaded=cmr9
\font\preloaded=cmr8
\font\sevenrm=cmr7
\font\preloaded=cmr6
\font\fiverm=cmr5
\font\teni=cmmi10
\font\preloaded=cmmi9
\font\preloaded=cmmi8
\font\seveni=cmmi7
\font\preloaded=cmmi6
\font\fivei=cmmi5
\font\tensy=cmsy10
\font\preloaded=cmsy9
\font\preloaded=cmsy8
\font\sevensy=cmsy7
\font\preloaded=cmsy6
\font\fivesy=cmsy5
\font\tenex=cmex10
\font\preloaded=cmss10
\font\preloaded=cmssq8
\font\preloaded=cmssi10
\font\preloaded=cmssqi8
\font\tenbf=cmbx10
\font\preloaded=cmbx9
\font\preloaded=cmbx8
\font\sevenbf=cmbx7
\font\preloaded=cmbx6
\font\fivebf=cmbx5
\font\tentt=cmtt10
\font\preloaded=cmtt9
\font\preloaded=cmtt8
\font\preloaded=cmsltt10
\font\tensl=cmsl10
\font\preloaded=cmsl9
\font\preloaded=cmsl8
\font\tenit=cmti10
\font\preloaded=cmti9
\font\preloaded=cmti8
\font\preloaded=cmti7
\font\preloaded=cmu10
\font\preloaded=cmmib10
\font\preloaded=cmbsy10
\font\preloaded=cmcsc10
\font\preloaded=cmssbx10
\font\preloaded=cmdunh10
\font\preloaded=cmr7 at 14.51799pt
\font\preloaded=cmtt10 at 14.4pt
\font\preloaded=cmssbx10 at 14.4pt
\font\preloaded=manfnt
50 preloaded fonts
warning  (pdf backend): no pages of output.
Transcript written on luahbtex.log.
fmtutil [INFO]: log file copied to: /home/melmothx/amusewiki-debian-packages/amusewiki/local/texlive/2026/texmf-var/web2c/luahbtex/luahbtex.log
fmtutil [INFO]: /home/melmothx/amusewiki-debian-packages/amusewiki/local/texlive/2026/texmf-var/web2c/luahbtex/luahbtex.fmt installed.
fmtutil [INFO]: --- remaking luatex with luatex
fmtutil: running `luatex -ini   -jobname=luatex -progname=luatex luatex.ini' ...
This is LuaTeX, Version 1.24.0 (TeX Live 2026)  (INITEX)
 restricted system commands enabled.

(/home/melmothx/amusewiki-debian-packages/amusewiki/local/texlive/2026/texmf-di
st/tex/generic/tex-ini-files/luatex.ini
(/home/melmothx/amusewiki-debian-packages/amusewiki/local/texlive/2026/texmf-di
st/tex/generic/tex-ini-files/luatexconfig.tex
(/home/melmothx/amusewiki-debian-packages/amusewiki/local/texlive/2026/texmf-di
st/tex/generic/tex-ini-files/pdftexconfig.tex))
(/home/melmothx/amusewiki-debian-packages/amusewiki/local/texlive/2026/texmf-di
st/tex/generic/tex-ini-files/luatexiniconfig.tex)
(/home/melmothx/amusewiki-debian-packages/amusewiki/local/texlive/2026/texmf-di
st/tex/generic/unicode-data/load-unicode-data.tex 
load-unicode-data.tex v1.19 (2025-09-26)
Reading Unicode data
# UnicodeData-17.0.0.txt
# Modified 2025-09-26 07:00 GMT [JAW]
)
(/home/melmothx/amusewiki-debian-packages/amusewiki/local/texlive/2026/texmf-di
st/tex/luatex/hyph-utf8/etex.src
(/home/melmothx/amusewiki-debian-packages/amusewiki/local/texlive/2026/texmf-di
st/tex/plain/base/plain.tex Preloading the plain format: codes, registers,
parameters, fonts, more fonts, macros, math definitions, output routines,
hyphenation
(/home/melmothx/amusewiki-debian-packages/amusewiki/local/texlive/2026/texmf-di
st/tex/generic/hyphen/hyphen.tex [skipping from \patterns to end-of-file...]))
(/home/melmothx/amusewiki-debian-packages/amusewiki/local/texlive/2026/texmf-di
st/tex/plain/etex/etexdefs.lib Skipping module "grouptypes";
Loading module "interactionmodes"; Skipping module "nodetypes";
Skipping module "iftypes";)
(/home/melmothx/amusewiki-debian-packages/amusewiki/local/texlive/2026/texmf-va
r/tex/generic/config/language.def
(/home/melmothx/amusewiki-debian-packages/amusewiki/local/texlive/2026/texmf-di
st/tex/generic/hyphen/hyphen.tex)) Augmenting the Plain TeX definitions:
\tracingall; Adding new e-TeX definitions: \eTeX, \loggingall, \tracingnone,
register allocation; extended register allocation; 
Recycling: \addlanguage, \@nswer (not defined), \@sk, \b@dresponsetrue,
\b@dresponsefalse, \ch@ckforyn, \mayber@cycle, \et@xabort, \et@xbuf,
\et@xfmtsrc, \et@xfilehdr, \et@xinf, \et@xpatterns, \l@ngdefnfile, \n@xt,
\p@rse (not defined), \pr@mpt (not defined), \pr@mptloop (not defined),
\forcer@cycle, \usef@llback, \usef@llbacktrue, \usef@llbackfalse, 
Retaining: \et@xerr, \et@xinput, \et@xlibhdr, \et@xmsg, \et@xtoks, \et@xwarn,
\et@xl@@d, \et@xl@ad, \et@xload, \et@xlang, \et@xhash, \eTeX, \etexhdrchk,
\etexstatus, \module, \uselanguage, \r@tain, \r@cycle,))
Beginning to dump on file luatex.fmt
 (format=luatex 2026.4.7)
3397 strings using 10261 bytes
69659 memory locations dumped; current usage is 149&8126
1886 multiletter control sequences
\font\nullfont=nullfont
\font\tenrm=cmr10
\font\preloaded=cmr9
\font\preloaded=cmr8
\font\sevenrm=cmr7
\font\preloaded=cmr6
\font\fiverm=cmr5
\font\teni=cmmi10
\font\preloaded=cmmi9
\font\preloaded=cmmi8
\font\seveni=cmmi7
\font\preloaded=cmmi6
\font\fivei=cmmi5
\font\tensy=cmsy10
\font\preloaded=cmsy9
\font\preloaded=cmsy8
\font\sevensy=cmsy7
\font\preloaded=cmsy6
\font\fivesy=cmsy5
\font\tenex=cmex10
\font\preloaded=cmss10
\font\preloaded=cmssq8
\font\preloaded=cmssi10
\font\preloaded=cmssqi8
\font\tenbf=cmbx10
\font\preloaded=cmbx9
\font\preloaded=cmbx8
\font\sevenbf=cmbx7
\font\preloaded=cmbx6
\font\fivebf=cmbx5
\font\tentt=cmtt10
\font\preloaded=cmtt9
\font\preloaded=cmtt8
\font\preloaded=cmsltt10
\font\tensl=cmsl10
\font\preloaded=cmsl9
\font\preloaded=cmsl8
\font\tenit=cmti10
\font\preloaded=cmti9
\font\preloaded=cmti8
\font\preloaded=cmti7
\font\preloaded=cmu10
\font\preloaded=cmmib10
\font\preloaded=cmbsy10
\font\preloaded=cmcsc10
\font\preloaded=cmssbx10
\font\preloaded=cmdunh10
\font\preloaded=cmr7 at 14.51799pt
\font\preloaded=cmtt10 at 14.4pt
\font\preloaded=cmssbx10 at 14.4pt
\font\preloaded=manfnt
50 preloaded fonts
warning  (pdf backend): no pages of output.
Transcript written on luatex.log.
fmtutil [INFO]: log file copied to: /home/melmothx/amusewiki-debian-packages/amusewiki/local/texlive/2026/texmf-var/web2c/luatex/luatex.log
fmtutil [INFO]: /home/melmothx/amusewiki-debian-packages/amusewiki/local/texlive/2026/texmf-var/web2c/luatex/luatex.fmt installed.
fmtutil [INFO]: --- remaking dviluatex with luatex
fmtutil: running `luatex -ini   -jobname=dviluatex -progname=dviluatex dviluatex.ini' ...
This is LuaTeX, Version 1.24.0 (TeX Live 2026)  (INITEX)
 restricted system commands enabled.

(/home/melmothx/amusewiki-debian-packages/amusewiki/local/texlive/2026/texmf-di
st/tex/generic/tex-ini-files/dviluatex.ini
(/home/melmothx/amusewiki-debian-packages/amusewiki/local/texlive/2026/texmf-di
st/tex/generic/tex-ini-files/luatex.ini
(/home/melmothx/amusewiki-debian-packages/amusewiki/local/texlive/2026/texmf-di
st/tex/generic/tex-ini-files/luatexconfig.tex
(/home/melmothx/amusewiki-debian-packages/amusewiki/local/texlive/2026/texmf-di
st/tex/generic/tex-ini-files/pdftexconfig.tex))
(/home/melmothx/amusewiki-debian-packages/amusewiki/local/texlive/2026/texmf-di
st/tex/generic/tex-ini-files/luatexiniconfig.tex)
(/home/melmothx/amusewiki-debian-packages/amusewiki/local/texlive/2026/texmf-di
st/tex/generic/unicode-data/load-unicode-data.tex 
load-unicode-data.tex v1.19 (2025-09-26)
Reading Unicode data
# UnicodeData-17.0.0.txt
# Modified 2025-09-26 07:00 GMT [JAW]
)
(/home/melmothx/amusewiki-debian-packages/amusewiki/local/texlive/2026/texmf-di
st/tex/luatex/hyph-utf8/etex.src
(/home/melmothx/amusewiki-debian-packages/amusewiki/local/texlive/2026/texmf-di
st/tex/plain/base/plain.tex Preloading the plain format: codes, registers,
parameters, fonts, more fonts, macros, math definitions, output routines,
hyphenation
(/home/melmothx/amusewiki-debian-packages/amusewiki/local/texlive/2026/texmf-di
st/tex/generic/hyphen/hyphen.tex [skipping from \patterns to end-of-file...]))
(/home/melmothx/amusewiki-debian-packages/amusewiki/local/texlive/2026/texmf-di
st/tex/plain/etex/etexdefs.lib Skipping module "grouptypes";
Loading module "interactionmodes"; Skipping module "nodetypes";
Skipping module "iftypes";)
(/home/melmothx/amusewiki-debian-packages/amusewiki/local/texlive/2026/texmf-va
r/tex/generic/config/language.def
(/home/melmothx/amusewiki-debian-packages/amusewiki/local/texlive/2026/texmf-di
st/tex/generic/hyphen/hyphen.tex)) Augmenting the Plain TeX definitions:
\tracingall; Adding new e-TeX definitions: \eTeX, \loggingall, \tracingnone,
register allocation; extended register allocation; 
Recycling: \addlanguage, \@nswer (not defined), \@sk, \b@dresponsetrue,
\b@dresponsefalse, \ch@ckforyn, \mayber@cycle, \et@xabort, \et@xbuf,
\et@xfmtsrc, \et@xfilehdr, \et@xinf, \et@xpatterns, \l@ngdefnfile, \n@xt,
\p@rse (not defined), \pr@mpt (not defined), \pr@mptloop (not defined),
\forcer@cycle, \usef@llback, \usef@llbacktrue, \usef@llbackfalse, 
Retaining: \et@xerr, \et@xinput, \et@xlibhdr, \et@xmsg, \et@xtoks, \et@xwarn,
\et@xl@@d, \et@xl@ad, \et@xload, \et@xlang, \et@xhash, \eTeX, \etexhdrchk,
\etexstatus, \module, \uselanguage, \r@tain, \r@cycle,)))
Beginning to dump on file dviluatex.fmt
 (format=dviluatex 2026.4.7)
3402 strings using 10280 bytes
69659 memory locations dumped; current usage is 149&8126
1886 multiletter control sequences
\font\nullfont=nullfont
\font\tenrm=cmr10
\font\preloaded=cmr9
\font\preloaded=cmr8
\font\sevenrm=cmr7
\font\preloaded=cmr6
\font\fiverm=cmr5
\font\teni=cmmi10
\font\preloaded=cmmi9
\font\preloaded=cmmi8
\font\seveni=cmmi7
\font\preloaded=cmmi6
\font\fivei=cmmi5
\font\tensy=cmsy10
\font\preloaded=cmsy9
\font\preloaded=cmsy8
\font\sevensy=cmsy7
\font\preloaded=cmsy6
\font\fivesy=cmsy5
\font\tenex=cmex10
\font\preloaded=cmss10
\font\preloaded=cmssq8
\font\preloaded=cmssi10
\font\preloaded=cmssqi8
\font\tenbf=cmbx10
\font\preloaded=cmbx9
\font\preloaded=cmbx8
\font\sevenbf=cmbx7
\font\preloaded=cmbx6
\font\fivebf=cmbx5
\font\tentt=cmtt10
\font\preloaded=cmtt9
\font\preloaded=cmtt8
\font\preloaded=cmsltt10
\font\tensl=cmsl10
\font\preloaded=cmsl9
\font\preloaded=cmsl8
\font\tenit=cmti10
\font\preloaded=cmti9
\font\preloaded=cmti8
\font\preloaded=cmti7
\font\preloaded=cmu10
\font\preloaded=cmmib10
\font\preloaded=cmbsy10
\font\preloaded=cmcsc10
\font\preloaded=cmssbx10
\font\preloaded=cmdunh10
\font\preloaded=cmr7 at 14.51799pt
\font\preloaded=cmtt10 at 14.4pt
\font\preloaded=cmssbx10 at 14.4pt
\font\preloaded=manfnt
50 preloaded fonts
No pages of output.
Transcript written on dviluatex.log.
fmtutil [INFO]: log file copied to: /home/melmothx/amusewiki-debian-packages/amusewiki/local/texlive/2026/texmf-var/web2c/luatex/dviluatex.log
fmtutil [INFO]: /home/melmothx/amusewiki-debian-packages/amusewiki/local/texlive/2026/texmf-var/web2c/luatex/dviluatex.fmt installed.
fmtutil [INFO]: --- remaking pdfetex with pdftex
fmtutil: running `pdftex -ini   -jobname=pdfetex -progname=pdfetex -translate-file=cp227.tcx *pdfetex.ini' ...
This is pdfTeX, Version 3.141592653-2.6-1.40.29 (TeX Live 2026) (INITEX)
 restricted \write18 enabled.
 (/home/melmothx/amusewiki-debian-packages/amusewiki/local/texlive/2026/texmf-dist/web2c/cp227.tcx)
entering extended mode

(/home/melmothx/amusewiki-debian-packages/amusewiki/local/texlive/2026/texmf-di
st/tex/plain/config/pdfetex.ini
(/home/melmothx/amusewiki-debian-packages/amusewiki/local/texlive/2026/texmf-di
st/tex/generic/tex-ini-files/pdftexconfig.tex)
(/home/melmothx/amusewiki-debian-packages/amusewiki/local/texlive/2026/texmf-di
st/tex/plain/etex/etex.src
(/home/melmothx/amusewiki-debian-packages/amusewiki/local/texlive/2026/texmf-di
st/tex/plain/base/plain.tex Preloading the plain format: codes, registers,
parameters, fonts, more fonts, macros, math definitions, output routines,
hyphenation
(/home/melmothx/amusewiki-debian-packages/amusewiki/local/texlive/2026/texmf-di
st/tex/generic/hyphen/hyphen.tex [skipping from \patterns to end-of-file...]))
(/home/melmothx/amusewiki-debian-packages/amusewiki/local/texlive/2026/texmf-di
st/tex/plain/etex/etexdefs.lib Skipping module "grouptypes";
Loading module "interactionmodes"; Skipping module "nodetypes";
Skipping module "iftypes";)
(/home/melmothx/amusewiki-debian-packages/amusewiki/local/texlive/2026/texmf-va
r/tex/generic/config/language.def
(/home/melmothx/amusewiki-debian-packages/amusewiki/local/texlive/2026/texmf-di
st/tex/generic/hyphen/hyphen.tex)) Augmenting the Plain TeX definitions:
\tracingall; Adding new e-TeX definitions: \eTeX, \loggingall, \tracingnone,
register allocation; extended register allocation; 
Recycling: \addlanguage, \@nswer (not defined), \@sk, \b@dresponsetrue,
\b@dresponsefalse, \ch@ckforyn, \mayber@cycle, \et@xabort, \et@xbuf,
\et@xfmtsrc, \et@xfilehdr, \et@xinf, \et@xpatterns, \l@ngdefnfile, \n@xt,
\p@rse (not defined), \pr@mpt (not defined), \pr@mptloop (not defined),
\forcer@cycle, \usef@llback, \usef@llbacktrue, \usef@llbackfalse, 
Retaining: \et@xerr, \et@xinput, \et@xlibhdr, \et@xmsg, \et@xtoks, \et@xwarn,
\et@xl@@d, \et@xl@ad, \et@xload, \et@xlang, \et@xhash, \eTeX, \etexhdrchk,
\etexstatus, \module, \uselanguage, \r@tain, \r@cycle,)
(/home/melmothx/amusewiki-debian-packages/amusewiki/local/texlive/2026/texmf-di
st/tex/plain/config/pdftexmagfix.tex) )
Beginning to dump on file pdfetex.fmt
 (preloaded format=pdfetex 2026.4.7)
2931 strings of total length 45057
7961 memory locations dumped; current usage is 203&7322
1277 multiletter control sequences
\font\nullfont=nullfont
\font\tenrm=cmr10
\font\preloaded=cmr9
\font\preloaded=cmr8
\font\sevenrm=cmr7
\font\preloaded=cmr6
\font\fiverm=cmr5
\font\teni=cmmi10
\font\preloaded=cmmi9
\font\preloaded=cmmi8
\font\seveni=cmmi7
\font\preloaded=cmmi6
\font\fivei=cmmi5
\font\tensy=cmsy10
\font\preloaded=cmsy9
\font\preloaded=cmsy8
\font\sevensy=cmsy7
\font\preloaded=cmsy6
\font\fivesy=cmsy5
\font\tenex=cmex10
\font\preloaded=cmss10
\font\preloaded=cmssq8
\font\preloaded=cmssi10
\font\preloaded=cmssqi8
\font\tenbf=cmbx10
\font\preloaded=cmbx9
\font\preloaded=cmbx8
\font\sevenbf=cmbx7
\font\preloaded=cmbx6
\font\fivebf=cmbx5
\font\tentt=cmtt10
\font\preloaded=cmtt9
\font\preloaded=cmtt8
\font\preloaded=cmsltt10
\font\tensl=cmsl10
\font\preloaded=cmsl9
\font\preloaded=cmsl8
\font\tenit=cmti10
\font\preloaded=cmti9
\font\preloaded=cmti8
\font\preloaded=cmti7
\font\preloaded=cmu10
\font\preloaded=cmmib10
\font\preloaded=cmbsy10
\font\preloaded=cmcsc10
\font\preloaded=cmssbx10
\font\preloaded=cmdunh10
\font\preloaded=cmr7 at 14.51799pt
\font\preloaded=cmtt10 at 14.4pt
\font\preloaded=cmssbx10 at 14.4pt
\font\preloaded=manfnt
14787 words of font info for 50 preloaded fonts
14 hyphenation exceptions
Hyphenation trie of length 6075 has 181 ops out of 35111
  181 for language 0
0 words of pdfTeX memory
0 indirect objects
No pages of output.
Transcript written on pdfetex.log.
fmtutil [INFO]: log file copied to: /home/melmothx/amusewiki-debian-packages/amusewiki/local/texlive/2026/texmf-var/web2c/pdftex/pdfetex.log
fmtutil [INFO]: /home/melmothx/amusewiki-debian-packages/amusewiki/local/texlive/2026/texmf-var/web2c/pdftex/pdfetex.fmt installed.
fmtutil [INFO]: --- remaking etex with pdftex
fmtutil: running `pdftex -ini   -jobname=etex -progname=etex -translate-file=cp227.tcx *etex.ini' ...
This is pdfTeX, Version 3.141592653-2.6-1.40.29 (TeX Live 2026) (INITEX)
 restricted \write18 enabled.
 (/home/melmothx/amusewiki-debian-packages/amusewiki/local/texlive/2026/texmf-dist/web2c/cp227.tcx)
entering extended mode

(/home/melmothx/amusewiki-debian-packages/amusewiki/local/texlive/2026/texmf-di
st/tex/plain/config/etex.ini
(/home/melmothx/amusewiki-debian-packages/amusewiki/local/texlive/2026/texmf-di
st/tex/plain/etex/etex.src
(/home/melmothx/amusewiki-debian-packages/amusewiki/local/texlive/2026/texmf-di
st/tex/plain/base/plain.tex Preloading the plain format: codes, registers,
parameters, fonts, more fonts, macros, math definitions, output routines,
hyphenation
(/home/melmothx/amusewiki-debian-packages/amusewiki/local/texlive/2026/texmf-di
st/tex/generic/hyphen/hyphen.tex [skipping from \patterns to end-of-file...]))
(/home/melmothx/amusewiki-debian-packages/amusewiki/local/texlive/2026/texmf-di
st/tex/plain/etex/etexdefs.lib Skipping module "grouptypes";
Loading module "interactionmodes"; Skipping module "nodetypes";
Skipping module "iftypes";)
(/home/melmothx/amusewiki-debian-packages/amusewiki/local/texlive/2026/texmf-va
r/tex/generic/config/language.def
(/home/melmothx/amusewiki-debian-packages/amusewiki/local/texlive/2026/texmf-di
st/tex/generic/hyphen/hyphen.tex)) Augmenting the Plain TeX definitions:
\tracingall; Adding new e-TeX definitions: \eTeX, \loggingall, \tracingnone,
register allocation; extended register allocation; 
Recycling: \addlanguage, \@nswer (not defined), \@sk, \b@dresponsetrue,
\b@dresponsefalse, \ch@ckforyn, \mayber@cycle, \et@xabort, \et@xbuf,
\et@xfmtsrc, \et@xfilehdr, \et@xinf, \et@xpatterns, \l@ngdefnfile, \n@xt,
\p@rse (not defined), \pr@mpt (not defined), \pr@mptloop (not defined),
\forcer@cycle, \usef@llback, \usef@llbacktrue, \usef@llbackfalse, 
Retaining: \et@xerr, \et@xinput, \et@xlibhdr, \et@xmsg, \et@xtoks, \et@xwarn,
\et@xl@@d, \et@xl@ad, \et@xload, \et@xlang, \et@xhash, \eTeX, \etexhdrchk,
\etexstatus, \module, \uselanguage, \r@tain, \r@cycle,) )
Beginning to dump on file etex.fmt
 (preloaded format=etex 2026.4.7)
2921 strings of total length 44401
7961 memory locations dumped; current usage is 203&7291
1275 multiletter control sequences
\font\nullfont=nullfont
\font\tenrm=cmr10
\font\preloaded=cmr9
\font\preloaded=cmr8
\font\sevenrm=cmr7
\font\preloaded=cmr6
\font\fiverm=cmr5
\font\teni=cmmi10
\font\preloaded=cmmi9
\font\preloaded=cmmi8
\font\seveni=cmmi7
\font\preloaded=cmmi6
\font\fivei=cmmi5
\font\tensy=cmsy10
\font\preloaded=cmsy9
\font\preloaded=cmsy8
\font\sevensy=cmsy7
\font\preloaded=cmsy6
\font\fivesy=cmsy5
\font\tenex=cmex10
\font\preloaded=cmss10
\font\preloaded=cmssq8
\font\preloaded=cmssi10
\font\preloaded=cmssqi8
\font\tenbf=cmbx10
\font\preloaded=cmbx9
\font\preloaded=cmbx8
\font\sevenbf=cmbx7
\font\preloaded=cmbx6
\font\fivebf=cmbx5
\font\tentt=cmtt10
\font\preloaded=cmtt9
\font\preloaded=cmtt8
\font\preloaded=cmsltt10
\font\tensl=cmsl10
\font\preloaded=cmsl9
\font\preloaded=cmsl8
\font\tenit=cmti10
\font\preloaded=cmti9
\font\preloaded=cmti8
\font\preloaded=cmti7
\font\preloaded=cmu10
\font\preloaded=cmmib10
\font\preloaded=cmbsy10
\font\preloaded=cmcsc10
\font\preloaded=cmssbx10
\font\preloaded=cmdunh10
\font\preloaded=cmr7 at 14.51799pt
\font\preloaded=cmtt10 at 14.4pt
\font\preloaded=cmssbx10 at 14.4pt
\font\preloaded=manfnt
14787 words of font info for 50 preloaded fonts
14 hyphenation exceptions
Hyphenation trie of length 6075 has 181 ops out of 35111
  181 for language 0
0 words of pdfTeX memory
0 indirect objects
No pages of output.
Transcript written on etex.log.
fmtutil [INFO]: log file copied to: /home/melmothx/amusewiki-debian-packages/amusewiki/local/texlive/2026/texmf-var/web2c/pdftex/etex.log
fmtutil [INFO]: /home/melmothx/amusewiki-debian-packages/amusewiki/local/texlive/2026/texmf-var/web2c/pdftex/etex.fmt installed.
fmtutil [INFO]: --- remaking mf with mf-nowin
fmtutil: running `mf-nowin -ini   -jobname=mf -progname=mf -translate-file=cp227.tcx mf.ini' ...
This is METAFONT, Version 2.71828182 (TeX Live 2026) (INIMF)
(/home/melmothx/amusewiki-debian-packages/amusewiki/local/texlive/2026/texmf-dist/web2c/cp227.tcx)

(/home/melmothx/amusewiki-debian-packages/amusewiki/local/texlive/2026/texmf-di
st/metafont/config/mf.ini
(/home/melmothx/amusewiki-debian-packages/amusewiki/local/texlive/2026/texmf-di
st/metafont/base/plain.mf
Preloading the plain base, version 2.71: preliminaries,
 basic constants and mathematical macros,
 macros for converting from device-independent units to pixels,
 macros and tables for various modes of operation,
 macros for drawing and filling,
 macros for proof labels and rules,
 macros for character and font administration,
and a few last-minute items.)
(/home/melmothx/amusewiki-debian-packages/amusewiki/local/texlive/2026/texmf-di
st/fonts/source/public/modes/modes.mf) )
Beginning to dump on file mf.base
 (preloaded base=mf 2026.4.7)
2242 strings of total length 30549
12003 memory locations dumped; current usage is 3696&7945
1014 symbolic tokens
Transcript written on mf.log.
fmtutil [INFO]: log file copied to: /home/melmothx/amusewiki-debian-packages/amusewiki/local/texlive/2026/texmf-var/web2c/metafont/mf.log
fmtutil [INFO]: /home/melmothx/amusewiki-debian-packages/amusewiki/local/texlive/2026/texmf-var/web2c/metafont/mf.base installed.
fmtutil [INFO]: successfully rebuilt formats: 8
fmtutil [INFO]: total formats: 8
fmtutil [INFO]: executable location: /home/melmothx/amusewiki-debian-packages/amusewiki/local/texlive/2026/bin/x86_64-linux/fmtutil
fmtutil [INFO]: exiting with status 0

[Tue Apr  7 08:35:57 2026] --end of output of fmtutil-sys --no-error-if-no-engine=luametatex,luajithbtex,luajittex,mfluajit --no-strict --all
[08:35:57] running package-specific postactions
postaction install script for dvipdfmx: perl /home/melmothx/amusewiki-debian-packages/amusewiki/local/texlive/2026/tlpkg/tlpostcode/dvipdfmx.pl
[08:35:57] finished with package-specific postactions
Welcome to TeX Live!
See /home/melmothx/amusewiki-debian-packages/amusewiki/local/texlive/2026/index.html for links to documentation.

The TeX Live web site (https://tug.org/texlive/) provides all updates
and corrections. TeX Live is a joint project of the TeX user groups
around the world; please consider supporting it by joining the group
best for you. The list of groups is available on the web
at https://tug.org/usergroups.html.

Add /home/melmothx/amusewiki-debian-packages/amusewiki/local/texlive/2026/texmf-dist/doc/man to MANPATH.
Add /home/melmothx/amusewiki-debian-packages/amusewiki/local/texlive/2026/texmf-dist/doc/info to INFOPATH.
Most importantly, add /home/melmothx/amusewiki-debian-packages/amusewiki/local/texlive/2026/bin/x86_64-linux
to your PATH for current and future sessions.
