This is XeTeX, Version 3.141592653-2.6-0.999998 (TeX Live 2026) (INITEX)  7 APR 2026 08:37
entering extended mode
 restricted \write18 enabled.
 %&-line parsing enabled.
**xelatex.ini

(/home/melmothx/amusewiki-debian-packages/amusewiki/local/texlive/2026/texmf-di
st/tex/latex/tex-ini-files/xelatex.ini
(/home/melmothx/amusewiki-debian-packages/amusewiki/local/texlive/2026/texmf-di
st/tex/latex/base/latex.ltx
(/home/melmothx/amusewiki-debian-packages/amusewiki/local/texlive/2026/texmf-di
st/tex/latex/base/texsys.cfg)
\openout15 = `texsys.aux'.


./texsys.aux found


\@currdir set to: ./.


Assuming \openin and \input 
have the same search path.


Defining UNIX/DOS style filename parser.

catcodes, registers,
\@inputcheck=\read0
\@unused=\write0
\maxdimen=\dimen10
\hideskip=\skip10
\p@=\dimen11
\z@=\dimen12
\z@skip=\skip11
\voidb@x=\box10
 parameters,
\normalbaselineskip=\skip12
\normallineskip=\skip13
\normallineskiplimit=\dimen13
\interfootnotelinepenalty=\count23
\strutbox=\box11
\LaTeXReleaseInfo=\toks10

LaTeX2e <2025-11-01>

(/home/melmothx/amusewiki-debian-packages/amusewiki/local/texlive/2026/texmf-di
st/tex/latex/l3kernel/expl3.ltx
(/home/melmothx/amusewiki-debian-packages/amusewiki/local/texlive/2026/texmf-di
st/tex/latex/l3kernel/expl3-code.tex
Package: expl3 2026-03-20 L3 programming layer (code)
\c_max_int=\count24
\l_tmpa_int=\count25
\l_tmpb_int=\count26
\g_tmpa_int=\count27
\g_tmpb_int=\count28
\l__seq_tmpa_int=\count29
\l__seq_tmpb_int=\count30
\g__kernel_prg_map_int=\count31
\g__prop_prefix_int=\count32
\c__ior_term_noprompt_ior=\count33
\c_log_iow=\count34
\l_iow_line_count_int=\count35
\l__iow_line_target_int=\count36
\l__iow_one_indent_int=\count37
\l__iow_indent_int=\count38
\c_zero_dim=\dimen14
\c_max_dim=\dimen15
\l_tmpa_dim=\dimen16
\l_tmpb_dim=\dimen17
\g_tmpa_dim=\dimen18
\g_tmpb_dim=\dimen19
\c_zero_skip=\skip14
\c_max_skip=\skip15
\l_tmpa_skip=\skip16
\l_tmpb_skip=\skip17
\g_tmpa_skip=\skip18
\g_tmpb_skip=\skip19
\c_zero_muskip=\muskip10
\c_max_muskip=\muskip11
\l_tmpa_muskip=\muskip12
\l_tmpb_muskip=\muskip13
\g_tmpa_muskip=\muskip14
\g_tmpb_muskip=\muskip15
\l_keys_choice_int=\count39
\l__intarray_loop_int=\count40
\c__intarray_sp_dim=\dimen20
\g__intarray_font_int=\count41
\c__fp_leading_shift_int=\count42
\c__fp_middle_shift_int=\count43
\c__fp_trailing_shift_int=\count44
\c__fp_big_leading_shift_int=\count45
\c__fp_big_middle_shift_int=\count46
\c__fp_big_trailing_shift_int=\count47
\c__fp_Bigg_leading_shift_int=\count48
\c__fp_Bigg_middle_shift_int=\count49
\c__fp_Bigg_trailing_shift_int=\count50
\l__fp_function_arg_int=\count51
\g__fp_array_int=\count52
\l__fp_array_loop_int=\count53
\l__bitset_tmp_int=\count54
\g__cctab_allocate_int=\count55
\l__sort_length_int=\count56
\l__sort_min_int=\count57
\l__sort_top_int=\count58
\l__sort_max_int=\count59
\l__sort_true_max_int=\count60
\l__sort_block_int=\count61
\l__sort_begin_int=\count62
\l__sort_end_int=\count63
\l__sort_A_int=\count64
\l__sort_B_int=\count65
\l__sort_C_int=\count66
\l__str_modulo_int=\count67
\l__tl_analysis_normal_int=\count68
\l__tl_analysis_index_int=\count69
\l__tl_analysis_nesting_int=\count70
\l__tl_analysis_type_int=\count71
\l__tl_peek_charcode_int=\count72
\g__benchmark_nesting_int=\count73
\g__benchmark_duration_int=\count74
\g__benchmark_time_int=\count75
\g__benchmark_time_a_int=\count76
\g__benchmark_time_b_int=\count77
\g__benchmark_time_c_int=\count78
\g__benchmark_time_d_int=\count79
\g__benchmark_repeat_int=\count80
\g__benchmark_tictoc_int=\count81
\l__regex_tmpa_int=\count82
\l__regex_tmpb_int=\count83
\l__regex_tmpc_int=\count84
\l__regex_balance_int=\count85
\l__regex_group_level_int=\count86
\l__regex_mode_int=\count87
\c__regex_cs_in_class_mode_int=\count88
\c__regex_cs_mode_int=\count89
\l__regex_catcodes_int=\count90
\l__regex_default_catcodes_int=\count91
\c__regex_catcode_L_int=\count92
\c__regex_catcode_O_int=\count93
\c__regex_catcode_A_int=\count94
\c__regex_all_catcodes_int=\count95
\l__regex_show_lines_int=\count96
\l__regex_min_state_int=\count97
\l__regex_max_state_int=\count98
\l__regex_left_state_int=\count99
\l__regex_right_state_int=\count100
\l__regex_capturing_group_int=\count101
\g__regex_case_int=\count102
\l__regex_case_max_group_int=\count103
\l__regex_min_pos_int=\count104
\l__regex_max_pos_int=\count105
\l__regex_curr_pos_int=\count106
\l__regex_start_pos_int=\count107
\l__regex_success_pos_int=\count108
\l__regex_curr_char_int=\count109
\l__regex_curr_catcode_int=\count110
\l__regex_last_char_int=\count111
\l__regex_last_char_success_int=\count112
\l__regex_case_changed_char_int=\count113
\l__regex_curr_state_int=\count114
\l__regex_step_int=\count115
\l__regex_min_thread_int=\count116
\l__regex_max_thread_int=\count117
\l__regex_replacement_csnames_int=\count118
\l__regex_match_count_int=\count119
\l__regex_min_submatch_int=\count120
\l__regex_submatch_int=\count121
\l__regex_zeroth_submatch_int=\count122
\l__regex_added_begin_int=\count123
\l__regex_added_end_int=\count124
\g__regex_trace_regex_int=\count125
\c_empty_box=\box12
\l_tmpa_box=\box13
\l_tmpb_box=\box14
\g_tmpa_box=\box15
\g_tmpb_box=\box16
\l__box_delta_dim=\dimen21
\l__box_voffset_dim=\dimen22
\l__box_top_dim=\dimen23
\l__box_bottom_dim=\dimen24
\l__box_left_dim=\dimen25
\l__box_right_dim=\dimen26
\l__box_top_new_dim=\dimen27
\l__box_bottom_new_dim=\dimen28
\l__box_left_new_dim=\dimen29
\l__box_right_new_dim=\dimen30
\l__box_tmp_box=\box17
\l__color_tmp_int=\count126
\g__color_model_int=\count127
\l__graphics_tmp_dim=\dimen31
\l__graphics_page_int=\count128
\l__graphics_llx_dim=\dimen32
\l__graphics_lly_dim=\dimen33
\l__graphics_urx_dim=\dimen34
\l__graphics_ury_dim=\dimen35
\l__graphics_tmp_box=\box18
\g__pdf_backend_object_int=\count129
\l__coffin_tmp_box=\box19
\l__coffin_tmp_dim=\dimen36
\l__coffin_offset_x_dim=\dimen37
\l__coffin_offset_y_dim=\dimen38
\l__coffin_x_dim=\dimen39
\l__coffin_y_dim=\dimen40
\l__coffin_x_prime_dim=\dimen41
\l__coffin_y_prime_dim=\dimen42
\c_empty_coffin=\box20
\l__coffin_aligned_coffin=\box21
\l__coffin_aligned_internal_coffin=\box22
\l_tmpa_coffin=\box23
\l_tmpb_coffin=\box24
\g_tmpa_coffin=\box25
\g_tmpb_coffin=\box26
\l__coffin_bounding_shift_dim=\dimen43
\l__coffin_left_corner_dim=\dimen44
\l__coffin_right_corner_dim=\dimen45
\l__coffin_bottom_corner_dim=\dimen46
\l__coffin_top_corner_dim=\dimen47
\l__coffin_scaled_total_height_dim=\dimen48
\l__coffin_scaled_width_dim=\dimen49
\c__coffin_empty_coffin=\box27
\l__coffin_display_coffin=\box28
\l__coffin_display_coord_coffin=\box29
\l__coffin_display_pole_coffin=\box30
\l__coffin_display_offset_dim=\dimen50
\l__coffin_display_x_dim=\dimen51
\l__coffin_display_y_dim=\dimen52
\g__codepoint_data_ior=\read1
)) hacks, document commands,
\l__cmd_current_arg_int=\count130
\l__cmd_total_args_int=\count131
\l__cmd_last_mandatory_arg_int=\count132
\g__cmd_grabber_int=\count133
\l__cmd_m_args_int=\count134
\l__cmd_v_nesting_int=\count135
\l__hook_labels_int=\count136
\l__hook_patch_num_args_int=\count137
 templates,
\l__template_tmp_dim=\dimen53
\l__template_tmp_int=\count138
\l__template_tmp_muskip=\muskip16
\l__template_tmp_skip=\skip20
\@tempcnta=\count139
\@tempcntb=\count140
\@tempdima=\dimen54
\@tempdimb=\dimen55
\@tempdimc=\dimen56
\@tempboxa=\box31
\@tempskipa=\skip21
\@tempskipb=\skip22
\@temptokena=\toks11
\@flushglue=\skip23

control, par,
\everypar=\toks12
\g_para_indent_box=\box32
\g__kernel_target_int=\count141
 spacing,
\@savsk=\dimen57
\@savsf=\count142
\smallskipamount=\skip24
\medskipamount=\skip25
\bigskipamount=\skip26
\sp@ce@skip=\skip27
\fill=\skip28
 files,
\@mainaux=\write1
\@partaux=\write2
\@clubpenalty=\count143
LaTeX Info: Redefining \IfFileExists on input line 9667.
 font encodings, lengths, NFSS base,
\everymath=\toks13
\everydisplay=\toks14
\@math@level=\count144
 NFSS axes,
\series@check@toks=\toks15

NFSS tracing,
\every@math@size=\toks16
\lower@bound=\dimen58
\upper@bound=\dimen59
 NFSS declarative interface,
\c@localmathalphabets=\count145
 NFSS initialization,
\c@mv@normal=\count146
\c@mv@bold=\count147

====================================

Local config file fonttext.cfg used

====================================

(/home/melmothx/amusewiki-debian-packages/amusewiki/local/texlive/2026/texmf-di
st/tex/latex/base/fonttext.cfg
File: fonttext.cfg 2025/06/05 v3.0l LaTeX Kernel (Uncustomized text font setup)
 

(/home/melmothx/amusewiki-debian-packages/amusewiki/local/texlive/2026/texmf-di
st/tex/latex/base/fonttext.ltx
File: fonttext.ltx 2025/06/05 v3.0l LaTeX Kernel (Text font setup) 

=== Don't modify this file, use a .cfg file instead ===


(/home/melmothx/amusewiki-debian-packages/amusewiki/local/texlive/2026/texmf-di
st/tex/latex/base/omlenc.def
File: omlenc.def 2025/07/18 v2.1d Standard LaTeX file
)
(/home/melmothx/amusewiki-debian-packages/amusewiki/local/texlive/2026/texmf-di
st/tex/latex/base/omsenc.def
File: omsenc.def 2025/07/18 v2.1d Standard LaTeX file
)
(/home/melmothx/amusewiki-debian-packages/amusewiki/local/texlive/2026/texmf-di
st/tex/latex/base/ot1enc.def
File: ot1enc.def 2025/07/18 v2.1d Standard LaTeX file
)
(/home/melmothx/amusewiki-debian-packages/amusewiki/local/texlive/2026/texmf-di
st/tex/latex/base/t1enc.def
File: t1enc.def 2025/07/18 v2.1d Standard LaTeX file
)
(/home/melmothx/amusewiki-debian-packages/amusewiki/local/texlive/2026/texmf-di
st/tex/latex/base/ts1enc.def
File: ts1enc.def 2001/06/05 v3.0e (jk/car/fm) Standard LaTeX file
)
(/home/melmothx/amusewiki-debian-packages/amusewiki/local/texlive/2026/texmf-di
st/tex/latex/base/tuenc.def
File: tuenc.def 2025/07/18 v2.1d Standard LaTeX file
)
LaTeX Font Info:    Trying to load font information for TU+lmr on input line 61
.

(/home/melmothx/amusewiki-debian-packages/amusewiki/local/texlive/2026/texmf-di
st/tex/latex/base/tulmr.fd
File: tulmr.fd 2021/07/23 v1.8a Standard LaTeX font definitions for Latin Moder
n
)
LaTeX Font Info:    Trying to load font information for TU+lmss on input line 6
2.

(/home/melmothx/amusewiki-debian-packages/amusewiki/local/texlive/2026/texmf-di
st/tex/latex/base/tulmss.fd
File: tulmss.fd 2021/07/23 v1.8a Standard LaTeX font definitions for Latin Mode
rn
)
LaTeX Font Info:    Trying to load font information for TU+lmtt on input line 6
3.

(/home/melmothx/amusewiki-debian-packages/amusewiki/local/texlive/2026/texmf-di
st/tex/latex/base/tulmtt.fd
File: tulmtt.fd 2021/07/23 v1.8a Standard LaTeX font definitions for Latin Mode
rn
)
LaTeX Font Info:    Trying to load font information for TS1+lmr on input line 6
7.

(/home/melmothx/amusewiki-debian-packages/amusewiki/local/texlive/2026/texmf-di
st/tex/latex/lm/ts1lmr.fd
File: ts1lmr.fd 2015/05/01 v1.6.1 Font defs for Latin Modern
)
(/home/melmothx/amusewiki-debian-packages/amusewiki/local/texlive/2026/texmf-di
st/tex/latex/base/t1cmr.fd
File: t1cmr.fd 2024/11/19 v2.5n Standard LaTeX font definitions
)
(/home/melmothx/amusewiki-debian-packages/amusewiki/local/texlive/2026/texmf-di
st/tex/latex/base/ot1cmr.fd
File: ot1cmr.fd 2024/11/19 v2.5n Standard LaTeX font definitions
)
(/home/melmothx/amusewiki-debian-packages/amusewiki/local/texlive/2026/texmf-di
st/tex/latex/base/ts1cmr.fd
File: ts1cmr.fd 2024/11/19 v2.5n Standard LaTeX font definitions
LaTeX Font Info:    Setting cmr sub-encoding to TS1/0 on input line 63.
)
(/home/melmothx/amusewiki-debian-packages/amusewiki/local/texlive/2026/texmf-di
st/tex/latex/base/t1cmss.fd
File: t1cmss.fd 2024/11/19 v2.5n Standard LaTeX font definitions
)
(/home/melmothx/amusewiki-debian-packages/amusewiki/local/texlive/2026/texmf-di
st/tex/latex/base/t1cmtt.fd
File: t1cmtt.fd 2024/11/19 v2.5n Standard LaTeX font definitions
)
(/home/melmothx/amusewiki-debian-packages/amusewiki/local/texlive/2026/texmf-di
st/tex/latex/base/ot1cmss.fd
File: ot1cmss.fd 2024/11/19 v2.5n Standard LaTeX font definitions
)
(/home/melmothx/amusewiki-debian-packages/amusewiki/local/texlive/2026/texmf-di
st/tex/latex/base/ot1cmtt.fd
File: ot1cmtt.fd 2024/11/19 v2.5n Standard LaTeX font definitions
)
(/home/melmothx/amusewiki-debian-packages/amusewiki/local/texlive/2026/texmf-di
st/tex/latex/base/ts1cmss.fd
File: ts1cmss.fd 2024/11/19 v2.5n Standard LaTeX font definitions
LaTeX Font Info:    Setting cmss sub-encoding to TS1/0 on input line 61.
)
(/home/melmothx/amusewiki-debian-packages/amusewiki/local/texlive/2026/texmf-di
st/tex/latex/base/ts1cmtt.fd
File: ts1cmtt.fd 2024/11/19 v2.5n Standard LaTeX font definitions
LaTeX Font Info:    Setting cmtt sub-encoding to TS1/0 on input line 59.
)))
====================================

Local config file fontmath.cfg used

====================================

(/home/melmothx/amusewiki-debian-packages/amusewiki/local/texlive/2026/texmf-di
st/tex/latex/base/fontmath.cfg
File: fontmath.cfg 2025/06/05 v3.0l LaTeX Kernel (Uncustomized math font setup)
 

(/home/melmothx/amusewiki-debian-packages/amusewiki/local/texlive/2026/texmf-di
st/tex/latex/base/fontmath.ltx
File: fontmath.ltx 2025/06/05 v3.0l LaTeX Kernel (Math font setup) 

=== Don't modify this file, use a .cfg file instead ===

LaTeX Font Info:    Redeclaring font encoding OML on input line 44.
LaTeX Font Info:    Redeclaring font encoding OMS on input line 45.

(/home/melmothx/amusewiki-debian-packages/amusewiki/local/texlive/2026/texmf-di
st/tex/latex/base/omlcmm.fd
File: omlcmm.fd 2024/11/19 v2.5n Standard LaTeX font definitions
)
(/home/melmothx/amusewiki-debian-packages/amusewiki/local/texlive/2026/texmf-di
st/tex/latex/base/omscmsy.fd
File: omscmsy.fd 2024/11/19 v2.5n Standard LaTeX font definitions
)
(/home/melmothx/amusewiki-debian-packages/amusewiki/local/texlive/2026/texmf-di
st/tex/latex/base/omxcmex.fd
File: omxcmex.fd 2024/11/19 v2.5n Standard LaTeX font definitions
)
(/home/melmothx/amusewiki-debian-packages/amusewiki/local/texlive/2026/texmf-di
st/tex/latex/base/ucmr.fd
File: ucmr.fd 2024/11/19 v2.5n Standard LaTeX font definitions
)
\symoperators=\mathgroup0
\symletters=\mathgroup1
\symsymbols=\mathgroup2
\symlargesymbols=\mathgroup3
LaTeX Font Info:    Overwriting symbol font `operators' in version `bold'
(Font)                  OT1/cmr/m/n --> OT1/cmr/bx/n on input line 63.
LaTeX Font Info:    Overwriting symbol font `letters' in version `bold'
(Font)                  OML/cmm/m/it --> OML/cmm/b/it on input line 64.
LaTeX Font Info:    Overwriting symbol font `symbols' in version `bold'
(Font)                  OMS/cmsy/m/n --> OMS/cmsy/b/n on input line 65.
LaTeX Font Info:    Overwriting math alphabet `\mathsf' in version `bold'
(Font)                  OT1/cmss/m/n --> OT1/cmss/bx/n on input line 73.
LaTeX Font Info:    Overwriting math alphabet `\mathit' in version `bold'
(Font)                  OT1/cmr/m/it --> OT1/cmr/bx/it on input line 74.
))
====================================

Local config file preload.cfg used

=====================================

(/home/melmothx/amusewiki-debian-packages/amusewiki/local/texlive/2026/texmf-di
st/tex/latex/base/preload.cfg
File: preload.cfg 2025/06/05 v3.0l LaTeX Kernel (Uncustomized preload font setu
p) 

(/home/melmothx/amusewiki-debian-packages/amusewiki/local/texlive/2026/texmf-di
st/tex/latex/base/preload.ltx
File: preload.ltx 2021/10/04 v2.1g LaTeX Kernel (Font Preloading)
))
LaTeX Encoding Info:    Redeclaring text command \textdollar (encoding ?) on in
put line 14408.
LaTeX Encoding Info:    Undeclare text command \textdollar (encoding OT1) on in
put line 14409.
LaTeX Encoding Info:    Redeclaring text command \textsterling (encoding ?) on 
input line 14410.
LaTeX Encoding Info:    Undeclare text command \textsterling (encoding OT1) on 
input line 14411.
LaTeX Encoding Info:    Undeclare text command \textperthousand (encoding T1) o
n input line 14413.
LaTeX Encoding Info:    Redeclaring text command \textasteriskcentered (encodin
g ?) on input line 14414.
LaTeX Encoding Info:    Redeclaring text command \textbullet (encoding ?) on in
put line 14415.
LaTeX Encoding Info:    Redeclaring text command \textdaggerdbl (encoding ?) on
 input line 14416.
LaTeX Encoding Info:    Redeclaring text command \textdagger (encoding ?) on in
put line 14417.
LaTeX Encoding Info:    Redeclaring text command \textparagraph (encoding ?) on
 input line 14418.
LaTeX Encoding Info:    Redeclaring text command \textperiodcentered (encoding 
?) on input line 14419.
LaTeX Encoding Info:    Redeclaring text command \textsection (encoding ?) on i
nput line 14420.
LaTeX Encoding Info:    Redeclaring text command \textcopyright (encoding ?) on
 input line 14425.
LaTeX Encoding Info:    Redeclaring text command \textordfeminine (encoding ?) 
on input line 14432.
LaTeX Encoding Info:    Redeclaring text command \textordmasculine (encoding ?)
 on input line 14433.
LaTeX Encoding Info:    Redeclaring text command \textregistered (encoding ?) o
n input line 14438.
LaTeX Encoding Info:    Redeclaring text command \texttrademark (encoding ?) on
 input line 14443.
LaTeX Encoding Info:    Redeclaring text command \textcircled (encoding ?) on i
nput line 14449.
LaTeX Encoding Info:    Redeclaring text command \t (encoding ?) on input line 
14451.
LaTeX Encoding Info:    Undeclare text command \textpertenthousand (encoding T1
) on input line 14602.
LaTeX Encoding Info:    Redeclaring text command \textbardbl (encoding ?) on in
put line 14659.
LaTeX Encoding Info:    Redeclaring text symbol \textdollaroldstyle (encoding T
S1) on input line 14679.
LaTeX Encoding Info:    Redeclaring text symbol \textcentoldstyle (encoding TS1
) on input line 14680.
LaTeX Font Info:    Setting ? sub-encoding to TS1/9 on input line 14682.
LaTeX Font Info:    Setting ccr sub-encoding to TS1/0 on input line 14683.
LaTeX Font Info:    Setting cmbr sub-encoding to TS1/0 on input line 14684.
LaTeX Font Info:    Setting cmtl sub-encoding to TS1/0 on input line 14685.
LaTeX Font Info:    Setting pxr sub-encoding to TS1/0 on input line 14686.
LaTeX Font Info:    Setting pxss sub-encoding to TS1/0 on input line 14687.
LaTeX Font Info:    Setting pxtt sub-encoding to TS1/0 on input line 14688.
LaTeX Font Info:    Setting qag sub-encoding to TS1/0 on input line 14689.
LaTeX Font Info:    Setting qbk sub-encoding to TS1/0 on input line 14690.
LaTeX Font Info:    Setting qcr sub-encoding to TS1/0 on input line 14691.
LaTeX Font Info:    Setting qcs sub-encoding to TS1/0 on input line 14692.
LaTeX Font Info:    Setting qhvc sub-encoding to TS1/0 on input line 14693.
LaTeX Font Info:    Setting qhv sub-encoding to TS1/0 on input line 14694.
LaTeX Font Info:    Setting qpl sub-encoding to TS1/0 on input line 14695.
LaTeX Font Info:    Setting qtm sub-encoding to TS1/0 on input line 14696.
LaTeX Font Info:    Setting qzc sub-encoding to TS1/0 on input line 14697.
LaTeX Font Info:    Setting txr sub-encoding to TS1/0 on input line 14698.
LaTeX Font Info:    Setting txss sub-encoding to TS1/0 on input line 14699.
LaTeX Font Info:    Setting txtt sub-encoding to TS1/0 on input line 14700.
LaTeX Font Info:    Setting lmr sub-encoding to TS1/1 on input line 14701.
LaTeX Font Info:    Setting lmdh sub-encoding to TS1/1 on input line 14702.
LaTeX Font Info:    Setting lmss sub-encoding to TS1/1 on input line 14703.
LaTeX Font Info:    Setting lmssq sub-encoding to TS1/1 on input line 14704.
LaTeX Font Info:    Setting lmvtt sub-encoding to TS1/1 on input line 14705.
LaTeX Font Info:    Setting lmtt sub-encoding to TS1/1 on input line 14706.
LaTeX Font Info:    Setting ptmx sub-encoding to TS1/2 on input line 14707.
LaTeX Font Info:    Setting ptmj sub-encoding to TS1/2 on input line 14708.
LaTeX Font Info:    Setting ul8 sub-encoding to TS1/2 on input line 14709.
LaTeX Font Info:    Setting bch sub-encoding to TS1/5 on input line 14710.
LaTeX Font Info:    Setting futj sub-encoding to TS1/5 on input line 14711.
LaTeX Font Info:    Setting futs sub-encoding to TS1/5 on input line 14712.
LaTeX Font Info:    Setting futx sub-encoding to TS1/5 on input line 14713.
LaTeX Font Info:    Setting pag sub-encoding to TS1/5 on input line 14714.
LaTeX Font Info:    Setting pbk sub-encoding to TS1/5 on input line 14715.
LaTeX Font Info:    Setting pcr sub-encoding to TS1/5 on input line 14716.
LaTeX Font Info:    Setting phv sub-encoding to TS1/5 on input line 14717.
LaTeX Font Info:    Setting pnc sub-encoding to TS1/5 on input line 14718.
LaTeX Font Info:    Setting pplj sub-encoding to TS1/5 on input line 14719.
LaTeX Font Info:    Setting pplx sub-encoding to TS1/5 on input line 14720.
LaTeX Font Info:    Setting ppl sub-encoding to TS1/5 on input line 14721.
LaTeX Font Info:    Setting ptm sub-encoding to TS1/5 on input line 14722.
LaTeX Font Info:    Setting pzc sub-encoding to TS1/5 on input line 14723.
LaTeX Font Info:    Setting ul9 sub-encoding to TS1/5 on input line 14724.
LaTeX Font Info:    Setting dayroms sub-encoding to TS1/6 on input line 14725.
LaTeX Font Info:    Setting dayrom sub-encoding to TS1/6 on input line 14726.
LaTeX Font Info:    Setting augie sub-encoding to TS1/8 on input line 14727.
LaTeX Font Info:    Setting put sub-encoding to TS1/8 on input line 14728.
LaTeX Font Info:    Setting uag sub-encoding to TS1/8 on input line 14729.
LaTeX Font Info:    Setting ugq sub-encoding to TS1/8 on input line 14730.
LaTeX Font Info:    Setting zi4 sub-encoding to TS1/9 on input line 14731.
LaTeX Font Info:    Setting hls sub-encoding to TS1/5 on input line 14732.
LaTeX Font Info:    Setting hlst sub-encoding to TS1/5 on input line 14733.
LaTeX Font Info:    Setting hlct sub-encoding to TS1/5 on input line 14734.
LaTeX Font Info:    Setting hlh sub-encoding to TS1/5 on input line 14735.
LaTeX Font Info:    Setting hlx sub-encoding to TS1/8 on input line 14736.
LaTeX Font Info:    Setting hlce sub-encoding to TS1/8 on input line 14737.
LaTeX Font Info:    Setting hlcn sub-encoding to TS1/8 on input line 14738.
LaTeX Font Info:    Setting hlcw sub-encoding to TS1/8 on input line 14739.
LaTeX Font Info:    Setting hlcf sub-encoding to TS1/8 on input line 14740.
LaTeX Font Info:    Setting lato-LF sub-encoding to TS1/0 on input line 14741.
LaTeX Font Info:    Setting lato-TLF sub-encoding to TS1/0 on input line 14741.

LaTeX Font Info:    Setting lato-OsF sub-encoding to TS1/0 on input line 14741.

LaTeX Font Info:    Setting lato-TOsF sub-encoding to TS1/0 on input line 14741
.
LaTeX Font Info:    Setting opensans-LF sub-encoding to TS1/0 on input line 147
42.
LaTeX Font Info:    Setting opensans-TLF sub-encoding to TS1/0 on input line 14
742.
LaTeX Font Info:    Setting opensans-OsF sub-encoding to TS1/0 on input line 14
742.
LaTeX Font Info:    Setting opensans-TOsF sub-encoding to TS1/0 on input line 1
4742.
LaTeX Font Info:    Setting cantarell-LF sub-encoding to TS1/0 on input line 14
743.
LaTeX Font Info:    Setting cantarell-TLF sub-encoding to TS1/0 on input line 1
4743.
LaTeX Font Info:    Setting cantarell-OsF sub-encoding to TS1/0 on input line 1
4743.
LaTeX Font Info:    Setting cantarell-TOsF sub-encoding to TS1/0 on input line 
14743.
LaTeX Font Info:    Setting tli sub-encoding to TS1/1 on input line 14744.
LaTeX Font Info:    Setting fbb-LF sub-encoding to TS1/2 on input line 14745.
LaTeX Font Info:    Setting fbb-TLF sub-encoding to TS1/2 on input line 14745.
LaTeX Font Info:    Setting fbb-OsF sub-encoding to TS1/2 on input line 14745.
LaTeX Font Info:    Setting fbb-TOsF sub-encoding to TS1/2 on input line 14745.

LaTeX Font Info:    Setting Alegreya-LF sub-encoding to TS1/2 on input line 147
46.
LaTeX Font Info:    Setting Alegreya-TLF sub-encoding to TS1/2 on input line 14
746.
LaTeX Font Info:    Setting Alegreya-OsF sub-encoding to TS1/2 on input line 14
746.
LaTeX Font Info:    Setting Alegreya-TOsF sub-encoding to TS1/2 on input line 1
4746.
LaTeX Font Info:    Setting AlegreyaSans-LF sub-encoding to TS1/2 on input line
 14747.
LaTeX Font Info:    Setting AlegreyaSans-TLF sub-encoding to TS1/2 on input lin
e 14747.
LaTeX Font Info:    Setting AlegreyaSans-OsF sub-encoding to TS1/2 on input lin
e 14747.
LaTeX Font Info:    Setting AlegreyaSans-TOsF sub-encoding to TS1/2 on input li
ne 14747.
LaTeX Font Info:    Setting BaskervilleF-LF sub-encoding to TS1/2 on input line
 14748.
LaTeX Font Info:    Setting BaskervilleF-TLF sub-encoding to TS1/2 on input lin
e 14748.
LaTeX Font Info:    Setting BaskervilleF-OsF sub-encoding to TS1/2 on input lin
e 14748.
LaTeX Font Info:    Setting BaskervilleF-TOsF sub-encoding to TS1/2 on input li
ne 14748.
LaTeX Font Info:    Setting DejaVuSans-TLF sub-encoding to TS1/2 on input line 
14749.
LaTeX Font Info:    Setting DejaVuSansCondensed-TLF sub-encoding to TS1/2 on in
put line 14750.
LaTeX Font Info:    Setting DejaVuSansMono-TLF sub-encoding to TS1/2 on input l
ine 14751.
LaTeX Font Info:    Setting EBGaramond-LF sub-encoding to TS1/2 on input line 1
4752.
LaTeX Font Info:    Setting EBGaramond-TLF sub-encoding to TS1/2 on input line 
14752.
LaTeX Font Info:    Setting EBGaramond-OsF sub-encoding to TS1/2 on input line 
14752.
LaTeX Font Info:    Setting EBGaramond-TOsF sub-encoding to TS1/2 on input line
 14752.
LaTeX Font Info:    Setting Merriwthr-OsF sub-encoding to TS1/2 on input line 1
4753.
LaTeX Font Info:    Setting MerriwthrSans-OsF sub-encoding to TS1/2 on input li
ne 14754.
LaTeX Font Info:    Setting Montserrat-LF sub-encoding to TS1/2 on input line 1
4755.
LaTeX Font Info:    Setting Montserrat-TLF sub-encoding to TS1/2 on input line 
14755.
LaTeX Font Info:    Setting Montserrat-OsF sub-encoding to TS1/2 on input line 
14755.
LaTeX Font Info:    Setting Montserrat-TOsF sub-encoding to TS1/2 on input line
 14755.
LaTeX Font Info:    Setting MontserratAlternates-LF sub-encoding to TS1/2 on in
put line 14756.
LaTeX Font Info:    Setting MontserratAlternates-TLF sub-encoding to TS1/2 on i
nput line 14756.
LaTeX Font Info:    Setting MontserratAlternates-OsF sub-encoding to TS1/2 on i
nput line 14756.
LaTeX Font Info:    Setting MontserratAlternates-TOsF sub-encoding to TS1/2 on 
input line 14756.
LaTeX Font Info:    Setting NotoSansMono-TLF sub-encoding to TS1/2 on input lin
e 14757.
LaTeX Font Info:    Setting NotoSansMono-TOsF sub-encoding to TS1/2 on input li
ne 14758.
LaTeX Font Info:    Setting Tempora-TLF sub-encoding to TS1/2 on input line 147
59.
LaTeX Font Info:    Setting Tempora-TOsF sub-encoding to TS1/2 on input line 14
760.
LaTeX Font Info:    Setting XCharter-TLF sub-encoding to TS1/2 on input line 14
761.
LaTeX Font Info:    Setting XCharter-TOsF sub-encoding to TS1/2 on input line 1
4762.
LaTeX Font Info:    Setting erewhon-LF sub-encoding to TS1/2 on input line 1476
3.
LaTeX Font Info:    Setting erewhon-TLF sub-encoding to TS1/2 on input line 147
63.
LaTeX Font Info:    Setting erewhon-OsF sub-encoding to TS1/2 on input line 147
63.
LaTeX Font Info:    Setting erewhon-TOsF sub-encoding to TS1/2 on input line 14
763.
LaTeX Font Info:    Setting Arimo-TLF sub-encoding to TS1/3 on input line 14764
.
LaTeX Font Info:    Setting Crlt-LF sub-encoding to TS1/3 on input line 14765.
LaTeX Font Info:    Setting Crlt-TLF sub-encoding to TS1/3 on input line 14765.

LaTeX Font Info:    Setting Crlt-OsF sub-encoding to TS1/3 on input line 14765.

LaTeX Font Info:    Setting Crlt-TOsF sub-encoding to TS1/3 on input line 14765
.
LaTeX Font Info:    Setting IBMPlexMono-TLF sub-encoding to TS1/3 on input line
 14766.
LaTeX Font Info:    Setting IBMPlexSans-TLF sub-encoding to TS1/3 on input line
 14767.
LaTeX Font Info:    Setting IBMPlexSerif-TLF sub-encoding to TS1/3 on input lin
e 14768.
LaTeX Font Info:    Setting SourceCodePro-TLF sub-encoding to TS1/3 on input li
ne 14769.
LaTeX Font Info:    Setting SourceCodePro-TOsF sub-encoding to TS1/3 on input l
ine 14770.
LaTeX Font Info:    Setting SourceSansPro-LF sub-encoding to TS1/3 on input lin
e 14771.
LaTeX Font Info:    Setting SourceSansPro-TLF sub-encoding to TS1/3 on input li
ne 14771.
LaTeX Font Info:    Setting SourceSansPro-OsF sub-encoding to TS1/3 on input li
ne 14771.
LaTeX Font Info:    Setting SourceSansPro-TOsF sub-encoding to TS1/3 on input l
ine 14771.
LaTeX Font Info:    Setting SourceSerifPro-LF sub-encoding to TS1/3 on input li
ne 14772.
LaTeX Font Info:    Setting SourceSerifPro-TLF sub-encoding to TS1/3 on input l
ine 14772.
LaTeX Font Info:    Setting SourceSerifPro-OsF sub-encoding to TS1/3 on input l
ine 14772.
LaTeX Font Info:    Setting SourceSerifPro-TOsF sub-encoding to TS1/3 on input 
line 14772.
LaTeX Font Info:    Setting Tinos-TLF sub-encoding to TS1/3 on input line 14773
.
LaTeX Font Info:    Setting AccanthisADFStdNoThree-LF sub-encoding to TS1/4 on 
input line 14774.
LaTeX Font Info:    Setting Cabin-TLF sub-encoding to TS1/4 on input line 14775
.
LaTeX Font Info:    Setting Caladea-TLF sub-encoding to TS1/4 on input line 147
76.
LaTeX Font Info:    Setting Chivo-LF sub-encoding to TS1/4 on input line 14777.

LaTeX Font Info:    Setting Chivo-TLF sub-encoding to TS1/4 on input line 14777
.
LaTeX Font Info:    Setting Chivo-OsF sub-encoding to TS1/4 on input line 14777
.
LaTeX Font Info:    Setting Chivo-TOsF sub-encoding to TS1/4 on input line 1477
7.
LaTeX Font Info:    Setting ClearSans-TLF sub-encoding to TS1/4 on input line 1
4778.
LaTeX Font Info:    Setting Coelacanth-LF sub-encoding to TS1/4 on input line 1
4779.
LaTeX Font Info:    Setting CrimsonPro-LF sub-encoding to TS1/4 on input line 1
4780.
LaTeX Font Info:    Setting CrimsonPro-TLF sub-encoding to TS1/4 on input line 
14780.
LaTeX Font Info:    Setting CrimsonPro-OsF sub-encoding to TS1/4 on input line 
14780.
LaTeX Font Info:    Setting CrimsonPro-TOsF sub-encoding to TS1/4 on input line
 14780.
LaTeX Font Info:    Setting FiraMono-TLF sub-encoding to TS1/4 on input line 14
781.
LaTeX Font Info:    Setting FiraMono-TOsF sub-encoding to TS1/4 on input line 1
4782.
LaTeX Font Info:    Setting FiraSans-LF sub-encoding to TS1/4 on input line 147
83.
LaTeX Font Info:    Setting FiraSans-TLF sub-encoding to TS1/4 on input line 14
783.
LaTeX Font Info:    Setting FiraSans-OsF sub-encoding to TS1/4 on input line 14
783.
LaTeX Font Info:    Setting FiraSans-TOsF sub-encoding to TS1/4 on input line 1
4783.
LaTeX Font Info:    Setting Go-TLF sub-encoding to TS1/4 on input line 14784.
LaTeX Font Info:    Setting GoMono-TLF sub-encoding to TS1/4 on input line 1478
5.
LaTeX Font Info:    Setting InriaSans-LF sub-encoding to TS1/4 on input line 14
786.
LaTeX Font Info:    Setting InriaSans-TLF sub-encoding to TS1/4 on input line 1
4786.
LaTeX Font Info:    Setting InriaSans-OsF sub-encoding to TS1/4 on input line 1
4786.
LaTeX Font Info:    Setting InriaSans-TOsF sub-encoding to TS1/4 on input line 
14786.
LaTeX Font Info:    Setting InriaSerif-LF sub-encoding to TS1/4 on input line 1
4787.
LaTeX Font Info:    Setting InriaSerif-TLF sub-encoding to TS1/4 on input line 
14787.
LaTeX Font Info:    Setting InriaSerif-OsF sub-encoding to TS1/4 on input line 
14787.
LaTeX Font Info:    Setting InriaSerif-TOsF sub-encoding to TS1/4 on input line
 14787.
LaTeX Font Info:    Setting LibertinusSans-LF sub-encoding to TS1/4 on input li
ne 14788.
LaTeX Font Info:    Setting LibertinusSans-TLF sub-encoding to TS1/4 on input l
ine 14788.
LaTeX Font Info:    Setting LibertinusSans-OsF sub-encoding to TS1/4 on input l
ine 14788.
LaTeX Font Info:    Setting LibertinusSans-TOsF sub-encoding to TS1/4 on input 
line 14788.
LaTeX Font Info:    Setting LibertinusSerif-LF sub-encoding to TS1/4 on input l
ine 14789.
LaTeX Font Info:    Setting LibertinusSerif-TLF sub-encoding to TS1/4 on input 
line 14789.
LaTeX Font Info:    Setting LibertinusSerif-OsF sub-encoding to TS1/4 on input 
line 14789.
LaTeX Font Info:    Setting LibertinusSerif-TOsF sub-encoding to TS1/4 on input
 line 14789.
LaTeX Font Info:    Setting LibreBodoni-TLF sub-encoding to TS1/4 on input line
 14790.
LaTeX Font Info:    Setting LibreFranklin-TLF sub-encoding to TS1/4 on input li
ne 14791.
LaTeX Font Info:    Setting LinguisticsPro-LF sub-encoding to TS1/4 on input li
ne 14792.
LaTeX Font Info:    Setting LinguisticsPro-OsF sub-encoding to TS1/4 on input l
ine 14793.
LaTeX Font Info:    Setting LinuxBiolinumT-LF sub-encoding to TS1/4 on input li
ne 14794.
LaTeX Font Info:    Setting LinuxBiolinumT-TLF sub-encoding to TS1/4 on input l
ine 14794.
LaTeX Font Info:    Setting LinuxBiolinumT-OsF sub-encoding to TS1/4 on input l
ine 14794.
LaTeX Font Info:    Setting LinuxBiolinumT-TOsF sub-encoding to TS1/4 on input 
line 14794.
LaTeX Font Info:    Setting LinuxLibertineT-LF sub-encoding to TS1/4 on input l
ine 14795.
LaTeX Font Info:    Setting LinuxLibertineT-TLF sub-encoding to TS1/4 on input 
line 14795.
LaTeX Font Info:    Setting LinuxLibertineT-OsF sub-encoding to TS1/4 on input 
line 14795.
LaTeX Font Info:    Setting LinuxLibertineT-TOsF sub-encoding to TS1/4 on input
 line 14795.
LaTeX Font Info:    Setting MintSpirit-LF sub-encoding to TS1/4 on input line 1
4796.
LaTeX Font Info:    Setting MintSpirit-TLF sub-encoding to TS1/4 on input line 
14796.
LaTeX Font Info:    Setting MintSpirit-OsF sub-encoding to TS1/4 on input line 
14796.
LaTeX Font Info:    Setting MintSpirit-TOsF sub-encoding to TS1/4 on input line
 14796.
LaTeX Font Info:    Setting MintSpiritNoTwo-LF sub-encoding to TS1/4 on input l
ine 14797.
LaTeX Font Info:    Setting MintSpiritNoTwo-TLF sub-encoding to TS1/4 on input 
line 14797.
LaTeX Font Info:    Setting MintSpiritNoTwo-OsF sub-encoding to TS1/4 on input 
line 14797.
LaTeX Font Info:    Setting MintSpiritNoTwo-TOsF sub-encoding to TS1/4 on input
 line 14797.
LaTeX Font Info:    Setting PTMono-TLF sub-encoding to TS1/4 on input line 1479
8.
LaTeX Font Info:    Setting PTSans-TLF sub-encoding to TS1/4 on input line 1479
9.
LaTeX Font Info:    Setting PTSansCaption-TLF sub-encoding to TS1/4 on input li
ne 14800.
LaTeX Font Info:    Setting PTSansNarrow-TLF sub-encoding to TS1/4 on input lin
e 14801.
LaTeX Font Info:    Setting PTSerif-TLF sub-encoding to TS1/4 on input line 148
02.
LaTeX Font Info:    Setting PTSerifCaption-TLF sub-encoding to TS1/4 on input l
ine 14803.
LaTeX Font Info:    Setting Raleway-TLF sub-encoding to TS1/4 on input line 148
04.
LaTeX Font Info:    Setting Raleway-TOsF sub-encoding to TS1/4 on input line 14
805.
LaTeX Font Info:    Setting Roboto-LF sub-encoding to TS1/4 on input line 14806
.
LaTeX Font Info:    Setting Roboto-TLF sub-encoding to TS1/4 on input line 1480
6.
LaTeX Font Info:    Setting Roboto-OsF sub-encoding to TS1/4 on input line 1480
6.
LaTeX Font Info:    Setting Roboto-TOsF sub-encoding to TS1/4 on input line 148
06.
LaTeX Font Info:    Setting RobotoMono-TLF sub-encoding to TS1/4 on input line 
14807.
LaTeX Font Info:    Setting RobotoSlab-TLF sub-encoding to TS1/4 on input line 
14808.
LaTeX Font Info:    Setting Rosario-LF sub-encoding to TS1/4 on input line 1480
9.
LaTeX Font Info:    Setting Rosario-TLF sub-encoding to TS1/4 on input line 148
09.
LaTeX Font Info:    Setting Rosario-OsF sub-encoding to TS1/4 on input line 148
09.
LaTeX Font Info:    Setting Rosario-TOsF sub-encoding to TS1/4 on input line 14
809.
LaTeX Font Info:    Setting SticksTooText-LF sub-encoding to TS1/4 on input lin
e 14810.
LaTeX Font Info:    Setting SticksTooText-TLF sub-encoding to TS1/4 on input li
ne 14810.
LaTeX Font Info:    Setting SticksTooText-OsF sub-encoding to TS1/4 on input li
ne 14810.
LaTeX Font Info:    Setting SticksTooText-TOsF sub-encoding to TS1/4 on input l
ine 14810.
LaTeX Font Info:    Setting UniversalisADFStd-LF sub-encoding to TS1/4 on input
 line 14811.
LaTeX Font Info:    Setting Almndr-OsF sub-encoding to TS1/5 on input line 1481
2.
LaTeX Font Info:    Setting Baskervaldx-LF sub-encoding to TS1/5 on input line 
14813.
LaTeX Font Info:    Setting Baskervaldx-TLF sub-encoding to TS1/5 on input line
 14813.
LaTeX Font Info:    Setting Baskervaldx-OsF sub-encoding to TS1/5 on input line
 14813.
LaTeX Font Info:    Setting Baskervaldx-TOsF sub-encoding to TS1/5 on input lin
e 14813.
LaTeX Font Info:    Setting Bttr-TLF sub-encoding to TS1/5 on input line 14814.

LaTeX Font Info:    Setting Cinzel-LF sub-encoding to TS1/5 on input line 14815
.
LaTeX Font Info:    Setting CinzelDecorative-LF sub-encoding to TS1/5 on input 
line 14816.
LaTeX Font Info:    Setting Cochineal-LF sub-encoding to TS1/5 on input line 14
817.
LaTeX Font Info:    Setting Cochineal-TLF sub-encoding to TS1/5 on input line 1
4817.
LaTeX Font Info:    Setting Cochineal-OsF sub-encoding to TS1/5 on input line 1
4817.
LaTeX Font Info:    Setting Cochineal-TOsF sub-encoding to TS1/5 on input line 
14817.
LaTeX Font Info:    Setting DejaVuSerif-TLF sub-encoding to TS1/5 on input line
 14818.
LaTeX Font Info:    Setting DejaVuSerifCondensed-TLF sub-encoding to TS1/5 on i
nput line 14819.
LaTeX Font Info:    Setting GilliusADF-LF sub-encoding to TS1/5 on input line 1
4820.
LaTeX Font Info:    Setting GilliusADFCond-LF sub-encoding to TS1/5 on input li
ne 14821.
LaTeX Font Info:    Setting GilliusADFNoTwo-LF sub-encoding to TS1/5 on input l
ine 14822.
LaTeX Font Info:    Setting GilliusADFNoTwoCond-LF sub-encoding to TS1/5 on inp
ut line 14823.
LaTeX Font Info:    Setting OldStandard-TLF sub-encoding to TS1/5 on input line
 14824.
LaTeX Font Info:    Setting PlyfrDisplay-TLF sub-encoding to TS1/5 on input lin
e 14825.
LaTeX Font Info:    Setting PlyfrDisplay-TOsF sub-encoding to TS1/5 on input li
ne 14826.
LaTeX Font Info:    Setting TheanoDidot-TLF sub-encoding to TS1/5 on input line
 14827.
LaTeX Font Info:    Setting TheanoDidot-TOsF sub-encoding to TS1/5 on input lin
e 14828.
LaTeX Font Info:    Setting TheanoModern-TLF sub-encoding to TS1/5 on input lin
e 14829.
LaTeX Font Info:    Setting TheanoModern-TOsF sub-encoding to TS1/5 on input li
ne 14830.
LaTeX Font Info:    Setting TheanoOldStyle-TLF sub-encoding to TS1/5 on input l
ine 14831.
LaTeX Font Info:    Setting TheanoOldStyle-TOsF sub-encoding to TS1/5 on input 
line 14832.
LaTeX Font Info:    Setting charssil-TLF sub-encoding to TS1/5 on input line 14
833.
LaTeX Font Info:    Setting Crimson-TLF sub-encoding to TS1/6 on input line 148
34.
LaTeX Font Info:    Setting LibertinusSerifDisplay-LF sub-encoding to TS1/6 on 
input line 14835.
LaTeX Font Info:    Setting LinuxLibertineDisplayT-LF sub-encoding to TS1/6 on 
input line 14836.
LaTeX Font Info:    Setting LinuxLibertineDisplayT-TLF sub-encoding to TS1/6 on
 input line 14836.
LaTeX Font Info:    Setting LinuxLibertineDisplayT-OsF sub-encoding to TS1/6 on
 input line 14836.
LaTeX Font Info:    Setting LinuxLibertineDisplayT-TOsF sub-encoding to TS1/6 o
n input line 14836.
LaTeX Font Info:    Setting LinuxLibertineMonoT-LF sub-encoding to TS1/6 on inp
ut line 14837.
LaTeX Font Info:    Setting LinuxLibertineMonoT-TLF sub-encoding to TS1/6 on in
put line 14838.
LaTeX Font Info:    Setting Ovrlck-LF sub-encoding to TS1/6 on input line 14839
.
LaTeX Font Info:    Setting ComicNeue-TLF sub-encoding to TS1/7 on input line 1
4840.
LaTeX Font Info:    Setting ComicNeueAngular-TLF sub-encoding to TS1/7 on input
 line 14841.
LaTeX Font Info:    Setting CormorantGaramond-LF sub-encoding to TS1/7 on input
 line 14842.
LaTeX Font Info:    Setting CormorantGaramond-TLF sub-encoding to TS1/7 on inpu
t line 14842.
LaTeX Font Info:    Setting CormorantGaramond-OsF sub-encoding to TS1/7 on inpu
t line 14842.
LaTeX Font Info:    Setting CormorantGaramond-TOsF sub-encoding to TS1/7 on inp
ut line 14842.
LaTeX Font Info:    Setting Heuristica-TLF sub-encoding to TS1/7 on input line 
14843.
LaTeX Font Info:    Setting Heuristica-TOsF sub-encoding to TS1/7 on input line
 14844.
LaTeX Font Info:    Setting IMFELLEnglish-TLF sub-encoding to TS1/7 on input li
ne 14845.
LaTeX Font Info:    Setting LibreBskrvl-TLF sub-encoding to TS1/7 on input line
 14846.
LaTeX Font Info:    Setting LibreCsln-LF sub-encoding to TS1/7 on input line 14
847.
LaTeX Font Info:    Setting LibreCsln-TLF sub-encoding to TS1/7 on input line 1
4847.
LaTeX Font Info:    Setting LibreCsln-OsF sub-encoding to TS1/7 on input line 1
4847.
LaTeX Font Info:    Setting LibreCsln-TOsF sub-encoding to TS1/7 on input line 
14847.
LaTeX Font Info:    Setting Lbstr-LF sub-encoding to TS1/7 on input line 14848.

LaTeX Font Info:    Setting Mrcls-LF sub-encoding to TS1/7 on input line 14849.

LaTeX Font Info:    Setting NotoSans-LF sub-encoding to TS1/7 on input line 148
50.
LaTeX Font Info:    Setting NotoSans-TLF sub-encoding to TS1/7 on input line 14
850.
LaTeX Font Info:    Setting NotoSans-OsF sub-encoding to TS1/7 on input line 14
850.
LaTeX Font Info:    Setting NotoSans-TOsF sub-encoding to TS1/7 on input line 1
4850.
LaTeX Font Info:    Setting NotoSerif-LF sub-encoding to TS1/7 on input line 14
851.
LaTeX Font Info:    Setting NotoSerif-TLF sub-encoding to TS1/7 on input line 1
4851.
LaTeX Font Info:    Setting NotoSerif-OsF sub-encoding to TS1/7 on input line 1
4851.
LaTeX Font Info:    Setting NotoSerif-TOsF sub-encoding to TS1/7 on input line 
14851.
LaTeX Font Info:    Setting Quattro-LF sub-encoding to TS1/7 on input line 1485
2.
LaTeX Font Info:    Setting QuattroSans-LF sub-encoding to TS1/7 on input line 
14853.
LaTeX Font Info:    Setting Frm-LF sub-encoding to TS1/7 on input line 14854.
LaTeX Font Info:    Setting LibertinusMono-TLF sub-encoding to TS1/8 on input l
ine 14855.
LaTeX Font Info:    Setting AlgolRevived-TLF sub-encoding to TS1/9 on input lin
e 14856.
 page nos., x-ref, environments, center,
\@rightskip=\skip29

verbatim,
\@verbvisiblespacebox=\box33
 math definitions,
\jot=\dimen60
\interdisplaylinepenalty=\count148
\rootbox=\box34
LaTeX Info: Redefining \: on input line 15675.
\c@equation=\count149
\@eqcnt=\count150
\@eqpen=\count151
\@centering=\skip30
\topsep=\skip31
\partopsep=\skip32
\itemsep=\skip33
\parsep=\skip34
\@topsep=\skip35
\@topsepadd=\skip36
\@outerparskip=\skip37
\leftmargin=\dimen61
\rightmargin=\dimen62
\listparindent=\dimen63
\itemindent=\dimen64
\labelwidth=\dimen65
\labelsep=\dimen66
\linewidth=\dimen67
\@totalleftmargin=\dimen68
\leftmargini=\dimen69
\leftmarginii=\dimen70
\leftmarginiii=\dimen71
\leftmarginiv=\dimen72
\leftmarginv=\dimen73
\leftmarginvi=\dimen74
\@listdepth=\count152
\@itempenalty=\count153
\@beginparpenalty=\count154
\@endparpenalty=\count155
\@labels=\box35
\par@deathcycles=\count156
\@enumdepth=\count157
\c@enumi=\count158
\c@enumii=\count159
\c@enumiii=\count160
\c@enumiv=\count161
\@itemdepth=\count162
 boxes,
\fboxrule=\dimen75
\fboxsep=\dimen76
\@mplistdepth=\count163
\@mpfootins=\insert254
LaTeX Info: Redefining \underline on input line 16369.
\@gtempa=\dimen77
\@gtempa=\dimen78
\@gtempa=\dimen79
\@gtempa=\dimen80
\@gtempa=\dimen81
\@gtempa=\dimen82
\@gtempa=\dimen83
\@gtempa=\dimen84
\@gtempa=\dimen85
\@gtempa=\dimen86
\@gtempa=\dimen87
\@gtempa=\dimen88
\@gtempa=\dimen89
\@gtempa=\dimen90
\@nxttabmar=\count164
\@curtabmar=\count165
\@curtab=\count166
\@hightab=\count167
\@tabpush=\count168
\@curline=\box36
\@curfield=\box37
\@tabfbox=\box38
\tabbingsep=\dimen91
\@chclass=\count169
\@lastchclass=\count170
\@chnum=\count171
\arraycolsep=\dimen92
\tabcolsep=\dimen93
\arrayrulewidth=\dimen94
\doublerulesep=\dimen95
\@arstrutbox=\box39
\@wholewidth=\dimen96
\@halfwidth=\dimen97
\unitlength=\dimen98
\@picbox=\box40
\@picht=\dimen99
\@ovxx=\dimen100
\@ovyy=\dimen101
\@ovdx=\dimen102
\@ovdy=\dimen103
\@ovro=\dimen104
\@ovri=\dimen105
\@xarg=\count172
\@yarg=\count173
\@yyarg=\count174
\@multicnt=\count175
\@xdim=\dimen106
\@ydim=\dimen107
\@linechar=\box41
\@linelen=\dimen108
\@clnwd=\dimen109
\@clnht=\dimen110
\@dashdim=\dimen111
\@dashbox=\box42
\@dashcnt=\count176
LaTeX Info: Command `\linethickness' is already robust on input line 17163.
LaTeX Info: Command `\thinlines' is already robust on input line 17169.
 title, sectioning,
\@secpenalty=\count177
\c@secnumdepth=\count178
\c@tocdepth=\count179
 contents, floats,
\@floatpenalty=\count180

footnotes,
\footins=\insert253
\c@footnote=\count181
\c@mpfootnote=\count182
\footnotesep=\dimen112
 index, bibliography,
\l__mark_box=\box43
\l__mark_ii_box=\box44
\g__mark_int=\count183
\pkgcls@targetdate=\count184
\l_shipout_box=\box45
\l__shipout_raw_box=\box46
\l__shipout_firstpage_box=\box47
\l_shipout_box_ht_dim=\dimen113
\l_shipout_box_dp_dim=\dimen114
\l_shipout_box_wd_dim=\dimen115
\l_shipout_box_ht_plus_dp_dim=\dimen116
\l__shipout_tmp_box=\box48
\g_shipout_readonly_int=\count185
\g_shipout_totalpages_int=\count186
 output,
\bx@A=\insert252
\bx@B=\insert251
\bx@C=\insert250
\bx@D=\insert249
\bx@E=\insert248
\bx@F=\insert247
\bx@G=\insert246
\bx@H=\insert245
\bx@I=\insert244
\bx@J=\insert243
\bx@K=\insert242
\bx@L=\insert241
\bx@M=\insert240
\bx@N=\insert239
\bx@O=\insert238
\bx@P=\insert237
\bx@Q=\insert236
\bx@R=\insert235
\bx@S=\insert234
\bx@T=\insert233
\bx@U=\insert232
\bx@V=\insert231
\bx@W=\insert230
\bx@X=\insert229
\bx@Y=\insert228
\bx@Z=\insert227
\bx@AA=\insert226
\bx@BB=\insert225
\bx@CC=\insert224
\bx@DD=\insert223
\bx@EE=\insert222
\bx@FF=\insert221
\bx@GG=\insert220
\bx@HH=\insert219
\bx@II=\insert218
\bx@JJ=\insert217
\bx@KK=\insert216
\bx@LL=\insert215
\bx@MM=\insert214
\bx@NN=\insert213
\bx@OO=\insert212
\bx@PP=\insert211
\bx@QQ=\insert210
\bx@RR=\insert209
\bx@SS=\insert208
\bx@TT=\insert207
\bx@UU=\insert206
\bx@VV=\insert205
\bx@WW=\insert204
\bx@XX=\insert203
\bx@YY=\insert202
\bx@ZZ=\insert201
\topmargin=\dimen117
\oddsidemargin=\dimen118
\evensidemargin=\dimen119
\headheight=\dimen120
\headsep=\dimen121
\footskip=\dimen122
\textheight=\dimen123
\textwidth=\dimen124
\columnwidth=\dimen125
\columnsep=\dimen126
\columnseprule=\dimen127
\marginparwidth=\dimen128
\marginparsep=\dimen129
\marginparpush=\dimen130
\@begindvibox=\box49
\@maxdepth=\dimen131
\paperheight=\dimen132
\paperwidth=\dimen133
\stockheight=\dimen134
\stockwidth=\dimen135
\col@number=\count187
\@topnum=\count188
\@toproom=\dimen136
\@dbltopnum=\count189
\@dbltoproom=\dimen137
\@botnum=\count190
\@botroom=\dimen138
\@colnum=\count191
\@textmin=\dimen139
\@fpmin=\dimen140
\@colht=\dimen141
\@colroom=\dimen142
\@pageht=\dimen143
\@pagedp=\dimen144
\@mparbottom=\dimen145
\@currtype=\count192
\@outputbox=\box50
\@leftcolumn=\box51
\@holdpg=\box52
\@outputbox@depth=\dimen146
\@kludgeins=\insert200
\@fpstype=\count193
\@reqcolroom=\dimen147
\@textfloatsheight=\dimen148
\saved@reqcolroom=\dimen149
\c@topnumber=\count194
\c@bottomnumber=\count195
\c@totalnumber=\count196
\c@dbltopnumber=\count197
\floatsep=\skip38
\textfloatsep=\skip39
\intextsep=\skip40
\dblfloatsep=\skip41
\dbltextfloatsep=\skip42
\@fptop=\skip43
\@fpsep=\skip44
\@fpbot=\skip45
\@dblfptop=\skip46
\@dblfpsep=\skip47
\@dblfpbot=\skip48
\l__tag_block_flattened_level_int=\count198
\g__tbl_col_int=\count199
\g__tbl_row_int=\count266
\g__tbl_missing_cells_int=\count267
\@lowpenalty=\count268
\@medpenalty=\count269
\@highpenalty=\count270
\c__mark_class_2e-left_mark=\marks1
\c__mark_class_2e-right_mark=\marks2
\c__mark_class_2e-right-nonempty_mark=\marks3
  Unicode character data,
(/home/melmothx/amusewiki-debian-packages/amusewiki/local/texlive/2026/texmf-di
st/tex/generic/unicode-data/load-unicode-data.tex 
load-unicode-data.tex v1.19 (2025-09-26)
Reading Unicode data
# UnicodeData-17.0.0.txt
# Modified 2025-09-26 07:00 GMT [JAW]
)
===========================================
Local configuration file hyphen.cfg used
===========================================

(/home/melmothx/amusewiki-debian-packages/amusewiki/local/texlive/2026/texmf-di
st/tex/generic/babel/hyphen.cfg
File: hyphen.cfg 2026/03/24 v26.5 Babel hyphens

(/home/melmothx/amusewiki-debian-packages/amusewiki/local/texlive/2026/texmf-di
st/tex/generic/babel/xebabel.def)
\l@english=\language0

(/home/melmothx/amusewiki-debian-packages/amusewiki/local/texlive/2026/texmf-di
st/tex/generic/hyphen/hyphen.tex)
\l@usenglish=\language0
\l@USenglish=\language0
\l@american=\language0
\l@dumylang=\language1

(/home/melmothx/amusewiki-debian-packages/amusewiki/local/texlive/2026/texmf-di
st/tex/generic/hyphen/dumyhyph.tex)
\l@nohyphenation=\language2

(/home/melmothx/amusewiki-debian-packages/amusewiki/local/texlive/2026/texmf-di
st/tex/generic/hyphen/zerohyph.tex)
\l@afrikaans=\language3

(/home/melmothx/amusewiki-debian-packages/amusewiki/local/texlive/2026/texmf-di
st/tex/generic/hyph-utf8/loadhyph/loadhyph-af.tex
UTF-8 Afrikaans hyphenation patterns
(/home/melmothx/amusewiki-debian-packages/amusewiki/local/texlive/2026/texmf-di
st/tex/generic/hyph-utf8/patterns/tex/hyph-af.tex)
(/home/melmothx/amusewiki-debian-packages/amusewiki/local/texlive/2026/texmf-di
st/tex/generic/hyph-utf8/patterns/quote/hyph-quote-af.tex))
\l@ancientgreek=\language4

(/home/melmothx/amusewiki-debian-packages/amusewiki/local/texlive/2026/texmf-di
st/tex/generic/hyph-utf8/loadhyph/loadhyph-grc.tex
UTF-8 Hyphenation patterns for Ancient Greek
(/home/melmothx/amusewiki-debian-packages/amusewiki/local/texlive/2026/texmf-di
st/tex/generic/hyph-utf8/patterns/tex/hyph-grc.tex))
\l@ibycus=\language5

(/home/melmothx/amusewiki-debian-packages/amusewiki/local/texlive/2026/texmf-di
st/tex/generic/hyphen/ibyhyph.tex
Greek hyphenation patterns for Ibycus encoding, v3.0)
\l@arabic=\language6

(/home/melmothx/amusewiki-debian-packages/amusewiki/local/texlive/2026/texmf-di
st/tex/generic/hyph-utf8/patterns/tex/hyph-ar.tex)
\l@armenian=\language7

(/home/melmothx/amusewiki-debian-packages/amusewiki/local/texlive/2026/texmf-di
st/tex/generic/hyph-utf8/loadhyph/loadhyph-hy.tex
UTF-8 Armenian hyphenation patterns
(/home/melmothx/amusewiki-debian-packages/amusewiki/local/texlive/2026/texmf-di
st/tex/generic/hyph-utf8/patterns/tex/hyph-hy.tex))
\l@basque=\language8

(/home/melmothx/amusewiki-debian-packages/amusewiki/local/texlive/2026/texmf-di
st/tex/generic/hyph-utf8/loadhyph/loadhyph-eu.tex
UTF-8 Basque hyphenation patterns
(/home/melmothx/amusewiki-debian-packages/amusewiki/local/texlive/2026/texmf-di
st/tex/generic/hyph-utf8/patterns/tex/hyph-eu.tex))
\l@belarusian=\language9

(/home/melmothx/amusewiki-debian-packages/amusewiki/local/texlive/2026/texmf-di
st/tex/generic/hyph-utf8/loadhyph/loadhyph-be.tex
UTF-8 Belarusian hyphenation patterns
(/home/melmothx/amusewiki-debian-packages/amusewiki/local/texlive/2026/texmf-di
st/tex/generic/hyph-utf8/patterns/tex/hyph-be.tex)
(/home/melmothx/amusewiki-debian-packages/amusewiki/local/texlive/2026/texmf-di
st/tex/generic/hyph-utf8/patterns/quote/hyph-quote-be.tex))
\l@bulgarian=\language10

(/home/melmothx/amusewiki-debian-packages/amusewiki/local/texlive/2026/texmf-di
st/tex/generic/hyph-utf8/loadhyph/loadhyph-bg.tex
UTF-8 Bulgarian hyphenation patterns
(/home/melmothx/amusewiki-debian-packages/amusewiki/local/texlive/2026/texmf-di
st/tex/generic/hyph-utf8/patterns/tex/hyph-bg.tex
Bulgarian hyphenation patterns (options: --safe-morphology --standalone-tex, ve
rsion 21 October 2017)))
\l@catalan=\language11

(/home/melmothx/amusewiki-debian-packages/amusewiki/local/texlive/2026/texmf-di
st/tex/generic/hyph-utf8/loadhyph/loadhyph-ca.tex
UTF-8 Catalan hyphenation patterns
(/home/melmothx/amusewiki-debian-packages/amusewiki/local/texlive/2026/texmf-di
st/tex/generic/hyph-utf8/patterns/tex/hyph-ca.tex))
\l@pinyin=\language12

(/home/melmothx/amusewiki-debian-packages/amusewiki/local/texlive/2026/texmf-di
st/tex/generic/hyph-utf8/loadhyph/loadhyph-zh-latn-pinyin.tex
UTF-8 Pinyin Hyphenation Patterns (with tone markers) 2018-11-25 (WL)
(/home/melmothx/amusewiki-debian-packages/amusewiki/local/texlive/2026/texmf-di
st/tex/generic/hyph-utf8/patterns/tex/hyph-zh-latn-pinyin.tex))
\l@churchslavonic=\language13

(/home/melmothx/amusewiki-debian-packages/amusewiki/local/texlive/2026/texmf-di
st/tex/generic/hyph-utf8/loadhyph/loadhyph-cu.tex
UTF-8 Church Slavonic hyphenation patterns
(/home/melmothx/amusewiki-debian-packages/amusewiki/local/texlive/2026/texmf-di
st/tex/generic/hyph-utf8/patterns/tex/hyph-cu.tex))
\l@coptic=\language14

(/home/melmothx/amusewiki-debian-packages/amusewiki/local/texlive/2026/texmf-di
st/tex/generic/hyph-utf8/loadhyph/loadhyph-cop.tex
UTF-8 Coptic hyphenation patterns
(/home/melmothx/amusewiki-debian-packages/amusewiki/local/texlive/2026/texmf-di
st/tex/generic/hyph-utf8/patterns/tex/hyph-cop.tex))
\l@croatian=\language15

(/home/melmothx/amusewiki-debian-packages/amusewiki/local/texlive/2026/texmf-di
st/tex/generic/hyph-utf8/loadhyph/loadhyph-hr.tex
UTF-8 Croatian hyphenation patterns
(/home/melmothx/amusewiki-debian-packages/amusewiki/local/texlive/2026/texmf-di
st/tex/generic/hyph-utf8/patterns/tex/hyph-hr.tex))
\l@czech=\language16

(/home/melmothx/amusewiki-debian-packages/amusewiki/local/texlive/2026/texmf-di
st/tex/generic/hyph-utf8/loadhyph/loadhyph-cs.tex
UTF-8 Czech hyphenation patterns
(/home/melmothx/amusewiki-debian-packages/amusewiki/local/texlive/2026/texmf-di
st/tex/generic/hyph-utf8/patterns/tex/hyph-cs.tex))
\l@danish=\language17

(/home/melmothx/amusewiki-debian-packages/amusewiki/local/texlive/2026/texmf-di
st/tex/generic/hyph-utf8/loadhyph/loadhyph-da.tex
UTF-8 Danish hyphenation patterns
(/home/melmothx/amusewiki-debian-packages/amusewiki/local/texlive/2026/texmf-di
st/tex/generic/hyph-utf8/patterns/tex/hyph-da.tex))
\l@dutch=\language18

(/home/melmothx/amusewiki-debian-packages/amusewiki/local/texlive/2026/texmf-di
st/tex/generic/hyph-utf8/loadhyph/loadhyph-nl.tex
UTF-8 Dutch hyphenation patterns
(/home/melmothx/amusewiki-debian-packages/amusewiki/local/texlive/2026/texmf-di
st/tex/generic/hyph-utf8/patterns/tex/hyph-nl.tex))
\l@ukenglish=\language19

(/home/melmothx/amusewiki-debian-packages/amusewiki/local/texlive/2026/texmf-di
st/tex/generic/hyph-utf8/loadhyph/loadhyph-en-gb.tex
ASCII Hyphenation patterns for British English
(/home/melmothx/amusewiki-debian-packages/amusewiki/local/texlive/2026/texmf-di
st/tex/generic/hyph-utf8/patterns/tex/hyph-en-gb.tex))
\l@british=\language19
\l@UKenglish=\language19
\l@usenglishmax=\language20

(/home/melmothx/amusewiki-debian-packages/amusewiki/local/texlive/2026/texmf-di
st/tex/generic/hyph-utf8/loadhyph/loadhyph-en-us.tex
ASCII Hyphenation patterns for American English
(/home/melmothx/amusewiki-debian-packages/amusewiki/local/texlive/2026/texmf-di
st/tex/generic/hyph-utf8/patterns/tex/hyph-en-us.tex))
\l@esperanto=\language21

(/home/melmothx/amusewiki-debian-packages/amusewiki/local/texlive/2026/texmf-di
st/tex/generic/hyph-utf8/loadhyph/loadhyph-eo.tex
UTF-8 Esperanto hyphenation patterns
(/home/melmothx/amusewiki-debian-packages/amusewiki/local/texlive/2026/texmf-di
st/tex/generic/hyph-utf8/patterns/tex/hyph-eo.tex))
\l@estonian=\language22

(/home/melmothx/amusewiki-debian-packages/amusewiki/local/texlive/2026/texmf-di
st/tex/generic/hyph-utf8/loadhyph/loadhyph-et.tex
UTF-8 Estonian hyphenation patterns
(/home/melmothx/amusewiki-debian-packages/amusewiki/local/texlive/2026/texmf-di
st/tex/generic/hyph-utf8/patterns/tex/hyph-et.tex))
\l@ethiopic=\language23

(/home/melmothx/amusewiki-debian-packages/amusewiki/local/texlive/2026/texmf-di
st/tex/generic/hyph-utf8/loadhyph/loadhyph-mul-ethi.tex
UTF-8 Pan-Ethiopic hyphenation patterns
(/home/melmothx/amusewiki-debian-packages/amusewiki/local/texlive/2026/texmf-di
st/tex/generic/hyph-utf8/patterns/tex/hyph-mul-ethi.tex))
\l@amharic=\language23
\l@geez=\language23
\l@farsi=\language24

(/home/melmothx/amusewiki-debian-packages/amusewiki/local/texlive/2026/texmf-di
st/tex/generic/hyph-utf8/patterns/tex/hyph-fa.tex)
\l@persian=\language24
\l@finnish=\language25

(/home/melmothx/amusewiki-debian-packages/amusewiki/local/texlive/2026/texmf-di
st/tex/generic/hyph-utf8/loadhyph/loadhyph-fi.tex
UTF-8 Finnish hyphenation patterns
(/home/melmothx/amusewiki-debian-packages/amusewiki/local/texlive/2026/texmf-di
st/tex/generic/hyph-utf8/patterns/tex/hyph-fi.tex))
\l@schoolfinnish=\language26

(/home/melmothx/amusewiki-debian-packages/amusewiki/local/texlive/2026/texmf-di
st/tex/generic/hyph-utf8/loadhyph/loadhyph-fi-x-school.tex
UTF-8 Finnish hyphenation patterns for school
(/home/melmothx/amusewiki-debian-packages/amusewiki/local/texlive/2026/texmf-di
st/tex/generic/hyph-utf8/patterns/tex/hyph-fi-x-school.tex))
\l@french=\language27

(/home/melmothx/amusewiki-debian-packages/amusewiki/local/texlive/2026/texmf-di
st/tex/generic/hyph-utf8/loadhyph/loadhyph-fr.tex
UTF-8 French hyphenation patterns
(/home/melmothx/amusewiki-debian-packages/amusewiki/local/texlive/2026/texmf-di
st/tex/generic/hyph-utf8/patterns/tex/hyph-fr.tex)
(/home/melmothx/amusewiki-debian-packages/amusewiki/local/texlive/2026/texmf-di
st/tex/generic/hyph-utf8/patterns/quote/hyph-quote-fr.tex))
\l@patois=\language27
\l@francais=\language27
\l@friulan=\language28

(/home/melmothx/amusewiki-debian-packages/amusewiki/local/texlive/2026/texmf-di
st/tex/generic/hyph-utf8/loadhyph/loadhyph-fur.tex
UTF-8 Friulan hyphenation patterns
(/home/melmothx/amusewiki-debian-packages/amusewiki/local/texlive/2026/texmf-di
st/tex/generic/hyph-utf8/patterns/tex/hyph-fur.tex)
(/home/melmothx/amusewiki-debian-packages/amusewiki/local/texlive/2026/texmf-di
st/tex/generic/hyph-utf8/patterns/quote/hyph-quote-fur.tex))
\l@galician=\language29

(/home/melmothx/amusewiki-debian-packages/amusewiki/local/texlive/2026/texmf-di
st/tex/generic/hyph-utf8/loadhyph/loadhyph-gl.tex
UTF-8 Galician hyphenation patterns
(/home/melmothx/amusewiki-debian-packages/amusewiki/local/texlive/2026/texmf-di
st/tex/generic/hyph-utf8/patterns/tex/hyph-gl.tex))
\l@georgian=\language30

(/home/melmothx/amusewiki-debian-packages/amusewiki/local/texlive/2026/texmf-di
st/tex/generic/hyph-utf8/loadhyph/loadhyph-ka.tex
UTF-8 Georgian hyphenation patterns
(/home/melmothx/amusewiki-debian-packages/amusewiki/local/texlive/2026/texmf-di
st/tex/generic/hyph-utf8/patterns/tex/hyph-ka.tex))
\l@german=\language31

(/home/melmothx/amusewiki-debian-packages/amusewiki/local/texlive/2026/texmf-di
st/tex/generic/hyph-utf8/loadhyph/loadhyph-de-1901.tex
UTF-8 German hyphenation patterns (traditional orthography)
(/home/melmothx/amusewiki-debian-packages/amusewiki/local/texlive/2026/texmf-di
st/tex/generic/hyph-utf8/patterns/tex/hyph-de-1901.tex
German Hyphenation Patterns (Traditional Orthography) `dehypht-x' 2024-02-28 (W
L)))
\l@ngerman=\language32

(/home/melmothx/amusewiki-debian-packages/amusewiki/local/texlive/2026/texmf-di
st/tex/generic/hyph-utf8/loadhyph/loadhyph-de-1996.tex
UTF-8 German hyphenation patterns (reformed orthography)
(/home/melmothx/amusewiki-debian-packages/amusewiki/local/texlive/2026/texmf-di
st/tex/generic/hyph-utf8/patterns/tex/hyph-de-1996.tex
German Hyphenation Patterns (Reformed Orthography, 2006) `dehyphn-x' 2024-02-28
 (WL)))
\l@swissgerman=\language33

(/home/melmothx/amusewiki-debian-packages/amusewiki/local/texlive/2026/texmf-di
st/tex/generic/hyph-utf8/loadhyph/loadhyph-de-ch-1901.tex
UTF-8 Swiss-German hyphenation patterns (traditional orthography)
(/home/melmothx/amusewiki-debian-packages/amusewiki/local/texlive/2026/texmf-di
st/tex/generic/hyph-utf8/patterns/tex/hyph-de-ch-1901.tex
Swiss-German Hyphenation Patterns (Traditional Orthography) `dehyphts-x' 2024-0
2-28 (WL)))
\l@greek=\language34

(/home/melmothx/amusewiki-debian-packages/amusewiki/local/texlive/2026/texmf-di
st/tex/generic/hyph-utf8/loadhyph/loadhyph-el-polyton.tex
UTF-8 Hyphenation patterns for multi-accent (polytonic) Modern Greek
(/home/melmothx/amusewiki-debian-packages/amusewiki/local/texlive/2026/texmf-di
st/tex/generic/hyph-utf8/patterns/tex/hyph-el-polyton.tex))
\l@polygreek=\language34
\l@monogreek=\language35

(/home/melmothx/amusewiki-debian-packages/amusewiki/local/texlive/2026/texmf-di
st/tex/generic/hyph-utf8/loadhyph/loadhyph-el-monoton.tex
UTF-8 Hyphenation patterns for uni-accent (monotonic) Modern Greek
(/home/melmothx/amusewiki-debian-packages/amusewiki/local/texlive/2026/texmf-di
st/tex/generic/hyph-utf8/patterns/tex/hyph-el-monoton.tex))
\l@hungarian=\language36

(/home/melmothx/amusewiki-debian-packages/amusewiki/local/texlive/2026/texmf-di
st/tex/generic/hyph-utf8/loadhyph/loadhyph-hu.tex
UTF-8 Hungarian hyphenation patterns
(/home/melmothx/amusewiki-debian-packages/amusewiki/local/texlive/2026/texmf-di
st/tex/generic/hyph-utf8/patterns/tex/hyph-hu.tex))
\l@icelandic=\language37

(/home/melmothx/amusewiki-debian-packages/amusewiki/local/texlive/2026/texmf-di
st/tex/generic/hyph-utf8/loadhyph/loadhyph-is.tex
UTF-8 Icelandic hyphenation patterns
(/home/melmothx/amusewiki-debian-packages/amusewiki/local/texlive/2026/texmf-di
st/tex/generic/hyph-utf8/patterns/tex/hyph-is.tex))
\l@assamese=\language38

(/home/melmothx/amusewiki-debian-packages/amusewiki/local/texlive/2026/texmf-di
st/tex/generic/hyph-utf8/loadhyph/loadhyph-as.tex
UTF-8 Assamese hyphenation patterns
(/home/melmothx/amusewiki-debian-packages/amusewiki/local/texlive/2026/texmf-di
st/tex/generic/hyph-utf8/patterns/tex/hyph-as.tex))
\l@bengali=\language39

(/home/melmothx/amusewiki-debian-packages/amusewiki/local/texlive/2026/texmf-di
st/tex/generic/hyph-utf8/loadhyph/loadhyph-bn.tex
UTF-8 Bengali hyphenation patterns
(/home/melmothx/amusewiki-debian-packages/amusewiki/local/texlive/2026/texmf-di
st/tex/generic/hyph-utf8/patterns/tex/hyph-bn.tex))
\l@gujarati=\language40

(/home/melmothx/amusewiki-debian-packages/amusewiki/local/texlive/2026/texmf-di
st/tex/generic/hyph-utf8/loadhyph/loadhyph-gu.tex
UTF-8 Gujarati hyphenation patterns
(/home/melmothx/amusewiki-debian-packages/amusewiki/local/texlive/2026/texmf-di
st/tex/generic/hyph-utf8/patterns/tex/hyph-gu.tex))
\l@hindi=\language41

(/home/melmothx/amusewiki-debian-packages/amusewiki/local/texlive/2026/texmf-di
st/tex/generic/hyph-utf8/loadhyph/loadhyph-hi.tex
UTF-8 Hindi hyphenation patterns
(/home/melmothx/amusewiki-debian-packages/amusewiki/local/texlive/2026/texmf-di
st/tex/generic/hyph-utf8/patterns/tex/hyph-hi.tex))
\l@kannada=\language42

(/home/melmothx/amusewiki-debian-packages/amusewiki/local/texlive/2026/texmf-di
st/tex/generic/hyph-utf8/loadhyph/loadhyph-kn.tex
UTF-8 Kannada hyphenation patterns
(/home/melmothx/amusewiki-debian-packages/amusewiki/local/texlive/2026/texmf-di
st/tex/generic/hyph-utf8/patterns/tex/hyph-kn.tex))
\l@malayalam=\language43

(/home/melmothx/amusewiki-debian-packages/amusewiki/local/texlive/2026/texmf-di
st/tex/generic/hyph-utf8/loadhyph/loadhyph-ml.tex
UTF-8 Malayalam hyphenation patterns
(/home/melmothx/amusewiki-debian-packages/amusewiki/local/texlive/2026/texmf-di
st/tex/generic/hyph-utf8/patterns/tex/hyph-ml.tex))
\l@marathi=\language44

(/home/melmothx/amusewiki-debian-packages/amusewiki/local/texlive/2026/texmf-di
st/tex/generic/hyph-utf8/loadhyph/loadhyph-mr.tex
UTF-8 Marathi hyphenation patterns
(/home/melmothx/amusewiki-debian-packages/amusewiki/local/texlive/2026/texmf-di
st/tex/generic/hyph-utf8/patterns/tex/hyph-mr.tex))
\l@oriya=\language45

(/home/melmothx/amusewiki-debian-packages/amusewiki/local/texlive/2026/texmf-di
st/tex/generic/hyph-utf8/loadhyph/loadhyph-or.tex
UTF-8 Oriya hyphenation patterns
(/home/melmothx/amusewiki-debian-packages/amusewiki/local/texlive/2026/texmf-di
st/tex/generic/hyph-utf8/patterns/tex/hyph-or.tex))
\l@pali=\language46

(/home/melmothx/amusewiki-debian-packages/amusewiki/local/texlive/2026/texmf-di
st/tex/generic/hyph-utf8/loadhyph/loadhyph-pi.tex
UTF-8 Pali hyphenation patterns
(/home/melmothx/amusewiki-debian-packages/amusewiki/local/texlive/2026/texmf-di
st/tex/generic/hyph-utf8/patterns/tex/hyph-pi.tex))
\l@panjabi=\language47

(/home/melmothx/amusewiki-debian-packages/amusewiki/local/texlive/2026/texmf-di
st/tex/generic/hyph-utf8/loadhyph/loadhyph-pa.tex
UTF-8 Panjabi hyphenation patterns
(/home/melmothx/amusewiki-debian-packages/amusewiki/local/texlive/2026/texmf-di
st/tex/generic/hyph-utf8/patterns/tex/hyph-pa.tex))
\l@tamil=\language48

(/home/melmothx/amusewiki-debian-packages/amusewiki/local/texlive/2026/texmf-di
st/tex/generic/hyph-utf8/loadhyph/loadhyph-ta.tex
UTF-8 Tamil hyphenation patterns
(/home/melmothx/amusewiki-debian-packages/amusewiki/local/texlive/2026/texmf-di
st/tex/generic/hyph-utf8/patterns/tex/hyph-ta.tex))
\l@telugu=\language49

(/home/melmothx/amusewiki-debian-packages/amusewiki/local/texlive/2026/texmf-di
st/tex/generic/hyph-utf8/loadhyph/loadhyph-te.tex
UTF-8 Telugu hyphenation patterns
(/home/melmothx/amusewiki-debian-packages/amusewiki/local/texlive/2026/texmf-di
st/tex/generic/hyph-utf8/patterns/tex/hyph-te.tex))
\l@indonesian=\language50

(/home/melmothx/amusewiki-debian-packages/amusewiki/local/texlive/2026/texmf-di
st/tex/generic/hyph-utf8/loadhyph/loadhyph-id.tex
ASCII Indonesian hyphenation patterns
(/home/melmothx/amusewiki-debian-packages/amusewiki/local/texlive/2026/texmf-di
st/tex/generic/hyph-utf8/patterns/tex/hyph-id.tex))
\l@interlingua=\language51

(/home/melmothx/amusewiki-debian-packages/amusewiki/local/texlive/2026/texmf-di
st/tex/generic/hyph-utf8/loadhyph/loadhyph-ia.tex
ASCII Hyphenation patterns for Interlingua
(/home/melmothx/amusewiki-debian-packages/amusewiki/local/texlive/2026/texmf-di
st/tex/generic/hyph-utf8/patterns/tex/hyph-ia.tex))
\l@irish=\language52

(/home/melmothx/amusewiki-debian-packages/amusewiki/local/texlive/2026/texmf-di
st/tex/generic/hyph-utf8/loadhyph/loadhyph-ga.tex
UTF-8 Irish hyphenation patterns
(/home/melmothx/amusewiki-debian-packages/amusewiki/local/texlive/2026/texmf-di
st/tex/generic/hyph-utf8/patterns/tex/hyph-ga.tex))
\l@italian=\language53

(/home/melmothx/amusewiki-debian-packages/amusewiki/local/texlive/2026/texmf-di
st/tex/generic/hyph-utf8/loadhyph/loadhyph-it.tex
UTF-8 Italian hyphenation patterns
(/home/melmothx/amusewiki-debian-packages/amusewiki/local/texlive/2026/texmf-di
st/tex/generic/hyph-utf8/patterns/tex/hyph-it.tex)
(/home/melmothx/amusewiki-debian-packages/amusewiki/local/texlive/2026/texmf-di
st/tex/generic/hyph-utf8/patterns/quote/hyph-quote-it.tex))
\l@kurmanji=\language54

(/home/melmothx/amusewiki-debian-packages/amusewiki/local/texlive/2026/texmf-di
st/tex/generic/hyph-utf8/loadhyph/loadhyph-kmr.tex
UTF-8 Kurmanji hyphenation patterns
(/home/melmothx/amusewiki-debian-packages/amusewiki/local/texlive/2026/texmf-di
st/tex/generic/hyph-utf8/patterns/tex/hyph-kmr.tex))
\l@classiclatin=\language55

(/home/melmothx/amusewiki-debian-packages/amusewiki/local/texlive/2026/texmf-di
st/tex/generic/hyph-utf8/loadhyph/loadhyph-la-x-classic.tex
UTF-8 Classical Latin hyphenation patterns, v.2.0 2019-07-03
(/home/melmothx/amusewiki-debian-packages/amusewiki/local/texlive/2026/texmf-di
st/tex/generic/hyph-utf8/patterns/tex/hyph-la-x-classic.tex))
\l@latin=\language56

(/home/melmothx/amusewiki-debian-packages/amusewiki/local/texlive/2026/texmf-di
st/tex/generic/hyph-utf8/loadhyph/loadhyph-la.tex
UTF-8 Latin hyphenation patterns
(/home/melmothx/amusewiki-debian-packages/amusewiki/local/texlive/2026/texmf-di
st/tex/generic/hyph-utf8/patterns/tex/hyph-la.tex))
\l@liturgicallatin=\language57

(/home/melmothx/amusewiki-debian-packages/amusewiki/local/texlive/2026/texmf-di
st/tex/generic/hyph-utf8/loadhyph/loadhyph-la-x-liturgic.tex
UTF-8 Liturgical Latin hyphenation patterns
(/home/melmothx/amusewiki-debian-packages/amusewiki/local/texlive/2026/texmf-di
st/tex/generic/hyph-utf8/patterns/tex/hyph-la-x-liturgic.tex))
\l@latvian=\language58

(/home/melmothx/amusewiki-debian-packages/amusewiki/local/texlive/2026/texmf-di
st/tex/generic/hyph-utf8/loadhyph/loadhyph-lv.tex
UTF-8 Latvian hyphenation patterns
(/home/melmothx/amusewiki-debian-packages/amusewiki/local/texlive/2026/texmf-di
st/tex/generic/hyph-utf8/patterns/tex/hyph-lv.tex))
\l@lithuanian=\language59

(/home/melmothx/amusewiki-debian-packages/amusewiki/local/texlive/2026/texmf-di
st/tex/generic/hyph-utf8/loadhyph/loadhyph-lt.tex
UTF-8 Lithuanian hyphenation patterns
(/home/melmothx/amusewiki-debian-packages/amusewiki/local/texlive/2026/texmf-di
st/tex/generic/hyph-utf8/patterns/tex/hyph-lt.tex))
\l@macedonian=\language60

(/home/melmothx/amusewiki-debian-packages/amusewiki/local/texlive/2026/texmf-di
st/tex/generic/hyph-utf8/loadhyph/loadhyph-mk.tex
UTF-8 Macedonian hyphenation patterns
(/home/melmothx/amusewiki-debian-packages/amusewiki/local/texlive/2026/texmf-di
st/tex/generic/hyph-utf8/patterns/tex/hyph-mk.tex))
\l@mongolian=\language61

(/home/melmothx/amusewiki-debian-packages/amusewiki/local/texlive/2026/texmf-di
st/tex/generic/hyph-utf8/loadhyph/loadhyph-mn-cyrl.tex
UTF-8 (New) Mongolian hyphenation patterns
(/home/melmothx/amusewiki-debian-packages/amusewiki/local/texlive/2026/texmf-di
st/tex/generic/hyph-utf8/patterns/tex/hyph-mn-cyrl.tex))
\l@mongolianlmc=\language62

(/home/melmothx/amusewiki-debian-packages/amusewiki/local/texlive/2026/texmf-di
st/tex/generic/hyph-utf8/loadhyph/loadhyph-mn-cyrl-x-lmc.tex
UTF-8 Mongolian hyphenation patterns
(/home/melmothx/amusewiki-debian-packages/amusewiki/local/texlive/2026/texmf-di
st/tex/generic/hyph-utf8/patterns/tex/hyph-mn-cyrl-x-lmc.tex))
\l@bokmal=\language63

(/home/melmothx/amusewiki-debian-packages/amusewiki/local/texlive/2026/texmf-di
st/tex/generic/hyph-utf8/loadhyph/loadhyph-nb.tex
UTF-8 Norwegian Bokmal hyphenation patterns
(/home/melmothx/amusewiki-debian-packages/amusewiki/local/texlive/2026/texmf-di
st/tex/generic/hyph-utf8/patterns/tex/hyph-nb.tex
(/home/melmothx/amusewiki-debian-packages/amusewiki/local/texlive/2026/texmf-di
st/tex/generic/hyph-utf8/patterns/tex/hyph-no.tex)))
\l@norwegian=\language63
\l@norsk=\language63
\l@nynorsk=\language64

(/home/melmothx/amusewiki-debian-packages/amusewiki/local/texlive/2026/texmf-di
st/tex/generic/hyph-utf8/loadhyph/loadhyph-nn.tex
UTF-8 Norwegian Nynorsk hyphenation patterns
(/home/melmothx/amusewiki-debian-packages/amusewiki/local/texlive/2026/texmf-di
st/tex/generic/hyph-utf8/patterns/tex/hyph-nn.tex
(/home/melmothx/amusewiki-debian-packages/amusewiki/local/texlive/2026/texmf-di
st/tex/generic/hyph-utf8/patterns/tex/hyph-no.tex)))
\l@occitan=\language65

(/home/melmothx/amusewiki-debian-packages/amusewiki/local/texlive/2026/texmf-di
st/tex/generic/hyph-utf8/loadhyph/loadhyph-oc.tex
UTF-8 Occitan hyphenation patterns
(/home/melmothx/amusewiki-debian-packages/amusewiki/local/texlive/2026/texmf-di
st/tex/generic/hyph-utf8/patterns/tex/hyph-oc.tex)
(/home/melmothx/amusewiki-debian-packages/amusewiki/local/texlive/2026/texmf-di
st/tex/generic/hyph-utf8/patterns/quote/hyph-quote-oc.tex))
\l@piedmontese=\language66

(/home/melmothx/amusewiki-debian-packages/amusewiki/local/texlive/2026/texmf-di
st/tex/generic/hyph-utf8/loadhyph/loadhyph-pms.tex
UTF-8 Piedmontese hyphenation patterns
(/home/melmothx/amusewiki-debian-packages/amusewiki/local/texlive/2026/texmf-di
st/tex/generic/hyph-utf8/patterns/tex/hyph-pms.tex)
(/home/melmothx/amusewiki-debian-packages/amusewiki/local/texlive/2026/texmf-di
st/tex/generic/hyph-utf8/patterns/quote/hyph-quote-pms.tex))
\l@polish=\language67

(/home/melmothx/amusewiki-debian-packages/amusewiki/local/texlive/2026/texmf-di
st/tex/generic/hyph-utf8/loadhyph/loadhyph-pl.tex
UTF-8 Polish hyphenation patterns
(/home/melmothx/amusewiki-debian-packages/amusewiki/local/texlive/2026/texmf-di
st/tex/generic/hyph-utf8/patterns/tex/hyph-pl.tex))
\l@portuguese=\language68

(/home/melmothx/amusewiki-debian-packages/amusewiki/local/texlive/2026/texmf-di
st/tex/generic/hyph-utf8/loadhyph/loadhyph-pt.tex
UTF-8 Portuguese hyphenation patterns
(/home/melmothx/amusewiki-debian-packages/amusewiki/local/texlive/2026/texmf-di
st/tex/generic/hyph-utf8/patterns/tex/hyph-pt.tex))
\l@portuges=\language68
\l@romanian=\language69

(/home/melmothx/amusewiki-debian-packages/amusewiki/local/texlive/2026/texmf-di
st/tex/generic/hyph-utf8/loadhyph/loadhyph-ro.tex
UTF-8 Romanian hyphenation patterns
(/home/melmothx/amusewiki-debian-packages/amusewiki/local/texlive/2026/texmf-di
st/tex/generic/hyph-utf8/patterns/tex/hyph-ro.tex))
\l@romansh=\language70

(/home/melmothx/amusewiki-debian-packages/amusewiki/local/texlive/2026/texmf-di
st/tex/generic/hyph-utf8/loadhyph/loadhyph-rm.tex
UTF-8 Romansh hyphenation patterns
(/home/melmothx/amusewiki-debian-packages/amusewiki/local/texlive/2026/texmf-di
st/tex/generic/hyph-utf8/patterns/tex/hyph-rm.tex))
\l@russian=\language71

(/home/melmothx/amusewiki-debian-packages/amusewiki/local/texlive/2026/texmf-di
st/tex/generic/hyph-utf8/loadhyph/loadhyph-ru.tex
UTF-8 Russian hyphenation patterns
(/home/melmothx/amusewiki-debian-packages/amusewiki/local/texlive/2026/texmf-di
st/tex/generic/hyph-utf8/patterns/tex/hyph-ru.tex))
\l@sanskrit=\language72

(/home/melmothx/amusewiki-debian-packages/amusewiki/local/texlive/2026/texmf-di
st/tex/generic/hyph-utf8/loadhyph/loadhyph-sa.tex
UTF-8 Sanskrit hyphenation patterns
(/home/melmothx/amusewiki-debian-packages/amusewiki/local/texlive/2026/texmf-di
st/tex/generic/hyph-utf8/patterns/tex/hyph-sa.tex))
\l@serbian=\language73

(/home/melmothx/amusewiki-debian-packages/amusewiki/local/texlive/2026/texmf-di
st/tex/generic/hyph-utf8/loadhyph/loadhyph-sr-latn.tex
UTF-8 Serbian hyphenation patterns
(/home/melmothx/amusewiki-debian-packages/amusewiki/local/texlive/2026/texmf-di
st/tex/generic/hyph-utf8/patterns/tex/hyph-sh-latn.tex)
(/home/melmothx/amusewiki-debian-packages/amusewiki/local/texlive/2026/texmf-di
st/tex/generic/hyph-utf8/patterns/tex/hyph-sh-cyrl.tex))
\l@serbianc=\language74

(/home/melmothx/amusewiki-debian-packages/amusewiki/local/texlive/2026/texmf-di
st/tex/generic/hyph-utf8/loadhyph/loadhyph-sr-cyrl.tex
UTF-8 Serbian hyphenation patterns
(/home/melmothx/amusewiki-debian-packages/amusewiki/local/texlive/2026/texmf-di
st/tex/generic/hyph-utf8/patterns/tex/hyph-sh-latn.tex)
(/home/melmothx/amusewiki-debian-packages/amusewiki/local/texlive/2026/texmf-di
st/tex/generic/hyph-utf8/patterns/tex/hyph-sh-cyrl.tex))
\l@slovak=\language75

(/home/melmothx/amusewiki-debian-packages/amusewiki/local/texlive/2026/texmf-di
st/tex/generic/hyph-utf8/loadhyph/loadhyph-sk.tex
UTF-8 Slovak hyphenation patterns
(/home/melmothx/amusewiki-debian-packages/amusewiki/local/texlive/2026/texmf-di
st/tex/generic/hyph-utf8/patterns/tex/hyph-sk.tex))
\l@slovenian=\language76

(/home/melmothx/amusewiki-debian-packages/amusewiki/local/texlive/2026/texmf-di
st/tex/generic/hyph-utf8/loadhyph/loadhyph-sl.tex
UTF-8 Slovenian hyphenation patterns
(/home/melmothx/amusewiki-debian-packages/amusewiki/local/texlive/2026/texmf-di
st/tex/generic/hyph-utf8/patterns/tex/hyph-sl.tex))
\l@slovene=\language76
\l@spanish=\language77

(/home/melmothx/amusewiki-debian-packages/amusewiki/local/texlive/2026/texmf-di
st/tex/generic/hyph-utf8/loadhyph/loadhyph-es.tex
UTF-8 Spanish hyphenation patterns
(/home/melmothx/amusewiki-debian-packages/amusewiki/local/texlive/2026/texmf-di
st/tex/generic/hyph-utf8/patterns/tex/hyph-es.tex))
\l@espanol=\language77
\l@swedish=\language78

(/home/melmothx/amusewiki-debian-packages/amusewiki/local/texlive/2026/texmf-di
st/tex/generic/hyph-utf8/loadhyph/loadhyph-sv.tex
UTF-8 Swedish hyphenation patterns
(/home/melmothx/amusewiki-debian-packages/amusewiki/local/texlive/2026/texmf-di
st/tex/generic/hyph-utf8/patterns/tex/hyph-sv.tex))
\l@thai=\language79

(/home/melmothx/amusewiki-debian-packages/amusewiki/local/texlive/2026/texmf-di
st/tex/generic/hyph-utf8/loadhyph/loadhyph-th.tex
UTF-8 Thai hyphenation patterns
(/home/melmothx/amusewiki-debian-packages/amusewiki/local/texlive/2026/texmf-di
st/tex/generic/hyph-utf8/patterns/tex/hyph-th.tex))
\l@turkish=\language80

(/home/melmothx/amusewiki-debian-packages/amusewiki/local/texlive/2026/texmf-di
st/tex/generic/hyph-utf8/loadhyph/loadhyph-tr.tex
UTF-8 Turkish hyphenation patterns
(/home/melmothx/amusewiki-debian-packages/amusewiki/local/texlive/2026/texmf-di
st/tex/generic/hyph-utf8/patterns/tex/hyph-tr.tex))
\l@turkmen=\language81

(/home/melmothx/amusewiki-debian-packages/amusewiki/local/texlive/2026/texmf-di
st/tex/generic/hyph-utf8/loadhyph/loadhyph-tk.tex
UTF-8 Turkmen hyphenation patterns
(/home/melmothx/amusewiki-debian-packages/amusewiki/local/texlive/2026/texmf-di
st/tex/generic/hyph-utf8/patterns/tex/hyph-tk.tex))
\l@ukrainian=\language82

(/home/melmothx/amusewiki-debian-packages/amusewiki/local/texlive/2026/texmf-di
st/tex/generic/hyph-utf8/loadhyph/loadhyph-uk.tex
UTF-8 Ukrainian hyphenation patterns
(/home/melmothx/amusewiki-debian-packages/amusewiki/local/texlive/2026/texmf-di
st/tex/generic/hyph-utf8/patterns/tex/hyph-uk.tex)
(/home/melmothx/amusewiki-debian-packages/amusewiki/local/texlive/2026/texmf-di
st/tex/generic/hyph-utf8/patterns/quote/hyph-quote-uk.tex))
\l@uppersorbian=\language83

(/home/melmothx/amusewiki-debian-packages/amusewiki/local/texlive/2026/texmf-di
st/tex/generic/hyph-utf8/loadhyph/loadhyph-hsb.tex
UTF-8 Upper Sorbian hyphenation patterns
(/home/melmothx/amusewiki-debian-packages/amusewiki/local/texlive/2026/texmf-di
st/tex/generic/hyph-utf8/patterns/tex/hyph-hsb.tex))
\l@welsh=\language84

(/home/melmothx/amusewiki-debian-packages/amusewiki/local/texlive/2026/texmf-di
st/tex/generic/hyph-utf8/loadhyph/loadhyph-cy.tex
UTF-8 Welsh hyphenation patterns
(/home/melmothx/amusewiki-debian-packages/amusewiki/local/texlive/2026/texmf-di
st/tex/generic/hyph-utf8/patterns/tex/hyph-cy.tex)))
(/home/melmothx/amusewiki-debian-packages/amusewiki/local/texlive/2026/texmf-di
st/tex/latex/firstaid/latex2e-first-aid-for-external-files.ltx
File: latex2e-first-aid-for-external-files.ltx 2025/11/03 v1.1r LaTeX kernel fi
xes to external files and packages
)
 ) )
Beginning to dump on file xelatex.fmt
 (preloaded format=xelatex 2026.4.7)
97496 strings of total length 838506
426904 memory locations dumped; current usage is 317&394452
28990 multiletter control sequences
\font\nullfont=nullfont
\font\c__fp_exp_intarray=cmr10 at 0.00002pt
\font\c__fp_trig_intarray=cmr10 at 0.00003pt
\font\c_initex_cctab=cmr10 at 0.00005pt
\font\c_other_cctab=cmr10 at 0.00006pt
\font\c_str_cctab=cmr10 at 0.00008pt
\font\g_tmpa_cctab=cmr10 at 0.00009pt
\font\g_tmpb_cctab=cmr10 at 0.0001pt
\font\g__regex_state_active_intarray=cmr10 at 0.00012pt
\font\g__regex_thread_info_intarray=cmr10 at 0.00014pt
\font\g__regex_submatch_prev_intarray=cmr10 at 0.00015pt
\font\g__regex_submatch_begin_intarray=cmr10 at 0.00017pt
\font\g__regex_submatch_end_intarray=cmr10 at 0.00018pt
\font\g__regex_submatch_case_intarray=cmr10 at 0.0002pt
\font\g__regex_balance_intarray=cmr10 at 0.00021pt
\font\g__codepoint_category_index_intarray=cmr10 at 0.00023pt
\font\g__codepoint_grapheme_index_intarray=cmr10 at 0.00024pt
\font\g__codepoint_lowercase_index_intarray=cmr10 at 0.00026pt
\font\g__codepoint_uppercase_index_intarray=cmr10 at 0.00027pt
\font\g__codepoint_wordbreak_index_intarray=cmr10 at 0.00029pt
\font\g__codepoint_category_blocks_intarray=cmr10 at 0.0003pt
\font\g__codepoint_grapheme_blocks_intarray=cmr10 at 0.00032pt
\font\g__codepoint_lowercase_blocks_intarray=cmr10 at 0.00034pt
\font\g__codepoint_uppercase_blocks_intarray=cmr10 at 0.00035pt
\font\g__codepoint_wordbreak_blocks_intarray=cmr10 at 0.00037pt
\font\OMX/cmex/m/n/10=cmex10
\font\tenln=line10
\font\tenlnw=linew10
\font\tencirc=lcircle10
\font\tencircw=lcirclew10
\font\OT1/cmr/m/n/5=cmr5
\font\OT1/cmr/m/n/7=cmr7
\font\OT1/cmr/m/n/10=cmr10
\font\OML/cmm/m/it/5=cmmi5
\font\OML/cmm/m/it/7=cmmi7
\font\OML/cmm/m/it/10=cmmi10
\font\OMS/cmsy/m/n/5=cmsy5
\font\OMS/cmsy/m/n/7=cmsy7
\font\OMS/cmsy/m/n/10=cmsy10
\font\c_code_cctab=cmr10 at 0.00038pt
\font\c_document_cctab=cmr10 at 0.0004pt
627714 words of font info for 40 preloaded fonts
1348 hyphenation exceptions
Hyphenation trie of length 503792 has 8743 ops out of 35111
  143 for language 84
  110 for language 83
  138 for language 82
  7 for language 81
  12 for language 80
  53 for language 79
  127 for language 78
  195 for language 77
  71 for language 76
  248 for language 75
  66 for language 74
  66 for language 73
  15 for language 72
  119 for language 71
  76 for language 70
  58 for language 69
  21 for language 68
  194 for language 67
  37 for language 66
  23 for language 65
  852 for language 64
  852 for language 63
  21 for language 62
  38 for language 61
  38 for language 60
  77 for language 59
  58 for language 58
  206 for language 57
  25 for language 56
  316 for language 55
  27 for language 54
  37 for language 53
  229 for language 52
  38 for language 51
  21 for language 50
  6 for language 49
  7 for language 48
  6 for language 47
  12 for language 46
  6 for language 45
  6 for language 44
  8 for language 43
  6 for language 42
  6 for language 41
  6 for language 40
  6 for language 39
  6 for language 38
  147 for language 37
  185 for language 36
  20 for language 35
  44 for language 34
  429 for language 33
  440 for language 32
  440 for language 31
  39 for language 30
  76 for language 29
  40 for language 28
  89 for language 27
  6 for language 26
  31 for language 25
  3 for language 23
  113 for language 22
  145 for language 21
  377 for language 20
  224 for language 19
  265 for language 18
  60 for language 17
  63 for language 16
  19 for language 15
  15 for language 14
  111 for language 13
  3 for language 12
  21 for language 11
  54 for language 10
  36 for language 9
  5 for language 8
  2 for language 7
  148 for language 5
  78 for language 4
  137 for language 3
  2 for language 1
  181 for language 0
No pages of output.
# actual command line used during this run
# xetex -ini   -jobname=xelatex -progname=xelatex -etex xelatex.ini </dev/null
