[Thu Dec 30 10:35:58 2021] install: adobemapping
[Thu Dec 30 10:35:58 2021] install: amscls
[Thu Dec 30 10:35:58 2021] install: amsmath
[Thu Dec 30 10:36:00 2021] install: arphic
[Thu Dec 30 10:36:00 2021] install: atbegshi
[Thu Dec 30 10:36:01 2021] install: atveryend
[Thu Dec 30 10:36:01 2021] install: auxhook
[Thu Dec 30 10:36:01 2021] install: babel
[Thu Dec 30 10:36:02 2021] install: babel-albanian
[Thu Dec 30 10:36:02 2021] install: babel-azerbaijani
[Thu Dec 30 10:36:02 2021] install: babel-basque
[Thu Dec 30 10:36:02 2021] install: babel-belarusian
[Thu Dec 30 10:36:02 2021] install: babel-bosnian
[Thu Dec 30 10:36:02 2021] install: babel-breton
[Thu Dec 30 10:36:02 2021] install: babel-bulgarian
[Thu Dec 30 10:36:02 2021] install: babel-catalan
[Thu Dec 30 10:36:03 2021] install: babel-croatian
[Thu Dec 30 10:36:03 2021] install: babel-czech
[Thu Dec 30 10:36:03 2021] install: babel-danish
[Thu Dec 30 10:36:03 2021] install: babel-dutch
[Thu Dec 30 10:36:03 2021] install: babel-english
[Thu Dec 30 10:36:03 2021] install: babel-esperanto
[Thu Dec 30 10:36:03 2021] install: babel-estonian
[Thu Dec 30 10:36:03 2021] install: babel-finnish
[Thu Dec 30 10:36:04 2021] install: babel-french
[Thu Dec 30 10:36:04 2021] install: babel-friulan
[Thu Dec 30 10:36:04 2021] install: babel-galician
[Thu Dec 30 10:36:04 2021] install: babel-georgian
[Thu Dec 30 10:36:04 2021] install: babel-german
[Thu Dec 30 10:36:04 2021] install: babel-greek
[Thu Dec 30 10:36:05 2021] install: babel-hebrew
[Thu Dec 30 10:36:05 2021] install: babel-hungarian
[Thu Dec 30 10:36:05 2021] install: babel-icelandic
[Thu Dec 30 10:36:05 2021] install: babel-indonesian
[Thu Dec 30 10:36:05 2021] install: babel-interlingua
[Thu Dec 30 10:36:05 2021] install: babel-irish
[Thu Dec 30 10:36:05 2021] install: babel-italian
[Thu Dec 30 10:36:05 2021] install: babel-japanese
[Thu Dec 30 10:36:05 2021] install: babel-kurmanji
[Thu Dec 30 10:36:06 2021] install: babel-latin
[Thu Dec 30 10:36:06 2021] install: babel-latvian
[Thu Dec 30 10:36:06 2021] install: babel-macedonian
[Thu Dec 30 10:36:06 2021] install: babel-malay
[Thu Dec 30 10:36:06 2021] install: babel-norsk
[Thu Dec 30 10:36:06 2021] install: babel-occitan
[Thu Dec 30 10:36:06 2021] install: babel-piedmontese
[Thu Dec 30 10:36:06 2021] install: babel-polish
[Thu Dec 30 10:36:07 2021] install: babel-portuges
[Thu Dec 30 10:36:07 2021] install: babel-romanian
[Thu Dec 30 10:36:07 2021] install: babel-romansh
[Thu Dec 30 10:36:07 2021] install: babel-russian
[Thu Dec 30 10:36:07 2021] install: babel-samin
[Thu Dec 30 10:36:07 2021] install: babel-scottish
[Thu Dec 30 10:36:07 2021] install: babel-serbian
[Thu Dec 30 10:36:07 2021] install: babel-serbianc
[Thu Dec 30 10:36:08 2021] install: babel-slovak
[Thu Dec 30 10:36:08 2021] install: babel-slovenian
[Thu Dec 30 10:36:08 2021] install: babel-sorbian
[Thu Dec 30 10:36:08 2021] install: babel-spanish
[Thu Dec 30 10:36:08 2021] install: babel-swedish
[Thu Dec 30 10:36:08 2021] install: babel-thai
[Thu Dec 30 10:36:08 2021] install: babel-turkish
[Thu Dec 30 10:36:09 2021] install: babel-ukrainian
[Thu Dec 30 10:36:09 2021] install: babel-vietnamese
[Thu Dec 30 10:36:09 2021] install: babel-welsh
[Thu Dec 30 10:36:09 2021] install: beamer
[Thu Dec 30 10:36:10 2021] install: bidi
[Thu Dec 30 10:36:10 2021] install: bigfoot
[Thu Dec 30 10:36:10 2021] install: bigintcalc
[Thu Dec 30 10:36:10 2021] install: bitset
[Thu Dec 30 10:36:10 2021] install: bookmark
[Thu Dec 30 10:36:10 2021] install: chngcntr
[Thu Dec 30 10:36:11 2021] install: cjk
[Thu Dec 30 10:36:11 2021] install: cjkpunct
[Thu Dec 30 10:36:11 2021] install: cns
[Thu Dec 30 10:36:11 2021] install: ctablestack
[Thu Dec 30 10:36:12 2021] install: ctex
[Thu Dec 30 10:36:12 2021] install: enumitem
[Thu Dec 30 10:36:12 2021] install: epstopdf.x86_64-linux
[Thu Dec 30 10:36:12 2021] install: epstopdf
[Thu Dec 30 10:36:12 2021] install: epstopdf-pkg
[Thu Dec 30 10:36:12 2021] install: etexcmds
[Thu Dec 30 10:36:12 2021] install: etoolbox
[Thu Dec 30 10:36:12 2021] install: euenc
[Thu Dec 30 10:36:13 2021] install: everyhook
[Thu Dec 30 10:36:13 2021] install: everyshi
[Thu Dec 30 10:36:15 2021] install: fandol
[Thu Dec 30 10:36:15 2021] install: filehook
[Thu Dec 30 10:36:15 2021] install: firstaid
[Thu Dec 30 10:36:15 2021] install: fonts-tlwg
[Thu Dec 30 10:36:16 2021] install: fontspec
[Thu Dec 30 10:36:16 2021] install: footmisc
[Thu Dec 30 10:36:16 2021] install: fp
[Thu Dec 30 10:36:16 2021] install: garuda-c90
[Thu Dec 30 10:36:16 2021] install: geometry
[Thu Dec 30 10:36:16 2021] install: gettitlestring
[Thu Dec 30 10:36:17 2021] install: graphics
[Thu Dec 30 10:36:17 2021] install: graphics-cfg
[Thu Dec 30 10:36:17 2021] install: hycolor
[Thu Dec 30 10:36:17 2021] install: hyperref
[Thu Dec 30 10:36:17 2021] install: hyphen-afrikaans
[Thu Dec 30 10:36:18 2021] install: hyphen-ancientgreek
[Thu Dec 30 10:36:18 2021] install: hyphen-arabic
[Thu Dec 30 10:36:18 2021] install: hyphen-armenian
[Thu Dec 30 10:36:18 2021] install: hyphen-basque
[Thu Dec 30 10:36:18 2021] install: hyphen-belarusian
[Thu Dec 30 10:36:18 2021] install: hyphen-bulgarian
[Thu Dec 30 10:36:18 2021] install: hyphen-catalan
[Thu Dec 30 10:36:18 2021] install: hyphen-chinese
[Thu Dec 30 10:36:18 2021] install: hyphen-churchslavonic
[Thu Dec 30 10:36:18 2021] install: hyphen-coptic
[Thu Dec 30 10:36:18 2021] install: hyphen-croatian
[Thu Dec 30 10:36:18 2021] install: hyphen-czech
[Thu Dec 30 10:36:18 2021] install: hyphen-danish
[Thu Dec 30 10:36:18 2021] install: hyphen-dutch
[Thu Dec 30 10:36:19 2021] install: hyphen-english
[Thu Dec 30 10:36:19 2021] install: hyphen-esperanto
[Thu Dec 30 10:36:19 2021] install: hyphen-estonian
[Thu Dec 30 10:36:19 2021] install: hyphen-ethiopic
[Thu Dec 30 10:36:19 2021] install: hyphen-farsi
[Thu Dec 30 10:36:19 2021] install: hyphen-finnish
[Thu Dec 30 10:36:19 2021] install: hyphen-french
[Thu Dec 30 10:36:19 2021] install: hyphen-friulan
[Thu Dec 30 10:36:19 2021] install: hyphen-galician
[Thu Dec 30 10:36:19 2021] install: hyphen-georgian
[Thu Dec 30 10:36:19 2021] install: hyphen-german
[Thu Dec 30 10:36:20 2021] install: hyphen-greek
[Thu Dec 30 10:36:20 2021] install: hyphen-hungarian
[Thu Dec 30 10:36:20 2021] install: hyphen-icelandic
[Thu Dec 30 10:36:20 2021] install: hyphen-indic
[Thu Dec 30 10:36:20 2021] install: hyphen-indonesian
[Thu Dec 30 10:36:20 2021] install: hyphen-interlingua
[Thu Dec 30 10:36:20 2021] install: hyphen-irish
[Thu Dec 30 10:36:20 2021] install: hyphen-italian
[Thu Dec 30 10:36:20 2021] install: hyphen-kurmanji
[Thu Dec 30 10:36:20 2021] install: hyphen-latin
[Thu Dec 30 10:36:21 2021] install: hyphen-latvian
[Thu Dec 30 10:36:21 2021] install: hyphen-lithuanian
[Thu Dec 30 10:36:21 2021] install: hyphen-macedonian
[Thu Dec 30 10:36:21 2021] install: hyphen-mongolian
[Thu Dec 30 10:36:21 2021] install: hyphen-norwegian
[Thu Dec 30 10:36:21 2021] install: hyphen-occitan
[Thu Dec 30 10:36:21 2021] install: hyphen-piedmontese
[Thu Dec 30 10:36:21 2021] install: hyphen-polish
[Thu Dec 30 10:36:21 2021] install: hyphen-portuguese
[Thu Dec 30 10:36:21 2021] install: hyphen-romanian
[Thu Dec 30 10:36:21 2021] install: hyphen-romansh
[Thu Dec 30 10:36:21 2021] install: hyphen-russian
[Thu Dec 30 10:36:21 2021] install: hyphen-sanskrit
[Thu Dec 30 10:36:21 2021] install: hyphen-serbian
[Thu Dec 30 10:36:21 2021] install: hyphen-slovak
[Thu Dec 30 10:36:22 2021] install: hyphen-slovenian
[Thu Dec 30 10:36:22 2021] install: hyphen-spanish
[Thu Dec 30 10:36:22 2021] install: hyphen-swedish
[Thu Dec 30 10:36:22 2021] install: hyphen-thai
[Thu Dec 30 10:36:22 2021] install: hyphen-turkish
[Thu Dec 30 10:36:22 2021] install: hyphen-turkmen
[Thu Dec 30 10:36:22 2021] install: hyphen-ukrainian
[Thu Dec 30 10:36:22 2021] install: hyphen-uppersorbian
[Thu Dec 30 10:36:22 2021] install: hyphen-welsh
[Thu Dec 30 10:36:22 2021] install: imakeidx
[Thu Dec 30 10:36:22 2021] install: infwarerr
[Thu Dec 30 10:36:22 2021] install: intcalc
[Thu Dec 30 10:36:24 2021] install: koma-script
[Thu Dec 30 10:36:24 2021] install: kvdefinekeys
[Thu Dec 30 10:36:24 2021] install: kvoptions
[Thu Dec 30 10:36:24 2021] install: kvsetkeys
[Thu Dec 30 10:36:24 2021] install: l3backend
[Thu Dec 30 10:36:25 2021] install: l3kernel
[Thu Dec 30 10:36:26 2021] install: l3packages
[Thu Dec 30 10:36:28 2021] install: latex
[Thu Dec 30 10:36:30 2021] install: latex-base-dev
[Thu Dec 30 10:36:31 2021] install: latex-bin.x86_64-linux
[Thu Dec 30 10:36:31 2021] install: latex-bin
[Thu Dec 30 10:36:31 2021] install: latex-firstaid-dev
[Thu Dec 30 10:36:31 2021] install: latex-fonts
[Thu Dec 30 10:36:31 2021] install: latexconfig
[Thu Dec 30 10:36:31 2021] install: letltxmacro
[Thu Dec 30 10:36:33 2021] install: lm
[Thu Dec 30 10:36:33 2021] install: ltxcmds
[Thu Dec 30 10:36:33 2021] install: lualibs
[Thu Dec 30 10:36:33 2021] install: luaotfload.x86_64-linux
[Thu Dec 30 10:36:33 2021] install: luaotfload
[Thu Dec 30 10:36:33 2021] install: luatexbase
[Thu Dec 30 10:36:34 2021] install: luatexja
[Thu Dec 30 10:36:34 2021] install: makecmds
[Thu Dec 30 10:36:34 2021] install: microtype
[Thu Dec 30 10:36:34 2021] install: mptopdf.x86_64-linux
[Thu Dec 30 10:36:35 2021] install: mptopdf
[Thu Dec 30 10:36:35 2021] install: ms
[Thu Dec 30 10:36:35 2021] install: ncctools
[Thu Dec 30 10:36:35 2021] install: norasi-c90
[Thu Dec 30 10:36:35 2021] install: pdfescape
[Thu Dec 30 10:36:36 2021] install: pdftexcmds
[Thu Dec 30 10:36:37 2021] install: pgf
[Thu Dec 30 10:36:37 2021] install: platex.x86_64-linux
[Thu Dec 30 10:36:37 2021] install: platex
[Thu Dec 30 10:36:37 2021] install: platex-tools
[Thu Dec 30 10:36:37 2021] install: polyglossia
[Thu Dec 30 10:36:38 2021] install: pst-text
[Thu Dec 30 10:36:38 2021] install: pstricks
[Thu Dec 30 10:36:39 2021] install: ptex.x86_64-linux
[Thu Dec 30 10:36:39 2021] install: ptex
[Thu Dec 30 10:36:39 2021] install: ptex-base
[Thu Dec 30 10:36:40 2021] install: ptex-fonts
[Thu Dec 30 10:36:40 2021] install: refcount
[Thu Dec 30 10:36:40 2021] install: rerunfilecheck
[Thu Dec 30 10:36:40 2021] install: ruhyphen
[Thu Dec 30 10:36:40 2021] install: stringenc
[Thu Dec 30 10:36:40 2021] install: svn-prov
[Thu Dec 30 10:36:40 2021] install: texdoc.x86_64-linux
[Thu Dec 30 10:36:41 2021] install: texdoc
[Thu Dec 30 10:36:41 2021] install: tipa
[Thu Dec 30 10:36:42 2021] install: tools
[Thu Dec 30 10:36:42 2021] install: translator
[Thu Dec 30 10:36:42 2021] install: ttfutils.x86_64-linux
[Thu Dec 30 10:36:42 2021] install: ttfutils
[Thu Dec 30 10:36:43 2021] install: uhc
[Thu Dec 30 10:36:43 2021] install: ukrhyph
[Thu Dec 30 10:36:43 2021] install: ulem
[Thu Dec 30 10:36:43 2021] install: uniquecounter
[Thu Dec 30 10:36:43 2021] install: uplatex.x86_64-linux
[Thu Dec 30 10:36:43 2021] install: uplatex
[Thu Dec 30 10:36:44 2021] install: uptex.x86_64-linux
[Thu Dec 30 10:36:44 2021] install: uptex
[Thu Dec 30 10:36:45 2021] install: uptex-base
[Thu Dec 30 10:36:45 2021] install: uptex-fonts
[Thu Dec 30 10:36:45 2021] install: url
[Thu Dec 30 10:36:46 2021] install: wadalab
[Thu Dec 30 10:36:46 2021] install: wrapfig
[Thu Dec 30 10:36:47 2021] install: xcjk2uni
[Thu Dec 30 10:36:47 2021] install: xcolor
[Thu Dec 30 10:36:47 2021] install: xecjk
[Thu Dec 30 10:36:48 2021] install: xetex.x86_64-linux
[Thu Dec 30 10:36:48 2021] install: xetex
[Thu Dec 30 10:36:48 2021] install: xetex-pstricks
[Thu Dec 30 10:36:49 2021] install: xetexconfig
[Thu Dec 30 10:36:49 2021] install: xindy.x86_64-linux
[Thu Dec 30 10:36:49 2021] install: xindy
[Thu Dec 30 10:36:49 2021] install: xkeyval
[Thu Dec 30 10:36:50 2021] install: xpinyin
[Thu Dec 30 10:36:50 2021] install: xunicode
[Thu Dec 30 10:36:50 2021] install: zapfding
[Thu Dec 30 10:36:50 2021] install: zhmetrics
[Thu Dec 30 10:36:50 2021] install: zhmetrics-uptex
[Thu Dec 30 10:36:51 2021] install: zhnumber
[Thu Dec 30 10:36:51 2021] install: zref
[Thu Dec 30 10:36:51 2021] command: mktexlsr
[Thu Dec 30 10:36:51 2021] command: updmap-sys
[Thu Dec 30 10:36:52 2021] command: fmtutil-sys --byengine eptex --no-error-if-no-format --no-error-if-no-engine=luajithbtex,luajittex,mfluajit --status-file=/tmp/oOJnk_u1xs/1heHkSodSm
[Thu Dec 30 10:36:54 2021]   OK: eptex.fmt/eptex platex-dev.fmt/eptex platex.fmt/eptex
[Thu Dec 30 10:36:54 2021] command: fmtutil-sys --byengine xetex --no-error-if-no-format --no-error-if-no-engine=luajithbtex,luajittex,mfluajit --status-file=/tmp/oOJnk_u1xs/1heHkSodSm
[Thu Dec 30 10:36:59 2021]   OK: xetex.fmt/xetex xelatex.fmt/xetex
[Thu Dec 30 10:36:59 2021] command: fmtutil-sys --byengine uptex --no-error-if-no-format --no-error-if-no-engine=luajithbtex,luajittex,mfluajit --status-file=/tmp/oOJnk_u1xs/1heHkSodSm
[Thu Dec 30 10:37:00 2021]   OK: uptex.fmt/uptex
[Thu Dec 30 10:37:00 2021] command: fmtutil-sys --byengine euptex --no-error-if-no-format --no-error-if-no-engine=luajithbtex,luajittex,mfluajit --status-file=/tmp/oOJnk_u1xs/1heHkSodSm
[Thu Dec 30 10:37:02 2021]   OK: euptex.fmt/euptex uplatex.fmt/euptex uplatex-dev.fmt/euptex
[Thu Dec 30 10:37:02 2021] command: fmtutil-sys --byengine ptex --no-error-if-no-format --no-error-if-no-engine=luajithbtex,luajittex,mfluajit --status-file=/tmp/oOJnk_u1xs/1heHkSodSm
[Thu Dec 30 10:37:03 2021]   OK: ptex.fmt/ptex
[Thu Dec 30 10:37:03 2021] command: fmtutil-sys --byfmt latex --no-error-if-no-engine=luajithbtex,luajittex,mfluajit --status-file=/tmp/oOJnk_u1xs/1heHkSodSm
[Thu Dec 30 10:37:04 2021]   OK: latex.fmt/pdftex
[Thu Dec 30 10:37:04 2021] command: fmtutil-sys --byfmt pdflatex --no-error-if-no-engine=luajithbtex,luajittex,mfluajit --status-file=/tmp/oOJnk_u1xs/1heHkSodSm
[Thu Dec 30 10:37:05 2021]   OK: pdflatex.fmt/pdftex
[Thu Dec 30 10:37:05 2021] command: fmtutil-sys --byfmt dvilualatex --no-error-if-no-engine=luajithbtex,luajittex,mfluajit --status-file=/tmp/oOJnk_u1xs/1heHkSodSm
[Thu Dec 30 10:37:07 2021]   OK: dvilualatex.fmt/luatex
[Thu Dec 30 10:37:07 2021] command: fmtutil-sys --byfmt mptopdf --no-error-if-no-engine=luajithbtex,luajittex,mfluajit --status-file=/tmp/oOJnk_u1xs/1heHkSodSm
[Thu Dec 30 10:37:07 2021]   OK: mptopdf.fmt/pdftex
[Thu Dec 30 10:37:07 2021] command: fmtutil-sys --byfmt lualatex --no-error-if-no-engine=luajithbtex,luajittex,mfluajit --status-file=/tmp/oOJnk_u1xs/1heHkSodSm
[Thu Dec 30 10:37:08 2021]   OK: lualatex.fmt/luahbtex
[Thu Dec 30 10:37:08 2021] command: fmtutil-sys --byhyphen "/home/melmothx/build/amusewiki-debian-packages/amusewiki/local/texlive/2021/texmf-var/tex/generic/config/language.dat" --no-error-if-no-engine=luajithbtex,luajittex,mfluajit --status-file=/tmp/oOJnk_u1xs/1heHkSodSm
[Thu Dec 30 10:37:20 2021]   OK: platex.fmt/eptex platex-dev.fmt/eptex dvilualatex.fmt/luatex uplatex-dev.fmt/euptex uplatex.fmt/euptex xelatex.fmt/xetex lualatex.fmt/luahbtex pdflatex.fmt/pdftex latex.fmt/pdftex
[Thu Dec 30 10:37:20 2021] command: fmtutil-sys --byhyphen "/home/melmothx/build/amusewiki-debian-packages/amusewiki/local/texlive/2021/texmf-var/tex/generic/config/language.def" --no-error-if-no-engine=luajithbtex,luajittex,mfluajit --status-file=/tmp/oOJnk_u1xs/1heHkSodSm
[Thu Dec 30 10:37:28 2021]   OK: eptex.fmt/eptex luahbtex.fmt/luahbtex xetex.fmt/xetex euptex.fmt/euptex luatex.fmt/luatex pdftex.fmt/pdftex pdfetex.fmt/pdftex dviluatex.fmt/luatex etex.fmt/pdftex
[Thu Dec 30 10:37:28 2021] command: fmtutil-sys --byhyphen "/home/melmothx/build/amusewiki-debian-packages/amusewiki/local/texlive/2021/texmf-var/tex/generic/config/language.dat.lua" --no-error-if-no-engine=luajithbtex,luajittex,mfluajit --status-file=/tmp/oOJnk_u1xs/1heHkSodSm
