updmap version r59152 (2021-05-09 23:49:52 +0200)
Fri Jan 28 16:52:19 2022

Using the following config files:
  /home/melmothx/build/amusewiki-debian-packages/amusewiki-texlive/opt/amusewiki-texlive/2021/texmf-dist/web2c/updmap.cfg

updmap is creating new map files
using the following configuration:
  LW35 font names                  : URWkb (/home/melmothx/build/amusewiki-debian-packages/amusewiki-texlive/opt/amusewiki-texlive/2021/texmf-dist/web2c/updmap.cfg)
  prefer outlines                  : true (/home/melmothx/build/amusewiki-debian-packages/amusewiki-texlive/opt/amusewiki-texlive/2021/texmf-dist/web2c/updmap.cfg)
  texhash enabled                  : true
  download standard fonts (dvips)  : true (/home/melmothx/build/amusewiki-debian-packages/amusewiki-texlive/opt/amusewiki-texlive/2021/texmf-dist/web2c/updmap.cfg)
  download standard fonts (pdftex) : true (/home/melmothx/build/amusewiki-debian-packages/amusewiki-texlive/opt/amusewiki-texlive/2021/texmf-dist/web2c/updmap.cfg)
  jaEmbed replacement string       : haranoaji (/home/melmothx/build/amusewiki-debian-packages/amusewiki-texlive/opt/amusewiki-texlive/2021/texmf-dist/web2c/updmap.cfg)
  jaVariant replacement string     : -04 (/home/melmothx/build/amusewiki-debian-packages/amusewiki-texlive/opt/amusewiki-texlive/2021/texmf-dist/web2c/updmap.cfg)
  scEmbed replacement string       : arphic (/home/melmothx/build/amusewiki-debian-packages/amusewiki-texlive/opt/amusewiki-texlive/2021/texmf-dist/web2c/updmap.cfg)
  tcEmbed replacement string       : arphic (/home/melmothx/build/amusewiki-debian-packages/amusewiki-texlive/opt/amusewiki-texlive/2021/texmf-dist/web2c/updmap.cfg)
  koEmbed replacement string       : baekmuk (/home/melmothx/build/amusewiki-debian-packages/amusewiki-texlive/opt/amusewiki-texlive/2021/texmf-dist/web2c/updmap.cfg)
  create a mapfile for pxdvi       : false (default)

Scanning for LW35 support files

/home/melmothx/build/amusewiki-debian-packages/amusewiki-texlive/opt/amusewiki-texlive/2021/texmf-dist/fonts/map/dvips/tetex/dvips35.map
/home/melmothx/build/amusewiki-debian-packages/amusewiki-texlive/opt/amusewiki-texlive/2021/texmf-dist/fonts/map/dvips/tetex/pdftex35.map
/home/melmothx/build/amusewiki-debian-packages/amusewiki-texlive/opt/amusewiki-texlive/2021/texmf-dist/fonts/map/dvips/tetex/ps2pk35.map

  [  3 files]

Scanning for MixedMap entries
/home/melmothx/build/amusewiki-debian-packages/amusewiki-texlive/opt/amusewiki-texlive/2021/texmf-dist/fonts/map/dvips/amsfonts/cm.map
/home/melmothx/build/amusewiki-debian-packages/amusewiki-texlive/opt/amusewiki-texlive/2021/texmf-dist/fonts/map/dvips/amsfonts/cmextra.map
/home/melmothx/build/amusewiki-debian-packages/amusewiki-texlive/opt/amusewiki-texlive/2021/texmf-dist/fonts/map/dvips/cm/cmtext-bsr-interpolated.map
/home/melmothx/build/amusewiki-debian-packages/amusewiki-texlive/opt/amusewiki-texlive/2021/texmf-dist/fonts/map/dvips/amsfonts/cyrillic.map
/home/melmothx/build/amusewiki-debian-packages/amusewiki-texlive/opt/amusewiki-texlive/2021/texmf-dist/fonts/map/dvips/amsfonts/latxfont.map
/home/melmothx/build/amusewiki-debian-packages/amusewiki-texlive/opt/amusewiki-texlive/2021/texmf-dist/fonts/map/dvips/amsfonts/symbols.map
/home/melmothx/build/amusewiki-debian-packages/amusewiki-texlive/opt/amusewiki-texlive/2021/texmf-dist/fonts/map/dvips/tipa/tipa.map

    [  7 files]

Scanning for KanjiMap entries

    [  0 files]

Scanning for Map entries
/home/melmothx/build/amusewiki-debian-packages/amusewiki-texlive/opt/amusewiki-texlive/2021/texmf-dist/fonts/map/dvips/arphic/bkaiu.map
/home/melmothx/build/amusewiki-debian-packages/amusewiki-texlive/opt/amusewiki-texlive/2021/texmf-dist/fonts/map/dvips/arphic/bsmiu.map
/home/melmothx/build/amusewiki-debian-packages/amusewiki-texlive/opt/amusewiki-texlive/2021/texmf-dist/fonts/map/dvips/wadalab/dgj.map
/home/melmothx/build/amusewiki-debian-packages/amusewiki-texlive/opt/amusewiki-texlive/2021/texmf-dist/fonts/map/dvips/wadalab/dmj.map
/home/melmothx/build/amusewiki-debian-packages/amusewiki-texlive/opt/amusewiki-texlive/2021/texmf-dist/fonts/map/dvips/dummy-space/dummy-space.map
/home/melmothx/build/amusewiki-debian-packages/amusewiki-texlive/opt/amusewiki-texlive/2021/texmf-dist/fonts/map/dvips/amsfonts/euler.map
/home/melmothx/build/amusewiki-debian-packages/amusewiki-texlive/opt/amusewiki-texlive/2021/texmf-dist/fonts/map/dvips/garuda-c90/garuda-c90.map
/home/melmothx/build/amusewiki-debian-packages/amusewiki-texlive/opt/amusewiki-texlive/2021/texmf-dist/fonts/map/dvips/arphic/gbsnu.map
/home/melmothx/build/amusewiki-debian-packages/amusewiki-texlive/opt/amusewiki-texlive/2021/texmf-dist/fonts/map/dvips/arphic/gkaiu.map
/home/melmothx/build/amusewiki-debian-packages/amusewiki-texlive/opt/amusewiki-texlive/2021/texmf-dist/fonts/map/dvips/lm/lm.map
/home/melmothx/build/amusewiki-debian-packages/amusewiki-texlive/opt/amusewiki-texlive/2021/texmf-dist/fonts/map/dvips/tetex/mathpple.map
/home/melmothx/build/amusewiki-debian-packages/amusewiki-texlive/opt/amusewiki-texlive/2021/texmf-dist/fonts/map/dvips/wadalab/mc2j.map
/home/melmothx/build/amusewiki-debian-packages/amusewiki-texlive/opt/amusewiki-texlive/2021/texmf-dist/fonts/map/dvips/wadalab/mcj.map
/home/melmothx/build/amusewiki-debian-packages/amusewiki-texlive/opt/amusewiki-texlive/2021/texmf-dist/fonts/map/dvips/wadalab/mr2j.map
/home/melmothx/build/amusewiki-debian-packages/amusewiki-texlive/opt/amusewiki-texlive/2021/texmf-dist/fonts/map/dvips/wadalab/mrj.map
/home/melmothx/build/amusewiki-debian-packages/amusewiki-texlive/opt/amusewiki-texlive/2021/texmf-dist/fonts/map/dvips/fonts-tlwg/nectec.map
/home/melmothx/build/amusewiki-debian-packages/amusewiki-texlive/opt/amusewiki-texlive/2021/texmf-dist/fonts/map/dvips/fonts-tlwg/nf.map
/home/melmothx/build/amusewiki-debian-packages/amusewiki-texlive/opt/amusewiki-texlive/2021/texmf-dist/fonts/map/dvips/norasi-c90/norasi-c90.map
/home/melmothx/build/amusewiki-debian-packages/amusewiki-texlive/opt/amusewiki-texlive/2021/texmf-dist/fonts/map/dvips/fonts-tlwg/sipa.map
/home/melmothx/build/amusewiki-debian-packages/amusewiki-texlive/opt/amusewiki-texlive/2021/texmf-dist/fonts/map/dvips/fonts-tlwg/tlwg.map
/home/melmothx/build/amusewiki-debian-packages/amusewiki-texlive/opt/amusewiki-texlive/2021/texmf-dist/fonts/map/dvips/uhc/umj.map
/home/melmothx/build/amusewiki-debian-packages/amusewiki-texlive/opt/amusewiki-texlive/2021/texmf-dist/fonts/map/dvips/zapfding/uzd.map

         [ 22 files]



/home/melmothx/build/amusewiki-debian-packages/amusewiki-texlive/opt/amusewiki-texlive/2021/texmf-dist/fonts/map/dvips/tetex/ps2pk35.map:
cob
cobo
com
coo
hv
hvb
hvbo
hvo
pagd8g
pagd8r
pagd8y
pagd8z
pagdo8g
pagdo8r
pagdo8y
pagdo8z
pagk8g
pagk8r
pagk8y
pagk8z
pagko8g
pagko8r
pagko8y
pagko8z
pbkd8g
pbkd8r
pbkd8y
pbkd8z
pbkdi8g
pbkdi8r
pbkdi8y
pbkdi8z
pbkdo8r
pbkdo8y
pbkl8g
pbkl8r
pbkl8y
pbkl8z
pbkli8g
pbkli8r
pbkli8y
pbkli8z
pbklo8r
pbklo8y
pcrb8g
pcrb8r
pcrb8u
pcrb8y
pcrbo8g
pcrbo8r
pcrbo8u
pcrbo8y
pcrr8g
pcrr8r
pcrr8rn
pcrr8u
pcrr8y
pcrro8g
pcrro8r
pcrro8u
pcrro8y
phvb8g
phvb8r
phvb8rn
phvb8y
phvb8yn
phvb8z
phvbn8g
phvbn8z
phvbo8g
phvbo8r
phvbo8rn
phvbo8y
phvbo8yn
phvbo8z
phvbon8g
phvbon8z
phvr8g
phvr8r
phvr8rn
phvr8y
phvr8yn
phvr8z
phvrn8g
phvrn8z
phvro8g
phvro8r
phvro8rn
phvro8y
phvro8yn
phvro8z
phvron8g
phvron8z
pncb8g
pncb8r
pncb8y
pncb8z
pncbi8g
pncbi8r
pncbi8y
pncbi8z
pncbo8r
pncbo8y
pncr8g
pncr8r
pncr8y
pncr8z
pncri8g
pncri8r
pncri8y
pncri8z
pncro8r
pncro8y
pplb8g
pplb8r
pplb8y
pplb8z
pplbi8g
pplbi8r
pplbi8y
pplbi8z
pplbo8r
pplbo8y
pplbu8r
pplbu8y
pplr8g
pplr8r
pplr8rn
pplr8y
pplr8yn
pplr8z
pplri8g
pplri8r
pplri8y
pplri8z
pplro8r
pplro8y
pplrr8re
pplrr8ye
pplru8r
pplru8y
psyr
psyrgo
psyro
ptmb8g
ptmb8r
ptmb8y
ptmb8z
ptmbi8g
ptmbi8r
ptmbi8y
ptmbi8z
ptmbo8r
ptmbo8y
ptmr8g
ptmr8r
ptmr8rn
ptmr8y
ptmr8yn
ptmr8z
ptmri8g
ptmri8r
ptmri8y
ptmri8z
ptmro8r
ptmro8y
ptmrr8re
ptmrr8ye
pzcmi8g
pzcmi8r
pzcmi8y
pzcmi8z
pzdr
rpagd
rpagdo
rpagk
rpagko
rpbkd
rpbkdi
rpbkl
rpbkli
rpcrb
rpcrbo
rpcrr
rpcrro
rphvb
rphvbo
rphvbon
rphvbrn
rphvr
rphvro
rphvron
rphvrrn
rpncb
rpncbi
rpncr
rpncri
rpplb
rpplbi
rpplbu
rpplr
rpplri
rpplro
rpplrre
rpplrrn
rpplru
rpsyr
rpsyro
rptmb
rptmbi
rptmbo
rptmr
rptmri
rptmro
rptmrre
rptmrrn
rpxpplb
rpxpplbi
rpxpplbo
rpxpplr
rpxpplri
rpxpplro
rpzcmi
rpzdr
rtxphvb
rtxphvbo
rtxphvr
rtxphvro
rtxptmb
rtxptmbi
rtxptmbo
rtxptmr
rtxptmri
rtxptmro
sy
tib
tibi
tibo
tii
tio
tir
tmbi108r
tmbo108r
tmbu108r
tmrb108r
tmri108r
tmrm108r
tmro108r
tmui108r
zd
zpzdr-reversed

/home/melmothx/build/amusewiki-debian-packages/amusewiki-texlive/opt/amusewiki-texlive/2021/texmf-dist/fonts/map/dvips/tetex/dvips35.map:
cob
cobo
com
coo
hv
hvb
hvbo
hvo
pagd8g
pagd8r
pagd8y
pagd8z
pagdo8g
pagdo8r
pagdo8y
pagdo8z
pagk8g
pagk8r
pagk8y
pagk8z
pagko8g
pagko8r
pagko8y
pagko8z
pbkd8g
pbkd8r
pbkd8y
pbkd8z
pbkdi8g
pbkdi8r
pbkdi8y
pbkdi8z
pbkdo8r
pbkdo8y
pbkl8g
pbkl8r
pbkl8y
pbkl8z
pbkli8g
pbkli8r
pbkli8y
pbkli8z
pbklo8r
pbklo8y
pcrb8g
pcrb8r
pcrb8u
pcrb8y
pcrbo8g
pcrbo8r
pcrbo8u
pcrbo8y
pcrr8g
pcrr8r
pcrr8rn
pcrr8u
pcrr8y
pcrro8g
pcrro8r
pcrro8u
pcrro8y
phvb8g
phvb8r
phvb8rn
phvb8y
phvb8yn
phvb8z
phvbn8g
phvbn8z
phvbo8g
phvbo8r
phvbo8rn
phvbo8y
phvbo8yn
phvbo8z
phvbon8g
phvbon8z
phvr8g
phvr8r
phvr8rn
phvr8y
phvr8yn
phvr8z
phvrn8g
phvrn8z
phvro8g
phvro8r
phvro8rn
phvro8y
phvro8yn
phvro8z
phvron8g
phvron8z
pncb8g
pncb8r
pncb8y
pncb8z
pncbi8g
pncbi8r
pncbi8y
pncbi8z
pncbo8r
pncbo8y
pncr8g
pncr8r
pncr8y
pncr8z
pncri8g
pncri8r
pncri8y
pncri8z
pncro8r
pncro8y
pplb8g
pplb8r
pplb8y
pplb8z
pplbi8g
pplbi8r
pplbi8y
pplbi8z
pplbo8r
pplbo8y
pplbu8r
pplbu8y
pplr8g
pplr8r
pplr8rn
pplr8y
pplr8yn
pplr8z
pplri8g
pplri8r
pplri8y
pplri8z
pplro8r
pplro8y
pplrr8re
pplrr8ye
pplru8r
pplru8y
psyr
psyrgo
psyro
ptmb8g
ptmb8r
ptmb8y
ptmb8z
ptmbi8g
ptmbi8r
ptmbi8y
ptmbi8z
ptmbo8r
ptmbo8y
ptmr8g
ptmr8r
ptmr8rn
ptmr8y
ptmr8yn
ptmr8z
ptmri8g
ptmri8r
ptmri8y
ptmri8z
ptmro8r
ptmro8y
ptmrr8re
ptmrr8ye
pzcmi8r
pzcmi8y
pzcmi8z
pzdr
rpagd
rpagdo
rpagk
rpagko
rpbkd
rpbkdi
rpbkl
rpbkli
rpcrb
rpcrbo
rpcrr
rpcrro
rphvb
rphvbo
rphvbon
rphvbrn
rphvr
rphvro
rphvron
rphvrrn
rpncb
rpncbi
rpncr
rpncri
rpplb
rpplbi
rpplbu
rpplr
rpplri
rpplro
rpplrre
rpplrrn
rpplru
rpsyr
rpsyro
rptmb
rptmbi
rptmbo
rptmr
rptmri
rptmro
rptmrre
rptmrrn
rpxpplb
rpxpplbi
rpxpplbo
rpxpplr
rpxpplri
rpxpplro
rpzcmi
rpzdr
rtxphvb
rtxphvbo
rtxphvr
rtxphvro
rtxptmb
rtxptmbi
rtxptmbo
rtxptmr
rtxptmri
rtxptmro
sy
tib
tibi
tibo
tii
tio
tir
tmbi108r
tmbo108r
tmbu108r
tmrb108r
tmri108r
tmrm108r
tmro108r
tmui108r
zd
zpzdr-reversed

/home/melmothx/build/amusewiki-debian-packages/amusewiki-texlive/opt/amusewiki-texlive/2021/texmf-dist/fonts/map/dvips/tetex/pdftex35.map:
cob
cobo
com
coo
hv
hvb
hvbo
hvo
pagd8g
pagd8r
pagd8y
pagd8z
pagdo8g
pagdo8r
pagdo8y
pagdo8z
pagk8g
pagk8r
pagk8y
pagk8z
pagko8g
pagko8r
pagko8y
pagko8z
pbkd8g
pbkd8r
pbkd8y
pbkd8z
pbkdi8g
pbkdi8r
pbkdi8y
pbkdi8z
pbkdo8r
pbkdo8y
pbkl8g
pbkl8r
pbkl8y
pbkl8z
pbkli8g
pbkli8r
pbkli8y
pbkli8z
pbklo8r
pbklo8y
pcrb8g
pcrb8r
pcrb8u
pcrb8y
pcrbo8g
pcrbo8r
pcrbo8u
pcrbo8y
pcrr8g
pcrr8r
pcrr8rn
pcrr8u
pcrr8y
pcrro8g
pcrro8r
pcrro8u
pcrro8y
phvb8g
phvb8r
phvb8rn
phvb8y
phvb8yn
phvb8z
phvbn8g
phvbn8z
phvbo8g
phvbo8r
phvbo8rn
phvbo8y
phvbo8yn
phvbo8z
phvbon8g
phvbon8z
phvr8g
phvr8r
phvr8rn
phvr8y
phvr8yn
phvr8z
phvrn8g
phvrn8z
phvro8g
phvro8r
phvro8rn
phvro8y
phvro8yn
phvro8z
phvron8g
phvron8z
pncb8g
pncb8r
pncb8y
pncb8z
pncbi8g
pncbi8r
pncbi8y
pncbi8z
pncbo8r
pncbo8y
pncr8g
pncr8r
pncr8y
pncr8z
pncri8g
pncri8r
pncri8y
pncri8z
pncro8r
pncro8y
pplb8g
pplb8r
pplb8y
pplb8z
pplbi8g
pplbi8r
pplbi8y
pplbi8z
pplbo8r
pplbo8y
pplbu8r
pplbu8y
pplr8g
pplr8r
pplr8rn
pplr8y
pplr8yn
pplr8z
pplri8g
pplri8r
pplri8y
pplri8z
pplro8r
pplro8y
pplrr8re
pplrr8ye
pplru8r
pplru8y
psyr
psyrgo
psyro
ptmb8g
ptmb8r
ptmb8y
ptmb8z
ptmbi8g
ptmbi8r
ptmbi8y
ptmbi8z
ptmbo8r
ptmbo8y
ptmr8g
ptmr8r
ptmr8rn
ptmr8y
ptmr8yn
ptmr8z
ptmri8g
ptmri8r
ptmri8y
ptmri8z
ptmro8r
ptmro8y
ptmrr8re
ptmrr8ye
pzcmi8g
pzcmi8r
pzcmi8y
pzcmi8z
pzdr
rpagd
rpagdo
rpagk
rpagko
rpbkd
rpbkdi
rpbkl
rpbkli
rpcrb
rpcrbo
rpcrr
rpcrro
rphvb
rphvbo
rphvbon
rphvbrn
rphvr
rphvro
rphvron
rphvrrn
rpncb
rpncbi
rpncr
rpncri
rpplb
rpplbi
rpplbu
rpplr
rpplri
rpplro
rpplrre
rpplrrn
rpplru
rpsyr
rpsyro
rptmb
rptmbi
rptmbo
rptmr
rptmri
rptmro
rptmrre
rptmrrn
rpxpplb
rpxpplbi
rpxpplbo
rpxpplr
rpxpplri
rpxpplro
rpzcmi
rpzdr
rtxphvb
rtxphvbo
rtxphvr
rtxphvro
rtxptmb
rtxptmbi
rtxptmbo
rtxptmr
rtxptmri
rtxptmro
sy
tib
tibi
tibo
tii
tio
tir
tmbi108r
tmbo108r
tmbu108r
tmrb108r
tmri108r
tmrm108r
tmro108r
tmui108r
zd
zpzdr-reversed

/home/melmothx/build/amusewiki-debian-packages/amusewiki-texlive/opt/amusewiki-texlive/2021/texmf-dist/fonts/map/dvips/amsfonts/cm.map:
cmb10
cmbsy10
cmbx10
cmbx12
cmbx5
cmbx6
cmbx7
cmbx8
cmbx9
cmbxsl10
cmbxti10
cmcsc10
cmdunh10
cmex10
cmex9
cmff10
cmfi10
cmfib8
cminch
cmitt10
cmmi10
cmmi12
cmmi5
cmmi6
cmmi7
cmmi8
cmmi9
cmmib10
cmr10
cmr12
cmr17
cmr5
cmr6
cmr7
cmr8
cmr9
cmsl10
cmsl12
cmsl8
cmsl9
cmsltt10
cmss10
cmss12
cmss17
cmss8
cmss9
cmssbx10
cmssdc10
cmssi10
cmssi12
cmssi17
cmssi8
cmssi9
cmssq8
cmssqi8
cmsy10
cmsy5
cmsy6
cmsy7
cmsy8
cmsy9
cmtcsc10
cmtex10
cmtex8
cmtex9
cmti10
cmti12
cmti7
cmti8
cmti9
cmtt10
cmtt12
cmtt8
cmtt9
cmu10
cmvtt10

/home/melmothx/build/amusewiki-debian-packages/amusewiki-texlive/opt/amusewiki-texlive/2021/texmf-dist/fonts/map/dvips/amsfonts/cmextra.map:
cmbsy5
cmbsy6
cmbsy7
cmbsy8
cmbsy9
cmcsc8
cmcsc9
cmex7
cmex8
cmmib5
cmmib6
cmmib7
cmmib8
cmmib9

/home/melmothx/build/amusewiki-debian-packages/amusewiki-texlive/opt/amusewiki-texlive/2021/texmf-dist/fonts/map/dvips/cm/cmtext-bsr-interpolated.map:
cmbxti12
cmbxti7
cmitt12
cmitt9
cmsl6
cmsltt9

/home/melmothx/build/amusewiki-debian-packages/amusewiki-texlive/opt/amusewiki-texlive/2021/texmf-dist/fonts/map/dvips/amsfonts/cyrillic.map:
wncyb10
wncyb5
wncyb6
wncyb7
wncyb8
wncyb9
wncyi10
wncyi5
wncyi6
wncyi7
wncyi8
wncyi9
wncyr10
wncyr5
wncyr6
wncyr7
wncyr8
wncyr9
wncysc10
wncyss10
wncyss8
wncyss9

/home/melmothx/build/amusewiki-debian-packages/amusewiki-texlive/opt/amusewiki-texlive/2021/texmf-dist/fonts/map/dvips/amsfonts/latxfont.map:
lasy10
lasy5
lasy6
lasy7
lasy8
lasy9
lasyb10
lcircle10
lcirclew10
lcmss8
lcmssb8
lcmssi8
line10
linew10

/home/melmothx/build/amusewiki-debian-packages/amusewiki-texlive/opt/amusewiki-texlive/2021/texmf-dist/fonts/map/dvips/amsfonts/symbols.map:
msam10
msam5
msam6
msam7
msam8
msam9
msbm10
msbm5
msbm6
msbm7
msbm8
msbm9

/home/melmothx/build/amusewiki-debian-packages/amusewiki-texlive/opt/amusewiki-texlive/2021/texmf-dist/fonts/map/dvips/tipa/tipa.map:
tipa10
tipa12
tipa17
tipa8
tipa9
tipab10
tipabs10
tipabx10
tipabx12
tipabx8
tipabx9
tipasb10
tipasi10
tipasl10
tipasl12
tipasl8
tipasl9
tipass10
tipass12
tipass17
tipass8
tipass9
tipats10
tipatt10
tipatt12
tipatt8
tipatt9
tipx10
tipx12
tipx17
tipx8
tipx9
tipxb10
tipxbs10
tipxbx10
tipxbx12
tipxbx8
tipxbx9
tipxsb10
tipxsi10
tipxsl10
tipxsl12
tipxsl8
tipxsl9
tipxss10
tipxss12
tipxss17
tipxss8
tipxss9
tipxts10
tipxtt10
tipxtt12
tipxtt8
tipxtt9
xipa10
xipab10
xipabs10
xipasb10
xipasi10
xipasl10
xipass10
xipx10
xipxb10
xipxbs10
xipxsb10
xipxsi10
xipxsl10
xipxss10

/home/melmothx/build/amusewiki-debian-packages/amusewiki-texlive/opt/amusewiki-texlive/2021/texmf-dist/fonts/map/dvips/arphic/bkaiu.map:
bkaiu00
bkaiu02
bkaiu03
bkaiu20
bkaiu21
bkaiu22
bkaiu25
bkaiu26
bkaiu30
bkaiu31
bkaiu32
bkaiu33
bkaiu4e
bkaiu4f
bkaiu50
bkaiu51
bkaiu52
bkaiu53
bkaiu54
bkaiu55
bkaiu56
bkaiu57
bkaiu58
bkaiu59
bkaiu5a
bkaiu5b
bkaiu5c
bkaiu5d
bkaiu5e
bkaiu5f
bkaiu60
bkaiu61
bkaiu62
bkaiu63
bkaiu64
bkaiu65
bkaiu66
bkaiu67
bkaiu68
bkaiu69
bkaiu6a
bkaiu6b
bkaiu6c
bkaiu6d
bkaiu6e
bkaiu6f
bkaiu70
bkaiu71
bkaiu72
bkaiu73
bkaiu74
bkaiu75
bkaiu76
bkaiu77
bkaiu78
bkaiu79
bkaiu7a
bkaiu7b
bkaiu7c
bkaiu7d
bkaiu7e
bkaiu7f
bkaiu80
bkaiu81
bkaiu82
bkaiu83
bkaiu84
bkaiu85
bkaiu86
bkaiu87
bkaiu88
bkaiu89
bkaiu8a
bkaiu8b
bkaiu8c
bkaiu8d
bkaiu8e
bkaiu8f
bkaiu90
bkaiu91
bkaiu92
bkaiu93
bkaiu94
bkaiu95
bkaiu96
bkaiu97
bkaiu98
bkaiu99
bkaiu9a
bkaiu9b
bkaiu9c
bkaiu9d
bkaiu9e
bkaiu9f
bkaiuee
bkaiuf6
bkaiuf7
bkaiuf8
bkaiufa
bkaiufe
bkaiuff
bkaiuv

/home/melmothx/build/amusewiki-debian-packages/amusewiki-texlive/opt/amusewiki-texlive/2021/texmf-dist/fonts/map/dvips/arphic/bsmiu.map:
bsmiu00
bsmiu02
bsmiu03
bsmiu20
bsmiu21
bsmiu22
bsmiu25
bsmiu26
bsmiu30
bsmiu31
bsmiu32
bsmiu33
bsmiu4e
bsmiu4f
bsmiu50
bsmiu51
bsmiu52
bsmiu53
bsmiu54
bsmiu55
bsmiu56
bsmiu57
bsmiu58
bsmiu59
bsmiu5a
bsmiu5b
bsmiu5c
bsmiu5d
bsmiu5e
bsmiu5f
bsmiu60
bsmiu61
bsmiu62
bsmiu63
bsmiu64
bsmiu65
bsmiu66
bsmiu67
bsmiu68
bsmiu69
bsmiu6a
bsmiu6b
bsmiu6c
bsmiu6d
bsmiu6e
bsmiu6f
bsmiu70
bsmiu71
bsmiu72
bsmiu73
bsmiu74
bsmiu75
bsmiu76
bsmiu77
bsmiu78
bsmiu79
bsmiu7a
bsmiu7b
bsmiu7c
bsmiu7d
bsmiu7e
bsmiu7f
bsmiu80
bsmiu81
bsmiu82
bsmiu83
bsmiu84
bsmiu85
bsmiu86
bsmiu87
bsmiu88
bsmiu89
bsmiu8a
bsmiu8b
bsmiu8c
bsmiu8d
bsmiu8e
bsmiu8f
bsmiu90
bsmiu91
bsmiu92
bsmiu93
bsmiu94
bsmiu95
bsmiu96
bsmiu97
bsmiu98
bsmiu99
bsmiu9a
bsmiu9b
bsmiu9c
bsmiu9d
bsmiu9e
bsmiu9f
bsmiuee
bsmiuf6
bsmiuf7
bsmiuf8
bsmiufa
bsmiufe
bsmiuff
bsmiuv

/home/melmothx/build/amusewiki-debian-packages/amusewiki-texlive/opt/amusewiki-texlive/2021/texmf-dist/fonts/map/dvips/wadalab/dgj.map:
dgjgreek
dgjhira
dgjhw
dgjka
dgjkata
dgjkb
dgjkc
dgjkd
dgjke
dgjkeisen
dgjkf
dgjkg
dgjkh
dgjki
dgjkj
dgjkk
dgjkl
dgjkm
dgjkn
dgjko
dgjkp
dgjkq
dgjkr
dgjks
dgjkt
dgjku
dgjkv
dgjkw
dgjkx
dgjky
dgjkz
dgjroma
dgjrussian
dgjsy

/home/melmothx/build/amusewiki-debian-packages/amusewiki-texlive/opt/amusewiki-texlive/2021/texmf-dist/fonts/map/dvips/wadalab/dmj.map:
dmjgreek
dmjhira
dmjhw
dmjka
dmjkata
dmjkb
dmjkc
dmjkd
dmjke
dmjkeisen
dmjkf
dmjkg
dmjkh
dmjki
dmjkj
dmjkk
dmjkl
dmjkm
dmjkn
dmjko
dmjkp
dmjkq
dmjkr
dmjks
dmjkt
dmjku
dmjkv
dmjkw
dmjkx
dmjky
dmjkz
dmjroma
dmjrussian
dmjsy

/home/melmothx/build/amusewiki-debian-packages/amusewiki-texlive/opt/amusewiki-texlive/2021/texmf-dist/fonts/map/dvips/dummy-space/dummy-space.map:
dummy-space

/home/melmothx/build/amusewiki-debian-packages/amusewiki-texlive/opt/amusewiki-texlive/2021/texmf-dist/fonts/map/dvips/amsfonts/euler.map:
euex10
euex7
euex8
euex9
eufb10
eufb5
eufb6
eufb7
eufb8
eufb9
eufm10
eufm5
eufm6
eufm7
eufm8
eufm9
eurb10
eurb5
eurb6
eurb7
eurb8
eurb9
eurm10
eurm5
eurm6
eurm7
eurm8
eurm9
eusb10
eusb5
eusb6
eusb7
eusb8
eusb9
eusm10
eusm5
eusm6
eusm7
eusm8
eusm9

/home/melmothx/build/amusewiki-debian-packages/amusewiki-texlive/opt/amusewiki-texlive/2021/texmf-dist/fonts/map/dvips/garuda-c90/garuda-c90.map:
fgdb8z
fgdbo8z
fgdo8z
fgdr8z

/home/melmothx/build/amusewiki-debian-packages/amusewiki-texlive/opt/amusewiki-texlive/2021/texmf-dist/fonts/map/dvips/arphic/gbsnu.map:
gbsnu00
gbsnu01
gbsnu02
gbsnu03
gbsnu04
gbsnu20
gbsnu21
gbsnu22
gbsnu23
gbsnu24
gbsnu25
gbsnu26
gbsnu30
gbsnu31
gbsnu32
gbsnu4e
gbsnu4f
gbsnu50
gbsnu51
gbsnu52
gbsnu53
gbsnu54
gbsnu55
gbsnu56
gbsnu57
gbsnu58
gbsnu59
gbsnu5a
gbsnu5b
gbsnu5c
gbsnu5d
gbsnu5e
gbsnu5f
gbsnu60
gbsnu61
gbsnu62
gbsnu63
gbsnu64
gbsnu65
gbsnu66
gbsnu67
gbsnu68
gbsnu69
gbsnu6a
gbsnu6b
gbsnu6c
gbsnu6d
gbsnu6e
gbsnu6f
gbsnu70
gbsnu71
gbsnu72
gbsnu73
gbsnu74
gbsnu75
gbsnu76
gbsnu77
gbsnu78
gbsnu79
gbsnu7a
gbsnu7b
gbsnu7c
gbsnu7d
gbsnu7e
gbsnu7f
gbsnu80
gbsnu81
gbsnu82
gbsnu83
gbsnu84
gbsnu85
gbsnu86
gbsnu87
gbsnu88
gbsnu89
gbsnu8a
gbsnu8b
gbsnu8c
gbsnu8d
gbsnu8e
gbsnu8f
gbsnu90
gbsnu91
gbsnu92
gbsnu93
gbsnu94
gbsnu95
gbsnu96
gbsnu97
gbsnu98
gbsnu99
gbsnu9a
gbsnu9b
gbsnu9c
gbsnu9e
gbsnu9f
gbsnufe
gbsnuff

/home/melmothx/build/amusewiki-debian-packages/amusewiki-texlive/opt/amusewiki-texlive/2021/texmf-dist/fonts/map/dvips/arphic/gkaiu.map:
gkaiu00
gkaiu01
gkaiu02
gkaiu03
gkaiu04
gkaiu20
gkaiu21
gkaiu22
gkaiu23
gkaiu24
gkaiu25
gkaiu26
gkaiu30
gkaiu31
gkaiu32
gkaiu4e
gkaiu4f
gkaiu50
gkaiu51
gkaiu52
gkaiu53
gkaiu54
gkaiu55
gkaiu56
gkaiu57
gkaiu58
gkaiu59
gkaiu5a
gkaiu5b
gkaiu5c
gkaiu5d
gkaiu5e
gkaiu5f
gkaiu60
gkaiu61
gkaiu62
gkaiu63
gkaiu64
gkaiu65
gkaiu66
gkaiu67
gkaiu68
gkaiu69
gkaiu6a
gkaiu6b
gkaiu6c
gkaiu6d
gkaiu6e
gkaiu6f
gkaiu70
gkaiu71
gkaiu72
gkaiu73
gkaiu74
gkaiu75
gkaiu76
gkaiu77
gkaiu78
gkaiu79
gkaiu7a
gkaiu7b
gkaiu7c
gkaiu7d
gkaiu7e
gkaiu7f
gkaiu80
gkaiu81
gkaiu82
gkaiu83
gkaiu84
gkaiu85
gkaiu86
gkaiu87
gkaiu88
gkaiu89
gkaiu8a
gkaiu8b
gkaiu8c
gkaiu8d
gkaiu8e
gkaiu8f
gkaiu90
gkaiu91
gkaiu92
gkaiu93
gkaiu94
gkaiu95
gkaiu96
gkaiu97
gkaiu98
gkaiu99
gkaiu9a
gkaiu9b
gkaiu9c
gkaiu9e
gkaiu9f
gkaiufe
gkaiuff

/home/melmothx/build/amusewiki-debian-packages/amusewiki-texlive/opt/amusewiki-texlive/2021/texmf-dist/fonts/map/dvips/lm/lm.map:
cs-lmb10
cs-lmbo10
cs-lmbx10
cs-lmbx12
cs-lmbx5
cs-lmbx6
cs-lmbx7
cs-lmbx8
cs-lmbx9
cs-lmbxi10
cs-lmbxo10
cs-lmcsc10
cs-lmcsco10
cs-lmdunh10
cs-lmduno10
cs-lmr10
cs-lmr12
cs-lmr17
cs-lmr5
cs-lmr6
cs-lmr7
cs-lmr8
cs-lmr9
cs-lmri10
cs-lmri12
cs-lmri7
cs-lmri8
cs-lmri9
cs-lmro10
cs-lmro12
cs-lmro17
cs-lmro8
cs-lmro9
cs-lmss10
cs-lmss12
cs-lmss17
cs-lmss8
cs-lmss9
cs-lmssbo10
cs-lmssbx10
cs-lmssdc10
cs-lmssdo10
cs-lmsso10
cs-lmsso12
cs-lmsso17
cs-lmsso8
cs-lmsso9
cs-lmssq8
cs-lmssqbo8
cs-lmssqbx8
cs-lmssqo8
cs-lmtcsc10
cs-lmtcso10
cs-lmtk10
cs-lmtko10
cs-lmtl10
cs-lmtlc10
cs-lmtlco10
cs-lmtlo10
cs-lmtt10
cs-lmtt12
cs-lmtt8
cs-lmtt9
cs-lmtti10
cs-lmtto10
cs-lmu10
cs-lmvtk10
cs-lmvtko10
cs-lmvtl10
cs-lmvtlo10
cs-lmvtt10
cs-lmvtto10
ec-lmb10
ec-lmbo10
ec-lmbx10
ec-lmbx12
ec-lmbx5
ec-lmbx6
ec-lmbx7
ec-lmbx8
ec-lmbx9
ec-lmbxi10
ec-lmbxo10
ec-lmcsc10
ec-lmcsco10
ec-lmdunh10
ec-lmduno10
ec-lmr10
ec-lmr12
ec-lmr17
ec-lmr5
ec-lmr6
ec-lmr7
ec-lmr8
ec-lmr9
ec-lmri10
ec-lmri12
ec-lmri7
ec-lmri8
ec-lmri9
ec-lmro10
ec-lmro12
ec-lmro17
ec-lmro8
ec-lmro9
ec-lmss10
ec-lmss12
ec-lmss17
ec-lmss8
ec-lmss9
ec-lmssbo10
ec-lmssbx10
ec-lmssdc10
ec-lmssdo10
ec-lmsso10
ec-lmsso12
ec-lmsso17
ec-lmsso8
ec-lmsso9
ec-lmssq8
ec-lmssqbo8
ec-lmssqbx8
ec-lmssqo8
ec-lmtcsc10
ec-lmtcso10
ec-lmtk10
ec-lmtko10
ec-lmtl10
ec-lmtlc10
ec-lmtlco10
ec-lmtlo10
ec-lmtt10
ec-lmtt12
ec-lmtt8
ec-lmtt9
ec-lmtti10
ec-lmtto10
ec-lmu10
ec-lmvtk10
ec-lmvtko10
ec-lmvtl10
ec-lmvtlo10
ec-lmvtt10
ec-lmvtto10
l7x-lmb10
l7x-lmbo10
l7x-lmbx10
l7x-lmbx12
l7x-lmbx5
l7x-lmbx6
l7x-lmbx7
l7x-lmbx8
l7x-lmbx9
l7x-lmbxi10
l7x-lmbxo10
l7x-lmcsc10
l7x-lmcsco10
l7x-lmdunh10
l7x-lmduno10
l7x-lmr10
l7x-lmr12
l7x-lmr17
l7x-lmr5
l7x-lmr6
l7x-lmr7
l7x-lmr8
l7x-lmr9
l7x-lmri10
l7x-lmri12
l7x-lmri7
l7x-lmri8
l7x-lmri9
l7x-lmro10
l7x-lmro12
l7x-lmro17
l7x-lmro8
l7x-lmro9
l7x-lmss10
l7x-lmss12
l7x-lmss17
l7x-lmss8
l7x-lmss9
l7x-lmssbo10
l7x-lmssbx10
l7x-lmssdc10
l7x-lmssdo10
l7x-lmsso10
l7x-lmsso12
l7x-lmsso17
l7x-lmsso8
l7x-lmsso9
l7x-lmssq8
l7x-lmssqbo8
l7x-lmssqbx8
l7x-lmssqo8
l7x-lmtcsc10
l7x-lmtcso10
l7x-lmtk10
l7x-lmtko10
l7x-lmtl10
l7x-lmtlc10
l7x-lmtlco10
l7x-lmtlo10
l7x-lmtt10
l7x-lmtt12
l7x-lmtt8
l7x-lmtt9
l7x-lmtti10
l7x-lmtto10
l7x-lmu10
l7x-lmvtk10
l7x-lmvtko10
l7x-lmvtl10
l7x-lmvtlo10
l7x-lmvtt10
l7x-lmvtto10
lmbsy10
lmbsy5
lmbsy7
lmex10
lmmi10
lmmi12
lmmi5
lmmi6
lmmi7
lmmi8
lmmi9
lmmib10
lmmib5
lmmib7
lmsy10
lmsy5
lmsy6
lmsy7
lmsy8
lmsy9
qx-lmb10
qx-lmbo10
qx-lmbx10
qx-lmbx12
qx-lmbx5
qx-lmbx6
qx-lmbx7
qx-lmbx8
qx-lmbx9
qx-lmbxi10
qx-lmbxo10
qx-lmcsc10
qx-lmcsco10
qx-lmdunh10
qx-lmduno10
qx-lmr10
qx-lmr12
qx-lmr17
qx-lmr5
qx-lmr6
qx-lmr7
qx-lmr8
qx-lmr9
qx-lmri10
qx-lmri12
qx-lmri7
qx-lmri8
qx-lmri9
qx-lmro10
qx-lmro12
qx-lmro17
qx-lmro8
qx-lmro9
qx-lmss10
qx-lmss12
qx-lmss17
qx-lmss8
qx-lmss9
qx-lmssbo10
qx-lmssbx10
qx-lmssdc10
qx-lmssdo10
qx-lmsso10
qx-lmsso12
qx-lmsso17
qx-lmsso8
qx-lmsso9
qx-lmssq8
qx-lmssqbo8
qx-lmssqbx8
qx-lmssqo8
qx-lmtcsc10
qx-lmtcso10
qx-lmtk10
qx-lmtko10
qx-lmtl10
qx-lmtlc10
qx-lmtlco10
qx-lmtlo10
qx-lmtt10
qx-lmtt12
qx-lmtt8
qx-lmtt9
qx-lmtti10
qx-lmtto10
qx-lmu10
qx-lmvtk10
qx-lmvtko10
qx-lmvtl10
qx-lmvtlo10
qx-lmvtt10
qx-lmvtto10
rm-lmb10
rm-lmbo10
rm-lmbx10
rm-lmbx12
rm-lmbx5
rm-lmbx6
rm-lmbx7
rm-lmbx8
rm-lmbx9
rm-lmbxi10
rm-lmbxo10
rm-lmcsc10
rm-lmcsco10
rm-lmdunh10
rm-lmduno10
rm-lmr10
rm-lmr12
rm-lmr17
rm-lmr5
rm-lmr6
rm-lmr7
rm-lmr8
rm-lmr9
rm-lmri10
rm-lmri12
rm-lmri7
rm-lmri8
rm-lmri9
rm-lmro10
rm-lmro12
rm-lmro17
rm-lmro8
rm-lmro9
rm-lmss10
rm-lmss12
rm-lmss17
rm-lmss8
rm-lmss9
rm-lmssbo10
rm-lmssbx10
rm-lmssdc10
rm-lmssdo10
rm-lmsso10
rm-lmsso12
rm-lmsso17
rm-lmsso8
rm-lmsso9
rm-lmssq8
rm-lmssqbo8
rm-lmssqbx8
rm-lmssqo8
rm-lmtcsc10
rm-lmtcso10
rm-lmtk10
rm-lmtko10
rm-lmtl10
rm-lmtlc10
rm-lmtlco10
rm-lmtlo10
rm-lmtt10
rm-lmtt12
rm-lmtt8
rm-lmtt9
rm-lmtti10
rm-lmtto10
rm-lmu10
rm-lmvtk10
rm-lmvtko10
rm-lmvtl10
rm-lmvtlo10
rm-lmvtt10
rm-lmvtto10
t5-lmb10
t5-lmbo10
t5-lmbx10
t5-lmbx12
t5-lmbx5
t5-lmbx6
t5-lmbx7
t5-lmbx8
t5-lmbx9
t5-lmbxi10
t5-lmbxo10
t5-lmcsc10
t5-lmcsco10
t5-lmdunh10
t5-lmduno10
t5-lmr10
t5-lmr12
t5-lmr17
t5-lmr5
t5-lmr6
t5-lmr7
t5-lmr8
t5-lmr9
t5-lmri10
t5-lmri12
t5-lmri7
t5-lmri8
t5-lmri9
t5-lmro10
t5-lmro12
t5-lmro17
t5-lmro8
t5-lmro9
t5-lmss10
t5-lmss12
t5-lmss17
t5-lmss8
t5-lmss9
t5-lmssbo10
t5-lmssbx10
t5-lmssdc10
t5-lmssdo10
t5-lmsso10
t5-lmsso12
t5-lmsso17
t5-lmsso8
t5-lmsso9
t5-lmssq8
t5-lmssqbo8
t5-lmssqbx8
t5-lmssqo8
t5-lmtcsc10
t5-lmtcso10
t5-lmtk10
t5-lmtko10
t5-lmtl10
t5-lmtlc10
t5-lmtlco10
t5-lmtlo10
t5-lmtt10
t5-lmtt12
t5-lmtt8
t5-lmtt9
t5-lmtti10
t5-lmtto10
t5-lmu10
t5-lmvtk10
t5-lmvtko10
t5-lmvtl10
t5-lmvtlo10
t5-lmvtt10
t5-lmvtto10
texnansi-lmb10
texnansi-lmbo10
texnansi-lmbx10
texnansi-lmbx12
texnansi-lmbx5
texnansi-lmbx6
texnansi-lmbx7
texnansi-lmbx8
texnansi-lmbx9
texnansi-lmbxi10
texnansi-lmbxo10
texnansi-lmcsc10
texnansi-lmcsco10
texnansi-lmdunh10
texnansi-lmduno10
texnansi-lmr10
texnansi-lmr12
texnansi-lmr17
texnansi-lmr5
texnansi-lmr6
texnansi-lmr7
texnansi-lmr8
texnansi-lmr9
texnansi-lmri10
texnansi-lmri12
texnansi-lmri7
texnansi-lmri8
texnansi-lmri9
texnansi-lmro10
texnansi-lmro12
texnansi-lmro17
texnansi-lmro8
texnansi-lmro9
texnansi-lmss10
texnansi-lmss12
texnansi-lmss17
texnansi-lmss8
texnansi-lmss9
texnansi-lmssbo10
texnansi-lmssbx10
texnansi-lmssdc10
texnansi-lmssdo10
texnansi-lmsso10
texnansi-lmsso12
texnansi-lmsso17
texnansi-lmsso8
texnansi-lmsso9
texnansi-lmssq8
texnansi-lmssqbo8
texnansi-lmssqbx8
texnansi-lmssqo8
texnansi-lmtcsc10
texnansi-lmtcso10
texnansi-lmtk10
texnansi-lmtko10
texnansi-lmtl10
texnansi-lmtlc10
texnansi-lmtlco10
texnansi-lmtlo10
texnansi-lmtt10
texnansi-lmtt12
texnansi-lmtt8
texnansi-lmtt9
texnansi-lmtti10
texnansi-lmtto10
texnansi-lmu10
texnansi-lmvtk10
texnansi-lmvtko10
texnansi-lmvtl10
texnansi-lmvtlo10
texnansi-lmvtt10
texnansi-lmvtto10
ts1-lmb10
ts1-lmbo10
ts1-lmbx10
ts1-lmbx12
ts1-lmbx5
ts1-lmbx6
ts1-lmbx7
ts1-lmbx8
ts1-lmbx9
ts1-lmbxi10
ts1-lmbxo10
ts1-lmcsc10
ts1-lmcsco10
ts1-lmdunh10
ts1-lmduno10
ts1-lmr10
ts1-lmr12
ts1-lmr17
ts1-lmr5
ts1-lmr6
ts1-lmr7
ts1-lmr8
ts1-lmr9
ts1-lmri10
ts1-lmri12
ts1-lmri7
ts1-lmri8
ts1-lmri9
ts1-lmro10
ts1-lmro12
ts1-lmro17
ts1-lmro8
ts1-lmro9
ts1-lmss10
ts1-lmss12
ts1-lmss17
ts1-lmss8
ts1-lmss9
ts1-lmssbo10
ts1-lmssbx10
ts1-lmssdc10
ts1-lmssdo10
ts1-lmsso10
ts1-lmsso12
ts1-lmsso17
ts1-lmsso8
ts1-lmsso9
ts1-lmssq8
ts1-lmssqbo8
ts1-lmssqbx8
ts1-lmssqo8
ts1-lmtcsc10
ts1-lmtcso10
ts1-lmtk10
ts1-lmtko10
ts1-lmtl10
ts1-lmtlc10
ts1-lmtlco10
ts1-lmtlo10
ts1-lmtt10
ts1-lmtt12
ts1-lmtt8
ts1-lmtt9
ts1-lmtti10
ts1-lmtto10
ts1-lmu10
ts1-lmvtk10
ts1-lmvtko10
ts1-lmvtl10
ts1-lmvtlo10
ts1-lmvtt10
ts1-lmvtto10

/home/melmothx/build/amusewiki-debian-packages/amusewiki-texlive/opt/amusewiki-texlive/2021/texmf-dist/fonts/map/dvips/tetex/mathpple.map:
eurbo10
eurmo10

/home/melmothx/build/amusewiki-debian-packages/amusewiki-texlive/opt/amusewiki-texlive/2021/texmf-dist/fonts/map/dvips/wadalab/mc2j.map:
mc2jka
mc2jkb
mc2jkc
mc2jkd
mc2jke
mc2jkf
mc2jkg
mc2jkh
mc2jki
mc2jkj
mc2jkk
mc2jkl
mc2jkm
mc2jkn
mc2jko
mc2jkp
mc2jkq
mc2jkr
mc2jks
mc2jkt
mc2jku
mc2jkv
mc2jkw

/home/melmothx/build/amusewiki-debian-packages/amusewiki-texlive/opt/amusewiki-texlive/2021/texmf-dist/fonts/map/dvips/wadalab/mcj.map:
mcjgreek
mcjhira
mcjhw
mcjka
mcjkata
mcjkb
mcjkc
mcjkd
mcjke
mcjkeisen
mcjkf
mcjkg
mcjkh
mcjki
mcjkj
mcjkk
mcjkl
mcjkm
mcjkn
mcjko
mcjkp
mcjkq
mcjkr
mcjks
mcjkt
mcjku
mcjkv
mcjkw
mcjkx
mcjky
mcjkz
mcjroma
mcjrussian
mcjsy

/home/melmothx/build/amusewiki-debian-packages/amusewiki-texlive/opt/amusewiki-texlive/2021/texmf-dist/fonts/map/dvips/wadalab/mr2j.map:
mr2jka
mr2jkb
mr2jkc
mr2jkd
mr2jke
mr2jkf
mr2jkg
mr2jkh
mr2jki
mr2jkj
mr2jkk
mr2jkl
mr2jkm
mr2jkn
mr2jko
mr2jkp
mr2jkq
mr2jkr
mr2jks
mr2jkt
mr2jku
mr2jkv
mr2jkw

/home/melmothx/build/amusewiki-debian-packages/amusewiki-texlive/opt/amusewiki-texlive/2021/texmf-dist/fonts/map/dvips/wadalab/mrj.map:
mrjgreek
mrjhira
mrjhw
mrjka
mrjkata
mrjkb
mrjkc
mrjkd
mrjke
mrjkeisen
mrjkf
mrjkg
mrjkh
mrjki
mrjkj
mrjkk
mrjkl
mrjkm
mrjkn
mrjko
mrjkp
mrjkq
mrjkr
mrjks
mrjkt
mrjku
mrjkv
mrjkw
mrjkx
mrjky
mrjkz
mrjroma
mrjrussian
mrjsy

/home/melmothx/build/amusewiki-debian-packages/amusewiki-texlive/opt/amusewiki-texlive/2021/texmf-dist/fonts/map/dvips/fonts-tlwg/nectec.map:
rloma
rloma_b
rloma_bo
rloma_o

/home/melmothx/build/amusewiki-debian-packages/amusewiki-texlive/opt/amusewiki-texlive/2021/texmf-dist/fonts/map/dvips/fonts-tlwg/nf.map:
rgaruda
rgaruda_b
rgaruda_bo
rgaruda_o
rkinnari
rkinnari_b
rkinnari_bi
rkinnari_bo
rkinnari_i
rkinnari_o
rnorasi
rnorasi-osf
rnorasi-osf-sc
rnorasi-sc
rnorasi_b
rnorasi_b-osf
rnorasi_b-osf-sc
rnorasi_b-sc
rnorasi_bi
rnorasi_bi-osf
rnorasi_bi-osf-sc
rnorasi_bi-sc
rnorasi_bo
rnorasi_bo-osf
rnorasi_bo-osf-sc
rnorasi_bo-sc
rnorasi_i
rnorasi_i-osf
rnorasi_i-osf-sc
rnorasi_i-sc
rnorasi_o
rnorasi_o-osf
rnorasi_o-osf-sc
rnorasi_o-sc

/home/melmothx/build/amusewiki-debian-packages/amusewiki-texlive/opt/amusewiki-texlive/2021/texmf-dist/fonts/map/dvips/norasi-c90/norasi-c90.map:
ftnb8z
ftnbi8z
ftni8z
ftnr8z

/home/melmothx/build/amusewiki-debian-packages/amusewiki-texlive/opt/amusewiki-texlive/2021/texmf-dist/fonts/map/dvips/fonts-tlwg/sipa.map:
rlaksaman
rlaksaman_b
rlaksaman_bi
rlaksaman_i

/home/melmothx/build/amusewiki-debian-packages/amusewiki-texlive/opt/amusewiki-texlive/2021/texmf-dist/fonts/map/dvips/fonts-tlwg/tlwg.map:
rpurisa
rpurisa_b
rpurisa_bo
rpurisa_o
rsawasdee
rsawasdee_b
rsawasdee_bo
rsawasdee_o
rttype
rttype_b
rttype_bo
rttype_o
rttypist
rttypist_b
rttypist_bo
rttypist_o
rumpush
rumpush_b
rumpush_bo
rumpush_l
rumpush_lo
rumpush_o
rwaree
rwaree_b
rwaree_bo
rwaree_o

/home/melmothx/build/amusewiki-debian-packages/amusewiki-texlive/opt/amusewiki-texlive/2021/texmf-dist/fonts/map/dvips/uhc/umj.map:
umj00
umj01
umj02
umj03
umj04
umj05
umj10
umj11
umj12
umj13
umj14
umj15
umj16
umj17
umj20
umj21
umj22
umj23
umj24
umj25
umj26
umj27
umj28
umj29
umj30
umj31
umj32
umj33
umj34
umj35
umj36
umj37
umj38
umjc00
umjc01
umjc02
umjc03
umjc04
umjc05
umjc10
umjc11
umjc12
umjc13
umjc14
umjc15
umjc16
umjc17
umjc20
umjc21
umjc22
umjc23
umjc24
umjc25
umjc26
umjc27
umjc28
umjc29
umjc30
umjc31
umjc32
umjc33
umjc34
umjc35
umjc36
umjc37
umjc38
umjco00
umjco01
umjco02
umjco03
umjco04
umjco05
umjco10
umjco11
umjco12
umjco13
umjco14
umjco15
umjco16
umjco17
umjco20
umjco21
umjco22
umjco23
umjco24
umjco25
umjco26
umjco27
umjco28
umjco29
umjco30
umjco31
umjco32
umjco33
umjco34
umjco35
umjco36
umjco37
umjco38
umjo00
umjo01
umjo02
umjo03
umjo04
umjo05
umjo10
umjo11
umjo12
umjo13
umjo14
umjo15
umjo16
umjo17
umjo20
umjo21
umjo22
umjo23
umjo24
umjo25
umjo26
umjo27
umjo28
umjo29
umjo30
umjo31
umjo32
umjo33
umjo34
umjo35
umjo36
umjo37
umjo38
umju00
umju01
umju02
umju03
umju04
umju05
umju10
umju11
umju12
umju13
umju14
umju15
umju16
umju17
umju20
umju21
umju22
umju23
umju24
umju25
umju26
umju27
umju28
umju29
umju30
umju31
umju32
umju33
umju34
umju35
umju36
umju37
umju38
umjuo00
umjuo01
umjuo02
umjuo03
umjuo04
umjuo05
umjuo10
umjuo11
umjuo12
umjuo13
umjuo14
umjuo15
umjuo16
umjuo17
umjuo20
umjuo21
umjuo22
umjuo23
umjuo24
umjuo25
umjuo26
umjuo27
umjuo28
umjuo29
umjuo30
umjuo31
umjuo32
umjuo33
umjuo34
umjuo35
umjuo36
umjuo37
umjuo38
umjx00
umjx01
umjx02
umjx03
umjx04
umjx05
umjx10
umjx11
umjx12
umjx13
umjx14
umjx15
umjx16
umjx17
umjx20
umjx21
umjx22
umjx23
umjx24
umjx25
umjx26
umjx27
umjx28
umjx29
umjx30
umjx31
umjx32
umjx33
umjx34
umjx35
umjx36
umjx37
umjx38
umjxo00
umjxo01
umjxo02
umjxo03
umjxo04
umjxo05
umjxo10
umjxo11
umjxo12
umjxo13
umjxo14
umjxo15
umjxo16
umjxo17
umjxo20
umjxo21
umjxo22
umjxo23
umjxo24
umjxo25
umjxo26
umjxo27
umjxo28
umjxo29
umjxo30
umjxo31
umjxo32
umjxo33
umjxo34
umjxo35
umjxo36
umjxo37
umjxo38

/home/melmothx/build/amusewiki-debian-packages/amusewiki-texlive/opt/amusewiki-texlive/2021/texmf-dist/fonts/map/dvips/zapfding/uzd.map:
uzdr

Files generated:
  /home/melmothx/build/amusewiki-debian-packages/amusewiki-texlive/opt/amusewiki-texlive/2021/texmf-var/fonts/map/dvips/updmap:
       15932 2022-01-28 16:52:19 builtin35.map
       21405 2022-01-28 16:52:19 download35.map
      105788 2022-01-28 16:52:19 psfonts_pk.map
      111954 2022-01-28 16:52:19 psfonts_t1.map
      111949 2022-01-28 16:52:19 ps2pk.map
          14 2022-01-28 16:52:19 psfonts.map -> psfonts_t1.map
  /home/melmothx/build/amusewiki-debian-packages/amusewiki-texlive/opt/amusewiki-texlive/2021/texmf-var/fonts/map/pdftex/updmap:
      111956 2022-01-28 16:52:19 pdftex_dl14.map
      110291 2022-01-28 16:52:19 pdftex_ndl14.map
          15 2022-01-28 16:52:19 pdftex.map -> pdftex_dl14.map
  /home/melmothx/build/amusewiki-debian-packages/amusewiki-texlive/opt/amusewiki-texlive/2021/texmf-var/fonts/map/dvipdfmx/updmap:
         455 2022-01-28 16:52:19 kanjix.map
