[Fri Jun  2 09:55:36 2023] install: adobemapping
[Fri Jun  2 09:55:36 2023] install: amscls
[Fri Jun  2 09:55:36 2023] install: amsmath
[Fri Jun  2 09:55:38 2023] install: arphic
[Fri Jun  2 09:55:38 2023] install: atbegshi
[Fri Jun  2 09:55:39 2023] install: atveryend
[Fri Jun  2 09:55:39 2023] install: auxhook
[Fri Jun  2 09:55:39 2023] install: babel
[Fri Jun  2 09:55:39 2023] install: babel-albanian
[Fri Jun  2 09:55:39 2023] install: babel-azerbaijani
[Fri Jun  2 09:55:39 2023] install: babel-basque
[Fri Jun  2 09:55:39 2023] install: babel-belarusian
[Fri Jun  2 09:55:39 2023] install: babel-bosnian
[Fri Jun  2 09:55:40 2023] install: babel-breton
[Fri Jun  2 09:55:40 2023] install: babel-bulgarian
[Fri Jun  2 09:55:40 2023] install: babel-catalan
[Fri Jun  2 09:55:40 2023] install: babel-croatian
[Fri Jun  2 09:55:40 2023] install: babel-czech
[Fri Jun  2 09:55:40 2023] install: babel-danish
[Fri Jun  2 09:55:40 2023] install: babel-dutch
[Fri Jun  2 09:55:40 2023] install: babel-english
[Fri Jun  2 09:55:40 2023] install: babel-esperanto
[Fri Jun  2 09:55:40 2023] install: babel-estonian
[Fri Jun  2 09:55:41 2023] install: babel-finnish
[Fri Jun  2 09:55:41 2023] install: babel-french
[Fri Jun  2 09:55:41 2023] install: babel-friulan
[Fri Jun  2 09:55:41 2023] install: babel-galician
[Fri Jun  2 09:55:41 2023] install: babel-georgian
[Fri Jun  2 09:55:41 2023] install: babel-german
[Fri Jun  2 09:55:41 2023] install: babel-greek
[Fri Jun  2 09:55:41 2023] install: babel-hebrew
[Fri Jun  2 09:55:42 2023] install: babel-hungarian
[Fri Jun  2 09:55:42 2023] install: babel-icelandic
[Fri Jun  2 09:55:42 2023] install: babel-indonesian
[Fri Jun  2 09:55:42 2023] install: babel-interlingua
[Fri Jun  2 09:55:42 2023] install: babel-irish
[Fri Jun  2 09:55:42 2023] install: babel-italian
[Fri Jun  2 09:55:42 2023] install: babel-japanese
[Fri Jun  2 09:55:42 2023] install: babel-kurmanji
[Fri Jun  2 09:55:42 2023] install: babel-latin
[Fri Jun  2 09:55:43 2023] install: babel-latvian
[Fri Jun  2 09:55:43 2023] install: babel-macedonian
[Fri Jun  2 09:55:43 2023] install: babel-malay
[Fri Jun  2 09:55:43 2023] install: babel-norsk
[Fri Jun  2 09:55:43 2023] install: babel-occitan
[Fri Jun  2 09:55:43 2023] install: babel-piedmontese
[Fri Jun  2 09:55:43 2023] install: babel-polish
[Fri Jun  2 09:55:43 2023] install: babel-portuges
[Fri Jun  2 09:55:43 2023] install: babel-romanian
[Fri Jun  2 09:55:43 2023] install: babel-romansh
[Fri Jun  2 09:55:44 2023] install: babel-russian
[Fri Jun  2 09:55:44 2023] install: babel-samin
[Fri Jun  2 09:55:44 2023] install: babel-scottish
[Fri Jun  2 09:55:44 2023] install: babel-serbian
[Fri Jun  2 09:55:44 2023] install: babel-serbianc
[Fri Jun  2 09:55:44 2023] install: babel-slovak
[Fri Jun  2 09:55:44 2023] install: babel-slovenian
[Fri Jun  2 09:55:44 2023] install: babel-sorbian
[Fri Jun  2 09:55:44 2023] install: babel-spanish
[Fri Jun  2 09:55:45 2023] install: babel-swedish
[Fri Jun  2 09:55:45 2023] install: babel-thai
[Fri Jun  2 09:55:45 2023] install: babel-turkish
[Fri Jun  2 09:55:45 2023] install: babel-ukrainian
[Fri Jun  2 09:55:45 2023] install: babel-vietnamese
[Fri Jun  2 09:55:45 2023] install: babel-welsh
[Fri Jun  2 09:55:45 2023] install: beamer
[Fri Jun  2 09:55:46 2023] install: bidi
[Fri Jun  2 09:55:46 2023] install: bigfoot
[Fri Jun  2 09:55:46 2023] install: bigintcalc
[Fri Jun  2 09:55:46 2023] install: bitset
[Fri Jun  2 09:55:47 2023] install: bookmark
[Fri Jun  2 09:55:47 2023] install: carlisle
[Fri Jun  2 09:55:47 2023] install: chngcntr
[Fri Jun  2 09:55:47 2023] install: cjk
[Fri Jun  2 09:55:47 2023] install: cjkpunct
[Fri Jun  2 09:55:48 2023] install: cns
[Fri Jun  2 09:55:48 2023] install: ctablestack
[Fri Jun  2 09:55:48 2023] install: ctex
[Fri Jun  2 09:55:48 2023] install: enumitem
[Fri Jun  2 09:55:48 2023] install: epstopdf.x86_64-linux
[Fri Jun  2 09:55:49 2023] install: epstopdf
[Fri Jun  2 09:55:49 2023] install: epstopdf-pkg
[Fri Jun  2 09:55:49 2023] install: etexcmds
[Fri Jun  2 09:55:49 2023] install: etoolbox
[Fri Jun  2 09:55:49 2023] install: euenc
[Fri Jun  2 09:55:49 2023] install: everyhook
[Fri Jun  2 09:55:49 2023] install: everyshi
[Fri Jun  2 09:55:51 2023] install: fandol
[Fri Jun  2 09:55:52 2023] install: filehook
[Fri Jun  2 09:55:52 2023] install: firstaid
[Fri Jun  2 09:55:52 2023] install: fonts-tlwg
[Fri Jun  2 09:55:52 2023] install: fontspec
[Fri Jun  2 09:55:53 2023] install: footmisc
[Fri Jun  2 09:55:53 2023] install: fp
[Fri Jun  2 09:55:53 2023] install: garuda-c90
[Fri Jun  2 09:55:53 2023] install: geometry
[Fri Jun  2 09:55:53 2023] install: gettitlestring
[Fri Jun  2 09:55:54 2023] install: graphics
[Fri Jun  2 09:55:54 2023] install: graphics-cfg
[Fri Jun  2 09:55:54 2023] install: hycolor
[Fri Jun  2 09:55:55 2023] install: hyperref
[Fri Jun  2 09:55:55 2023] install: hyphen-afrikaans
[Fri Jun  2 09:55:55 2023] install: hyphen-ancientgreek
[Fri Jun  2 09:55:55 2023] install: hyphen-arabic
[Fri Jun  2 09:55:55 2023] install: hyphen-armenian
[Fri Jun  2 09:55:55 2023] install: hyphen-basque
[Fri Jun  2 09:55:55 2023] install: hyphen-belarusian
[Fri Jun  2 09:55:55 2023] install: hyphen-bulgarian
[Fri Jun  2 09:55:56 2023] install: hyphen-catalan
[Fri Jun  2 09:55:56 2023] install: hyphen-chinese
[Fri Jun  2 09:55:56 2023] install: hyphen-churchslavonic
[Fri Jun  2 09:55:57 2023] install: hyphen-coptic
[Fri Jun  2 09:55:57 2023] install: hyphen-croatian
[Fri Jun  2 09:55:57 2023] install: hyphen-czech
[Fri Jun  2 09:55:57 2023] install: hyphen-danish
[Fri Jun  2 09:55:57 2023] install: hyphen-dutch
[Fri Jun  2 09:55:57 2023] install: hyphen-english
[Fri Jun  2 09:55:57 2023] install: hyphen-esperanto
[Fri Jun  2 09:55:57 2023] install: hyphen-estonian
[Fri Jun  2 09:55:57 2023] install: hyphen-ethiopic
[Fri Jun  2 09:55:58 2023] install: hyphen-farsi
[Fri Jun  2 09:55:58 2023] install: hyphen-finnish
[Fri Jun  2 09:55:58 2023] install: hyphen-french
[Fri Jun  2 09:55:58 2023] install: hyphen-friulan
[Fri Jun  2 09:55:59 2023] install: hyphen-galician
[Fri Jun  2 09:55:59 2023] install: hyphen-georgian
[Fri Jun  2 09:55:59 2023] install: hyphen-german
[Fri Jun  2 09:55:59 2023] install: hyphen-greek
[Fri Jun  2 09:55:59 2023] install: hyphen-hungarian
[Fri Jun  2 09:55:59 2023] install: hyphen-icelandic
[Fri Jun  2 09:56:00 2023] install: hyphen-indic
[Fri Jun  2 09:56:00 2023] install: hyphen-indonesian
[Fri Jun  2 09:56:00 2023] install: hyphen-interlingua
[Fri Jun  2 09:56:00 2023] install: hyphen-irish
[Fri Jun  2 09:56:00 2023] install: hyphen-italian
[Fri Jun  2 09:56:00 2023] install: hyphen-kurmanji
[Fri Jun  2 09:56:00 2023] install: hyphen-latin
[Fri Jun  2 09:56:00 2023] install: hyphen-latvian
[Fri Jun  2 09:56:01 2023] install: hyphen-lithuanian
[Fri Jun  2 09:56:01 2023] install: hyphen-macedonian
[Fri Jun  2 09:56:01 2023] install: hyphen-mongolian
[Fri Jun  2 09:56:01 2023] install: hyphen-norwegian
[Fri Jun  2 09:56:01 2023] install: hyphen-occitan
[Fri Jun  2 09:56:01 2023] install: hyphen-piedmontese
[Fri Jun  2 09:56:02 2023] install: hyphen-polish
[Fri Jun  2 09:56:02 2023] install: hyphen-portuguese
[Fri Jun  2 09:56:02 2023] install: hyphen-romanian
[Fri Jun  2 09:56:02 2023] install: hyphen-romansh
[Fri Jun  2 09:56:02 2023] install: hyphen-russian
[Fri Jun  2 09:56:02 2023] install: hyphen-sanskrit
[Fri Jun  2 09:56:02 2023] install: hyphen-serbian
[Fri Jun  2 09:56:02 2023] install: hyphen-slovak
[Fri Jun  2 09:56:02 2023] install: hyphen-slovenian
[Fri Jun  2 09:56:02 2023] install: hyphen-spanish
[Fri Jun  2 09:56:02 2023] install: hyphen-swedish
[Fri Jun  2 09:56:02 2023] install: hyphen-thai
[Fri Jun  2 09:56:02 2023] install: hyphen-turkish
[Fri Jun  2 09:56:03 2023] install: hyphen-turkmen
[Fri Jun  2 09:56:03 2023] install: hyphen-ukrainian
[Fri Jun  2 09:56:03 2023] install: hyphen-uppersorbian
[Fri Jun  2 09:56:03 2023] install: hyphen-welsh
[Fri Jun  2 09:56:03 2023] install: imakeidx
[Fri Jun  2 09:56:03 2023] install: infwarerr
[Fri Jun  2 09:56:03 2023] install: intcalc
[Fri Jun  2 09:56:04 2023] install: koma-script
[Fri Jun  2 09:56:04 2023] install: kvdefinekeys
[Fri Jun  2 09:56:04 2023] install: kvoptions
[Fri Jun  2 09:56:04 2023] install: kvsetkeys
[Fri Jun  2 09:56:05 2023] install: l3backend
[Fri Jun  2 09:56:06 2023] install: l3kernel
[Fri Jun  2 09:56:06 2023] install: l3packages
[Fri Jun  2 09:56:09 2023] install: latex
[Fri Jun  2 09:56:12 2023] install: latex-base-dev
[Fri Jun  2 09:56:12 2023] install: latex-bin.x86_64-linux
[Fri Jun  2 09:56:12 2023] install: latex-bin
[Fri Jun  2 09:56:12 2023] install: latex-firstaid-dev
[Fri Jun  2 09:56:12 2023] install: latex-fonts
[Fri Jun  2 09:56:12 2023] install: latexconfig
[Fri Jun  2 09:56:12 2023] install: letltxmacro
[Fri Jun  2 09:56:14 2023] install: lm
[Fri Jun  2 09:56:14 2023] install: ltxcmds
[Fri Jun  2 09:56:14 2023] install: lua-uni-algos
[Fri Jun  2 09:56:14 2023] install: lualibs
[Fri Jun  2 09:56:14 2023] install: luaotfload.x86_64-linux
[Fri Jun  2 09:56:15 2023] install: luaotfload
[Fri Jun  2 09:56:15 2023] install: luatexbase
[Fri Jun  2 09:56:15 2023] install: luatexja
[Fri Jun  2 09:56:15 2023] install: makecmds
[Fri Jun  2 09:56:15 2023] install: marginnote
[Fri Jun  2 09:56:16 2023] install: microtype
[Fri Jun  2 09:56:16 2023] install: mptopdf.x86_64-linux
[Fri Jun  2 09:56:16 2023] install: mptopdf
[Fri Jun  2 09:56:16 2023] install: ms
[Fri Jun  2 09:56:17 2023] install: ncctools
[Fri Jun  2 09:56:17 2023] install: norasi-c90
[Fri Jun  2 09:56:17 2023] install: pdfescape
[Fri Jun  2 09:56:17 2023] install: pdftexcmds
[Fri Jun  2 09:56:18 2023] install: pgf
[Fri Jun  2 09:56:18 2023] install: platex.x86_64-linux
[Fri Jun  2 09:56:18 2023] install: platex
[Fri Jun  2 09:56:19 2023] install: platex-tools
[Fri Jun  2 09:56:19 2023] install: polyglossia
[Fri Jun  2 09:56:19 2023] install: pst-barcode
[Fri Jun  2 09:56:19 2023] install: pst-text
[Fri Jun  2 09:56:20 2023] install: pstricks
[Fri Jun  2 09:56:20 2023] install: ptex.x86_64-linux
[Fri Jun  2 09:56:20 2023] install: ptex
[Fri Jun  2 09:56:21 2023] install: ptex-base
[Fri Jun  2 09:56:21 2023] install: ptex-fonts
[Fri Jun  2 09:56:21 2023] install: refcount
[Fri Jun  2 09:56:21 2023] install: rerunfilecheck
[Fri Jun  2 09:56:21 2023] install: ruhyphen
[Fri Jun  2 09:56:21 2023] install: stringenc
[Fri Jun  2 09:56:22 2023] install: svn-prov
[Fri Jun  2 09:56:22 2023] install: texdoc.x86_64-linux
[Fri Jun  2 09:56:22 2023] install: texdoc
[Fri Jun  2 09:56:22 2023] install: tipa
[Fri Jun  2 09:56:23 2023] install: tools
[Fri Jun  2 09:56:23 2023] install: translator
[Fri Jun  2 09:56:23 2023] install: ttfutils.x86_64-linux
[Fri Jun  2 09:56:23 2023] install: ttfutils
[Fri Jun  2 09:56:24 2023] install: uhc
[Fri Jun  2 09:56:24 2023] install: ukrhyph
[Fri Jun  2 09:56:24 2023] install: ulem
[Fri Jun  2 09:56:24 2023] install: uniquecounter
[Fri Jun  2 09:56:24 2023] install: uplatex.x86_64-linux
[Fri Jun  2 09:56:25 2023] install: uplatex
[Fri Jun  2 09:56:25 2023] install: uptex.x86_64-linux
[Fri Jun  2 09:56:25 2023] install: uptex
[Fri Jun  2 09:56:25 2023] install: uptex-base
[Fri Jun  2 09:56:25 2023] install: uptex-fonts
[Fri Jun  2 09:56:25 2023] install: url
[Fri Jun  2 09:56:27 2023] install: wadalab
[Fri Jun  2 09:56:27 2023] install: wrapfig
[Fri Jun  2 09:56:27 2023] install: xcjk2uni
[Fri Jun  2 09:56:28 2023] install: xcolor
[Fri Jun  2 09:56:28 2023] install: xecjk
[Fri Jun  2 09:56:29 2023] install: xetex.x86_64-linux
[Fri Jun  2 09:56:29 2023] install: xetex
[Fri Jun  2 09:56:29 2023] install: xetex-pstricks
[Fri Jun  2 09:56:29 2023] install: xetexconfig
[Fri Jun  2 09:56:30 2023] install: xindy.x86_64-linux
[Fri Jun  2 09:56:30 2023] install: xindy
[Fri Jun  2 09:56:30 2023] install: xkeyval
[Fri Jun  2 09:56:30 2023] install: xpinyin
[Fri Jun  2 09:56:30 2023] install: xunicode
[Fri Jun  2 09:56:30 2023] install: zapfding
[Fri Jun  2 09:56:31 2023] install: zhmetrics
[Fri Jun  2 09:56:31 2023] install: zhmetrics-uptex
[Fri Jun  2 09:56:31 2023] install: zhnumber
[Fri Jun  2 09:56:31 2023] install: zref
[Fri Jun  2 09:56:31 2023] command: mktexlsr
[Fri Jun  2 09:56:31 2023] command: updmap-sys
[Fri Jun  2 09:56:32 2023] command: fmtutil-sys --byengine eptex --no-error-if-no-format --no-error-if-no-engine=luametatex,luajithbtex,luajittex,mfluajit --status-file=/tmp/_zRVVWX6yT/WPlopx5InF
[Fri Jun  2 09:56:39 2023]   OK: eptex.fmt/eptex ptex.fmt/eptex platex.fmt/eptex
[Fri Jun  2 09:56:39 2023] command: fmtutil-sys --byengine xetex --no-error-if-no-format --no-error-if-no-engine=luametatex,luajithbtex,luajittex,mfluajit --status-file=/tmp/_zRVVWX6yT/WPlopx5InF
[Fri Jun  2 09:56:47 2023]   OK: xetex.fmt/xetex xelatex.fmt/xetex
[Fri Jun  2 09:56:47 2023] command: fmtutil-sys --byengine euptex --no-error-if-no-format --no-error-if-no-engine=luametatex,luajithbtex,luajittex,mfluajit --status-file=/tmp/_zRVVWX6yT/WPlopx5InF
[Fri Jun  2 09:57:03 2023]   OK: euptex.fmt/euptex uplatex-dev.fmt/euptex uptex.fmt/euptex uplatex.fmt/euptex platex-dev.fmt/euptex
[Fri Jun  2 09:57:03 2023] command: fmtutil-sys --byfmt latex --no-error-if-no-engine=luametatex,luajithbtex,luajittex,mfluajit --status-file=/tmp/_zRVVWX6yT/WPlopx5InF
[Fri Jun  2 09:57:08 2023]   OK: latex.fmt/pdftex
[Fri Jun  2 09:57:08 2023] command: fmtutil-sys --byfmt dvilualatex --no-error-if-no-engine=luametatex,luajithbtex,luajittex,mfluajit --status-file=/tmp/_zRVVWX6yT/WPlopx5InF
[Fri Jun  2 09:57:16 2023]   OK: dvilualatex.fmt/luatex
[Fri Jun  2 09:57:16 2023] command: fmtutil-sys --byfmt lualatex --no-error-if-no-engine=luametatex,luajithbtex,luajittex,mfluajit --status-file=/tmp/_zRVVWX6yT/WPlopx5InF
[Fri Jun  2 09:57:24 2023]   OK: lualatex.fmt/luahbtex
[Fri Jun  2 09:57:24 2023] command: fmtutil-sys --byfmt pdflatex --no-error-if-no-engine=luametatex,luajithbtex,luajittex,mfluajit --status-file=/tmp/_zRVVWX6yT/WPlopx5InF
[Fri Jun  2 09:57:29 2023]   OK: pdflatex.fmt/pdftex
[Fri Jun  2 09:57:29 2023] command: fmtutil-sys --byfmt mptopdf --no-error-if-no-engine=luametatex,luajithbtex,luajittex,mfluajit --status-file=/tmp/_zRVVWX6yT/WPlopx5InF
[Fri Jun  2 09:57:29 2023]   OK: mptopdf.fmt/pdftex
[Fri Jun  2 09:57:29 2023] command: fmtutil-sys --byhyphen "/home/melmothx/build/amusewiki-debian-packages/amusewiki/local/texlive/2023/texmf-var/tex/generic/config/language.dat" --no-error-if-no-engine=luametatex,luajithbtex,luajittex,mfluajit --status-file=/tmp/_zRVVWX6yT/WPlopx5InF
[Fri Jun  2 09:58:21 2023]   OK: uplatex-dev.fmt/euptex uplatex.fmt/euptex pdflatex.fmt/pdftex lualatex.fmt/luahbtex platex-dev.fmt/euptex xelatex.fmt/xetex latex.fmt/pdftex dvilualatex.fmt/luatex platex.fmt/eptex
[Fri Jun  2 09:58:21 2023] command: fmtutil-sys --byhyphen "/home/melmothx/build/amusewiki-debian-packages/amusewiki/local/texlive/2023/texmf-var/tex/generic/config/language.def" --no-error-if-no-engine=luametatex,luajithbtex,luajittex,mfluajit --status-file=/tmp/_zRVVWX6yT/WPlopx5InF
[Fri Jun  2 09:58:31 2023]   OK: euptex.fmt/euptex luahbtex.fmt/luahbtex pdftex.fmt/pdftex eptex.fmt/eptex xetex.fmt/xetex luatex.fmt/luatex etex.fmt/pdftex pdfetex.fmt/pdftex dviluatex.fmt/luatex
[Fri Jun  2 09:58:31 2023] command: fmtutil-sys --byhyphen "/home/melmothx/build/amusewiki-debian-packages/amusewiki/local/texlive/2023/texmf-var/tex/generic/config/language.dat.lua" --no-error-if-no-engine=luametatex,luajithbtex,luajittex,mfluajit --status-file=/tmp/_zRVVWX6yT/WPlopx5InF
